Log file open, 07/16/17 14:45:12
LogInit:Display: Running engine for game: MyProject10
LogPlatformFile: Not using cached read wrapper
LogInit:Display: RandInit(-443408030) SRandInit(-443408030).
LogTaskGraph: Started task graph with 5 named threads and 8 total threads with 1 sets of task threads.
LogStats: Stats thread started at 0.073523
LogInit: Using libcurl 7.47.1
LogInit:  - built for x86_64-pc-win32
LogInit:  - supports SSL with OpenSSL/1.0.2g
LogInit:  - supports HTTP deflate (compression) using libz 1.2.8
LogInit:  - other features:
LogInit:      CURL_VERSION_SSL
LogInit:      CURL_VERSION_LIBZ
LogInit:      CURL_VERSION_IPV6
LogInit:      CURL_VERSION_ASYNCHDNS
LogInit:      CURL_VERSION_LARGEFILE
LogInit:      CURL_VERSION_IDN
LogInit:  CurlRequestOptions (configurable via config and command line):
LogInit:  - bVerifyPeer = false  - Libcurl will NOT verify peer certificate
LogInit:  - bUseHttpProxy = false  - Libcurl will NOT use HTTP proxy
LogInit:  - bDontReuseConnections = false  - Libcurl will reuse connections
LogInit:  - CertBundlePath = nullptr  - Libcurl will use whatever was configured at build time.
LogInit: Build: ++UE4+Release-4.15-CL-3348071
LogInit: Engine Version: 4.15.1-3348071+++UE4+Release-4.15
LogInit: Compatible Engine Version: 4.15.0-3299760+++UE4+Release-4.15
LogInit: Net CL: 3299760
LogDevObjectVersion: Number of dev versions registered: 14
LogDevObjectVersion:   Dev-Blueprints (B0D832E4-1F89-4F0D-ACCF-7EB736FD4AA2): 8
LogDevObjectVersion:   Dev-Build (E1C64328-A22C-4D53-A36C-8E866417BD8C): 0
LogDevObjectVersion:   Dev-Core (375EC13C-06E4-48FB-B500-84F0262A717E): 2
LogDevObjectVersion:   Dev-Editor (E4B068ED-F494-42E9-A231-DA0B2E46BB41): 14
LogDevObjectVersion:   Dev-Framework (CFFC743F-43B0-4480-9391-14DF171D2073): 22
LogDevObjectVersion:   Dev-Mobile (B02B49B5-BB20-44E9-A304-32B752E40360): 0
LogDevObjectVersion:   Dev-Networking (A4E4105C-59A1-49B5-A7C5-40C4547EDFEE): 0
LogDevObjectVersion:   Dev-Online (39C831C9-5AE6-47DC-9A44-9C173E1C8E7C): 0
LogDevObjectVersion:   Dev-Physics (78F01B33-EBEA-4F98-B9B4-84EACCB95AA2): 0
LogDevObjectVersion:   Dev-Platform (6631380F-2D4D-43E0-8009-CF276956A95A): 0
LogDevObjectVersion:   Dev-Rendering (12F88B9F-8875-4AFC-A67C-D90C383ABD29): 12
LogDevObjectVersion:   Dev-Sequencer (7B5AE74C-D270-4C10-A958-57980B212A5A): 3
LogDevObjectVersion:   Dev-VR (D7296918-1DD6-4BDD-9DE2-64A83CC13884): 0
LogDevObjectVersion:   Dev-LoadTimes (C2A15278-BFE7-4AFE-6C17-90FF531DF755): 1
LogInit: Compiled (64-bit): Mar 15 2017 16:52:47
LogInit: Compiled with Visual C++: 19.00.23026.00
LogInit: Build Configuration: Development
LogInit: Branch Name: ++UE4+Release-4.15
LogInit: Command line:  
LogInit: Base directory: D:/Media/Games/UE_4.15/Engine/Binaries/Win64/
LogInit: Installed Engine Build: 1
LogInit: Presizing for max 8388607 objects, including 0 objects not considered by GC, pre-allocating 0 bytes for permanent pool.
LogInit: Object subsystem initialized
[2017.07.16-12.45.13:740][  0]LogInit: Selected Device Profile: [Windows]
[2017.07.16-12.45.13:740][  0]LogInit: Applying CVar settings loaded from the selected device profile: [Windows]
[2017.07.16-12.45.13:748][  0]LogInit: Computer: DESKTOP-2SCGOIT
[2017.07.16-12.45.13:748][  0]LogInit: User: Swing
[2017.07.16-12.45.13:748][  0]LogInit: CPU Page size=65536, Cores=4
[2017.07.16-12.45.13:748][  0]LogInit: High frequency timer resolution =3.421873 MHz
[2017.07.16-12.45.13:748][  0]LogMemory: Memory total: Physical=7.9GB (8GB approx)
[2017.07.16-12.45.13:748][  0]LogMemory: Platform Memory Stats for Windows
[2017.07.16-12.45.13:748][  0]LogMemory: Process Physical Memory: 263.27 MB used, 263.27 MB peak
[2017.07.16-12.45.13:748][  0]LogMemory: Process Virtual Memory: 262.20 MB used, 262.20 MB peak
[2017.07.16-12.45.13:748][  0]LogMemory: Physical Memory: 3559.31 MB used,  4550.32 MB free, 8109.64 MB total
[2017.07.16-12.45.13:748][  0]LogMemory: Virtual Memory: 644.09 MB used,  4550.32 MB free, 134217728.00 MB total
[2017.07.16-12.45.13:807][  0]LogTextLocalizationManager: No translations for ('sv-SE') exist, falling back to 'en' for localization and internationalization data.
[2017.07.16-12.45.14:450][  0]LogD3D11RHI: D3D11 adapters:
[2017.07.16-12.45.14:491][  0]LogD3D11RHI:    0. 'NVIDIA GeForce GTX 970' (Feature Level 11_0)
[2017.07.16-12.45.14:491][  0]LogD3D11RHI:       4059/0/4054 MB DedicatedVideo/DedicatedSystem/SharedSystem, Outputs:1, VendorId:0x10de
[2017.07.16-12.45.14:492][  0]LogD3D11RHI:    1. 'Microsoft Basic Render Driver' (Feature Level 11_0)
[2017.07.16-12.45.14:492][  0]LogD3D11RHI:       0/0/4054 MB DedicatedVideo/DedicatedSystem/SharedSystem, Outputs:0, VendorId:0x1414
[2017.07.16-12.45.14:492][  0]LogD3D11RHI: Chosen D3D11 Adapter: 0
[2017.07.16-12.45.14:498][  0]LogD3D11RHI: Creating new Direct3DDevice
[2017.07.16-12.45.14:498][  0]LogD3D11RHI:     GPU DeviceId: 0x13c2 (for the marketing name, search the web for "GPU Device Id")
[2017.07.16-12.45.14:498][  0]LogWindows: EnumDisplayDevices:
[2017.07.16-12.45.14:498][  0]LogWindows:    0. 'NVIDIA GeForce GTX 970' (P:1 D:1)
[2017.07.16-12.45.14:498][  0]LogWindows:    1. 'NVIDIA GeForce GTX 970' (P:0 D:0)
[2017.07.16-12.45.14:498][  0]LogWindows:    2. 'NVIDIA GeForce GTX 970' (P:0 D:0)
[2017.07.16-12.45.14:498][  0]LogWindows:    3. 'NVIDIA GeForce GTX 970' (P:0 D:0)
[2017.07.16-12.45.14:498][  0]LogWindows: DebugString: FoundDriverCount:4 
[2017.07.16-12.45.14:498][  0]LogD3D11RHI:     Adapter Name: NVIDIA GeForce GTX 970
[2017.07.16-12.45.14:498][  0]LogD3D11RHI:   Driver Version: 382.05 (internal:22.21.13.8205, unified:382.05)
[2017.07.16-12.45.14:498][  0]LogD3D11RHI:      Driver Date: 5-1-2017
[2017.07.16-12.45.14:498][  0]LogRHI: Texture pool is 1361 MB (70% of 1945 MB)
[2017.07.16-12.45.14:525][  0]LogD3D11RHI: Async texture creation enabled
[2017.07.16-12.45.14:536][  0]LogD3D11RHI: GPU Timing Frequency: 1000.000000 (Debug: 2 1)
[2017.07.16-12.45.14:584][  0]LogShaderCompilers: Guid format shader working directory is -8 characters bigger than the processId version (../../../../../../Github/GAMEJAM/DO_GameJam/GameFolder/Intermediate/Shaders/WorkingDirectory/7328/).
[2017.07.16-12.45.14:584][  0]LogShaderCompilers: Cleaned the shader compiler working directory 'C:/Users/Oskar/AppData/Local/Temp/UnrealShaderWorkingDir/DB4749FA447E4BD7727F7E8B2DA2D535/'.
[2017.07.16-12.45.14:585][  0]LogShaderCompilers:Display: Using Local Shader Compiler.
[2017.07.16-12.45.15:481][  0]LogTemp:Display: Loaded TP AllDesktopTargetPlatform
[2017.07.16-12.45.15:523][  0]LogTemp:Display: Loaded TP MacClientTargetPlatform
[2017.07.16-12.45.15:565][  0]LogTemp:Display: Loaded TP MacNoEditorTargetPlatform
[2017.07.16-12.45.15:607][  0]LogTemp:Display: Loaded TP MacServerTargetPlatform
[2017.07.16-12.45.15:649][  0]LogTemp:Display: Loaded TP MacTargetPlatform
[2017.07.16-12.45.15:691][  0]LogTemp:Display: Loaded TP WindowsClientTargetPlatform
[2017.07.16-12.45.15:730][  0]LogTemp:Display: Loaded TP WindowsNoEditorTargetPlatform
[2017.07.16-12.45.15:771][  0]LogTemp:Display: Loaded TP WindowsServerTargetPlatform
[2017.07.16-12.45.15:804][  0]LogTemp:Display: Loaded TP WindowsTargetPlatform
[2017.07.16-12.45.15:845][  0]LogTemp:Display: Loaded TP AndroidTargetPlatform
[2017.07.16-12.45.15:888][  0]LogTemp:Display: Loaded TP Android_ASTCTargetPlatform
[2017.07.16-12.45.15:928][  0]LogTemp:Display: Loaded TP Android_ATCTargetPlatform
[2017.07.16-12.45.15:977][  0]LogTemp:Display: Loaded TP Android_DXTTargetPlatform
[2017.07.16-12.45.16:025][  0]LogTemp:Display: Loaded TP Android_ETC1TargetPlatform
[2017.07.16-12.45.16:071][  0]LogTemp:Display: Loaded TP Android_ETC2TargetPlatform
[2017.07.16-12.45.16:156][  0]LogTemp:Display: Loaded TP Android_MultiTargetPlatform
[2017.07.16-12.45.16:156][  0]LogTemp:Display: Loaded TP Android_PVRTCTargetPlatform
[2017.07.16-12.45.16:185][  0]LogTemp:Display: Loaded TP HTML5TargetPlatform
[2017.07.16-12.45.16:265][  0]LogTemp:Display: Loaded TP IOSTargetPlatform
[2017.07.16-12.45.16:291][  0]LogTemp:Display: Loaded TP TVOSTargetPlatform
[2017.07.16-12.45.16:337][  0]LogTemp:Display: Loaded TP LinuxClientTargetPlatform
[2017.07.16-12.45.16:384][  0]LogTemp:Display: Loaded TP LinuxNoEditorTargetPlatform
[2017.07.16-12.45.16:427][  0]LogTemp:Display: Loaded TP LinuxServerTargetPlatform
[2017.07.16-12.45.16:471][  0]LogTemp:Display: Loaded TP LinuxTargetPlatform
[2017.07.16-12.45.16:471][  0]LogTargetPlatformManager:Display: Building Assets For Windows
[2017.07.16-12.45.16:769][  0]LogDerivedDataCache:Display: Max Cache Size: 512 MB
[2017.07.16-12.45.16:812][  0]LogDerivedDataCache: Loaded boot cache 0.04s 50MB C:/Users/Oskar/AppData/Local/UnrealEngine/4.15/DerivedDataCache/Boot.ddc.
[2017.07.16-12.45.16:812][  0]LogDerivedDataCache:Display: Loaded Boot cache: C:/Users/Oskar/AppData/Local/UnrealEngine/4.15/DerivedDataCache/Boot.ddc
[2017.07.16-12.45.16:812][  0]LogDerivedDataCache: FDerivedDataBackendGraph:  Pak pak cache file ../../../../../../Github/GAMEJAM/DO_GameJam/GameFolder/DerivedDataCache/DDC.ddp not found, will not use a pak cache.
[2017.07.16-12.45.16:812][  0]LogDerivedDataCache: Unable to find inner node Pak for hierarchical cache Hierarchy.
[2017.07.16-12.45.16:812][  0]LogDerivedDataCache: FDerivedDataBackendGraph:  CompressedPak pak cache file ../../../../../../Github/GAMEJAM/DO_GameJam/GameFolder/DerivedDataCache/Compressed.ddp not found, will not use a pak cache.
[2017.07.16-12.45.16:812][  0]LogDerivedDataCache: Unable to find inner node CompressedPak for hierarchical cache Hierarchy.
[2017.07.16-12.45.16:829][  0]LogDerivedDataCache:Display: Pak cache opened for reading ../../../Engine/DerivedDataCache/Compressed.ddp.
[2017.07.16-12.45.16:841][  0]LogDerivedDataCache: Using Local data cache path C:/Users/Oskar/AppData/Local/UnrealEngine/Common/DerivedDataCache: Writable
[2017.07.16-12.45.16:850][  0]LogSlate: Using Freetype 2.6.0
[2017.07.16-12.45.16:851][  0]LogSlate: SlateFontCache - WITH_FREETYPE: 1, WITH_HARFBUZZ: 1
[2017.07.16-12.45.16:851][  0]LogSlate: SlateFontCache - WITH_FREETYPE: 1, WITH_HARFBUZZ: 1
[2017.07.16-12.45.17:100][  0]LogInit: Selected Device Profile: [Windows]
[2017.07.16-12.45.17:102][  0]LogContentStreaming: Texture pool size is 0.00 MB
[2017.07.16-12.45.17:268][  0]LogMeshUtilities: Using QuadricMeshReduction for automatic static mesh reduction
[2017.07.16-12.45.17:298][  0]LogSimplygon: Simplygon DLL not present - disabling.
[2017.07.16-12.45.17:336][  0]LogMeshUtilities: Using SimplygonSwarm for distributed automatic mesh merging
[2017.07.16-12.45.17:336][  0]LogMeshUtilities: No automatic skeletal mesh reduction module available
[2017.07.16-12.45.17:336][  0]LogMeshUtilities: No automatic mesh merging module available
[2017.07.16-12.45.17:793][  0]LogNetVersion: GetLocalNetworkVersion: CL: 3299760, ProjectName: myproject10, ProjectVersion: , EngineNetworkVersion: 2, GameNetworkVersion: 0, NetworkChecksum: 3577346822
[2017.07.16-12.45.17:830][  0]LogAssetRegistry: FAssetRegistry took 0.0217 seconds to start up
[2017.07.16-12.45.17:857][  0]LogPackageLocalizationCache: Processed 3 localized package path(s) for 1 prioritized culture(s) in 0.014096 seconds
[2017.07.16-12.45.17:862][  0]LogUObjectArray: 32493 objects as part of root set at end of initial load.
[2017.07.16-12.45.17:862][  0]LogUObjectAllocator: 7077024 out of 0 bytes used by permanent object pool.
[2017.07.16-12.45.17:862][  0]LogUObjectArray: CloseDisregardForGC: 0/0 objects in disregard for GC pool
[2017.07.16-12.45.17:901][  0]LogInit: WinSock: version 1.1 (2.2), MaxSocks=32767, MaxUdp=65467
[2017.07.16-12.45.19:258][  0]LogTcpMessaging: Initializing TcpMessaging bridge
[2017.07.16-12.45.19:292][  0]LogUdpMessaging: Initializing bridge on interface 0.0.0.0:0 to multicast group 230.0.0.1:6666.
[2017.07.16-12.45.19:645][  0]LogMaterial: Uniform references updated for custom material expression Custom.
[2017.07.16-12.45.19:925][  0]SourceControl: Info Source control is disabled
[2017.07.16-12.45.19:932][  0]SourceControl: Info Source control is disabled
[2017.07.16-12.45.19:967][  0]SourceControl: Info Source control is disabled
[2017.07.16-12.45.20:000][  0]SourceControl: Info Source control is disabled
[2017.07.16-12.45.20:898][  0]LogEngine: Initializing Engine...
[2017.07.16-12.45.20:898][  0]LogHMD: Failed to initialize OpenVR with code 110
[2017.07.16-12.45.21:072][  0]LogAIModule: Creating AISystem for world Untitled
[2017.07.16-12.45.21:080][  0]LogInit: XAudio2 using 'Speakers (Realtek High Definition Audio)' : 2 channels at 48 kHz using 32 bits per sample (channel mask 0x3)
[2017.07.16-12.45.21:106][  0]LogInit: FAudioDevice initialized.
[2017.07.16-12.45.21:128][  0]LogDerivedDataCache: Saved boot cache 0.02s 50MB C:/Users/Oskar/AppData/Local/UnrealEngine/4.15/DerivedDataCache/Boot.ddc.
[2017.07.16-12.45.21:134][  0]LogInit: Texture streaming: Enabled
[2017.07.16-12.45.21:189][  0]LogEngineSessionManager: EngineSessionManager initialized
[2017.07.16-12.45.21:246][  0]LogInit: Transaction tracking system initialized
[2017.07.16-12.45.21:473][  0]BlueprintLog: New page: Editor Load
[2017.07.16-12.45.22:084][  0]LocalizationService: Info Localization service is disabled
[2017.07.16-12.45.22:527][  0]LogConsoleResponse:Display: 
[2017.07.16-12.45.22:627][  0]LogCook:Display: Max memory allowance for cook 16384mb min free memory 0mb
[2017.07.16-12.45.22:627][  0]LogCook:Display: Mobile HDR setting 1
[2017.07.16-12.45.23:341][  0]LogFileCache: Scanning file cache for directory 'D:/Github/GAMEJAM/DO_GameJam/GameFolder/Content/' took 0.01s
[2017.07.16-12.45.23:341][  0]SourceControl: Info Source control is disabled
[2017.07.16-12.45.23:341][  0]Cmd: MAP LOAD FILE="../../../../../../Github/GAMEJAM/DO_GameJam/GameFolder/Content/StarterContent/Maps/Minimal_Default.umap" TEMPLATE=0 SHOWPROGRESS=1 FEATURELEVEL=3
[2017.07.16-12.45.23:341][  0]LightingResults: New page: Lighting Build
[2017.07.16-12.45.23:369][  0]MapCheck: New page: Map Check
[2017.07.16-12.45.23:369][  0]LightingResults: New page: Lighting Build
[2017.07.16-12.45.23:856][  0]LogAIModule: Creating AISystem for world Minimal_Default
[2017.07.16-12.45.23:883][  0]LogEditorServer: Finished looking for orphan Actors (0.000 secs)
[2017.07.16-12.45.23:883][  0]Cmd: MAP CHECKDEP NOCLEARLOG
[2017.07.16-12.45.23:925][  0]MapCheck: Info Map check complete: 0 Error(s), 0 Warning(s), took 41.749ms to complete.
[2017.07.16-12.45.23:925][  0]LogFileHelpers: Loading map 'Minimal_Default' took 0.584
[2017.07.16-12.45.23:990][  0]LogWindowsTextInputMethodSystem:Display: IME system now deactivated.
[2017.07.16-12.45.24:087][  0]LogCollectionManager: Loaded 0 collections in 0.000733 seconds
[2017.07.16-12.45.24:156][  0]LogFileCache: Scanning file cache for directory 'D:/Github/GAMEJAM/DO_GameJam/GameFolder/Saved/Collections/' took 0.01s
[2017.07.16-12.45.24:156][  0]LogFileCache: Scanning file cache for directory 'D:/Github/GAMEJAM/DO_GameJam/GameFolder/Content/Developers/Swing/Collections/' took 0.01s
[2017.07.16-12.45.24:156][  0]LogFileCache: Scanning file cache for directory 'D:/Github/GAMEJAM/DO_GameJam/GameFolder/Content/Collections/' took 0.01s
[2017.07.16-12.45.24:156][  0]LogCollectionManager: Rebuilt the GUID cache for 0 collections in 0.000001 seconds
[2017.07.16-12.45.24:163][  0]LogContentBrowser: Native class hierarchy populated in 0.0073 seconds. Added 2245 classes and 453 folders.
[2017.07.16-12.45.24:167][  0]LogStats: UGameplayTagsManager::ConstructGameplayTagTree: Construct from data asset -  0.000 s
[2017.07.16-12.45.24:167][  0]LogStats: UGameplayTagsManager::ConstructGameplayTagTree: GameplayTagTreeChangedEvent.Broadcast -  0.000 s
[2017.07.16-12.45.24:208][  0]LogContentBrowser: Native class hierarchy updated for 'WidgetCarousel' in 0.0006 seconds. Added 0 classes and 0 folders.
[2017.07.16-12.45.24:253][  0]LogContentBrowser: Native class hierarchy updated for 'AddContentDialog' in 0.0006 seconds. Added 0 classes and 0 folders.
[2017.07.16-12.45.24:283][  0]LogContentBrowser: Native class hierarchy updated for 'SceneOutliner' in 0.0005 seconds. Added 1 classes and 2 folders.
[2017.07.16-12.45.24:318][  0]LogCrashTracker: Crashtracker disabled due to settings.
[2017.07.16-12.45.24:325][  0]LogUObjectGlobals:Warning: Failed to find object 'Class None.'
[2017.07.16-12.45.24:376][  0]LogContentBrowser: Native class hierarchy updated for 'HierarchicalLODOutliner' in 0.0009 seconds. Added 1 classes and 2 folders.
[2017.07.16-12.45.24:377][  0]LogLoad: (Engine Initialization) Total time: 12.25 seconds
[2017.07.16-12.45.24:377][  0]LogLoad: (Engine Initialization) Total Blueprint compile time: 0.16 seconds
[2017.07.16-12.45.24:377][  0]LogExternalProfiler: Found external profiler: VSPerf
[2017.07.16-12.45.24:377][  0]LogExternalProfiler: Using external profiler: VSPerf
[2017.07.16-12.45.24:389][  0]LogOcInput: OculusInput pre-init called
[2017.07.16-12.45.24:405][  0]LogAssetRegistry: Asset discovery search completed in 6.5963 seconds
[2017.07.16-12.45.24:405][  0]LogCollectionManager: Rebuilt the object cache for 0 collections in 0.000002 seconds (found 0 objects)
[2017.07.16-12.45.24:405][  0]LogCollectionManager: Fixed up redirectors for 0 collections in 0.000017 seconds (updated 0 objects)
[2017.07.16-12.45.24:407][  0]LogContentStreaming: Texture pool size now 1000 MB
[2017.07.16-12.45.24:415][  0]LogSlate: Took 0.000210 seconds to synchronously load lazily loaded font '../../../Engine/Content/Slate/Fonts/Roboto-Regular.ttf' (155K)
[2017.07.16-12.45.24:419][  0]LogSlate: Took 0.000240 seconds to synchronously load lazily loaded font '../../../Engine/Content/Slate/Fonts/Roboto-Bold.ttf' (160K)
[2017.07.16-12.45.24:424][  0]LogSlate: Took 0.000246 seconds to synchronously load lazily loaded font '../../../Engine/Content/Editor/Slate/Fonts/FontAwesome.ttf' (139K)
[2017.07.16-12.45.24:542][  0]LogRenderer: Reallocating scene render targets to support 1288x624 NumSamples 1 (Frame:2).
[2017.07.16-12.45.24:578][  0]LogSlate: Took 0.000314 seconds to synchronously load lazily loaded font '../../../Engine/Content/Slate/Fonts/Roboto-Light.ttf' (159K)
[2017.07.16-12.45.26:054][149]LogTemp: Repeting last play command: Selected Viewport
[2017.07.16-12.45.26:066][149]LogBlueprintUserMessages: Early PlayInEditor Detection: Level '/Game/StarterContent/Maps/Minimal_Default.Minimal_Default:PersistentLevel' has LevelScriptBlueprint '/Game/StarterContent/Maps/Minimal_Default.Minimal_Default:PersistentLevel.Minimal_Default' with GeneratedClass '/Game/StarterContent/Maps/Minimal_Default.Minimal_Default_C' with ClassGeneratedBy '/Game/StarterContent/Maps/Minimal_Default.Minimal_Default:PersistentLevel.Minimal_Default'
[2017.07.16-12.45.26:066][149]LogPlayLevel: PlayLevel: No blueprints needed recompiling
[2017.07.16-12.45.26:066][149]PIE: New page: PIE session: Minimal_Default (Jul 16, 2017, 4:45:26 PM)
[2017.07.16-12.45.26:066][149]LogPlayLevel: Creating play world package: /Game/StarterContent/Maps/UEDPIE_0_Minimal_Default
[2017.07.16-12.45.26:073][149]LogPlayLevel: PIE: StaticDuplicateObject took: (0.007403s)
[2017.07.16-12.45.26:074][149]LogAIModule: Creating AISystem for world Minimal_Default
[2017.07.16-12.45.26:075][149]LogPlayLevel: PIE: World Init took: (0.001095s)
[2017.07.16-12.45.26:075][149]LogPlayLevel: PIE: Created PIE world by copying editor world from /Game/StarterContent/Maps/Minimal_Default.Minimal_Default to /Game/StarterContent/Maps/UEDPIE_0_Minimal_Default.Minimal_Default (0.008790s)
[2017.07.16-12.45.26:093][149]LogInit: XAudio2 using 'Speakers (Realtek High Definition Audio)' : 2 channels at 48 kHz using 32 bits per sample (channel mask 0x3)
[2017.07.16-12.45.26:112][149]LogInit: FAudioDevice initialized.
[2017.07.16-12.45.26:155][149]LogLoad: Game class is 'GameModeBase'
[2017.07.16-12.45.26:157][149]LogWorld: Bringing World /Game/StarterContent/Maps/UEDPIE_0_Minimal_Default.Minimal_Default up for play (max tick rate 0) at 2017.07.16-14.45.26
[2017.07.16-12.45.26:158][149]LogWorld: Bringing up level for play took: 0.001852
[2017.07.16-12.45.26:186][149]LogContentBrowser: Native class hierarchy updated for 'MovieSceneCapture' in 0.0006 seconds. Added 11 classes and 0 folders.
[2017.07.16-12.45.26:186][149]PIE: Info Play in editor start time for /Game/StarterContent/Maps/UEDPIE_0_Minimal_Default 0.571
[2017.07.16-12.45.26:186][149]LogBlueprintUserMessages: Late PlayInEditor Detection: Level '/Game/StarterContent/Maps/Minimal_Default.Minimal_Default:PersistentLevel' has LevelScriptBlueprint '/Game/StarterContent/Maps/Minimal_Default.Minimal_Default:PersistentLevel.Minimal_Default' with GeneratedClass '/Game/StarterContent/Maps/Minimal_Default.Minimal_Default_C' with ClassGeneratedBy '/Game/StarterContent/Maps/Minimal_Default.Minimal_Default:PersistentLevel.Minimal_Default'
[2017.07.16-12.45.46:258][543]LogBlueprintUserMessages: Early EndPlayMap Detection: Level '/Game/StarterContent/Maps/Minimal_Default.Minimal_Default:PersistentLevel' has LevelScriptBlueprint '/Game/StarterContent/Maps/Minimal_Default.Minimal_Default:PersistentLevel.Minimal_Default' with GeneratedClass '/Game/StarterContent/Maps/Minimal_Default.Minimal_Default_C' with ClassGeneratedBy '/Game/StarterContent/Maps/Minimal_Default.Minimal_Default:PersistentLevel.Minimal_Default'
[2017.07.16-12.45.46:290][543]LogBlueprintUserMessages: Late EndPlayMap Detection: Level '/Game/StarterContent/Maps/Minimal_Default.Minimal_Default:PersistentLevel' has LevelScriptBlueprint '/Game/StarterContent/Maps/Minimal_Default.Minimal_Default:PersistentLevel.Minimal_Default' with GeneratedClass '/Game/StarterContent/Maps/Minimal_Default.Minimal_Default_C' with ClassGeneratedBy '/Game/StarterContent/Maps/Minimal_Default.Minimal_Default:PersistentLevel.Minimal_Default'
[2017.07.16-12.45.47:775][718]LogTemp: Repeting last play command: Selected Viewport
[2017.07.16-12.45.47:786][718]LogBlueprintUserMessages: Early PlayInEditor Detection: Level '/Game/StarterContent/Maps/Minimal_Default.Minimal_Default:PersistentLevel' has LevelScriptBlueprint '/Game/StarterContent/Maps/Minimal_Default.Minimal_Default:PersistentLevel.Minimal_Default' with GeneratedClass '/Game/StarterContent/Maps/Minimal_Default.Minimal_Default_C' with ClassGeneratedBy '/Game/StarterContent/Maps/Minimal_Default.Minimal_Default:PersistentLevel.Minimal_Default'
[2017.07.16-12.45.47:786][718]LogPlayLevel: PlayLevel: No blueprints needed recompiling
[2017.07.16-12.45.47:786][718]PIE: New page: PIE session: Minimal_Default (Jul 16, 2017, 4:45:47 PM)
[2017.07.16-12.45.47:786][718]LogPlayLevel: Creating play world package: /Game/StarterContent/Maps/UEDPIE_0_Minimal_Default
[2017.07.16-12.45.47:792][718]LogPlayLevel: PIE: StaticDuplicateObject took: (0.005926s)
[2017.07.16-12.45.47:793][718]LogAIModule: Creating AISystem for world Minimal_Default
[2017.07.16-12.45.47:794][718]LogPlayLevel: PIE: World Init took: (0.001196s)
[2017.07.16-12.45.47:794][718]LogPlayLevel: PIE: Created PIE world by copying editor world from /Game/StarterContent/Maps/Minimal_Default.Minimal_Default to /Game/StarterContent/Maps/UEDPIE_0_Minimal_Default.Minimal_Default (0.007339s)
[2017.07.16-12.45.47:809][718]LogInit: XAudio2 using 'Speakers (Realtek High Definition Audio)' : 2 channels at 48 kHz using 32 bits per sample (channel mask 0x3)
[2017.07.16-12.45.47:828][718]LogInit: FAudioDevice initialized.
[2017.07.16-12.45.47:860][718]LogLoad: Game class is 'GameModeBase'
[2017.07.16-12.45.47:863][718]LogWorld: Bringing World /Game/StarterContent/Maps/UEDPIE_0_Minimal_Default.Minimal_Default up for play (max tick rate 0) at 2017.07.16-14.45.47
[2017.07.16-12.45.47:863][718]LogWorld: Bringing up level for play took: 0.001671
[2017.07.16-12.45.47:864][718]PIE: Info Play in editor start time for /Game/StarterContent/Maps/UEDPIE_0_Minimal_Default 0.25
[2017.07.16-12.45.47:864][718]LogBlueprintUserMessages: Late PlayInEditor Detection: Level '/Game/StarterContent/Maps/Minimal_Default.Minimal_Default:PersistentLevel' has LevelScriptBlueprint '/Game/StarterContent/Maps/Minimal_Default.Minimal_Default:PersistentLevel.Minimal_Default' with GeneratedClass '/Game/StarterContent/Maps/Minimal_Default.Minimal_Default_C' with ClassGeneratedBy '/Game/StarterContent/Maps/Minimal_Default.Minimal_Default:PersistentLevel.Minimal_Default'
[2017.07.16-12.46.13:725][816]LogBlueprintUserMessages: Early EndPlayMap Detection: Level '/Game/StarterContent/Maps/Minimal_Default.Minimal_Default:PersistentLevel' has LevelScriptBlueprint '/Game/StarterContent/Maps/Minimal_Default.Minimal_Default:PersistentLevel.Minimal_Default' with GeneratedClass '/Game/StarterContent/Maps/Minimal_Default.Minimal_Default_C' with ClassGeneratedBy '/Game/StarterContent/Maps/Minimal_Default.Minimal_Default:PersistentLevel.Minimal_Default'
[2017.07.16-12.46.13:755][816]LogBlueprintUserMessages: Late EndPlayMap Detection: Level '/Game/StarterContent/Maps/Minimal_Default.Minimal_Default:PersistentLevel' has LevelScriptBlueprint '/Game/StarterContent/Maps/Minimal_Default.Minimal_Default:PersistentLevel.Minimal_Default' with GeneratedClass '/Game/StarterContent/Maps/Minimal_Default.Minimal_Default_C' with ClassGeneratedBy '/Game/StarterContent/Maps/Minimal_Default.Minimal_Default:PersistentLevel.Minimal_Default'
[2017.07.16-12.46.20:824][221]LogTemp: Repeting last play command: Selected Viewport
[2017.07.16-12.46.20:839][221]LogBlueprintUserMessages: Early PlayInEditor Detection: Level '/Game/StarterContent/Maps/Minimal_Default.Minimal_Default:PersistentLevel' has LevelScriptBlueprint '/Game/StarterContent/Maps/Minimal_Default.Minimal_Default:PersistentLevel.Minimal_Default' with GeneratedClass '/Game/StarterContent/Maps/Minimal_Default.Minimal_Default_C' with ClassGeneratedBy '/Game/StarterContent/Maps/Minimal_Default.Minimal_Default:PersistentLevel.Minimal_Default'
[2017.07.16-12.46.20:839][221]LogPlayLevel: PlayLevel: No blueprints needed recompiling
[2017.07.16-12.46.20:839][221]PIE: New page: PIE session: Minimal_Default (Jul 16, 2017, 4:46:20 PM)
[2017.07.16-12.46.20:839][221]LogPlayLevel: Creating play world package: /Game/StarterContent/Maps/UEDPIE_0_Minimal_Default
[2017.07.16-12.46.20:844][221]LogPlayLevel: PIE: StaticDuplicateObject took: (0.005380s)
[2017.07.16-12.46.20:845][221]LogAIModule: Creating AISystem for world Minimal_Default
[2017.07.16-12.46.20:845][221]LogPlayLevel: PIE: World Init took: (0.000784s)
[2017.07.16-12.46.20:845][221]LogPlayLevel: PIE: Created PIE world by copying editor world from /Game/StarterContent/Maps/Minimal_Default.Minimal_Default to /Game/StarterContent/Maps/UEDPIE_0_Minimal_Default.Minimal_Default (0.006402s)
[2017.07.16-12.46.20:859][221]LogInit: XAudio2 using 'Speakers (Realtek High Definition Audio)' : 2 channels at 48 kHz using 32 bits per sample (channel mask 0x3)
[2017.07.16-12.46.20:878][221]LogInit: FAudioDevice initialized.
[2017.07.16-12.46.20:910][221]LogLoad: Game class is 'GameModeBase'
[2017.07.16-12.46.20:912][221]LogWorld: Bringing World /Game/StarterContent/Maps/UEDPIE_0_Minimal_Default.Minimal_Default up for play (max tick rate 0) at 2017.07.16-14.46.20
[2017.07.16-12.46.20:913][221]LogWorld: Bringing up level for play took: 0.001650
[2017.07.16-12.46.20:914][221]PIE: Info Play in editor start time for /Game/StarterContent/Maps/UEDPIE_0_Minimal_Default -0.701
[2017.07.16-12.46.20:914][221]LogBlueprintUserMessages: Late PlayInEditor Detection: Level '/Game/StarterContent/Maps/Minimal_Default.Minimal_Default:PersistentLevel' has LevelScriptBlueprint '/Game/StarterContent/Maps/Minimal_Default.Minimal_Default:PersistentLevel.Minimal_Default' with GeneratedClass '/Game/StarterContent/Maps/Minimal_Default.Minimal_Default_C' with ClassGeneratedBy '/Game/StarterContent/Maps/Minimal_Default.Minimal_Default:PersistentLevel.Minimal_Default'
[2017.07.16-12.47.32:518][803]LogBlueprintUserMessages: Early EndPlayMap Detection: Level '/Game/StarterContent/Maps/Minimal_Default.Minimal_Default:PersistentLevel' has LevelScriptBlueprint '/Game/StarterContent/Maps/Minimal_Default.Minimal_Default:PersistentLevel.Minimal_Default' with GeneratedClass '/Game/StarterContent/Maps/Minimal_Default.Minimal_Default_C' with ClassGeneratedBy '/Game/StarterContent/Maps/Minimal_Default.Minimal_Default:PersistentLevel.Minimal_Default'
[2017.07.16-12.47.32:550][803]LogBlueprintUserMessages: Late EndPlayMap Detection: Level '/Game/StarterContent/Maps/Minimal_Default.Minimal_Default:PersistentLevel' has LevelScriptBlueprint '/Game/StarterContent/Maps/Minimal_Default.Minimal_Default:PersistentLevel.Minimal_Default' with GeneratedClass '/Game/StarterContent/Maps/Minimal_Default.Minimal_Default_C' with ClassGeneratedBy '/Game/StarterContent/Maps/Minimal_Default.Minimal_Default:PersistentLevel.Minimal_Default'
[2017.07.16-12.47.34:215][  0]LogTemp: Repeting last play command: Selected Viewport
[2017.07.16-12.47.34:226][  0]LogBlueprintUserMessages: Early PlayInEditor Detection: Level '/Game/StarterContent/Maps/Minimal_Default.Minimal_Default:PersistentLevel' has LevelScriptBlueprint '/Game/StarterContent/Maps/Minimal_Default.Minimal_Default:PersistentLevel.Minimal_Default' with GeneratedClass '/Game/StarterContent/Maps/Minimal_Default.Minimal_Default_C' with ClassGeneratedBy '/Game/StarterContent/Maps/Minimal_Default.Minimal_Default:PersistentLevel.Minimal_Default'
[2017.07.16-12.47.34:226][  0]LogPlayLevel: PlayLevel: No blueprints needed recompiling
[2017.07.16-12.47.34:226][  0]PIE: New page: PIE session: Minimal_Default (Jul 16, 2017, 4:47:34 PM)
[2017.07.16-12.47.34:226][  0]LogPlayLevel: Creating play world package: /Game/StarterContent/Maps/UEDPIE_0_Minimal_Default
[2017.07.16-12.47.34:232][  0]LogPlayLevel: PIE: StaticDuplicateObject took: (0.005896s)
[2017.07.16-12.47.34:233][  0]LogAIModule: Creating AISystem for world Minimal_Default
[2017.07.16-12.47.34:233][  0]LogPlayLevel: PIE: World Init took: (0.000820s)
[2017.07.16-12.47.34:233][  0]LogPlayLevel: PIE: Created PIE world by copying editor world from /Game/StarterContent/Maps/Minimal_Default.Minimal_Default to /Game/StarterContent/Maps/UEDPIE_0_Minimal_Default.Minimal_Default (0.006928s)
[2017.07.16-12.47.34:248][  0]LogInit: XAudio2 using 'Speakers (Realtek High Definition Audio)' : 2 channels at 48 kHz using 32 bits per sample (channel mask 0x3)
[2017.07.16-12.47.34:266][  0]LogInit: FAudioDevice initialized.
[2017.07.16-12.47.34:299][  0]LogLoad: Game class is 'GameModeBase'
[2017.07.16-12.47.34:302][  0]LogWorld: Bringing World /Game/StarterContent/Maps/UEDPIE_0_Minimal_Default.Minimal_Default up for play (max tick rate 0) at 2017.07.16-14.47.34
[2017.07.16-12.47.34:303][  0]LogWorld: Bringing up level for play took: 0.001859
[2017.07.16-12.47.34:304][  0]PIE: Info Play in editor start time for /Game/StarterContent/Maps/UEDPIE_0_Minimal_Default 0.689
[2017.07.16-12.47.34:304][  0]LogBlueprintUserMessages: Late PlayInEditor Detection: Level '/Game/StarterContent/Maps/Minimal_Default.Minimal_Default:PersistentLevel' has LevelScriptBlueprint '/Game/StarterContent/Maps/Minimal_Default.Minimal_Default:PersistentLevel.Minimal_Default' with GeneratedClass '/Game/StarterContent/Maps/Minimal_Default.Minimal_Default_C' with ClassGeneratedBy '/Game/StarterContent/Maps/Minimal_Default.Minimal_Default:PersistentLevel.Minimal_Default'
[2017.07.16-12.49.08:266][264]LogBlueprintUserMessages: Early EndPlayMap Detection: Level '/Game/StarterContent/Maps/Minimal_Default.Minimal_Default:PersistentLevel' has LevelScriptBlueprint '/Game/StarterContent/Maps/Minimal_Default.Minimal_Default:PersistentLevel.Minimal_Default' with GeneratedClass '/Game/StarterContent/Maps/Minimal_Default.Minimal_Default_C' with ClassGeneratedBy '/Game/StarterContent/Maps/Minimal_Default.Minimal_Default:PersistentLevel.Minimal_Default'
[2017.07.16-12.49.08:301][264]LogBlueprintUserMessages: Late EndPlayMap Detection: Level '/Game/StarterContent/Maps/Minimal_Default.Minimal_Default:PersistentLevel' has LevelScriptBlueprint '/Game/StarterContent/Maps/Minimal_Default.Minimal_Default:PersistentLevel.Minimal_Default' with GeneratedClass '/Game/StarterContent/Maps/Minimal_Default.Minimal_Default_C' with ClassGeneratedBy '/Game/StarterContent/Maps/Minimal_Default.Minimal_Default:PersistentLevel.Minimal_Default'
[2017.07.16-12.49.11:268][615]LogSlate: Took 0.000172 seconds to synchronously load lazily loaded font '../../../Engine/Content/Slate/Fonts/Roboto-Light.ttf' (159K)
[2017.07.16-12.49.11:638][615]LogContentBrowser: Native class hierarchy updated for 'BlueprintGraph' in 0.0009 seconds. Added 112 classes and 0 folders.
[2017.07.16-12.49.12:147][615]LogSlate: Took 0.000170 seconds to synchronously load lazily loaded font '../../../Engine/Content/Slate/Fonts/Roboto-Regular.ttf' (155K)
[2017.07.16-12.49.12:222][615]LogSlate: Took 0.000305 seconds to synchronously load lazily loaded font '../../../Engine/Content/Editor/Slate/Fonts/Roboto-BoldCondensed.ttf' (158K)
[2017.07.16-12.49.14:857][850]LogSlate: Took 0.000563 seconds to synchronously load lazily loaded font '../../../Engine/Content/Editor/Slate/Fonts/Roboto-Italic.ttf' (157K)
[2017.07.16-12.49.39:266][932]LogTemp: Repeting last play command: Selected Viewport
[2017.07.16-12.49.39:279][932]LogBlueprintUserMessages: Early PlayInEditor Detection: Level '/Game/StarterContent/Maps/Minimal_Default.Minimal_Default:PersistentLevel' has LevelScriptBlueprint '/Game/StarterContent/Maps/Minimal_Default.Minimal_Default:PersistentLevel.Minimal_Default' with GeneratedClass '/Game/StarterContent/Maps/Minimal_Default.Minimal_Default_C' with ClassGeneratedBy '/Game/StarterContent/Maps/Minimal_Default.Minimal_Default:PersistentLevel.Minimal_Default'
[2017.07.16-12.49.39:279][932]LogPlayLevel: PlayLevel: No blueprints needed recompiling
[2017.07.16-12.49.39:279][932]PIE: New page: PIE session: Minimal_Default (Jul 16, 2017, 4:49:39 PM)
[2017.07.16-12.49.39:280][932]LogPlayLevel: Creating play world package: /Game/StarterContent/Maps/UEDPIE_0_Minimal_Default
[2017.07.16-12.49.39:286][932]LogPlayLevel: PIE: StaticDuplicateObject took: (0.006637s)
[2017.07.16-12.49.39:287][932]LogAIModule: Creating AISystem for world Minimal_Default
[2017.07.16-12.49.39:287][932]LogPlayLevel: PIE: World Init took: (0.000951s)
[2017.07.16-12.49.39:287][932]LogPlayLevel: PIE: Created PIE world by copying editor world from /Game/StarterContent/Maps/Minimal_Default.Minimal_Default to /Game/StarterContent/Maps/UEDPIE_0_Minimal_Default.Minimal_Default (0.007818s)
[2017.07.16-12.49.39:309][932]LogInit: XAudio2 using 'Speakers (Realtek High Definition Audio)' : 2 channels at 48 kHz using 32 bits per sample (channel mask 0x3)
[2017.07.16-12.49.39:329][932]LogInit: FAudioDevice initialized.
[2017.07.16-12.49.39:359][932]LogLoad: Game class is 'GameModeBase'
[2017.07.16-12.49.39:361][932]LogWorld: Bringing World /Game/StarterContent/Maps/UEDPIE_0_Minimal_Default.Minimal_Default up for play (max tick rate 0) at 2017.07.16-14.49.39
[2017.07.16-12.49.39:362][932]LogWorld: Bringing up level for play took: 0.001744
[2017.07.16-12.49.39:363][932]PIE: Info Play in editor start time for /Game/StarterContent/Maps/UEDPIE_0_Minimal_Default -0.252
[2017.07.16-12.49.39:363][932]LogBlueprintUserMessages: Late PlayInEditor Detection: Level '/Game/StarterContent/Maps/Minimal_Default.Minimal_Default:PersistentLevel' has LevelScriptBlueprint '/Game/StarterContent/Maps/Minimal_Default.Minimal_Default:PersistentLevel.Minimal_Default' with GeneratedClass '/Game/StarterContent/Maps/Minimal_Default.Minimal_Default_C' with ClassGeneratedBy '/Game/StarterContent/Maps/Minimal_Default.Minimal_Default:PersistentLevel.Minimal_Default'
[2017.07.16-12.49.49:726][171]LogBlueprintUserMessages: Early EndPlayMap Detection: Level '/Game/StarterContent/Maps/Minimal_Default.Minimal_Default:PersistentLevel' has LevelScriptBlueprint '/Game/StarterContent/Maps/Minimal_Default.Minimal_Default:PersistentLevel.Minimal_Default' with GeneratedClass '/Game/StarterContent/Maps/Minimal_Default.Minimal_Default_C' with ClassGeneratedBy '/Game/StarterContent/Maps/Minimal_Default.Minimal_Default:PersistentLevel.Minimal_Default'
[2017.07.16-12.49.49:767][171]LogBlueprintUserMessages: Late EndPlayMap Detection: Level '/Game/StarterContent/Maps/Minimal_Default.Minimal_Default:PersistentLevel' has LevelScriptBlueprint '/Game/StarterContent/Maps/Minimal_Default.Minimal_Default:PersistentLevel.Minimal_Default' with GeneratedClass '/Game/StarterContent/Maps/Minimal_Default.Minimal_Default_C' with ClassGeneratedBy '/Game/StarterContent/Maps/Minimal_Default.Minimal_Default:PersistentLevel.Minimal_Default'
[2017.07.16-12.51.15:728][380]LogSlate: Took 0.000236 seconds to synchronously load lazily loaded font '../../../Engine/Content/Slate/Fonts/Roboto-Light.ttf' (159K)
[2017.07.16-12.51.31:751][732]LogTemp: Repeting last play command: Selected Viewport
[2017.07.16-12.51.31:764][732]LogBlueprintUserMessages: Early PlayInEditor Detection: Level '/Game/StarterContent/Maps/Minimal_Default.Minimal_Default:PersistentLevel' has LevelScriptBlueprint '/Game/StarterContent/Maps/Minimal_Default.Minimal_Default:PersistentLevel.Minimal_Default' with GeneratedClass '/Game/StarterContent/Maps/Minimal_Default.Minimal_Default_C' with ClassGeneratedBy '/Game/StarterContent/Maps/Minimal_Default.Minimal_Default:PersistentLevel.Minimal_Default'
[2017.07.16-12.51.31:764][732]BlueprintLog: New page: Pre-Play auto-recompile
[2017.07.16-12.51.31:764][732]LogPlayLevel: [PlayLevel] Compiling MyCharacterScript before play...
[2017.07.16-12.51.31:914][732]LogPlayLevel: PlayLevel: Blueprint regeneration took 150 ms (1 blueprints)
[2017.07.16-12.51.31:915][732]PIE: New page: PIE session: Minimal_Default (Jul 16, 2017, 4:51:31 PM)
[2017.07.16-12.51.31:915][732]LogPlayLevel: Creating play world package: /Game/StarterContent/Maps/UEDPIE_0_Minimal_Default
[2017.07.16-12.51.31:921][732]LogPlayLevel: PIE: StaticDuplicateObject took: (0.006695s)
[2017.07.16-12.51.31:922][732]LogAIModule: Creating AISystem for world Minimal_Default
[2017.07.16-12.51.31:922][732]LogPlayLevel: PIE: World Init took: (0.000939s)
[2017.07.16-12.51.31:923][732]LogPlayLevel: PIE: Created PIE world by copying editor world from /Game/StarterContent/Maps/Minimal_Default.Minimal_Default to /Game/StarterContent/Maps/UEDPIE_0_Minimal_Default.Minimal_Default (0.007895s)
[2017.07.16-12.51.31:939][732]LogInit: XAudio2 using 'Speakers (Realtek High Definition Audio)' : 2 channels at 48 kHz using 32 bits per sample (channel mask 0x3)
[2017.07.16-12.51.31:960][732]LogInit: FAudioDevice initialized.
[2017.07.16-12.51.31:988][732]LogLoad: Game class is 'GameModeBase'
[2017.07.16-12.51.31:990][732]LogWorld: Bringing World /Game/StarterContent/Maps/UEDPIE_0_Minimal_Default.Minimal_Default up for play (max tick rate 0) at 2017.07.16-14.51.31
[2017.07.16-12.51.31:991][732]LogWorld: Bringing up level for play took: 0.002156
[2017.07.16-12.51.31:992][732]PIE: Info Play in editor start time for /Game/StarterContent/Maps/UEDPIE_0_Minimal_Default 0.377
[2017.07.16-12.51.31:992][732]LogBlueprintUserMessages: Late PlayInEditor Detection: Level '/Game/StarterContent/Maps/Minimal_Default.Minimal_Default:PersistentLevel' has LevelScriptBlueprint '/Game/StarterContent/Maps/Minimal_Default.Minimal_Default:PersistentLevel.Minimal_Default' with GeneratedClass '/Game/StarterContent/Maps/Minimal_Default.Minimal_Default_C' with ClassGeneratedBy '/Game/StarterContent/Maps/Minimal_Default.Minimal_Default:PersistentLevel.Minimal_Default'
[2017.07.16-12.51.42:265][934]LogBlueprintUserMessages: Early EndPlayMap Detection: Level '/Game/StarterContent/Maps/Minimal_Default.Minimal_Default:PersistentLevel' has LevelScriptBlueprint '/Game/StarterContent/Maps/Minimal_Default.Minimal_Default:PersistentLevel.Minimal_Default' with GeneratedClass '/Game/StarterContent/Maps/Minimal_Default.Minimal_Default_C' with ClassGeneratedBy '/Game/StarterContent/Maps/Minimal_Default.Minimal_Default:PersistentLevel.Minimal_Default'
[2017.07.16-12.51.42:304][934]LogBlueprintUserMessages: Late EndPlayMap Detection: Level '/Game/StarterContent/Maps/Minimal_Default.Minimal_Default:PersistentLevel' has LevelScriptBlueprint '/Game/StarterContent/Maps/Minimal_Default.Minimal_Default:PersistentLevel.Minimal_Default' with GeneratedClass '/Game/StarterContent/Maps/Minimal_Default.Minimal_Default_C' with ClassGeneratedBy '/Game/StarterContent/Maps/Minimal_Default.Minimal_Default:PersistentLevel.Minimal_Default'
[2017.07.16-12.59.48:786][235]LogTemp: Repeting last play command: Selected Viewport
[2017.07.16-12.59.48:799][235]LogBlueprintUserMessages: Early PlayInEditor Detection: Level '/Game/StarterContent/Maps/Minimal_Default.Minimal_Default:PersistentLevel' has LevelScriptBlueprint '/Game/StarterContent/Maps/Minimal_Default.Minimal_Default:PersistentLevel.Minimal_Default' with GeneratedClass '/Game/StarterContent/Maps/Minimal_Default.Minimal_Default_C' with ClassGeneratedBy '/Game/StarterContent/Maps/Minimal_Default.Minimal_Default:PersistentLevel.Minimal_Default'
[2017.07.16-12.59.48:799][235]BlueprintLog: New page: Pre-Play auto-recompile
[2017.07.16-12.59.48:799][235]LogPlayLevel: [PlayLevel] Compiling MyCharacterScript before play...
[2017.07.16-12.59.48:955][235]LogPlayLevel: PlayLevel: Blueprint regeneration took 156 ms (1 blueprints)
[2017.07.16-12.59.48:955][235]PIE: New page: PIE session: Minimal_Default (Jul 16, 2017, 4:59:48 PM)
[2017.07.16-12.59.48:956][235]LogPlayLevel: Creating play world package: /Game/StarterContent/Maps/UEDPIE_0_Minimal_Default
[2017.07.16-12.59.48:963][235]LogPlayLevel: PIE: StaticDuplicateObject took: (0.007426s)
[2017.07.16-12.59.48:964][235]LogAIModule: Creating AISystem for world Minimal_Default
[2017.07.16-12.59.48:964][235]LogPlayLevel: PIE: World Init took: (0.000964s)
[2017.07.16-12.59.48:964][235]LogPlayLevel: PIE: Created PIE world by copying editor world from /Game/StarterContent/Maps/Minimal_Default.Minimal_Default to /Game/StarterContent/Maps/UEDPIE_0_Minimal_Default.Minimal_Default (0.008780s)
[2017.07.16-12.59.48:981][235]LogInit: XAudio2 using 'Speakers (Realtek High Definition Audio)' : 2 channels at 48 kHz using 32 bits per sample (channel mask 0x3)
[2017.07.16-12.59.49:001][235]LogInit: FAudioDevice initialized.
[2017.07.16-12.59.49:030][235]LogLoad: Game class is 'GameModeBase'
[2017.07.16-12.59.49:033][235]LogWorld: Bringing World /Game/StarterContent/Maps/UEDPIE_0_Minimal_Default.Minimal_Default up for play (max tick rate 0) at 2017.07.16-14.59.49
[2017.07.16-12.59.49:034][235]LogWorld: Bringing up level for play took: 0.002015
[2017.07.16-12.59.49:034][235]PIE: Info Play in editor start time for /Game/StarterContent/Maps/UEDPIE_0_Minimal_Default -0.58
[2017.07.16-12.59.49:035][235]LogBlueprintUserMessages: Late PlayInEditor Detection: Level '/Game/StarterContent/Maps/Minimal_Default.Minimal_Default:PersistentLevel' has LevelScriptBlueprint '/Game/StarterContent/Maps/Minimal_Default.Minimal_Default:PersistentLevel.Minimal_Default' with GeneratedClass '/Game/StarterContent/Maps/Minimal_Default.Minimal_Default_C' with ClassGeneratedBy '/Game/StarterContent/Maps/Minimal_Default.Minimal_Default:PersistentLevel.Minimal_Default'
[2017.07.16-13.00.09:529][663]LogBlueprintUserMessages: Early EndPlayMap Detection: Level '/Game/StarterContent/Maps/Minimal_Default.Minimal_Default:PersistentLevel' has LevelScriptBlueprint '/Game/StarterContent/Maps/Minimal_Default.Minimal_Default:PersistentLevel.Minimal_Default' with GeneratedClass '/Game/StarterContent/Maps/Minimal_Default.Minimal_Default_C' with ClassGeneratedBy '/Game/StarterContent/Maps/Minimal_Default.Minimal_Default:PersistentLevel.Minimal_Default'
[2017.07.16-13.00.09:576][663]LogBlueprintUserMessages: Late EndPlayMap Detection: Level '/Game/StarterContent/Maps/Minimal_Default.Minimal_Default:PersistentLevel' has LevelScriptBlueprint '/Game/StarterContent/Maps/Minimal_Default.Minimal_Default:PersistentLevel.Minimal_Default' with GeneratedClass '/Game/StarterContent/Maps/Minimal_Default.Minimal_Default_C' with ClassGeneratedBy '/Game/StarterContent/Maps/Minimal_Default.Minimal_Default:PersistentLevel.Minimal_Default'
[2017.07.16-13.01.36:789][595]LogTemp: Repeting last play command: Selected Viewport
[2017.07.16-13.01.36:802][595]LogBlueprintUserMessages: Early PlayInEditor Detection: Level '/Game/StarterContent/Maps/Minimal_Default.Minimal_Default:PersistentLevel' has LevelScriptBlueprint '/Game/StarterContent/Maps/Minimal_Default.Minimal_Default:PersistentLevel.Minimal_Default' with GeneratedClass '/Game/StarterContent/Maps/Minimal_Default.Minimal_Default_C' with ClassGeneratedBy '/Game/StarterContent/Maps/Minimal_Default.Minimal_Default:PersistentLevel.Minimal_Default'
[2017.07.16-13.01.36:803][595]BlueprintLog: New page: Pre-Play auto-recompile
[2017.07.16-13.01.36:803][595]LogPlayLevel: [PlayLevel] Compiling MyCharacterScript before play...
[2017.07.16-13.01.36:952][595]LogPlayLevel: PlayLevel: Blueprint regeneration took 150 ms (1 blueprints)
[2017.07.16-13.01.36:952][595]PIE: New page: PIE session: Minimal_Default (Jul 16, 2017, 5:01:36 PM)
[2017.07.16-13.01.36:952][595]LogPlayLevel: Creating play world package: /Game/StarterContent/Maps/UEDPIE_0_Minimal_Default
[2017.07.16-13.01.36:958][595]LogPlayLevel: PIE: StaticDuplicateObject took: (0.005602s)
[2017.07.16-13.01.36:959][595]LogAIModule: Creating AISystem for world Minimal_Default
[2017.07.16-13.01.36:959][595]LogPlayLevel: PIE: World Init took: (0.000826s)
[2017.07.16-13.01.36:959][595]LogPlayLevel: PIE: Created PIE world by copying editor world from /Game/StarterContent/Maps/Minimal_Default.Minimal_Default to /Game/StarterContent/Maps/UEDPIE_0_Minimal_Default.Minimal_Default (0.006639s)
[2017.07.16-13.01.36:975][595]LogInit: XAudio2 using 'Speakers (Realtek High Definition Audio)' : 2 channels at 48 kHz using 32 bits per sample (channel mask 0x3)
[2017.07.16-13.01.36:996][595]LogInit: FAudioDevice initialized.
[2017.07.16-13.01.37:024][595]LogLoad: Game class is 'GameModeBase'
[2017.07.16-13.01.37:027][595]LogWorld: Bringing World /Game/StarterContent/Maps/UEDPIE_0_Minimal_Default.Minimal_Default up for play (max tick rate 0) at 2017.07.16-15.01.37
[2017.07.16-13.01.37:027][595]LogWorld: Bringing up level for play took: 0.001952
[2017.07.16-13.01.37:028][595]PIE: Info Play in editor start time for /Game/StarterContent/Maps/UEDPIE_0_Minimal_Default -0.587
[2017.07.16-13.01.37:028][595]LogBlueprintUserMessages: Late PlayInEditor Detection: Level '/Game/StarterContent/Maps/Minimal_Default.Minimal_Default:PersistentLevel' has LevelScriptBlueprint '/Game/StarterContent/Maps/Minimal_Default.Minimal_Default:PersistentLevel.Minimal_Default' with GeneratedClass '/Game/StarterContent/Maps/Minimal_Default.Minimal_Default_C' with ClassGeneratedBy '/Game/StarterContent/Maps/Minimal_Default.Minimal_Default:PersistentLevel.Minimal_Default'
[2017.07.16-13.01.47:010][752]LogCharacterMovement: MidEnemy_44 is stuck and failed to move! Velocity: X=305.91 Y=23.17 Z=0.00 Location: X=404.78 Y=982.68 Z=122.15 Normal: X=-0.93 Y=-0.38 Z=0.00 PenetrationDepth:3.834 Actor:LowEnemy_60 Component:StaticMesh BoneName:None (0 other events since notify)
[2017.07.16-13.01.53:296][506]LogCharacterMovement: MidEnemy2_150 is stuck and failed to move! Velocity: X=-114.11 Y=-306.24 Z=0.00 Location: X=172.14 Y=1306.14 Z=122.15 Normal: X=0.97 Y=-0.23 Z=0.00 PenetrationDepth:5.789 Actor:MidEnemy3_164 Component:StaticMesh BoneName:None (0 other events since notify)
[2017.07.16-13.01.54:654][669]LogCharacterMovement: MidEnemy2_150 is stuck and failed to move! Velocity: X=287.59 Y=-207.03 Z=0.00 Location: X=206.36 Y=840.48 Z=122.15 Normal: X=0.45 Y=0.89 Z=-0.00 PenetrationDepth:8.165 Actor:MidEnemy3_164 Component:StaticMesh BoneName:None (0 other events since notify)
[2017.07.16-13.01.55:564][778]LogBlueprintUserMessages: Early EndPlayMap Detection: Level '/Game/StarterContent/Maps/Minimal_Default.Minimal_Default:PersistentLevel' has LevelScriptBlueprint '/Game/StarterContent/Maps/Minimal_Default.Minimal_Default:PersistentLevel.Minimal_Default' with GeneratedClass '/Game/StarterContent/Maps/Minimal_Default.Minimal_Default_C' with ClassGeneratedBy '/Game/StarterContent/Maps/Minimal_Default.Minimal_Default:PersistentLevel.Minimal_Default'
[2017.07.16-13.01.55:609][778]LogBlueprintUserMessages: Late EndPlayMap Detection: Level '/Game/StarterContent/Maps/Minimal_Default.Minimal_Default:PersistentLevel' has LevelScriptBlueprint '/Game/StarterContent/Maps/Minimal_Default.Minimal_Default:PersistentLevel.Minimal_Default' with GeneratedClass '/Game/StarterContent/Maps/Minimal_Default.Minimal_Default_C' with ClassGeneratedBy '/Game/StarterContent/Maps/Minimal_Default.Minimal_Default:PersistentLevel.Minimal_Default'
[2017.07.16-13.03.38:234][919]LogSavePackage: Save=116.81ms
[2017.07.16-13.03.38:234][919]LogSavePackage: Moving '../../../../../../Github/GAMEJAM/DO_GameJam/GameFolder/Saved/Minimal_Default_Auto1EB0EFC724A3964B6521B5B8FACCAF261.tmp' to '../../../../../../Github/GAMEJAM/DO_GameJam/GameFolder/Saved/Autosaves/Game/StarterContent/Maps/Minimal_Default_Auto1.umap'
[2017.07.16-13.03.38:236][919]LogSavePackage:Display: Finished SavePackage ../../../../../../Github/GAMEJAM/DO_GameJam/GameFolder/Saved/Autosaves/Game/StarterContent/Maps/Minimal_Default_Auto1.umap
[2017.07.16-13.03.38:238][919]LogFileHelpers: Editor autosave (incl. sublevels) for '/Game/StarterContent/Maps/Minimal_Default' took 0.144
[2017.07.16-13.03.38:238][919]LogFileHelpers: Editor autosave (incl. sublevels) for all levels took 0.144
[2017.07.16-13.03.38:241][919]OBJ SavePackage: Generating thumbnails for [1] asset(s) in package [/Game/MyCharacterScript] ([1] browsable assets)...
[2017.07.16-13.03.38:269][919]OBJ SavePackage:     Rendered thumbnail for [Blueprint /Game/MyCharacterScript.MyCharacterScript]
[2017.07.16-13.03.38:270][919]OBJ SavePackage: Finished generating thumbnails for package [/Game/MyCharacterScript]
[2017.07.16-13.03.38:270][919]Cmd: OBJ SAVEPACKAGE PACKAGE="/Game/MyCharacterScript" FILE="../../../../../../Github/GAMEJAM/DO_GameJam/GameFolder/Saved/Autosaves/Game/MyCharacterScript_Auto1.uasset" SILENT=false AUTOSAVING=true
[2017.07.16-13.03.38:337][919]LogSavePackage: Save=62.50ms
[2017.07.16-13.03.38:337][919]LogSavePackage: Moving '../../../../../../Github/GAMEJAM/DO_GameJam/GameFolder/Saved/MyCharacterScript_Auto18F36E08F4792FC3B7413B6B27B44996F.tmp' to '../../../../../../Github/GAMEJAM/DO_GameJam/GameFolder/Saved/Autosaves/Game/MyCharacterScript_Auto1.uasset'
[2017.07.16-13.03.38:339][919]LogSavePackage:Display: Finished SavePackage ../../../../../../Github/GAMEJAM/DO_GameJam/GameFolder/Saved/Autosaves/Game/MyCharacterScript_Auto1.uasset
[2017.07.16-13.03.38:339][919]LogFileHelpers: Auto-saving content packages took 0.099
[2017.07.16-13.05.17:133][ 46]LogTemp: Repeting last play command: Selected Viewport
[2017.07.16-13.05.17:145][ 46]LogBlueprintUserMessages: Early PlayInEditor Detection: Level '/Game/StarterContent/Maps/Minimal_Default.Minimal_Default:PersistentLevel' has LevelScriptBlueprint '/Game/StarterContent/Maps/Minimal_Default.Minimal_Default:PersistentLevel.Minimal_Default' with GeneratedClass '/Game/StarterContent/Maps/Minimal_Default.Minimal_Default_C' with ClassGeneratedBy '/Game/StarterContent/Maps/Minimal_Default.Minimal_Default:PersistentLevel.Minimal_Default'
[2017.07.16-13.05.17:145][ 46]LogPlayLevel: PlayLevel: No blueprints needed recompiling
[2017.07.16-13.05.17:145][ 46]PIE: New page: PIE session: Minimal_Default (Jul 16, 2017, 5:05:17 PM)
[2017.07.16-13.05.17:145][ 46]LogPlayLevel: Creating play world package: /Game/StarterContent/Maps/UEDPIE_0_Minimal_Default
[2017.07.16-13.05.17:152][ 46]LogPlayLevel: PIE: StaticDuplicateObject took: (0.006120s)
[2017.07.16-13.05.17:152][ 46]LogAIModule: Creating AISystem for world Minimal_Default
[2017.07.16-13.05.17:153][ 46]LogPlayLevel: PIE: World Init took: (0.001026s)
[2017.07.16-13.05.17:153][ 46]LogPlayLevel: PIE: Created PIE world by copying editor world from /Game/StarterContent/Maps/Minimal_Default.Minimal_Default to /Game/StarterContent/Maps/UEDPIE_0_Minimal_Default.Minimal_Default (0.007490s)
[2017.07.16-13.05.17:170][ 46]LogInit: XAudio2 using 'Speakers (Realtek High Definition Audio)' : 2 channels at 48 kHz using 32 bits per sample (channel mask 0x3)
[2017.07.16-13.05.17:190][ 46]LogInit: FAudioDevice initialized.
[2017.07.16-13.05.17:222][ 46]LogLoad: Game class is 'GameModeBase'
[2017.07.16-13.05.17:224][ 46]LogWorld: Bringing World /Game/StarterContent/Maps/UEDPIE_0_Minimal_Default.Minimal_Default up for play (max tick rate 0) at 2017.07.16-15.05.17
[2017.07.16-13.05.17:225][ 46]LogWorld: Bringing up level for play took: 0.002075
[2017.07.16-13.05.17:226][ 46]PIE: Info Play in editor start time for /Game/StarterContent/Maps/UEDPIE_0_Minimal_Default -0.388
[2017.07.16-13.05.17:226][ 46]LogBlueprintUserMessages: Late PlayInEditor Detection: Level '/Game/StarterContent/Maps/Minimal_Default.Minimal_Default:PersistentLevel' has LevelScriptBlueprint '/Game/StarterContent/Maps/Minimal_Default.Minimal_Default:PersistentLevel.Minimal_Default' with GeneratedClass '/Game/StarterContent/Maps/Minimal_Default.Minimal_Default_C' with ClassGeneratedBy '/Game/StarterContent/Maps/Minimal_Default.Minimal_Default:PersistentLevel.Minimal_Default'
[2017.07.16-13.05.25:227][  1]LogBlueprintUserMessages: Early EndPlayMap Detection: Level '/Game/StarterContent/Maps/Minimal_Default.Minimal_Default:PersistentLevel' has LevelScriptBlueprint '/Game/StarterContent/Maps/Minimal_Default.Minimal_Default:PersistentLevel.Minimal_Default' with GeneratedClass '/Game/StarterContent/Maps/Minimal_Default.Minimal_Default_C' with ClassGeneratedBy '/Game/StarterContent/Maps/Minimal_Default.Minimal_Default:PersistentLevel.Minimal_Default'
[2017.07.16-13.05.25:273][  1]LogBlueprintUserMessages: Late EndPlayMap Detection: Level '/Game/StarterContent/Maps/Minimal_Default.Minimal_Default:PersistentLevel' has LevelScriptBlueprint '/Game/StarterContent/Maps/Minimal_Default.Minimal_Default:PersistentLevel.Minimal_Default' with GeneratedClass '/Game/StarterContent/Maps/Minimal_Default.Minimal_Default_C' with ClassGeneratedBy '/Game/StarterContent/Maps/Minimal_Default.Minimal_Default:PersistentLevel.Minimal_Default'
[2017.07.16-13.06.37:752][286]LogTemp: Repeting last play command: Selected Viewport
[2017.07.16-13.06.37:764][286]LogBlueprintUserMessages: Early PlayInEditor Detection: Level '/Game/StarterContent/Maps/Minimal_Default.Minimal_Default:PersistentLevel' has LevelScriptBlueprint '/Game/StarterContent/Maps/Minimal_Default.Minimal_Default:PersistentLevel.Minimal_Default' with GeneratedClass '/Game/StarterContent/Maps/Minimal_Default.Minimal_Default_C' with ClassGeneratedBy '/Game/StarterContent/Maps/Minimal_Default.Minimal_Default:PersistentLevel.Minimal_Default'
[2017.07.16-13.06.37:764][286]BlueprintLog: New page: Pre-Play auto-recompile
[2017.07.16-13.06.37:764][286]LogPlayLevel: [PlayLevel] Compiling MyCharacterScript before play...
[2017.07.16-13.06.37:918][286]LogPlayLevel: PlayLevel: Blueprint regeneration took 154 ms (1 blueprints)
[2017.07.16-13.06.37:919][286]PIE: New page: PIE session: Minimal_Default (Jul 16, 2017, 5:06:37 PM)
[2017.07.16-13.06.37:919][286]LogPlayLevel: Creating play world package: /Game/StarterContent/Maps/UEDPIE_0_Minimal_Default
[2017.07.16-13.06.37:925][286]LogPlayLevel: PIE: StaticDuplicateObject took: (0.006200s)
[2017.07.16-13.06.37:926][286]LogAIModule: Creating AISystem for world Minimal_Default
[2017.07.16-13.06.37:926][286]LogPlayLevel: PIE: World Init took: (0.000990s)
[2017.07.16-13.06.37:926][286]LogPlayLevel: PIE: Created PIE world by copying editor world from /Game/StarterContent/Maps/Minimal_Default.Minimal_Default to /Game/StarterContent/Maps/UEDPIE_0_Minimal_Default.Minimal_Default (0.007393s)
[2017.07.16-13.06.37:943][286]LogInit: XAudio2 using 'Speakers (Realtek High Definition Audio)' : 2 channels at 48 kHz using 32 bits per sample (channel mask 0x3)
[2017.07.16-13.06.37:963][286]LogInit: FAudioDevice initialized.
[2017.07.16-13.06.37:997][286]LogLoad: Game class is 'GameModeBase'
[2017.07.16-13.06.38:000][286]LogWorld: Bringing World /Game/StarterContent/Maps/UEDPIE_0_Minimal_Default.Minimal_Default up for play (max tick rate 0) at 2017.07.16-15.06.38
[2017.07.16-13.06.38:001][286]LogWorld: Bringing up level for play took: 0.002099
[2017.07.16-13.06.38:002][286]PIE: Info Play in editor start time for /Game/StarterContent/Maps/UEDPIE_0_Minimal_Default 0.387
[2017.07.16-13.06.38:002][286]LogBlueprintUserMessages: Late PlayInEditor Detection: Level '/Game/StarterContent/Maps/Minimal_Default.Minimal_Default:PersistentLevel' has LevelScriptBlueprint '/Game/StarterContent/Maps/Minimal_Default.Minimal_Default:PersistentLevel.Minimal_Default' with GeneratedClass '/Game/StarterContent/Maps/Minimal_Default.Minimal_Default_C' with ClassGeneratedBy '/Game/StarterContent/Maps/Minimal_Default.Minimal_Default:PersistentLevel.Minimal_Default'
[2017.07.16-13.06.51:750][884]LogBlueprintUserMessages: Early EndPlayMap Detection: Level '/Game/StarterContent/Maps/Minimal_Default.Minimal_Default:PersistentLevel' has LevelScriptBlueprint '/Game/StarterContent/Maps/Minimal_Default.Minimal_Default:PersistentLevel.Minimal_Default' with GeneratedClass '/Game/StarterContent/Maps/Minimal_Default.Minimal_Default_C' with ClassGeneratedBy '/Game/StarterContent/Maps/Minimal_Default.Minimal_Default:PersistentLevel.Minimal_Default'
[2017.07.16-13.06.51:795][884]LogBlueprintUserMessages: Late EndPlayMap Detection: Level '/Game/StarterContent/Maps/Minimal_Default.Minimal_Default:PersistentLevel' has LevelScriptBlueprint '/Game/StarterContent/Maps/Minimal_Default.Minimal_Default:PersistentLevel.Minimal_Default' with GeneratedClass '/Game/StarterContent/Maps/Minimal_Default.Minimal_Default_C' with ClassGeneratedBy '/Game/StarterContent/Maps/Minimal_Default.Minimal_Default:PersistentLevel.Minimal_Default'
[2017.07.16-13.07.30:183][337]LogTemp: Repeting last play command: Selected Viewport
[2017.07.16-13.07.30:195][337]LogBlueprintUserMessages: Early PlayInEditor Detection: Level '/Game/StarterContent/Maps/Minimal_Default.Minimal_Default:PersistentLevel' has LevelScriptBlueprint '/Game/StarterContent/Maps/Minimal_Default.Minimal_Default:PersistentLevel.Minimal_Default' with GeneratedClass '/Game/StarterContent/Maps/Minimal_Default.Minimal_Default_C' with ClassGeneratedBy '/Game/StarterContent/Maps/Minimal_Default.Minimal_Default:PersistentLevel.Minimal_Default'
[2017.07.16-13.07.30:195][337]BlueprintLog: New page: Pre-Play auto-recompile
[2017.07.16-13.07.30:195][337]LogPlayLevel: [PlayLevel] Compiling MyCharacterScript before play...
[2017.07.16-13.07.30:348][337]LogPlayLevel: PlayLevel: Blueprint regeneration took 153 ms (1 blueprints)
[2017.07.16-13.07.30:348][337]PIE: New page: PIE session: Minimal_Default (Jul 16, 2017, 5:07:30 PM)
[2017.07.16-13.07.30:348][337]LogPlayLevel: Creating play world package: /Game/StarterContent/Maps/UEDPIE_0_Minimal_Default
[2017.07.16-13.07.30:354][337]LogPlayLevel: PIE: StaticDuplicateObject took: (0.006119s)
[2017.07.16-13.07.30:355][337]LogAIModule: Creating AISystem for world Minimal_Default
[2017.07.16-13.07.30:355][337]LogPlayLevel: PIE: World Init took: (0.000924s)
[2017.07.16-13.07.30:355][337]LogPlayLevel: PIE: Created PIE world by copying editor world from /Game/StarterContent/Maps/Minimal_Default.Minimal_Default to /Game/StarterContent/Maps/UEDPIE_0_Minimal_Default.Minimal_Default (0.007423s)
[2017.07.16-13.07.30:373][337]LogInit: XAudio2 using 'Speakers (Realtek High Definition Audio)' : 2 channels at 48 kHz using 32 bits per sample (channel mask 0x3)
[2017.07.16-13.07.30:394][337]LogInit: FAudioDevice initialized.
[2017.07.16-13.07.30:422][337]LogLoad: Game class is 'GameModeBase'
[2017.07.16-13.07.30:424][337]LogWorld: Bringing World /Game/StarterContent/Maps/UEDPIE_0_Minimal_Default.Minimal_Default up for play (max tick rate 0) at 2017.07.16-15.07.30
[2017.07.16-13.07.30:425][337]LogWorld: Bringing up level for play took: 0.001844
[2017.07.16-13.07.30:426][337]PIE: Info Play in editor start time for /Game/StarterContent/Maps/UEDPIE_0_Minimal_Default 0.811
[2017.07.16-13.07.30:426][337]LogBlueprintUserMessages: Late PlayInEditor Detection: Level '/Game/StarterContent/Maps/Minimal_Default.Minimal_Default:PersistentLevel' has LevelScriptBlueprint '/Game/StarterContent/Maps/Minimal_Default.Minimal_Default:PersistentLevel.Minimal_Default' with GeneratedClass '/Game/StarterContent/Maps/Minimal_Default.Minimal_Default_C' with ClassGeneratedBy '/Game/StarterContent/Maps/Minimal_Default.Minimal_Default:PersistentLevel.Minimal_Default'
[2017.07.16-13.07.58:562][654]LogBlueprintUserMessages: Early EndPlayMap Detection: Level '/Game/StarterContent/Maps/Minimal_Default.Minimal_Default:PersistentLevel' has LevelScriptBlueprint '/Game/StarterContent/Maps/Minimal_Default.Minimal_Default:PersistentLevel.Minimal_Default' with GeneratedClass '/Game/StarterContent/Maps/Minimal_Default.Minimal_Default_C' with ClassGeneratedBy '/Game/StarterContent/Maps/Minimal_Default.Minimal_Default:PersistentLevel.Minimal_Default'
[2017.07.16-13.07.58:608][654]LogBlueprintUserMessages: Late EndPlayMap Detection: Level '/Game/StarterContent/Maps/Minimal_Default.Minimal_Default:PersistentLevel' has LevelScriptBlueprint '/Game/StarterContent/Maps/Minimal_Default.Minimal_Default:PersistentLevel.Minimal_Default' with GeneratedClass '/Game/StarterContent/Maps/Minimal_Default.Minimal_Default_C' with ClassGeneratedBy '/Game/StarterContent/Maps/Minimal_Default.Minimal_Default:PersistentLevel.Minimal_Default'
[2017.07.16-13.09.40:097][457]LogEditorTransaction: Undo Delete current selection
[2017.07.16-13.09.57:867][197]LogTemp: Repeting last play command: Selected Viewport
[2017.07.16-13.09.57:878][197]LogBlueprintUserMessages: Early PlayInEditor Detection: Level '/Game/StarterContent/Maps/Minimal_Default.Minimal_Default:PersistentLevel' has LevelScriptBlueprint '/Game/StarterContent/Maps/Minimal_Default.Minimal_Default:PersistentLevel.Minimal_Default' with GeneratedClass '/Game/StarterContent/Maps/Minimal_Default.Minimal_Default_C' with ClassGeneratedBy '/Game/StarterContent/Maps/Minimal_Default.Minimal_Default:PersistentLevel.Minimal_Default'
[2017.07.16-13.09.57:878][197]BlueprintLog: New page: Pre-Play auto-recompile
[2017.07.16-13.09.57:878][197]LogPlayLevel: [PlayLevel] Compiling MyCharacterScript before play...
[2017.07.16-13.09.58:032][197]LogPlayLevel: PlayLevel: Blueprint regeneration took 154 ms (1 blueprints)
[2017.07.16-13.09.58:032][197]PIE: New page: PIE session: Minimal_Default (Jul 16, 2017, 5:09:58 PM)
[2017.07.16-13.09.58:032][197]LogPlayLevel: Creating play world package: /Game/StarterContent/Maps/UEDPIE_0_Minimal_Default
[2017.07.16-13.09.58:039][197]LogPlayLevel: PIE: StaticDuplicateObject took: (0.005908s)
[2017.07.16-13.09.58:039][197]LogAIModule: Creating AISystem for world Minimal_Default
[2017.07.16-13.09.58:040][197]LogPlayLevel: PIE: World Init took: (0.000897s)
[2017.07.16-13.09.58:040][197]LogPlayLevel: PIE: Created PIE world by copying editor world from /Game/StarterContent/Maps/Minimal_Default.Minimal_Default to /Game/StarterContent/Maps/UEDPIE_0_Minimal_Default.Minimal_Default (0.007159s)
[2017.07.16-13.09.58:057][197]LogInit: XAudio2 using 'Speakers (Realtek High Definition Audio)' : 2 channels at 48 kHz using 32 bits per sample (channel mask 0x3)
[2017.07.16-13.09.58:077][197]LogInit: FAudioDevice initialized.
[2017.07.16-13.09.58:111][197]LogLoad: Game class is 'GameModeBase'
[2017.07.16-13.09.58:114][197]LogWorld: Bringing World /Game/StarterContent/Maps/UEDPIE_0_Minimal_Default.Minimal_Default up for play (max tick rate 0) at 2017.07.16-15.09.58
[2017.07.16-13.09.58:115][197]LogWorld: Bringing up level for play took: 0.002094
[2017.07.16-13.09.58:115][197]PIE: Info Play in editor start time for /Game/StarterContent/Maps/UEDPIE_0_Minimal_Default 0.501
[2017.07.16-13.09.58:116][197]LogBlueprintUserMessages: Late PlayInEditor Detection: Level '/Game/StarterContent/Maps/Minimal_Default.Minimal_Default:PersistentLevel' has LevelScriptBlueprint '/Game/StarterContent/Maps/Minimal_Default.Minimal_Default:PersistentLevel.Minimal_Default' with GeneratedClass '/Game/StarterContent/Maps/Minimal_Default.Minimal_Default_C' with ClassGeneratedBy '/Game/StarterContent/Maps/Minimal_Default.Minimal_Default:PersistentLevel.Minimal_Default'
[2017.07.16-13.10.02:565][702]LogBlueprintUserMessages: Early EndPlayMap Detection: Level '/Game/StarterContent/Maps/Minimal_Default.Minimal_Default:PersistentLevel' has LevelScriptBlueprint '/Game/StarterContent/Maps/Minimal_Default.Minimal_Default:PersistentLevel.Minimal_Default' with GeneratedClass '/Game/StarterContent/Maps/Minimal_Default.Minimal_Default_C' with ClassGeneratedBy '/Game/StarterContent/Maps/Minimal_Default.Minimal_Default:PersistentLevel.Minimal_Default'
[2017.07.16-13.10.02:609][702]LogBlueprintUserMessages: Late EndPlayMap Detection: Level '/Game/StarterContent/Maps/Minimal_Default.Minimal_Default:PersistentLevel' has LevelScriptBlueprint '/Game/StarterContent/Maps/Minimal_Default.Minimal_Default:PersistentLevel.Minimal_Default' with GeneratedClass '/Game/StarterContent/Maps/Minimal_Default.Minimal_Default_C' with ClassGeneratedBy '/Game/StarterContent/Maps/Minimal_Default.Minimal_Default:PersistentLevel.Minimal_Default'
[2017.07.16-13.10.03:954][860]LogTemp: Repeting last play command: Selected Viewport
[2017.07.16-13.10.03:964][860]LogBlueprintUserMessages: Early PlayInEditor Detection: Level '/Game/StarterContent/Maps/Minimal_Default.Minimal_Default:PersistentLevel' has LevelScriptBlueprint '/Game/StarterContent/Maps/Minimal_Default.Minimal_Default:PersistentLevel.Minimal_Default' with GeneratedClass '/Game/StarterContent/Maps/Minimal_Default.Minimal_Default_C' with ClassGeneratedBy '/Game/StarterContent/Maps/Minimal_Default.Minimal_Default:PersistentLevel.Minimal_Default'
[2017.07.16-13.10.03:964][860]LogPlayLevel: PlayLevel: No blueprints needed recompiling
[2017.07.16-13.10.03:964][860]PIE: New page: PIE session: Minimal_Default (Jul 16, 2017, 5:10:03 PM)
[2017.07.16-13.10.03:965][860]LogPlayLevel: Creating play world package: /Game/StarterContent/Maps/UEDPIE_0_Minimal_Default
[2017.07.16-13.10.03:971][860]LogPlayLevel: PIE: StaticDuplicateObject took: (0.006521s)
[2017.07.16-13.10.03:972][860]LogAIModule: Creating AISystem for world Minimal_Default
[2017.07.16-13.10.03:972][860]LogPlayLevel: PIE: World Init took: (0.001064s)
[2017.07.16-13.10.03:972][860]LogPlayLevel: PIE: Created PIE world by copying editor world from /Game/StarterContent/Maps/Minimal_Default.Minimal_Default to /Game/StarterContent/Maps/UEDPIE_0_Minimal_Default.Minimal_Default (0.007879s)
[2017.07.16-13.10.03:990][860]LogInit: XAudio2 using 'Speakers (Realtek High Definition Audio)' : 2 channels at 48 kHz using 32 bits per sample (channel mask 0x3)
[2017.07.16-13.10.04:009][860]LogInit: FAudioDevice initialized.
[2017.07.16-13.10.04:041][860]LogLoad: Game class is 'GameModeBase'
[2017.07.16-13.10.04:043][860]LogWorld: Bringing World /Game/StarterContent/Maps/UEDPIE_0_Minimal_Default.Minimal_Default up for play (max tick rate 0) at 2017.07.16-15.10.04
[2017.07.16-13.10.04:044][860]LogWorld: Bringing up level for play took: 0.001679
[2017.07.16-13.10.04:044][860]PIE: Info Play in editor start time for /Game/StarterContent/Maps/UEDPIE_0_Minimal_Default 0.43
[2017.07.16-13.10.04:045][860]LogBlueprintUserMessages: Late PlayInEditor Detection: Level '/Game/StarterContent/Maps/Minimal_Default.Minimal_Default:PersistentLevel' has LevelScriptBlueprint '/Game/StarterContent/Maps/Minimal_Default.Minimal_Default:PersistentLevel.Minimal_Default' with GeneratedClass '/Game/StarterContent/Maps/Minimal_Default.Minimal_Default_C' with ClassGeneratedBy '/Game/StarterContent/Maps/Minimal_Default.Minimal_Default:PersistentLevel.Minimal_Default'
[2017.07.16-13.10.29:146][863]LogBlueprintUserMessages: Early EndPlayMap Detection: Level '/Game/StarterContent/Maps/Minimal_Default.Minimal_Default:PersistentLevel' has LevelScriptBlueprint '/Game/StarterContent/Maps/Minimal_Default.Minimal_Default:PersistentLevel.Minimal_Default' with GeneratedClass '/Game/StarterContent/Maps/Minimal_Default.Minimal_Default_C' with ClassGeneratedBy '/Game/StarterContent/Maps/Minimal_Default.Minimal_Default:PersistentLevel.Minimal_Default'
[2017.07.16-13.10.29:183][863]LogBlueprintUserMessages: Late EndPlayMap Detection: Level '/Game/StarterContent/Maps/Minimal_Default.Minimal_Default:PersistentLevel' has LevelScriptBlueprint '/Game/StarterContent/Maps/Minimal_Default.Minimal_Default:PersistentLevel.Minimal_Default' with GeneratedClass '/Game/StarterContent/Maps/Minimal_Default.Minimal_Default_C' with ClassGeneratedBy '/Game/StarterContent/Maps/Minimal_Default.Minimal_Default:PersistentLevel.Minimal_Default'
[2017.07.16-13.10.31:180][964]Cmd: OBJ SAVEPACKAGE PACKAGE="/Game/MyCharacterScript" FILE="../../../../../../Github/GAMEJAM/DO_GameJam/GameFolder/Content/MyCharacterScript.uasset" SILENT=true
[2017.07.16-13.10.31:249][964]LogSavePackage: Save=62.43ms
[2017.07.16-13.10.31:249][964]LogSavePackage: Moving '../../../../../../Github/GAMEJAM/DO_GameJam/GameFolder/Saved/MyCharacterScript85A9436F42783ADE517C11AC85403E54.tmp' to '../../../../../../Github/GAMEJAM/DO_GameJam/GameFolder/Content/MyCharacterScript.uasset'
[2017.07.16-13.10.31:252][964]LogSavePackage:Display: Finished SavePackage ../../../../../../Github/GAMEJAM/DO_GameJam/GameFolder/Content/MyCharacterScript.uasset
[2017.07.16-13.10.31:437][964]LogSavePackage: Save=115.84ms
[2017.07.16-13.10.31:437][964]LogSavePackage: Moving '../../../../../../Github/GAMEJAM/DO_GameJam/GameFolder/Saved/Minimal_DefaultBDEE4A2445A257CA5647348A6909A853.tmp' to '../../../../../../Github/GAMEJAM/DO_GameJam/GameFolder/Content/StarterContent/Maps/Minimal_Default.umap'
[2017.07.16-13.10.31:440][964]LogSavePackage:Display: Finished SavePackage ../../../../../../Github/GAMEJAM/DO_GameJam/GameFolder/Content/StarterContent/Maps/Minimal_Default.umap
[2017.07.16-13.10.31:466][964]LogFileHelpers: Saving map 'Minimal_Default' took 0.211
[2017.07.16-13.10.31:577][964]LogWindowsTextInputMethodSystem:Display: IME system now deactivated.
[2017.07.16-13.10.31:761][965]Cmd: QUIT_EDITOR
[2017.07.16-13.10.32:248][965]LogExit: Preparing to exit.
[2017.07.16-13.10.32:884][965]LogDirectoryWatcher: A directory notification for 'D:/Github/GAMEJAM/DO_GameJam/GameFolder/Content/' was aborted.
[2017.07.16-13.10.32:918][965]LogExit: Editor shut down
[2017.07.16-13.10.32:918][965]LogExit: Transaction tracking system shut down
[2017.07.16-13.10.32:990][965]LogObj: Freed 0b from 0 cluster array pools.
[2017.07.16-13.10.32:990][965]LogExit: Object subsystem successfully closed.
[2017.07.16-13.10.33:008][965]LogD3D11RHI: Shutdown
[2017.07.16-13.10.33:008][965]LogD3D11RHI: CleanupD3DDevice
[2017.07.16-13.10.33:087][965]LogD3D11RHI: ~FD3D11DynamicRHI
[2017.07.16-13.10.33:094][965]LogModuleManager: Shutting down and abandoning module BlueprintGraph (504)
[2017.07.16-13.10.33:094][965]LogModuleManager: Shutting down and abandoning module BlueprintProfiler (502)
[2017.07.16-13.10.33:094][965]LogModuleManager: Shutting down and abandoning module MovieSceneCapture (500)
[2017.07.16-13.10.33:094][965]LogModuleManager: Shutting down and abandoning module HierarchicalLODOutliner (498)
[2017.07.16-13.10.33:094][965]LogModuleManager: Shutting down and abandoning module CrashTracker (496)
[2017.07.16-13.10.33:094][965]LogModuleManager: Shutting down and abandoning module SceneOutliner (494)
[2017.07.16-13.10.33:094][965]LogModuleManager: Shutting down and abandoning module AddContentDialog (492)
[2017.07.16-13.10.33:094][965]LogDirectoryWatcher: A directory notification for 'D:/Media/Games/UE_4.15/FeaturePacks/' was aborted.
[2017.07.16-13.10.33:095][965]LogModuleManager: Shutting down and abandoning module WidgetCarousel (491)
[2017.07.16-13.10.33:095][965]LogModuleManager: Shutting down and abandoning module EditorWidgets (488)
[2017.07.16-13.10.33:095][965]LogModuleManager: Shutting down and abandoning module CollectionManager (486)
[2017.07.16-13.10.33:095][965]LogDirectoryWatcher: A directory notification for 'D:/Github/GAMEJAM/DO_GameJam/GameFolder/Content/Collections/' was aborted.
[2017.07.16-13.10.33:095][965]LogDirectoryWatcher: A directory notification for 'D:/Github/GAMEJAM/DO_GameJam/GameFolder/Content/Developers/Swing/Collections/' was aborted.
[2017.07.16-13.10.33:095][965]LogDirectoryWatcher: A directory notification for 'D:/Github/GAMEJAM/DO_GameJam/GameFolder/Saved/Collections/' was aborted.
[2017.07.16-13.10.33:095][965]LogModuleManager: Shutting down and abandoning module StatsViewer (484)
[2017.07.16-13.10.33:095][965]LogModuleManager: Shutting down and abandoning module FoliageEdit (482)
[2017.07.16-13.10.33:095][965]LogModuleManager: Shutting down and abandoning module LandscapeEditor (480)
[2017.07.16-13.10.33:095][965]LogModuleManager: Shutting down and abandoning module SceneDepthPickerMode (478)
[2017.07.16-13.10.33:095][965]LogModuleManager: Shutting down and abandoning module ActorPickerMode (476)
[2017.07.16-13.10.33:095][965]LogModuleManager: Shutting down and abandoning module GeometryMode (474)
[2017.07.16-13.10.33:095][965]LogModuleManager: Shutting down and abandoning module TextureAlignMode (472)
[2017.07.16-13.10.33:095][965]LogModuleManager: Shutting down and abandoning module BspMode (470)
[2017.07.16-13.10.33:095][965]LogModuleManager: Shutting down and abandoning module HardwareSurvey (468)
[2017.07.16-13.10.33:095][965]LogModuleManager: Shutting down and abandoning module SequenceRecorderSections (466)
[2017.07.16-13.10.33:095][965]LogModuleManager: Shutting down and abandoning module AutomationWorker (464)
[2017.07.16-13.10.33:095][965]LogModuleManager: Shutting down and abandoning module MatineeToLevelSequence (462)
[2017.07.16-13.10.33:095][965]LogModuleManager: Shutting down and abandoning module LevelSequenceEditor (460)
[2017.07.16-13.10.33:095][965]LogModuleManager: Shutting down and abandoning module PlacementMode (459)
[2017.07.16-13.10.33:095][965]LogModuleManager: Shutting down and abandoning module WmfMediaFactory (456)
[2017.07.16-13.10.33:095][965]LogModuleManager: Shutting down and abandoning module WmfMediaEditor (454)
[2017.07.16-13.10.33:095][965]LogModuleManager: Shutting down and abandoning module MfMediaFactory (452)
[2017.07.16-13.10.33:095][965]LogModuleManager: Shutting down and abandoning module MfMediaEditor (450)
[2017.07.16-13.10.33:095][965]LogModuleManager: Shutting down and abandoning module AvfMediaFactory (448)
[2017.07.16-13.10.33:095][965]LogModuleManager: Shutting down and abandoning module AvfMediaEditor (446)
[2017.07.16-13.10.33:095][965]LogModuleManager: Shutting down and abandoning module AndroidMediaFactory (444)
[2017.07.16-13.10.33:095][965]LogModuleManager: Shutting down and abandoning module Media (443)
[2017.07.16-13.10.33:095][965]LogModuleManager: Shutting down and abandoning module AndroidMediaEditor (440)
[2017.07.16-13.10.33:095][965]LogModuleManager: Shutting down and abandoning module CharacterAI (438)
[2017.07.16-13.10.33:095][965]LogModuleManager: Shutting down and abandoning module AudioCapture (436)
[2017.07.16-13.10.33:095][965]LogModuleManager: Shutting down and abandoning module SequenceRecorder (435)
[2017.07.16-13.10.33:095][965]LogModuleManager: Shutting down and abandoning module SmartSnapping (432)
[2017.07.16-13.10.33:095][965]LogModuleManager: Shutting down and abandoning module SessionServices (430)
[2017.07.16-13.10.33:095][965]LogModuleManager: Shutting down and abandoning module ViewportSnapping (428)
[2017.07.16-13.10.33:095][965]LogModuleManager: Shutting down and abandoning module ViewportInteraction (426)
[2017.07.16-13.10.33:095][965]LogModuleManager: Shutting down and abandoning module LogVisualizer (424)
[2017.07.16-13.10.33:095][965]LogModuleManager: Shutting down and abandoning module IntroTutorials (422)
[2017.07.16-13.10.33:095][965]LogModuleManager: Shutting down and abandoning module GameProjectGeneration (421)
[2017.07.16-13.10.33:095][965]LogModuleManager: Shutting down and abandoning module EditorLiveStreaming (418)
[2017.07.16-13.10.33:095][965]LogModuleManager: Shutting down and abandoning module IOSPlatformEditor (416)
[2017.07.16-13.10.33:095][965]LogModuleManager: Shutting down and abandoning module HTML5PlatformEditor (414)
[2017.07.16-13.10.33:095][965]LogModuleManager: Shutting down and abandoning module AndroidPlatformEditor (412)
[2017.07.16-13.10.33:095][965]LogModuleManager: Shutting down and abandoning module AndroidDeviceDetection (411)
[2017.07.16-13.10.33:831][965]LogModuleManager: Shutting down and abandoning module IOSRuntimeSettings (408)
[2017.07.16-13.10.33:831][965]LogModuleManager: Shutting down and abandoning module AndroidRuntimeSettings (406)
[2017.07.16-13.10.33:831][965]LogModuleManager: Shutting down and abandoning module InputBindingEditor (404)
[2017.07.16-13.10.33:831][965]LogModuleManager: Shutting down and abandoning module NiagaraEditor (402)
[2017.07.16-13.10.33:831][965]LogModuleManager: Shutting down and abandoning module MergeActors (400)
[2017.07.16-13.10.33:831][965]LogModuleManager: Shutting down and abandoning module SizeMap (398)
[2017.07.16-13.10.33:831][965]LogModuleManager: Shutting down and abandoning module TreeMap (396)
[2017.07.16-13.10.33:831][965]LogModuleManager: Shutting down and abandoning module ReferenceViewer (394)
[2017.07.16-13.10.33:831][965]LogModuleManager: Shutting down and abandoning module LocalizationDashboard (392)
[2017.07.16-13.10.33:831][965]LogModuleManager: Shutting down and abandoning module LocalizationService (391)
[2017.07.16-13.10.33:831][965]LogModuleManager: Shutting down and abandoning module HardwareTargeting (388)
[2017.07.16-13.10.33:831][965]LogModuleManager: Shutting down and abandoning module DeviceProfileEditor (386)
[2017.07.16-13.10.33:831][965]LogModuleManager: Shutting down and abandoning module UndoHistory (384)
[2017.07.16-13.10.33:831][965]LogModuleManager: Shutting down and abandoning module UserFeedback (382)
[2017.07.16-13.10.33:831][965]LogModuleManager: Shutting down and abandoning module XmlParser (380)
[2017.07.16-13.10.33:831][965]LogModuleManager: Shutting down and abandoning module Blutility (378)
[2017.07.16-13.10.33:831][965]LogModuleManager: Shutting down and abandoning module ProjectSettingsViewer (376)
[2017.07.16-13.10.33:831][965]LogModuleManager: Shutting down and abandoning module ProjectTargetPlatformEditor (375)
[2017.07.16-13.10.33:832][965]LogModuleManager: Shutting down and abandoning module EditorSettingsViewer (372)
[2017.07.16-13.10.33:832][965]LogModuleManager: Shutting down and abandoning module SettingsEditor (370)
[2017.07.16-13.10.33:832][965]LogModuleManager: Shutting down and abandoning module ProjectLauncher (368)
[2017.07.16-13.10.33:832][965]LogModuleManager: Shutting down and abandoning module SessionFrontend (366)
[2017.07.16-13.10.33:832][965]LogModuleManager: Shutting down and abandoning module ProfilerClient (364)
[2017.07.16-13.10.33:832][965]LogModuleManager: Shutting down and abandoning module DeviceManager (362)
[2017.07.16-13.10.33:832][965]LogModuleManager: Shutting down and abandoning module TargetDeviceServices (361)
[2017.07.16-13.10.33:875][965]LogModuleManager: Shutting down and abandoning module AutomationController (358)
[2017.07.16-13.10.33:875][965]LogModuleManager: Shutting down and abandoning module AutomationWindow (356)
[2017.07.16-13.10.33:875][965]LogModuleManager: Shutting down and abandoning module Layers (354)
[2017.07.16-13.10.33:875][965]LogModuleManager: Shutting down and abandoning module ComponentVisualizers (352)
[2017.07.16-13.10.33:875][965]LogModuleManager: Shutting down and abandoning module DetailCustomizations (350)
[2017.07.16-13.10.33:875][965]LogModuleManager: Shutting down and abandoning module PackagesDialog (348)
[2017.07.16-13.10.33:876][965]LogModuleManager: Shutting down and abandoning module Persona (346)
[2017.07.16-13.10.33:876][965]LogModuleManager: Shutting down and abandoning module AnimGraph (345)
[2017.07.16-13.10.33:876][965]LogModuleManager: Shutting down and abandoning module Kismet (342)
[2017.07.16-13.10.33:891][965]LogModuleManager: Shutting down and abandoning module GraphEditor (340)
[2017.07.16-13.10.33:891][965]LogModuleManager: Shutting down and abandoning module ClassViewer (338)
[2017.07.16-13.10.33:891][965]LogModuleManager: Shutting down and abandoning module Toolbox (336)
[2017.07.16-13.10.33:891][965]LogModuleManager: Shutting down and abandoning module ModuleUI (334)
[2017.07.16-13.10.33:891][965]LogModuleManager: Shutting down and abandoning module MovieSceneTools (332)
[2017.07.16-13.10.33:891][965]LogModuleManager: Shutting down and abandoning module OutputLog (330)
[2017.07.16-13.10.33:891][965]LogModuleManager: Shutting down and abandoning module GammaUI (328)
[2017.07.16-13.10.33:891][965]LogModuleManager: Shutting down and abandoning module Documentation (326)
[2017.07.16-13.10.33:891][965]LogModuleManager: Shutting down and abandoning module Niagara (324)
[2017.07.16-13.10.33:891][965]LogModuleManager: Shutting down and abandoning module StreamingPauseRendering (322)
[2017.07.16-13.10.33:891][965]LogModuleManager: Shutting down and abandoning module AnalyticsET (320)
[2017.07.16-13.10.33:891][965]LogModuleManager: Shutting down and abandoning module PortalServices (318)
[2017.07.16-13.10.33:891][965]LogModuleManager: Shutting down and abandoning module PortalRpc (316)
[2017.07.16-13.10.33:891][965]LogModuleManager: Shutting down and abandoning module MessagingRpc (314)
[2017.07.16-13.10.33:891][965]LogModuleManager: Shutting down and abandoning module AIModule (312)
[2017.07.16-13.10.33:891][965]LogModuleManager: Shutting down and abandoning module GameplayDebugger (311)
[2017.07.16-13.10.33:891][965]LogModuleManager: Shutting down and abandoning module AITestSuite (309)
[2017.07.16-13.10.33:891][965]LogModuleManager: Shutting down and abandoning module ProfilerService (306)
[2017.07.16-13.10.34:105][965]LogModuleManager: Shutting down and abandoning module TaskGraph (304)
[2017.07.16-13.10.34:105][965]LogModuleManager: Shutting down and abandoning module SteamVRController (302)
[2017.07.16-13.10.34:105][965]LogModuleManager: Shutting down and abandoning module SteamVR (300)
[2017.07.16-13.10.34:105][965]LogModuleManager: Shutting down and abandoning module ProceduralMeshComponentEditor (298)
[2017.07.16-13.10.34:106][965]LogModuleManager: Shutting down and abandoning module ProceduralMeshComponent (296)
[2017.07.16-13.10.34:106][965]LogModuleManager: Shutting down and abandoning module OculusLibrary (294)
[2017.07.16-13.10.34:106][965]LogModuleManager: Shutting down and abandoning module OculusInput (292)
[2017.07.16-13.10.34:106][965]LogModuleManager: Shutting down and abandoning module MobilePatchingUtils (290)
[2017.07.16-13.10.34:106][965]LogModuleManager: Shutting down and abandoning module CustomMeshComponent (288)
[2017.07.16-13.10.34:106][965]LogModuleManager: Shutting down and abandoning module CableComponent (286)
[2017.07.16-13.10.34:106][965]LogModuleManager: Shutting down and abandoning module ArchVisCharacter (284)
[2017.07.16-13.10.34:106][965]LogModuleManager: Shutting down and abandoning module MediaPlayerEditor (280)
[2017.07.16-13.10.34:106][965]LogModuleManager: Shutting down and abandoning module HTML5Networking (278)
[2017.07.16-13.10.34:106][965]LogModuleManager: Shutting down and abandoning module AlembicImporter (276)
[2017.07.16-13.10.34:106][965]LogModuleManager: Shutting down and abandoning module AlembicLibrary (275)
[2017.07.16-13.10.34:106][965]LogModuleManager: Shutting down and abandoning module GeometryCache (274)
[2017.07.16-13.10.34:106][965]LogModuleManager: Shutting down and abandoning module GeometryCacheEd (273)
[2017.07.16-13.10.34:106][965]LogModuleManager: Shutting down and abandoning module SuperSearchEditor (268)
[2017.07.16-13.10.34:106][965]LogModuleManager: Shutting down and abandoning module SuperSearch (267)
[2017.07.16-13.10.34:106][965]LogModuleManager: Shutting down and abandoning module SpeedTreeImporter (264)
[2017.07.16-13.10.34:106][965]LogModuleManager: Shutting down and abandoning module PluginBrowser (262)
[2017.07.16-13.10.34:106][965]LogModuleManager: Shutting down and abandoning module MobileLauncherProfileWizard (260)
[2017.07.16-13.10.34:106][965]LogModuleManager: Shutting down and abandoning module EpicSurvey (258)
[2017.07.16-13.10.34:106][965]LogModuleManager: Shutting down and abandoning module VisualStudioSourceCodeAccess (256)
[2017.07.16-13.10.34:106][965]LogModuleManager: Shutting down and abandoning module DesktopPlatform (255)
[2017.07.16-13.10.34:106][965]LogModuleManager: Shutting down and abandoning module UObjectPlugin (252)
[2017.07.16-13.10.34:107][965]LogModuleManager: Shutting down and abandoning module SubversionSourceControl (250)
[2017.07.16-13.10.34:107][965]LogModuleManager: Shutting down and abandoning module PerforceSourceControl (248)
[2017.07.16-13.10.34:107][965]LogModuleManager: Shutting down and abandoning module GitSourceControl (246)
[2017.07.16-13.10.34:107][965]LogModuleManager: Shutting down and abandoning module SourceControl (245)
[2017.07.16-13.10.34:107][965]LogModuleManager: Shutting down and abandoning module LightPropagationVolumeEditor (242)
[2017.07.16-13.10.34:107][965]LogModuleManager: Shutting down and abandoning module PaperTiledImporter (240)
[2017.07.16-13.10.34:107][965]LogModuleManager: Shutting down and abandoning module PaperSpriteSheetImporter (238)
[2017.07.16-13.10.34:107][965]LogModuleManager: Shutting down and abandoning module Paper2DEditor (236)
[2017.07.16-13.10.34:107][965]LogModuleManager: Shutting down and abandoning module MeshPaint (235)
[2017.07.16-13.10.34:107][965]LogModuleManager: Shutting down and abandoning module LevelEditor (233)
[2017.07.16-13.10.34:109][965]LogModuleManager: Shutting down and abandoning module PixelInspectorModule (232)
[2017.07.16-13.10.34:109][965]LogModuleManager: Shutting down and abandoning module MainFrame (230)
[2017.07.16-13.10.34:109][965]LogModuleManager: Shutting down and abandoning module HotReload (229)
[2017.07.16-13.10.34:110][965]LogModuleManager: Shutting down and abandoning module ContentBrowser (225)
[2017.07.16-13.10.34:112][965]LogModuleManager: Shutting down and abandoning module PhysXVehiclesEditor (222)
[2017.07.16-13.10.34:112][965]LogModuleManager: Shutting down and abandoning module PhysXVehicles (220)
[2017.07.16-13.10.34:113][965]LogModuleManager: Shutting down and abandoning module LocationServicesBPLibrary (218)
[2017.07.16-13.10.34:113][965]LogModuleManager: Shutting down and abandoning module UdpMessaging (216)
[2017.07.16-13.10.34:213][965]LogModuleManager: Shutting down and abandoning module TcpMessaging (214)
[2017.07.16-13.10.34:314][965]LogModuleManager: Shutting down and abandoning module GameplayTagsEditor (212)
[2017.07.16-13.10.34:314][965]LogModuleManager: Shutting down and abandoning module FacialAnimationEditor (210)
[2017.07.16-13.10.34:314][965]LogModuleManager: Shutting down and abandoning module FacialAnimation (208)
[2017.07.16-13.10.34:314][965]LogModuleManager: Shutting down and abandoning module LightPropagationVolumeRuntime (206)
[2017.07.16-13.10.34:314][965]LogModuleManager: Shutting down and abandoning module Paper2D (204)
[2017.07.16-13.10.34:314][965]LogModuleManager: Shutting down and abandoning module WindowsMoviePlayer (202)
[2017.07.16-13.10.34:314][965]LogModuleManager: Shutting down and abandoning module WmfMedia (200)
[2017.07.16-13.10.34:315][965]LogModuleManager: Shutting down and abandoning module MfMedia (198)
[2017.07.16-13.10.34:315][965]LogModuleManager: Shutting down and abandoning module MediaAssets (196)
[2017.07.16-13.10.34:315][965]LogModuleManager: Shutting down and abandoning module GameLiveStreaming (194)
[2017.07.16-13.10.34:315][965]LogModuleManager: Shutting down and abandoning module VREditor (192)
[2017.07.16-13.10.34:315][965]LogModuleManager: Shutting down and abandoning module GameplayTasksEditor (190)
[2017.07.16-13.10.34:315][965]LogModuleManager: Shutting down and abandoning module BehaviorTreeEditor (188)
[2017.07.16-13.10.34:315][965]LogModuleManager: Shutting down and abandoning module FunctionalTesting (186)
[2017.07.16-13.10.34:315][965]LogModuleManager: Shutting down and abandoning module CollisionAnalyzer (184)
[2017.07.16-13.10.34:316][965]LogModuleManager: Shutting down and abandoning module UMG (182)
[2017.07.16-13.10.34:316][965]LogModuleManager: Shutting down and abandoning module UMGEditor (181)
[2017.07.16-13.10.34:316][965]LogModuleManager: Shutting down and abandoning module Sequencer (180)
[2017.07.16-13.10.34:316][965]LogModuleManager: Shutting down and abandoning module AssetTools (178)
[2017.07.16-13.10.34:316][965]LogModuleManager: Shutting down and abandoning module MessageLog (177)
[2017.07.16-13.10.34:316][965]LogModuleManager: Shutting down and abandoning module WorkspaceMenuStructure (176)
[2017.07.16-13.10.34:316][965]LogModuleManager: Shutting down and abandoning module SlateReflector (170)
[2017.07.16-13.10.34:316][965]LogModuleManager: Shutting down and abandoning module Slate (168)
[2017.07.16-13.10.34:316][965]LogModuleManager: Shutting down and abandoning module EditorStyle (166)
[2017.07.16-13.10.34:323][965]LogModuleManager: Shutting down and abandoning module SourceCodeAccess (164)
[2017.07.16-13.10.34:323][965]LogModuleManager: Shutting down and abandoning module HeadMountedDisplay (162)
[2017.07.16-13.10.34:323][965]LogModuleManager: Shutting down and abandoning module XAudio2 (160)
[2017.07.16-13.10.34:323][965]LogModuleManager: Shutting down and abandoning module Networking (158)
[2017.07.16-13.10.34:323][965]LogModuleManager: Shutting down and abandoning module Core (154)
[2017.07.16-13.10.34:323][965]LogModuleManager: Shutting down and abandoning module AssetRegistry (152)
[2017.07.16-13.10.34:530][965]LogDirectoryWatcher: A directory notification for '../../../Engine/Content/' was aborted.
[2017.07.16-13.10.34:530][965]LogDirectoryWatcher: A directory notification for '../../../../../../Github/GAMEJAM/DO_GameJam/GameFolder/Content/' was aborted.
[2017.07.16-13.10.34:530][965]LogDirectoryWatcher: A directory notification for '../../../Engine/Plugins/2D/Paper2D/Content/' was aborted.
[2017.07.16-13.10.34:530][965]LogModuleManager: Shutting down and abandoning module DirectoryWatcher (151)
[2017.07.16-13.10.34:530][965]LogModuleManager: Shutting down and abandoning module KismetCompiler (148)
[2017.07.16-13.10.34:530][965]LogModuleManager: Shutting down and abandoning module PhysXFormats (146)
[2017.07.16-13.10.34:530][965]LogModuleManager: Shutting down and abandoning module MeshUtilities (144)
[2017.07.16-13.10.34:530][965]LogModuleManager: Shutting down and abandoning module SimplygonSwarm (143)
[2017.07.16-13.10.34:530][965]LogModuleManager: Shutting down and abandoning module SimplygonMeshReduction (141)
[2017.07.16-13.10.34:530][965]LogModuleManager: Shutting down and abandoning module QuadricMeshReduction (139)
[2017.07.16-13.10.34:530][965]LogModuleManager: Shutting down and abandoning module PropertyEditor (137)
[2017.07.16-13.10.34:530][965]LogModuleManager: Shutting down and abandoning module DerivedDataCache (134)
[2017.07.16-13.10.34:561][965]LogDerivedDataCache: Shutdown
[2017.07.16-13.10.34:561][965]LogModuleManager: Shutting down and abandoning module TargetPlatform (132)
[2017.07.16-13.10.34:561][965]LogModuleManager: Shutting down and abandoning module VulkanShaderFormat (131)
[2017.07.16-13.10.34:561][965]LogModuleManager: Shutting down and abandoning module ShaderFormatOpenGL (129)
[2017.07.16-13.10.34:561][965]LogModuleManager: Shutting down and abandoning module ShaderFormatD3D (127)
[2017.07.16-13.10.34:561][965]LogModuleManager: Shutting down and abandoning module MetalShaderFormat (125)
[2017.07.16-13.10.34:561][965]LogModuleManager: Shutting down and abandoning module TextureFormatUncompressed (123)
[2017.07.16-13.10.34:561][965]LogModuleManager: Shutting down and abandoning module TextureFormatPVR (121)
[2017.07.16-13.10.34:561][965]LogModuleManager: Shutting down and abandoning module TextureFormatDXT (119)
[2017.07.16-13.10.34:561][965]LogModuleManager: Shutting down and abandoning module TextureFormatIntelISPCTexComp (117)
[2017.07.16-13.10.34:561][965]LogModuleManager: Shutting down and abandoning module TextureFormatASTC (115)
[2017.07.16-13.10.34:561][965]LogModuleManager: Shutting down and abandoning module ImageWrapper (114)
[2017.07.16-13.10.34:561][965]LogModuleManager: Shutting down and abandoning module TextureFormatAndroid (111)
[2017.07.16-13.10.34:561][965]LogModuleManager: Shutting down and abandoning module AudioFormatOpus (109)
[2017.07.16-13.10.34:561][965]LogModuleManager: Shutting down and abandoning module AudioFormatOgg (107)
[2017.07.16-13.10.34:561][965]LogModuleManager: Shutting down and abandoning module AudioFormatADPCM (105)
[2017.07.16-13.10.34:561][965]LogModuleManager: Shutting down and abandoning module LinuxTargetPlatform (103)
[2017.07.16-13.10.34:561][965]LogModuleManager: Shutting down and abandoning module LinuxServerTargetPlatform (101)
[2017.07.16-13.10.34:561][965]LogModuleManager: Shutting down and abandoning module LinuxNoEditorTargetPlatform (99)
[2017.07.16-13.10.34:561][965]LogModuleManager: Shutting down and abandoning module LinuxClientTargetPlatform (97)
[2017.07.16-13.10.34:561][965]LogModuleManager: Shutting down and abandoning module TVOSTargetPlatform (95)
[2017.07.16-13.10.34:561][965]LogModuleManager: Shutting down and abandoning module Messaging (93)
[2017.07.16-13.10.34:561][965]LogModuleManager: Shutting down and abandoning module IOSTargetPlatform (91)
[2017.07.16-13.10.34:561][965]LogModuleManager: Shutting down and abandoning module HTML5TargetPlatform (89)
[2017.07.16-13.10.34:561][965]LogModuleManager: Shutting down and abandoning module Android_PVRTCTargetPlatform (87)
[2017.07.16-13.10.34:561][965]LogModuleManager: Shutting down and abandoning module Android_MultiTargetPlatform (85)
[2017.07.16-13.10.34:561][965]LogModuleManager: Shutting down and abandoning module Android_ETC2TargetPlatform (83)
[2017.07.16-13.10.34:561][965]LogModuleManager: Shutting down and abandoning module Android_ETC1TargetPlatform (81)
[2017.07.16-13.10.34:561][965]LogModuleManager: Shutting down and abandoning module Android_DXTTargetPlatform (79)
[2017.07.16-13.10.34:561][965]LogModuleManager: Shutting down and abandoning module Android_ATCTargetPlatform (77)
[2017.07.16-13.10.34:561][965]LogModuleManager: Shutting down and abandoning module Android_ASTCTargetPlatform (75)
[2017.07.16-13.10.34:561][965]LogModuleManager: Shutting down and abandoning module AndroidTargetPlatform (73)
[2017.07.16-13.10.34:561][965]LogModuleManager: Shutting down and abandoning module WindowsTargetPlatform (71)
[2017.07.16-13.10.34:561][965]LogModuleManager: Shutting down and abandoning module WindowsServerTargetPlatform (69)
[2017.07.16-13.10.34:561][965]LogModuleManager: Shutting down and abandoning module WindowsNoEditorTargetPlatform (67)
[2017.07.16-13.10.34:561][965]LogModuleManager: Shutting down and abandoning module WindowsClientTargetPlatform (65)
[2017.07.16-13.10.34:561][965]LogModuleManager: Shutting down and abandoning module MacTargetPlatform (63)
[2017.07.16-13.10.34:561][965]LogModuleManager: Shutting down and abandoning module MacServerTargetPlatform (61)
[2017.07.16-13.10.34:561][965]LogModuleManager: Shutting down and abandoning module MacNoEditorTargetPlatform (59)
[2017.07.16-13.10.34:561][965]LogModuleManager: Shutting down and abandoning module MacClientTargetPlatform (57)
[2017.07.16-13.10.34:561][965]LogModuleManager: Shutting down and abandoning module AllDesktopTargetPlatform (55)
[2017.07.16-13.10.34:561][965]LogModuleManager: Shutting down and abandoning module InputCore (52)
[2017.07.16-13.10.34:561][965]LogModuleManager: Shutting down and abandoning module Settings (50)
[2017.07.16-13.10.34:561][965]LogModuleManager: Shutting down and abandoning module OculusRift (48)
[2017.07.16-13.10.34:561][965]LogModuleManager: Shutting down and abandoning module GearVR (46)
[2017.07.16-13.10.34:561][965]LogModuleManager: Shutting down and abandoning module ExampleDeviceProfileSelector (44)
[2017.07.16-13.10.34:561][965]LogModuleManager: Shutting down and abandoning module OnlineBlueprintSupport (42)
[2017.07.16-13.10.34:561][965]LogModuleManager: Shutting down and abandoning module OnlineSubsystem (38)
[2017.07.16-13.10.34:561][965]LogOnline:Display: Unloading online subsystem: NULL
[2017.07.16-13.10.34:561][965]LogModuleManager: Shutting down and abandoning module XMPP (37)
[2017.07.16-13.10.34:561][965]LogModuleManager: Shutting down and abandoning module HTTP (35)
[2017.07.16-13.10.34:561][965]LogHttp:Display: Http module shutting down, but needs to wait on 1 outstanding Http requests:
[2017.07.16-13.10.34:561][965]LogHttp:Display: 	verb=[POST] url=[https://datarouter.ol.epicgames.com/datarouter/api/v1/public/data?SessionID=%7BAF030568-48D3-5194-35B0-0A9481D92A91%7D&AppID=UEEditor.Rocket.Release&AppVersion=4.15.1-3348071%2B%2B%2BUE4%2BRelease-4.15&UserID=d757da5a4ebea41a90f4e5804c750c73%7C7a295cc3c69242f88dbc2d99ff08fdf8%7C6da81a83-83da-4642-89a2-6014eaa53a34&AppEnvironment=datacollector-binary&UploadType=eteventstream] status=Processing
[2017.07.16-13.10.34:563][965]LogModuleManager: Shutting down and abandoning module SSL (34)
[2017.07.16-13.10.34:564][965]LogModuleManager: Shutting down and abandoning module AudioEditor (30)
[2017.07.16-13.10.34:564][965]LogModuleManager: Shutting down and abandoning module TextureCompressor (28)
[2017.07.16-13.10.34:565][965]LogModuleManager: Shutting down and abandoning module ShaderCore (26)
[2017.07.16-13.10.34:565][965]LogModuleManager: Shutting down and abandoning module Landscape (24)
[2017.07.16-13.10.34:565][965]LogModuleManager: Shutting down and abandoning module SlateRHIRenderer (22)
[2017.07.16-13.10.34:566][965]LogModuleManager: Shutting down and abandoning module OpenGLDrv (20)
[2017.07.16-13.10.34:566][965]LogModuleManager: Shutting down and abandoning module D3D11RHI (18)
[2017.07.16-13.10.34:566][965]LogModuleManager: Shutting down and abandoning module AnimGraphRuntime (16)
[2017.07.16-13.10.34:566][965]LogModuleManager: Shutting down and abandoning module Renderer (14)
[2017.07.16-13.10.34:566][965]LogModuleManager: Shutting down and abandoning module Engine (12)
[2017.07.16-13.10.34:566][965]LogModuleManager: Shutting down and abandoning module CoreUObject (10)
[2017.07.16-13.10.34:566][965]LogModuleManager: Shutting down and abandoning module NetworkFile (8)
[2017.07.16-13.10.34:566][965]LogModuleManager: Shutting down and abandoning module StreamingFile (6)
[2017.07.16-13.10.34:566][965]LogModuleManager: Shutting down and abandoning module SandboxFile (4)
[2017.07.16-13.10.34:566][965]LogModuleManager: Shutting down and abandoning module PakFile (2)
[2017.07.16-13.10.34:568][965]LogExit: Exiting.
[2017.07.16-13.10.34:569][965]Log file closed, 07/16/17 15:10:34
