Log file open, 07/16/17 19:44:05
LogInit:Display: Running engine for game: MyProject10
LogPlatformFile: Not using cached read wrapper
LogInit:Display: RandInit(791527814) SRandInit(791527814).
LogTaskGraph: Started task graph with 5 named threads and 8 total threads with 1 sets of task threads.
LogStats: Stats thread started at 0.068124
LogInit: Using libcurl 7.47.1
LogInit:  - built for x86_64-pc-win32
LogInit:  - supports SSL with OpenSSL/1.0.2g
LogInit:  - supports HTTP deflate (compression) using libz 1.2.8
LogInit:  - other features:
LogInit:      CURL_VERSION_SSL
LogInit:      CURL_VERSION_LIBZ
LogInit:      CURL_VERSION_IPV6
LogInit:      CURL_VERSION_ASYNCHDNS
LogInit:      CURL_VERSION_LARGEFILE
LogInit:      CURL_VERSION_IDN
LogInit:  CurlRequestOptions (configurable via config and command line):
LogInit:  - bVerifyPeer = false  - Libcurl will NOT verify peer certificate
LogInit:  - bUseHttpProxy = false  - Libcurl will NOT use HTTP proxy
LogInit:  - bDontReuseConnections = false  - Libcurl will reuse connections
LogInit:  - CertBundlePath = nullptr  - Libcurl will use whatever was configured at build time.
LogInit: Build: ++UE4+Release-4.15-CL-3348071
LogInit: Engine Version: 4.15.1-3348071+++UE4+Release-4.15
LogInit: Compatible Engine Version: 4.15.0-3299760+++UE4+Release-4.15
LogInit: Net CL: 3299760
LogDevObjectVersion: Number of dev versions registered: 14
LogDevObjectVersion:   Dev-Blueprints (B0D832E4-1F89-4F0D-ACCF-7EB736FD4AA2): 8
LogDevObjectVersion:   Dev-Build (E1C64328-A22C-4D53-A36C-8E866417BD8C): 0
LogDevObjectVersion:   Dev-Core (375EC13C-06E4-48FB-B500-84F0262A717E): 2
LogDevObjectVersion:   Dev-Editor (E4B068ED-F494-42E9-A231-DA0B2E46BB41): 14
LogDevObjectVersion:   Dev-Framework (CFFC743F-43B0-4480-9391-14DF171D2073): 22
LogDevObjectVersion:   Dev-Mobile (B02B49B5-BB20-44E9-A304-32B752E40360): 0
LogDevObjectVersion:   Dev-Networking (A4E4105C-59A1-49B5-A7C5-40C4547EDFEE): 0
LogDevObjectVersion:   Dev-Online (39C831C9-5AE6-47DC-9A44-9C173E1C8E7C): 0
LogDevObjectVersion:   Dev-Physics (78F01B33-EBEA-4F98-B9B4-84EACCB95AA2): 0
LogDevObjectVersion:   Dev-Platform (6631380F-2D4D-43E0-8009-CF276956A95A): 0
LogDevObjectVersion:   Dev-Rendering (12F88B9F-8875-4AFC-A67C-D90C383ABD29): 12
LogDevObjectVersion:   Dev-Sequencer (7B5AE74C-D270-4C10-A958-57980B212A5A): 3
LogDevObjectVersion:   Dev-VR (D7296918-1DD6-4BDD-9DE2-64A83CC13884): 0
LogDevObjectVersion:   Dev-LoadTimes (C2A15278-BFE7-4AFE-6C17-90FF531DF755): 1
LogInit: Compiled (64-bit): Mar 15 2017 16:52:47
LogInit: Compiled with Visual C++: 19.00.23026.00
LogInit: Build Configuration: Development
LogInit: Branch Name: ++UE4+Release-4.15
LogInit: Command line:  
LogInit: Base directory: D:/Media/Games/UE_4.15/Engine/Binaries/Win64/
LogInit: Installed Engine Build: 1
LogInit: Presizing for max 8388607 objects, including 0 objects not considered by GC, pre-allocating 0 bytes for permanent pool.
LogInit: Object subsystem initialized
[2017.07.16-17.44.06:716][  0]LogInit: Selected Device Profile: [Windows]
[2017.07.16-17.44.06:716][  0]LogInit: Applying CVar settings loaded from the selected device profile: [Windows]
[2017.07.16-17.44.06:724][  0]LogInit: Computer: DESKTOP-2SCGOIT
[2017.07.16-17.44.06:724][  0]LogInit: User: Swing
[2017.07.16-17.44.06:724][  0]LogInit: CPU Page size=65536, Cores=4
[2017.07.16-17.44.06:724][  0]LogInit: High frequency timer resolution =3.421873 MHz
[2017.07.16-17.44.06:724][  0]LogMemory: Memory total: Physical=7.9GB (8GB approx)
[2017.07.16-17.44.06:724][  0]LogMemory: Platform Memory Stats for Windows
[2017.07.16-17.44.06:724][  0]LogMemory: Process Physical Memory: 263.06 MB used, 263.06 MB peak
[2017.07.16-17.44.06:724][  0]LogMemory: Process Virtual Memory: 262.17 MB used, 262.17 MB peak
[2017.07.16-17.44.06:724][  0]LogMemory: Physical Memory: 5021.89 MB used,  3087.75 MB free, 8109.64 MB total
[2017.07.16-17.44.06:724][  0]LogMemory: Virtual Memory: 644.09 MB used,  3087.75 MB free, 134217728.00 MB total
[2017.07.16-17.44.06:782][  0]LogTextLocalizationManager: No translations for ('sv-SE') exist, falling back to 'en' for localization and internationalization data.
[2017.07.16-17.44.07:420][  0]LogD3D11RHI: D3D11 adapters:
[2017.07.16-17.44.07:466][  0]LogD3D11RHI:    0. 'NVIDIA GeForce GTX 970' (Feature Level 11_0)
[2017.07.16-17.44.07:466][  0]LogD3D11RHI:       4059/0/4054 MB DedicatedVideo/DedicatedSystem/SharedSystem, Outputs:1, VendorId:0x10de
[2017.07.16-17.44.07:467][  0]LogD3D11RHI:    1. 'Microsoft Basic Render Driver' (Feature Level 11_0)
[2017.07.16-17.44.07:467][  0]LogD3D11RHI:       0/0/4054 MB DedicatedVideo/DedicatedSystem/SharedSystem, Outputs:0, VendorId:0x1414
[2017.07.16-17.44.07:467][  0]LogD3D11RHI: Chosen D3D11 Adapter: 0
[2017.07.16-17.44.07:474][  0]LogD3D11RHI: Creating new Direct3DDevice
[2017.07.16-17.44.07:474][  0]LogD3D11RHI:     GPU DeviceId: 0x13c2 (for the marketing name, search the web for "GPU Device Id")
[2017.07.16-17.44.07:474][  0]LogWindows: EnumDisplayDevices:
[2017.07.16-17.44.07:474][  0]LogWindows:    0. 'NVIDIA GeForce GTX 970' (P:1 D:1)
[2017.07.16-17.44.07:474][  0]LogWindows:    1. 'NVIDIA GeForce GTX 970' (P:0 D:0)
[2017.07.16-17.44.07:474][  0]LogWindows:    2. 'NVIDIA GeForce GTX 970' (P:0 D:0)
[2017.07.16-17.44.07:474][  0]LogWindows:    3. 'NVIDIA GeForce GTX 970' (P:0 D:0)
[2017.07.16-17.44.07:474][  0]LogWindows: DebugString: FoundDriverCount:4 
[2017.07.16-17.44.07:474][  0]LogD3D11RHI:     Adapter Name: NVIDIA GeForce GTX 970
[2017.07.16-17.44.07:474][  0]LogD3D11RHI:   Driver Version: 382.05 (internal:22.21.13.8205, unified:382.05)
[2017.07.16-17.44.07:474][  0]LogD3D11RHI:      Driver Date: 5-1-2017
[2017.07.16-17.44.07:474][  0]LogRHI: Texture pool is 1361 MB (70% of 1945 MB)
[2017.07.16-17.44.07:502][  0]LogD3D11RHI: Async texture creation enabled
[2017.07.16-17.44.07:512][  0]LogD3D11RHI: GPU Timing Frequency: 1000.000000 (Debug: 2 1)
[2017.07.16-17.44.07:561][  0]LogShaderCompilers: Guid format shader working directory is -9 characters bigger than the processId version (../../../../../../Github/GAMEJAM/DO_GameJam/GameFolder/Intermediate/Shaders/WorkingDirectory/15424/).
[2017.07.16-17.44.07:561][  0]LogShaderCompilers: Cleaned the shader compiler working directory 'C:/Users/Oskar/AppData/Local/Temp/UnrealShaderWorkingDir/031672FD4DB489B240A01293EFB81A4C/'.
[2017.07.16-17.44.07:561][  0]LogShaderCompilers:Display: Using Local Shader Compiler.
[2017.07.16-17.44.08:406][  0]LogTemp:Display: Loaded TP AllDesktopTargetPlatform
[2017.07.16-17.44.08:445][  0]LogTemp:Display: Loaded TP MacClientTargetPlatform
[2017.07.16-17.44.08:484][  0]LogTemp:Display: Loaded TP MacNoEditorTargetPlatform
[2017.07.16-17.44.08:523][  0]LogTemp:Display: Loaded TP MacServerTargetPlatform
[2017.07.16-17.44.08:563][  0]LogTemp:Display: Loaded TP MacTargetPlatform
[2017.07.16-17.44.08:601][  0]LogTemp:Display: Loaded TP WindowsClientTargetPlatform
[2017.07.16-17.44.08:641][  0]LogTemp:Display: Loaded TP WindowsNoEditorTargetPlatform
[2017.07.16-17.44.08:680][  0]LogTemp:Display: Loaded TP WindowsServerTargetPlatform
[2017.07.16-17.44.08:711][  0]LogTemp:Display: Loaded TP WindowsTargetPlatform
[2017.07.16-17.44.08:750][  0]LogTemp:Display: Loaded TP AndroidTargetPlatform
[2017.07.16-17.44.08:788][  0]LogTemp:Display: Loaded TP Android_ASTCTargetPlatform
[2017.07.16-17.44.08:826][  0]LogTemp:Display: Loaded TP Android_ATCTargetPlatform
[2017.07.16-17.44.08:865][  0]LogTemp:Display: Loaded TP Android_DXTTargetPlatform
[2017.07.16-17.44.08:903][  0]LogTemp:Display: Loaded TP Android_ETC1TargetPlatform
[2017.07.16-17.44.08:940][  0]LogTemp:Display: Loaded TP Android_ETC2TargetPlatform
[2017.07.16-17.44.09:024][  0]LogTemp:Display: Loaded TP Android_MultiTargetPlatform
[2017.07.16-17.44.09:024][  0]LogTemp:Display: Loaded TP Android_PVRTCTargetPlatform
[2017.07.16-17.44.09:050][  0]LogTemp:Display: Loaded TP HTML5TargetPlatform
[2017.07.16-17.44.09:125][  0]LogTemp:Display: Loaded TP IOSTargetPlatform
[2017.07.16-17.44.09:150][  0]LogTemp:Display: Loaded TP TVOSTargetPlatform
[2017.07.16-17.44.09:190][  0]LogTemp:Display: Loaded TP LinuxClientTargetPlatform
[2017.07.16-17.44.09:232][  0]LogTemp:Display: Loaded TP LinuxNoEditorTargetPlatform
[2017.07.16-17.44.09:270][  0]LogTemp:Display: Loaded TP LinuxServerTargetPlatform
[2017.07.16-17.44.09:312][  0]LogTemp:Display: Loaded TP LinuxTargetPlatform
[2017.07.16-17.44.09:312][  0]LogTargetPlatformManager:Display: Building Assets For Windows
[2017.07.16-17.44.09:586][  0]LogDerivedDataCache:Display: Max Cache Size: 512 MB
[2017.07.16-17.44.09:628][  0]LogDerivedDataCache: Loaded boot cache 0.04s 50MB C:/Users/Oskar/AppData/Local/UnrealEngine/4.15/DerivedDataCache/Boot.ddc.
[2017.07.16-17.44.09:628][  0]LogDerivedDataCache:Display: Loaded Boot cache: C:/Users/Oskar/AppData/Local/UnrealEngine/4.15/DerivedDataCache/Boot.ddc
[2017.07.16-17.44.09:628][  0]LogDerivedDataCache: FDerivedDataBackendGraph:  Pak pak cache file ../../../../../../Github/GAMEJAM/DO_GameJam/GameFolder/DerivedDataCache/DDC.ddp not found, will not use a pak cache.
[2017.07.16-17.44.09:628][  0]LogDerivedDataCache: Unable to find inner node Pak for hierarchical cache Hierarchy.
[2017.07.16-17.44.09:628][  0]LogDerivedDataCache: FDerivedDataBackendGraph:  CompressedPak pak cache file ../../../../../../Github/GAMEJAM/DO_GameJam/GameFolder/DerivedDataCache/Compressed.ddp not found, will not use a pak cache.
[2017.07.16-17.44.09:628][  0]LogDerivedDataCache: Unable to find inner node CompressedPak for hierarchical cache Hierarchy.
[2017.07.16-17.44.09:642][  0]LogDerivedDataCache:Display: Pak cache opened for reading ../../../Engine/DerivedDataCache/Compressed.ddp.
[2017.07.16-17.44.09:654][  0]LogDerivedDataCache: Using Local data cache path C:/Users/Oskar/AppData/Local/UnrealEngine/Common/DerivedDataCache: Writable
[2017.07.16-17.44.09:662][  0]LogSlate: Using Freetype 2.6.0
[2017.07.16-17.44.09:663][  0]LogSlate: SlateFontCache - WITH_FREETYPE: 1, WITH_HARFBUZZ: 1
[2017.07.16-17.44.09:663][  0]LogSlate: SlateFontCache - WITH_FREETYPE: 1, WITH_HARFBUZZ: 1
[2017.07.16-17.44.09:886][  0]LogInit: Selected Device Profile: [Windows]
[2017.07.16-17.44.09:888][  0]LogContentStreaming: Texture pool size is 0.00 MB
[2017.07.16-17.44.10:045][  0]LogMeshUtilities: Using QuadricMeshReduction for automatic static mesh reduction
[2017.07.16-17.44.10:073][  0]LogSimplygon: Simplygon DLL not present - disabling.
[2017.07.16-17.44.10:105][  0]LogMeshUtilities: Using SimplygonSwarm for distributed automatic mesh merging
[2017.07.16-17.44.10:105][  0]LogMeshUtilities: No automatic skeletal mesh reduction module available
[2017.07.16-17.44.10:105][  0]LogMeshUtilities: No automatic mesh merging module available
[2017.07.16-17.44.10:532][  0]LogNetVersion: GetLocalNetworkVersion: CL: 3299760, ProjectName: myproject10, ProjectVersion: , EngineNetworkVersion: 2, GameNetworkVersion: 0, NetworkChecksum: 3577346822
[2017.07.16-17.44.10:568][  0]LogAssetRegistry: FAssetRegistry took 0.0213 seconds to start up
[2017.07.16-17.44.10:593][  0]LogPackageLocalizationCache: Processed 3 localized package path(s) for 1 prioritized culture(s) in 0.012439 seconds
[2017.07.16-17.44.10:597][  0]LogUObjectArray: 32493 objects as part of root set at end of initial load.
[2017.07.16-17.44.10:597][  0]LogUObjectAllocator: 7077024 out of 0 bytes used by permanent object pool.
[2017.07.16-17.44.10:597][  0]LogUObjectArray: CloseDisregardForGC: 0/0 objects in disregard for GC pool
[2017.07.16-17.44.10:632][  0]LogInit: WinSock: version 1.1 (2.2), MaxSocks=32767, MaxUdp=65467
[2017.07.16-17.44.11:917][  0]LogTcpMessaging: Initializing TcpMessaging bridge
[2017.07.16-17.44.11:952][  0]LogUdpMessaging: Initializing bridge on interface 0.0.0.0:0 to multicast group 230.0.0.1:6666.
[2017.07.16-17.44.12:294][  0]LogMaterial: Uniform references updated for custom material expression Custom.
[2017.07.16-17.44.12:593][  0]SourceControl: Info Source control is disabled
[2017.07.16-17.44.12:602][  0]SourceControl: Info Source control is disabled
[2017.07.16-17.44.12:637][  0]SourceControl: Info Source control is disabled
[2017.07.16-17.44.12:674][  0]SourceControl: Info Source control is disabled
[2017.07.16-17.44.13:621][  0]LogEngine: Initializing Engine...
[2017.07.16-17.44.13:621][  0]LogHMD: Failed to initialize OpenVR with code 110
[2017.07.16-17.44.13:803][  0]LogAIModule: Creating AISystem for world Untitled
[2017.07.16-17.44.13:811][  0]LogInit: XAudio2 using 'Speakers (Realtek High Definition Audio)' : 2 channels at 48 kHz using 32 bits per sample (channel mask 0x3)
[2017.07.16-17.44.13:836][  0]LogInit: FAudioDevice initialized.
[2017.07.16-17.44.13:860][  0]LogDerivedDataCache: Saved boot cache 0.02s 50MB C:/Users/Oskar/AppData/Local/UnrealEngine/4.15/DerivedDataCache/Boot.ddc.
[2017.07.16-17.44.13:865][  0]LogInit: Texture streaming: Enabled
[2017.07.16-17.44.13:921][  0]LogEngineSessionManager: EngineSessionManager initialized
[2017.07.16-17.44.13:986][  0]LogInit: Transaction tracking system initialized
[2017.07.16-17.44.14:238][  0]BlueprintLog: New page: Editor Load
[2017.07.16-17.44.14:837][  0]LocalizationService: Info Localization service is disabled
[2017.07.16-17.44.15:313][  0]LogConsoleResponse:Display: 
[2017.07.16-17.44.15:419][  0]LogCook:Display: Max memory allowance for cook 16384mb min free memory 0mb
[2017.07.16-17.44.15:419][  0]LogCook:Display: Mobile HDR setting 1
[2017.07.16-17.44.15:662][  0]LogFileCache: Scanning file cache for directory 'D:/Github/GAMEJAM/DO_GameJam/GameFolder/Content/' took 0.01s
[2017.07.16-17.44.16:152][  0]SourceControl: Info Source control is disabled
[2017.07.16-17.44.16:152][  0]Cmd: MAP LOAD FILE="../../../../../../Github/GAMEJAM/DO_GameJam/GameFolder/Content/StarterContent/Maps/Minimal_Default.umap" TEMPLATE=0 SHOWPROGRESS=1 FEATURELEVEL=3
[2017.07.16-17.44.16:152][  0]LightingResults: New page: Lighting Build
[2017.07.16-17.44.16:181][  0]MapCheck: New page: Map Check
[2017.07.16-17.44.16:181][  0]LightingResults: New page: Lighting Build
[2017.07.16-17.44.16:794][  0]LogAIModule: Creating AISystem for world Minimal_Default
[2017.07.16-17.44.16:825][  0]LogEditorServer: Finished looking for orphan Actors (0.000 secs)
[2017.07.16-17.44.16:826][  0]Cmd: MAP CHECKDEP NOCLEARLOG
[2017.07.16-17.44.16:870][  0]MapCheck: Info Map check complete: 0 Error(s), 0 Warning(s), took 43.767ms to complete.
[2017.07.16-17.44.16:870][  0]LogFileHelpers: Loading map 'Minimal_Default' took 0.718
[2017.07.16-17.44.16:931][  0]LogWindowsTextInputMethodSystem:Display: IME system now deactivated.
[2017.07.16-17.44.17:029][  0]LogCollectionManager: Loaded 0 collections in 0.000855 seconds
[2017.07.16-17.44.17:097][  0]LogFileCache: Scanning file cache for directory 'D:/Github/GAMEJAM/DO_GameJam/GameFolder/Saved/Collections/' took 0.01s
[2017.07.16-17.44.17:097][  0]LogFileCache: Scanning file cache for directory 'D:/Github/GAMEJAM/DO_GameJam/GameFolder/Content/Developers/Swing/Collections/' took 0.01s
[2017.07.16-17.44.17:097][  0]LogFileCache: Scanning file cache for directory 'D:/Github/GAMEJAM/DO_GameJam/GameFolder/Content/Collections/' took 0.01s
[2017.07.16-17.44.17:097][  0]LogCollectionManager: Rebuilt the GUID cache for 0 collections in 0.000001 seconds
[2017.07.16-17.44.17:105][  0]LogContentBrowser: Native class hierarchy populated in 0.0074 seconds. Added 2245 classes and 453 folders.
[2017.07.16-17.44.17:109][  0]LogStats: UGameplayTagsManager::ConstructGameplayTagTree: Construct from data asset -  0.000 s
[2017.07.16-17.44.17:109][  0]LogStats: UGameplayTagsManager::ConstructGameplayTagTree: GameplayTagTreeChangedEvent.Broadcast -  0.000 s
[2017.07.16-17.44.17:150][  0]LogContentBrowser: Native class hierarchy updated for 'WidgetCarousel' in 0.0007 seconds. Added 0 classes and 0 folders.
[2017.07.16-17.44.17:195][  0]LogContentBrowser: Native class hierarchy updated for 'AddContentDialog' in 0.0005 seconds. Added 0 classes and 0 folders.
[2017.07.16-17.44.17:227][  0]LogContentBrowser: Native class hierarchy updated for 'SceneOutliner' in 0.0006 seconds. Added 1 classes and 2 folders.
[2017.07.16-17.44.17:264][  0]LogCrashTracker: Crashtracker disabled due to settings.
[2017.07.16-17.44.17:270][  0]LogUObjectGlobals:Warning: Failed to find object 'Class None.'
[2017.07.16-17.44.17:323][  0]LogContentBrowser: Native class hierarchy updated for 'HierarchicalLODOutliner' in 0.0006 seconds. Added 1 classes and 2 folders.
[2017.07.16-17.44.17:323][  0]LogLoad: (Engine Initialization) Total time: 12.19 seconds
[2017.07.16-17.44.17:323][  0]LogLoad: (Engine Initialization) Total Blueprint compile time: 0.19 seconds
[2017.07.16-17.44.17:323][  0]LogExternalProfiler: Found external profiler: VSPerf
[2017.07.16-17.44.17:323][  0]LogExternalProfiler: Using external profiler: VSPerf
[2017.07.16-17.44.17:335][  0]LogOcInput: OculusInput pre-init called
[2017.07.16-17.44.17:351][  0]LogAssetRegistry: Asset discovery search completed in 6.8049 seconds
[2017.07.16-17.44.17:352][  0]LogCollectionManager: Rebuilt the object cache for 0 collections in 0.000003 seconds (found 0 objects)
[2017.07.16-17.44.17:352][  0]LogCollectionManager: Fixed up redirectors for 0 collections in 0.000031 seconds (updated 0 objects)
[2017.07.16-17.44.17:355][  0]LogContentStreaming: Texture pool size now 1000 MB
[2017.07.16-17.44.17:365][  0]LogSlate: Took 0.000166 seconds to synchronously load lazily loaded font '../../../Engine/Content/Slate/Fonts/Roboto-Regular.ttf' (155K)
[2017.07.16-17.44.17:368][  0]LogSlate: Took 0.000289 seconds to synchronously load lazily loaded font '../../../Engine/Content/Slate/Fonts/Roboto-Bold.ttf' (160K)
[2017.07.16-17.44.17:372][  0]LogSlate: Took 0.000211 seconds to synchronously load lazily loaded font '../../../Engine/Content/Editor/Slate/Fonts/FontAwesome.ttf' (139K)
[2017.07.16-17.44.17:493][  0]LogRenderer: Reallocating scene render targets to support 1288x624 NumSamples 1 (Frame:2).
[2017.07.16-17.44.17:542][  0]LogSlate: Took 0.000264 seconds to synchronously load lazily loaded font '../../../Engine/Content/Slate/Fonts/Roboto-Light.ttf' (159K)
[2017.07.16-17.44.18:351][ 64]LogSlate: Took 0.000182 seconds to synchronously load lazily loaded font '../../../Engine/Content/Slate/Fonts/Roboto-Light.ttf' (159K)
[2017.07.16-17.44.19:684][222]LogTemp: Repeting last play command: Selected Viewport
[2017.07.16-17.44.19:696][222]LogBlueprintUserMessages: Early PlayInEditor Detection: Level '/Game/StarterContent/Maps/Minimal_Default.Minimal_Default:PersistentLevel' has LevelScriptBlueprint '/Game/StarterContent/Maps/Minimal_Default.Minimal_Default:PersistentLevel.Minimal_Default' with GeneratedClass '/Game/StarterContent/Maps/Minimal_Default.Minimal_Default_C' with ClassGeneratedBy '/Game/StarterContent/Maps/Minimal_Default.Minimal_Default:PersistentLevel.Minimal_Default'
[2017.07.16-17.44.19:696][222]LogPlayLevel: PlayLevel: No blueprints needed recompiling
[2017.07.16-17.44.19:696][222]PIE: New page: PIE session: Minimal_Default (Jul 16, 2017, 9:44:19 PM)
[2017.07.16-17.44.19:696][222]LogPlayLevel: Creating play world package: /Game/StarterContent/Maps/UEDPIE_0_Minimal_Default
[2017.07.16-17.44.19:705][222]LogPlayLevel: PIE: StaticDuplicateObject took: (0.008259s)
[2017.07.16-17.44.19:705][222]LogAIModule: Creating AISystem for world Minimal_Default
[2017.07.16-17.44.19:706][222]LogPlayLevel: PIE: World Init took: (0.000930s)
[2017.07.16-17.44.19:706][222]LogPlayLevel: PIE: Created PIE world by copying editor world from /Game/StarterContent/Maps/Minimal_Default.Minimal_Default to /Game/StarterContent/Maps/UEDPIE_0_Minimal_Default.Minimal_Default (0.009511s)
[2017.07.16-17.44.19:725][222]LogInit: XAudio2 using 'Speakers (Realtek High Definition Audio)' : 2 channels at 48 kHz using 32 bits per sample (channel mask 0x3)
[2017.07.16-17.44.19:744][222]LogInit: FAudioDevice initialized.
[2017.07.16-17.44.19:790][222]LogLoad: Game class is 'GameModeBase'
[2017.07.16-17.44.19:792][222]LogWorld: Bringing World /Game/StarterContent/Maps/UEDPIE_0_Minimal_Default.Minimal_Default up for play (max tick rate 0) at 2017.07.16-19.44.19
[2017.07.16-17.44.19:793][222]LogWorld: Bringing up level for play took: 0.002166
[2017.07.16-17.44.19:821][222]LogContentBrowser: Native class hierarchy updated for 'MovieSceneCapture' in 0.0006 seconds. Added 11 classes and 0 folders.
[2017.07.16-17.44.19:822][222]PIE: Info Play in editor start time for /Game/StarterContent/Maps/UEDPIE_0_Minimal_Default 0.209
[2017.07.16-17.44.19:823][222]LogBlueprintUserMessages: Late PlayInEditor Detection: Level '/Game/StarterContent/Maps/Minimal_Default.Minimal_Default:PersistentLevel' has LevelScriptBlueprint '/Game/StarterContent/Maps/Minimal_Default.Minimal_Default:PersistentLevel.Minimal_Default' with GeneratedClass '/Game/StarterContent/Maps/Minimal_Default.Minimal_Default_C' with ClassGeneratedBy '/Game/StarterContent/Maps/Minimal_Default.Minimal_Default:PersistentLevel.Minimal_Default'
[2017.07.16-17.44.31:679][600]LogBlueprintUserMessages: Early EndPlayMap Detection: Level '/Game/StarterContent/Maps/Minimal_Default.Minimal_Default:PersistentLevel' has LevelScriptBlueprint '/Game/StarterContent/Maps/Minimal_Default.Minimal_Default:PersistentLevel.Minimal_Default' with GeneratedClass '/Game/StarterContent/Maps/Minimal_Default.Minimal_Default_C' with ClassGeneratedBy '/Game/StarterContent/Maps/Minimal_Default.Minimal_Default:PersistentLevel.Minimal_Default'
[2017.07.16-17.44.31:718][600]LogBlueprintUserMessages: Late EndPlayMap Detection: Level '/Game/StarterContent/Maps/Minimal_Default.Minimal_Default:PersistentLevel' has LevelScriptBlueprint '/Game/StarterContent/Maps/Minimal_Default.Minimal_Default:PersistentLevel.Minimal_Default' with GeneratedClass '/Game/StarterContent/Maps/Minimal_Default.Minimal_Default_C' with ClassGeneratedBy '/Game/StarterContent/Maps/Minimal_Default.Minimal_Default:PersistentLevel.Minimal_Default'
[2017.07.16-17.44.33:875][855]LogTemp: Repeting last play command: Selected Viewport
[2017.07.16-17.44.33:888][855]LogBlueprintUserMessages: Early PlayInEditor Detection: Level '/Game/StarterContent/Maps/Minimal_Default.Minimal_Default:PersistentLevel' has LevelScriptBlueprint '/Game/StarterContent/Maps/Minimal_Default.Minimal_Default:PersistentLevel.Minimal_Default' with GeneratedClass '/Game/StarterContent/Maps/Minimal_Default.Minimal_Default_C' with ClassGeneratedBy '/Game/StarterContent/Maps/Minimal_Default.Minimal_Default:PersistentLevel.Minimal_Default'
[2017.07.16-17.44.33:888][855]LogPlayLevel: PlayLevel: No blueprints needed recompiling
[2017.07.16-17.44.33:888][855]PIE: New page: PIE session: Minimal_Default (Jul 16, 2017, 9:44:33 PM)
[2017.07.16-17.44.33:888][855]LogPlayLevel: Creating play world package: /Game/StarterContent/Maps/UEDPIE_0_Minimal_Default
[2017.07.16-17.44.33:894][855]LogPlayLevel: PIE: StaticDuplicateObject took: (0.006131s)
[2017.07.16-17.44.33:895][855]LogAIModule: Creating AISystem for world Minimal_Default
[2017.07.16-17.44.33:895][855]LogPlayLevel: PIE: World Init took: (0.000654s)
[2017.07.16-17.44.33:895][855]LogPlayLevel: PIE: Created PIE world by copying editor world from /Game/StarterContent/Maps/Minimal_Default.Minimal_Default to /Game/StarterContent/Maps/UEDPIE_0_Minimal_Default.Minimal_Default (0.007030s)
[2017.07.16-17.44.33:910][855]LogInit: XAudio2 using 'Speakers (Realtek High Definition Audio)' : 2 channels at 48 kHz using 32 bits per sample (channel mask 0x3)
[2017.07.16-17.44.33:927][855]LogInit: FAudioDevice initialized.
[2017.07.16-17.44.33:960][855]LogLoad: Game class is 'GameModeBase'
[2017.07.16-17.44.33:963][855]LogWorld: Bringing World /Game/StarterContent/Maps/UEDPIE_0_Minimal_Default.Minimal_Default up for play (max tick rate 0) at 2017.07.16-19.44.33
[2017.07.16-17.44.33:964][855]LogWorld: Bringing up level for play took: 0.002627
[2017.07.16-17.44.33:965][855]PIE: Info Play in editor start time for /Game/StarterContent/Maps/UEDPIE_0_Minimal_Default 0.352
[2017.07.16-17.44.33:965][855]LogBlueprintUserMessages: Late PlayInEditor Detection: Level '/Game/StarterContent/Maps/Minimal_Default.Minimal_Default:PersistentLevel' has LevelScriptBlueprint '/Game/StarterContent/Maps/Minimal_Default.Minimal_Default:PersistentLevel.Minimal_Default' with GeneratedClass '/Game/StarterContent/Maps/Minimal_Default.Minimal_Default_C' with ClassGeneratedBy '/Game/StarterContent/Maps/Minimal_Default.Minimal_Default:PersistentLevel.Minimal_Default'
[2017.07.16-17.44.46:532][340]LogBlueprintUserMessages: Early EndPlayMap Detection: Level '/Game/StarterContent/Maps/Minimal_Default.Minimal_Default:PersistentLevel' has LevelScriptBlueprint '/Game/StarterContent/Maps/Minimal_Default.Minimal_Default:PersistentLevel.Minimal_Default' with GeneratedClass '/Game/StarterContent/Maps/Minimal_Default.Minimal_Default_C' with ClassGeneratedBy '/Game/StarterContent/Maps/Minimal_Default.Minimal_Default:PersistentLevel.Minimal_Default'
[2017.07.16-17.44.46:562][340]LogBlueprintUserMessages: Late EndPlayMap Detection: Level '/Game/StarterContent/Maps/Minimal_Default.Minimal_Default:PersistentLevel' has LevelScriptBlueprint '/Game/StarterContent/Maps/Minimal_Default.Minimal_Default:PersistentLevel.Minimal_Default' with GeneratedClass '/Game/StarterContent/Maps/Minimal_Default.Minimal_Default_C' with ClassGeneratedBy '/Game/StarterContent/Maps/Minimal_Default.Minimal_Default:PersistentLevel.Minimal_Default'
[2017.07.16-17.44.52:089][993]LogSlate: Took 0.000190 seconds to synchronously load lazily loaded font '../../../Engine/Content/Slate/Fonts/Roboto-Light.ttf' (159K)
[2017.07.16-17.44.52:460][993]LogContentBrowser: Native class hierarchy updated for 'BlueprintGraph' in 0.0010 seconds. Added 112 classes and 0 folders.
[2017.07.16-17.44.52:972][993]LogSlate: Took 0.000146 seconds to synchronously load lazily loaded font '../../../Engine/Content/Slate/Fonts/Roboto-Regular.ttf' (155K)
[2017.07.16-17.44.53:063][993]LogSlate: Took 0.000230 seconds to synchronously load lazily loaded font '../../../Engine/Content/Editor/Slate/Fonts/Roboto-BoldCondensed.ttf' (158K)
[2017.07.16-17.44.53:258][994]LogSlate: Took 0.000305 seconds to synchronously load lazily loaded font '../../../Engine/Content/Editor/Slate/Fonts/Roboto-Italic.ttf' (157K)
[2017.07.16-17.44.57:246][403]LogRenderer: Reallocating scene render targets to support 1288x780 NumSamples 1 (Frame:4178).
[2017.07.16-17.45.07:836][542]LogTemp: Repeting last play command: Selected Viewport
[2017.07.16-17.45.07:851][542]LogBlueprintUserMessages: Early PlayInEditor Detection: Level '/Game/StarterContent/Maps/Minimal_Default.Minimal_Default:PersistentLevel' has LevelScriptBlueprint '/Game/StarterContent/Maps/Minimal_Default.Minimal_Default:PersistentLevel.Minimal_Default' with GeneratedClass '/Game/StarterContent/Maps/Minimal_Default.Minimal_Default_C' with ClassGeneratedBy '/Game/StarterContent/Maps/Minimal_Default.Minimal_Default:PersistentLevel.Minimal_Default'
[2017.07.16-17.45.07:851][542]BlueprintLog: New page: Pre-Play auto-recompile
[2017.07.16-17.45.07:851][542]LogPlayLevel: [PlayLevel] Compiling MidEnemy before play...
[2017.07.16-17.45.07:977][542]LogPlayLevel: PlayLevel: Blueprint regeneration took 126 ms (1 blueprints)
[2017.07.16-17.45.07:978][542]PIE: New page: PIE session: Minimal_Default (Jul 16, 2017, 9:45:07 PM)
[2017.07.16-17.45.07:978][542]LogPlayLevel: Creating play world package: /Game/StarterContent/Maps/UEDPIE_0_Minimal_Default
[2017.07.16-17.45.07:985][542]LogPlayLevel: PIE: StaticDuplicateObject took: (0.007471s)
[2017.07.16-17.45.07:986][542]LogAIModule: Creating AISystem for world Minimal_Default
[2017.07.16-17.45.07:986][542]LogPlayLevel: PIE: World Init took: (0.001104s)
[2017.07.16-17.45.07:987][542]LogPlayLevel: PIE: Created PIE world by copying editor world from /Game/StarterContent/Maps/Minimal_Default.Minimal_Default to /Game/StarterContent/Maps/UEDPIE_0_Minimal_Default.Minimal_Default (0.008928s)
[2017.07.16-17.45.08:004][542]LogInit: XAudio2 using 'Speakers (Realtek High Definition Audio)' : 2 channels at 48 kHz using 32 bits per sample (channel mask 0x3)
[2017.07.16-17.45.08:022][542]LogInit: FAudioDevice initialized.
[2017.07.16-17.45.08:052][542]LogLoad: Game class is 'GameModeBase'
[2017.07.16-17.45.08:055][542]LogWorld: Bringing World /Game/StarterContent/Maps/UEDPIE_0_Minimal_Default.Minimal_Default up for play (max tick rate 0) at 2017.07.16-19.45.08
[2017.07.16-17.45.08:055][542]LogWorld: Bringing up level for play took: 0.001969
[2017.07.16-17.45.08:056][542]PIE: Info Play in editor start time for /Game/StarterContent/Maps/UEDPIE_0_Minimal_Default 0.443
[2017.07.16-17.45.08:057][542]LogBlueprintUserMessages: Late PlayInEditor Detection: Level '/Game/StarterContent/Maps/Minimal_Default.Minimal_Default:PersistentLevel' has LevelScriptBlueprint '/Game/StarterContent/Maps/Minimal_Default.Minimal_Default:PersistentLevel.Minimal_Default' with GeneratedClass '/Game/StarterContent/Maps/Minimal_Default.Minimal_Default_C' with ClassGeneratedBy '/Game/StarterContent/Maps/Minimal_Default.Minimal_Default:PersistentLevel.Minimal_Default'
[2017.07.16-17.45.30:489][193]LogBlueprintUserMessages: Early EndPlayMap Detection: Level '/Game/StarterContent/Maps/Minimal_Default.Minimal_Default:PersistentLevel' has LevelScriptBlueprint '/Game/StarterContent/Maps/Minimal_Default.Minimal_Default:PersistentLevel.Minimal_Default' with GeneratedClass '/Game/StarterContent/Maps/Minimal_Default.Minimal_Default_C' with ClassGeneratedBy '/Game/StarterContent/Maps/Minimal_Default.Minimal_Default:PersistentLevel.Minimal_Default'
[2017.07.16-17.45.30:527][193]LogBlueprintUserMessages: Late EndPlayMap Detection: Level '/Game/StarterContent/Maps/Minimal_Default.Minimal_Default:PersistentLevel' has LevelScriptBlueprint '/Game/StarterContent/Maps/Minimal_Default.Minimal_Default:PersistentLevel.Minimal_Default' with GeneratedClass '/Game/StarterContent/Maps/Minimal_Default.Minimal_Default_C' with ClassGeneratedBy '/Game/StarterContent/Maps/Minimal_Default.Minimal_Default:PersistentLevel.Minimal_Default'
[2017.07.16-17.45.34:659][683]LogTemp: Repeting last play command: Selected Viewport
[2017.07.16-17.45.34:671][683]LogBlueprintUserMessages: Early PlayInEditor Detection: Level '/Game/StarterContent/Maps/Minimal_Default.Minimal_Default:PersistentLevel' has LevelScriptBlueprint '/Game/StarterContent/Maps/Minimal_Default.Minimal_Default:PersistentLevel.Minimal_Default' with GeneratedClass '/Game/StarterContent/Maps/Minimal_Default.Minimal_Default_C' with ClassGeneratedBy '/Game/StarterContent/Maps/Minimal_Default.Minimal_Default:PersistentLevel.Minimal_Default'
[2017.07.16-17.45.34:671][683]LogPlayLevel: PlayLevel: No blueprints needed recompiling
[2017.07.16-17.45.34:671][683]PIE: New page: PIE session: Minimal_Default (Jul 16, 2017, 9:45:34 PM)
[2017.07.16-17.45.34:671][683]LogPlayLevel: Creating play world package: /Game/StarterContent/Maps/UEDPIE_0_Minimal_Default
[2017.07.16-17.45.34:677][683]LogPlayLevel: PIE: StaticDuplicateObject took: (0.005992s)
[2017.07.16-17.45.34:678][683]LogAIModule: Creating AISystem for world Minimal_Default
[2017.07.16-17.45.34:678][683]LogPlayLevel: PIE: World Init took: (0.000947s)
[2017.07.16-17.45.34:678][683]LogPlayLevel: PIE: Created PIE world by copying editor world from /Game/StarterContent/Maps/Minimal_Default.Minimal_Default to /Game/StarterContent/Maps/UEDPIE_0_Minimal_Default.Minimal_Default (0.007383s)
[2017.07.16-17.45.34:695][683]LogInit: XAudio2 using 'Speakers (Realtek High Definition Audio)' : 2 channels at 48 kHz using 32 bits per sample (channel mask 0x3)
[2017.07.16-17.45.34:714][683]LogInit: FAudioDevice initialized.
[2017.07.16-17.45.34:745][683]LogLoad: Game class is 'GameModeBase'
[2017.07.16-17.45.34:748][683]LogWorld: Bringing World /Game/StarterContent/Maps/UEDPIE_0_Minimal_Default.Minimal_Default up for play (max tick rate 0) at 2017.07.16-19.45.34
[2017.07.16-17.45.34:749][683]LogWorld: Bringing up level for play took: 0.002518
[2017.07.16-17.45.34:750][683]PIE: Info Play in editor start time for /Game/StarterContent/Maps/UEDPIE_0_Minimal_Default -0.863
[2017.07.16-17.45.34:750][683]LogBlueprintUserMessages: Late PlayInEditor Detection: Level '/Game/StarterContent/Maps/Minimal_Default.Minimal_Default:PersistentLevel' has LevelScriptBlueprint '/Game/StarterContent/Maps/Minimal_Default.Minimal_Default:PersistentLevel.Minimal_Default' with GeneratedClass '/Game/StarterContent/Maps/Minimal_Default.Minimal_Default_C' with ClassGeneratedBy '/Game/StarterContent/Maps/Minimal_Default.Minimal_Default:PersistentLevel.Minimal_Default'
[2017.07.16-17.45.50:224][518]LogBlueprintUserMessages: Early EndPlayMap Detection: Level '/Game/StarterContent/Maps/Minimal_Default.Minimal_Default:PersistentLevel' has LevelScriptBlueprint '/Game/StarterContent/Maps/Minimal_Default.Minimal_Default:PersistentLevel.Minimal_Default' with GeneratedClass '/Game/StarterContent/Maps/Minimal_Default.Minimal_Default_C' with ClassGeneratedBy '/Game/StarterContent/Maps/Minimal_Default.Minimal_Default:PersistentLevel.Minimal_Default'
[2017.07.16-17.45.50:256][518]LogBlueprintUserMessages: Late EndPlayMap Detection: Level '/Game/StarterContent/Maps/Minimal_Default.Minimal_Default:PersistentLevel' has LevelScriptBlueprint '/Game/StarterContent/Maps/Minimal_Default.Minimal_Default:PersistentLevel.Minimal_Default' with GeneratedClass '/Game/StarterContent/Maps/Minimal_Default.Minimal_Default_C' with ClassGeneratedBy '/Game/StarterContent/Maps/Minimal_Default.Minimal_Default:PersistentLevel.Minimal_Default'
[2017.07.16-17.46.04:058][883]LogTemp: Repeting last play command: Selected Viewport
[2017.07.16-17.46.04:071][883]LogBlueprintUserMessages: Early PlayInEditor Detection: Level '/Game/StarterContent/Maps/Minimal_Default.Minimal_Default:PersistentLevel' has LevelScriptBlueprint '/Game/StarterContent/Maps/Minimal_Default.Minimal_Default:PersistentLevel.Minimal_Default' with GeneratedClass '/Game/StarterContent/Maps/Minimal_Default.Minimal_Default_C' with ClassGeneratedBy '/Game/StarterContent/Maps/Minimal_Default.Minimal_Default:PersistentLevel.Minimal_Default'
[2017.07.16-17.46.04:071][883]BlueprintLog: New page: Pre-Play auto-recompile
[2017.07.16-17.46.04:071][883]LogPlayLevel: [PlayLevel] Compiling LowEnemy before play...
[2017.07.16-17.46.04:201][883]LogPlayLevel: PlayLevel: Blueprint regeneration took 129 ms (1 blueprints)
[2017.07.16-17.46.04:201][883]PIE: New page: PIE session: Minimal_Default (Jul 16, 2017, 9:46:04 PM)
[2017.07.16-17.46.04:201][883]LogPlayLevel: Creating play world package: /Game/StarterContent/Maps/UEDPIE_0_Minimal_Default
[2017.07.16-17.46.04:208][883]LogPlayLevel: PIE: StaticDuplicateObject took: (0.006983s)
[2017.07.16-17.46.04:210][883]LogAIModule: Creating AISystem for world Minimal_Default
[2017.07.16-17.46.04:210][883]LogPlayLevel: PIE: World Init took: (0.001477s)
[2017.07.16-17.46.04:210][883]LogPlayLevel: PIE: Created PIE world by copying editor world from /Game/StarterContent/Maps/Minimal_Default.Minimal_Default to /Game/StarterContent/Maps/UEDPIE_0_Minimal_Default.Minimal_Default (0.008717s)
[2017.07.16-17.46.04:228][883]LogInit: XAudio2 using 'Speakers (Realtek High Definition Audio)' : 2 channels at 48 kHz using 32 bits per sample (channel mask 0x3)
[2017.07.16-17.46.04:247][883]LogInit: FAudioDevice initialized.
[2017.07.16-17.46.04:278][883]LogLoad: Game class is 'GameModeBase'
[2017.07.16-17.46.04:281][883]LogWorld: Bringing World /Game/StarterContent/Maps/UEDPIE_0_Minimal_Default.Minimal_Default up for play (max tick rate 0) at 2017.07.16-19.46.04
[2017.07.16-17.46.04:281][883]LogWorld: Bringing up level for play took: 0.002436
[2017.07.16-17.46.04:282][883]PIE: Info Play in editor start time for /Game/StarterContent/Maps/UEDPIE_0_Minimal_Default 0.669
[2017.07.16-17.46.04:283][883]LogBlueprintUserMessages: Late PlayInEditor Detection: Level '/Game/StarterContent/Maps/Minimal_Default.Minimal_Default:PersistentLevel' has LevelScriptBlueprint '/Game/StarterContent/Maps/Minimal_Default.Minimal_Default:PersistentLevel.Minimal_Default' with GeneratedClass '/Game/StarterContent/Maps/Minimal_Default.Minimal_Default_C' with ClassGeneratedBy '/Game/StarterContent/Maps/Minimal_Default.Minimal_Default:PersistentLevel.Minimal_Default'
[2017.07.16-17.46.35:819][609]LogBlueprintUserMessages: Early EndPlayMap Detection: Level '/Game/StarterContent/Maps/Minimal_Default.Minimal_Default:PersistentLevel' has LevelScriptBlueprint '/Game/StarterContent/Maps/Minimal_Default.Minimal_Default:PersistentLevel.Minimal_Default' with GeneratedClass '/Game/StarterContent/Maps/Minimal_Default.Minimal_Default_C' with ClassGeneratedBy '/Game/StarterContent/Maps/Minimal_Default.Minimal_Default:PersistentLevel.Minimal_Default'
[2017.07.16-17.46.35:866][609]LogBlueprintUserMessages: Late EndPlayMap Detection: Level '/Game/StarterContent/Maps/Minimal_Default.Minimal_Default:PersistentLevel' has LevelScriptBlueprint '/Game/StarterContent/Maps/Minimal_Default.Minimal_Default:PersistentLevel.Minimal_Default' with GeneratedClass '/Game/StarterContent/Maps/Minimal_Default.Minimal_Default_C' with ClassGeneratedBy '/Game/StarterContent/Maps/Minimal_Default.Minimal_Default:PersistentLevel.Minimal_Default'
[2017.07.16-17.46.54:336][463]LogTemp: Repeting last play command: Selected Viewport
[2017.07.16-17.46.54:351][463]LogBlueprintUserMessages: Early PlayInEditor Detection: Level '/Game/StarterContent/Maps/Minimal_Default.Minimal_Default:PersistentLevel' has LevelScriptBlueprint '/Game/StarterContent/Maps/Minimal_Default.Minimal_Default:PersistentLevel.Minimal_Default' with GeneratedClass '/Game/StarterContent/Maps/Minimal_Default.Minimal_Default_C' with ClassGeneratedBy '/Game/StarterContent/Maps/Minimal_Default.Minimal_Default:PersistentLevel.Minimal_Default'
[2017.07.16-17.46.54:351][463]BlueprintLog: New page: Pre-Play auto-recompile
[2017.07.16-17.46.54:351][463]LogPlayLevel: [PlayLevel] Compiling LowEnemy before play...
[2017.07.16-17.46.54:470][463]LogPlayLevel: PlayLevel: Blueprint regeneration took 118 ms (1 blueprints)
[2017.07.16-17.46.54:470][463]PIE: New page: PIE session: Minimal_Default (Jul 16, 2017, 9:46:54 PM)
[2017.07.16-17.46.54:470][463]LogPlayLevel: Creating play world package: /Game/StarterContent/Maps/UEDPIE_0_Minimal_Default
[2017.07.16-17.46.54:477][463]LogPlayLevel: PIE: StaticDuplicateObject took: (0.006126s)
[2017.07.16-17.46.54:477][463]LogAIModule: Creating AISystem for world Minimal_Default
[2017.07.16-17.46.54:477][463]LogPlayLevel: PIE: World Init took: (0.000712s)
[2017.07.16-17.46.54:478][463]LogPlayLevel: PIE: Created PIE world by copying editor world from /Game/StarterContent/Maps/Minimal_Default.Minimal_Default to /Game/StarterContent/Maps/UEDPIE_0_Minimal_Default.Minimal_Default (0.007161s)
[2017.07.16-17.46.54:497][463]LogInit: XAudio2 using 'Speakers (Realtek High Definition Audio)' : 2 channels at 48 kHz using 32 bits per sample (channel mask 0x3)
[2017.07.16-17.46.54:516][463]LogInit: FAudioDevice initialized.
[2017.07.16-17.46.54:544][463]LogLoad: Game class is 'GameModeBase'
[2017.07.16-17.46.54:547][463]LogWorld: Bringing World /Game/StarterContent/Maps/UEDPIE_0_Minimal_Default.Minimal_Default up for play (max tick rate 0) at 2017.07.16-19.46.54
[2017.07.16-17.46.54:548][463]LogWorld: Bringing up level for play took: 0.002253
[2017.07.16-17.46.54:549][463]PIE: Info Play in editor start time for /Game/StarterContent/Maps/UEDPIE_0_Minimal_Default 0.936
[2017.07.16-17.46.54:549][463]LogBlueprintUserMessages: Late PlayInEditor Detection: Level '/Game/StarterContent/Maps/Minimal_Default.Minimal_Default:PersistentLevel' has LevelScriptBlueprint '/Game/StarterContent/Maps/Minimal_Default.Minimal_Default:PersistentLevel.Minimal_Default' with GeneratedClass '/Game/StarterContent/Maps/Minimal_Default.Minimal_Default_C' with ClassGeneratedBy '/Game/StarterContent/Maps/Minimal_Default.Minimal_Default:PersistentLevel.Minimal_Default'
[2017.07.16-17.46.56:418][651]LogCharacterMovement: MidEnemy_44 is stuck and failed to move! Velocity: X=293.24 Y=145.79 Z=0.00 Location: X=303.70 Y=935.33 Z=121.63 Normal: X=-0.78 Y=-0.62 Z=-0.00 PenetrationDepth:0.000 Actor:MidEnemy3_164 Component:StaticMesh BoneName:None (0 other events since notify)
[2017.07.16-17.47.13:020][640]LogNet: Browse: /Game/Level1
[2017.07.16-17.47.13:020][640]LogLoad: LoadMap: /Game/Level1
[2017.07.16-17.47.13:035][640]Cmd: MEM
[2017.07.16-17.47.13:048][640]LogMemory: Platform Memory Stats for Windows
[2017.07.16-17.47.13:048][640]LogMemory: Process Physical Memory: 1782.02 MB used, 1989.98 MB peak
[2017.07.16-17.47.13:048][640]LogMemory: Process Virtual Memory: 2418.93 MB used, 2803.55 MB peak
[2017.07.16-17.47.13:048][640]LogMemory: Physical Memory: 6497.36 MB used,  1612.28 MB free, 8109.64 MB total
[2017.07.16-17.47.13:048][640]LogMemory: Virtual Memory: 3498.09 MB used,  1612.28 MB free, 134217728.00 MB total
[2017.07.16-17.47.13:048][640]LogMemory: 
[2017.07.16-17.47.13:048][640]Allocator Stats for TBB: (not implemented)
[2017.07.16-17.47.13:267][640]LogAIModule: Creating AISystem for world Level1
[2017.07.16-17.47.13:268][640]LogLoad: Game class is 'GameModeBase'
[2017.07.16-17.47.13:274][640]LogWorld: Bringing World /Game/UEDPIE_0_Level1.Level1 up for play (max tick rate 0) at 2017.07.16-19.47.13
[2017.07.16-17.47.13:275][640]LogWorld: Bringing up level for play took: 0.006725
[2017.07.16-17.47.13:276][640]LogLoad: Took 0.256588 seconds to LoadMap(/Game/Level1)
[2017.07.16-17.47.19:249][291]LogBlueprintUserMessages: Early EndPlayMap Detection: Level '/Game/StarterContent/Maps/Minimal_Default.Minimal_Default:PersistentLevel' has LevelScriptBlueprint '/Game/StarterContent/Maps/Minimal_Default.Minimal_Default:PersistentLevel.Minimal_Default' with GeneratedClass '/Game/StarterContent/Maps/Minimal_Default.Minimal_Default_C' with ClassGeneratedBy '/Game/StarterContent/Maps/Minimal_Default.Minimal_Default:PersistentLevel.Minimal_Default'
[2017.07.16-17.47.19:284][291]LogBlueprintUserMessages: Late EndPlayMap Detection: Level '/Game/StarterContent/Maps/Minimal_Default.Minimal_Default:PersistentLevel' has LevelScriptBlueprint '/Game/StarterContent/Maps/Minimal_Default.Minimal_Default:PersistentLevel.Minimal_Default' with GeneratedClass '/Game/StarterContent/Maps/Minimal_Default.Minimal_Default_C' with ClassGeneratedBy '/Game/StarterContent/Maps/Minimal_Default.Minimal_Default:PersistentLevel.Minimal_Default'
[2017.07.16-17.47.52:154][651]Cmd: OBJ SAVEPACKAGE PACKAGE="/Game/LowEnemy" FILE="../../../../../../Github/GAMEJAM/DO_GameJam/GameFolder/Content/LowEnemy.uasset" SILENT=true
[2017.07.16-17.47.52:220][651]LogSavePackage: Save=58.98ms
[2017.07.16-17.47.52:220][651]LogSavePackage: Moving '../../../../../../Github/GAMEJAM/DO_GameJam/GameFolder/Saved/LowEnemy58A1CAF740310BCAD1E1E1A8022336F5.tmp' to '../../../../../../Github/GAMEJAM/DO_GameJam/GameFolder/Content/LowEnemy.uasset'
[2017.07.16-17.47.52:223][651]LogSavePackage:Display: Finished SavePackage ../../../../../../Github/GAMEJAM/DO_GameJam/GameFolder/Content/LowEnemy.uasset
[2017.07.16-17.47.52:243][651]Cmd: OBJ SAVEPACKAGE PACKAGE="/Game/MidEnemy" FILE="../../../../../../Github/GAMEJAM/DO_GameJam/GameFolder/Content/MidEnemy.uasset" SILENT=true
[2017.07.16-17.47.52:306][651]LogSavePackage: Save=57.96ms
[2017.07.16-17.47.52:306][651]LogSavePackage: Moving '../../../../../../Github/GAMEJAM/DO_GameJam/GameFolder/Saved/MidEnemy3227290F4AEECD0D7E2B0B99CAF2E939.tmp' to '../../../../../../Github/GAMEJAM/DO_GameJam/GameFolder/Content/MidEnemy.uasset'
[2017.07.16-17.47.52:309][651]LogSavePackage:Display: Finished SavePackage ../../../../../../Github/GAMEJAM/DO_GameJam/GameFolder/Content/MidEnemy.uasset
[2017.07.16-17.47.52:511][651]LogSavePackage: Save=124.49ms
[2017.07.16-17.47.52:511][651]LogSavePackage: Moving '../../../../../../Github/GAMEJAM/DO_GameJam/GameFolder/Saved/Minimal_Default1B5502B74E3D0FC3DEF9799E03F858B3.tmp' to '../../../../../../Github/GAMEJAM/DO_GameJam/GameFolder/Content/StarterContent/Maps/Minimal_Default.umap'
[2017.07.16-17.47.52:514][651]LogSavePackage:Display: Finished SavePackage ../../../../../../Github/GAMEJAM/DO_GameJam/GameFolder/Content/StarterContent/Maps/Minimal_Default.umap
[2017.07.16-17.47.52:538][651]LogFileHelpers: Saving map 'Minimal_Default' took 0.225
[2017.07.16-17.47.52:543][651]Cmd: MAP LOAD FILE="../../../../../../Github/GAMEJAM/DO_GameJam/GameFolder/Content/Level1.umap" TEMPLATE=0 SHOWPROGRESS=1 FEATURELEVEL=3
[2017.07.16-17.47.52:554][651]LightingResults: New page: Lighting Build
[2017.07.16-17.47.52:556][651]LoadErrors: New page: Loading map: Level1.umap
[2017.07.16-17.47.52:557][651]MapCheck: New page: Map Check
[2017.07.16-17.47.52:557][651]LightingResults: New page: Lighting Build
[2017.07.16-17.47.52:680][651]LogAIModule: Creating AISystem for world Level1
[2017.07.16-17.47.52:702][651]LogEditorServer: Finished looking for orphan Actors (0.000 secs)
[2017.07.16-17.47.52:727][651]Cmd: MAP CHECKDEP NOCLEARLOG
[2017.07.16-17.47.52:777][651]MapCheck: Info Map check complete: 0 Error(s), 0 Warning(s), took 49.659ms to complete.
[2017.07.16-17.47.52:777][651]LogFileHelpers: Loading map 'Level1' took 0.235
[2017.07.16-17.48.01:430][667]Cmd: OBJ SAVEPACKAGE PACKAGE="/Game/Level1" FILE="../../../../../../Github/GAMEJAM/DO_GameJam/GameFolder/Content/Level1.umap" SILENT=true AUTOSAVING=false KEEPDIRTY=false
[2017.07.16-17.48.01:581][667]LogSavePackage: Save=131.38ms
[2017.07.16-17.48.01:581][667]LogSavePackage: Moving '../../../../../../Github/GAMEJAM/DO_GameJam/GameFolder/Saved/Level1A9A77BA041C9823778C8A1951D8E0ABB.tmp' to '../../../../../../Github/GAMEJAM/DO_GameJam/GameFolder/Content/Level1.umap'
[2017.07.16-17.48.01:583][667]LogSavePackage:Display: Finished SavePackage ../../../../../../Github/GAMEJAM/DO_GameJam/GameFolder/Content/Level1.umap
[2017.07.16-17.48.01:612][667]Cmd: OBJ SAVEPACKAGE PACKAGE="/Game/Level1_BuiltData" FILE="../../../../../../Github/GAMEJAM/DO_GameJam/GameFolder/Content/Level1_BuiltData.uasset" SILENT=true
[2017.07.16-17.48.01:629][667]LogSavePackage: Save=12.11ms
[2017.07.16-17.48.01:629][667]LogSavePackage: Moving '../../../../../../Github/GAMEJAM/DO_GameJam/GameFolder/Saved/Level1_BuiltData0160B33843850FB1814B179772D40181.tmp' to '../../../../../../Github/GAMEJAM/DO_GameJam/GameFolder/Content/Level1_BuiltData.uasset'
[2017.07.16-17.48.01:630][667]LogSavePackage:Display: Finished SavePackage ../../../../../../Github/GAMEJAM/DO_GameJam/GameFolder/Content/Level1_BuiltData.uasset
[2017.07.16-17.48.04:613][ 22]LogTemp: Repeting last play command: Selected Viewport
[2017.07.16-17.48.04:634][ 22]LogBlueprintUserMessages: Early PlayInEditor Detection: Level '/Game/Level1.Level1:PersistentLevel' has LevelScriptBlueprint '/Game/Level1.Level1:PersistentLevel.Level1' with GeneratedClass '/Game/Level1.Level1_C' with ClassGeneratedBy '/Game/Level1.Level1:PersistentLevel.Level1'
[2017.07.16-17.48.04:635][ 22]LogPlayLevel: PlayLevel: No blueprints needed recompiling
[2017.07.16-17.48.04:635][ 22]PIE: New page: PIE session: Level1 (Jul 16, 2017, 9:48:04 PM)
[2017.07.16-17.48.04:635][ 22]LogPlayLevel: Creating play world package: /Game/UEDPIE_0_Level1
[2017.07.16-17.48.04:641][ 22]LogPlayLevel: PIE: StaticDuplicateObject took: (0.006540s)
[2017.07.16-17.48.04:642][ 22]LogAIModule: Creating AISystem for world Level1
[2017.07.16-17.48.04:642][ 22]LogPlayLevel: PIE: World Init took: (0.000960s)
[2017.07.16-17.48.04:643][ 22]LogPlayLevel: PIE: Created PIE world by copying editor world from /Game/Level1.Level1 to /Game/UEDPIE_0_Level1.Level1 (0.007838s)
[2017.07.16-17.48.04:661][ 22]LogInit: XAudio2 using 'Speakers (Realtek High Definition Audio)' : 2 channels at 48 kHz using 32 bits per sample (channel mask 0x3)
[2017.07.16-17.48.04:680][ 22]LogInit: FAudioDevice initialized.
[2017.07.16-17.48.04:711][ 22]LogLoad: Game class is 'GameModeBase'
[2017.07.16-17.48.04:715][ 22]LogWorld: Bringing World /Game/UEDPIE_0_Level1.Level1 up for play (max tick rate 0) at 2017.07.16-19.48.04
[2017.07.16-17.48.04:715][ 22]LogWorld: Bringing up level for play took: 0.002509
[2017.07.16-17.48.04:716][ 22]PIE: Info Play in editor start time for /Game/UEDPIE_0_Level1 -0.897
[2017.07.16-17.48.04:716][ 22]LogBlueprintUserMessages: Late PlayInEditor Detection: Level '/Game/Level1.Level1:PersistentLevel' has LevelScriptBlueprint '/Game/Level1.Level1:PersistentLevel.Level1' with GeneratedClass '/Game/Level1.Level1_C' with ClassGeneratedBy '/Game/Level1.Level1:PersistentLevel.Level1'
[2017.07.16-17.48.22:763][155]LogBlueprintUserMessages: Early EndPlayMap Detection: Level '/Game/Level1.Level1:PersistentLevel' has LevelScriptBlueprint '/Game/Level1.Level1:PersistentLevel.Level1' with GeneratedClass '/Game/Level1.Level1_C' with ClassGeneratedBy '/Game/Level1.Level1:PersistentLevel.Level1'
[2017.07.16-17.48.22:803][155]LogBlueprintUserMessages: Late EndPlayMap Detection: Level '/Game/Level1.Level1:PersistentLevel' has LevelScriptBlueprint '/Game/Level1.Level1:PersistentLevel.Level1' with GeneratedClass '/Game/Level1.Level1_C' with ClassGeneratedBy '/Game/Level1.Level1:PersistentLevel.Level1'
[2017.07.16-17.48.44:613][566]LogTemp: Repeting last play command: Selected Viewport
[2017.07.16-17.48.44:625][566]LogBlueprintUserMessages: Early PlayInEditor Detection: Level '/Game/Level1.Level1:PersistentLevel' has LevelScriptBlueprint '/Game/Level1.Level1:PersistentLevel.Level1' with GeneratedClass '/Game/Level1.Level1_C' with ClassGeneratedBy '/Game/Level1.Level1:PersistentLevel.Level1'
[2017.07.16-17.48.44:625][566]BlueprintLog: New page: Pre-Play auto-recompile
[2017.07.16-17.48.44:625][566]LogPlayLevel: [PlayLevel] Compiling MidEnemy before play...
[2017.07.16-17.48.44:746][566]LogPlayLevel: PlayLevel: Blueprint regeneration took 120 ms (1 blueprints)
[2017.07.16-17.48.44:746][566]PIE: New page: PIE session: Level1 (Jul 16, 2017, 9:48:44 PM)
[2017.07.16-17.48.44:746][566]LogPlayLevel: Creating play world package: /Game/UEDPIE_0_Level1
[2017.07.16-17.48.44:753][566]LogPlayLevel: PIE: StaticDuplicateObject took: (0.006126s)
[2017.07.16-17.48.44:753][566]LogAIModule: Creating AISystem for world Level1
[2017.07.16-17.48.44:754][566]LogPlayLevel: PIE: World Init took: (0.000987s)
[2017.07.16-17.48.44:754][566]LogPlayLevel: PIE: Created PIE world by copying editor world from /Game/Level1.Level1 to /Game/UEDPIE_0_Level1.Level1 (0.007485s)
[2017.07.16-17.48.44:772][566]LogInit: XAudio2 using 'Speakers (Realtek High Definition Audio)' : 2 channels at 48 kHz using 32 bits per sample (channel mask 0x3)
[2017.07.16-17.48.44:791][566]LogInit: FAudioDevice initialized.
[2017.07.16-17.48.44:821][566]LogLoad: Game class is 'GameModeBase'
[2017.07.16-17.48.44:824][566]LogWorld: Bringing World /Game/UEDPIE_0_Level1.Level1 up for play (max tick rate 0) at 2017.07.16-19.48.44
[2017.07.16-17.48.44:824][566]LogWorld: Bringing up level for play took: 0.002397
[2017.07.16-17.48.44:825][566]PIE: Info Play in editor start time for /Game/UEDPIE_0_Level1 -0.788
[2017.07.16-17.48.44:825][566]LogBlueprintUserMessages: Late PlayInEditor Detection: Level '/Game/Level1.Level1:PersistentLevel' has LevelScriptBlueprint '/Game/Level1.Level1:PersistentLevel.Level1' with GeneratedClass '/Game/Level1.Level1_C' with ClassGeneratedBy '/Game/Level1.Level1:PersistentLevel.Level1'
[2017.07.16-17.49.12:516][846]LogNet: Browse: /Game/Level1
[2017.07.16-17.49.12:516][846]LogLoad: LoadMap: /Game/Level1
[2017.07.16-17.49.12:532][846]Cmd: MEM
[2017.07.16-17.49.12:545][846]LogMemory: Platform Memory Stats for Windows
[2017.07.16-17.49.12:545][846]LogMemory: Process Physical Memory: 1767.61 MB used, 1989.98 MB peak
[2017.07.16-17.49.12:545][846]LogMemory: Process Virtual Memory: 2573.90 MB used, 3080.01 MB peak
[2017.07.16-17.49.12:545][846]LogMemory: Physical Memory: 6465.61 MB used,  1644.03 MB free, 8109.64 MB total
[2017.07.16-17.49.12:545][846]LogMemory: Virtual Memory: 3672.21 MB used,  1644.03 MB free, 134217728.00 MB total
[2017.07.16-17.49.12:545][846]LogMemory: 
[2017.07.16-17.49.12:545][846]Allocator Stats for TBB: (not implemented)
[2017.07.16-17.49.12:545][846]LogPlayLevel: Creating play world package: /Game/UEDPIE_0_Level1
[2017.07.16-17.49.12:552][846]LogPlayLevel: PIE: StaticDuplicateObject took: (0.006344s)
[2017.07.16-17.49.12:552][846]LogAIModule: Creating AISystem for world Level1
[2017.07.16-17.49.12:552][846]LogPlayLevel: PIE: World Init took: (0.000780s)
[2017.07.16-17.49.12:553][846]LogPlayLevel: PIE: Created PIE world by copying editor world from /Game/Level1.Level1 to /Game/UEDPIE_0_Level1.Level1 (0.007364s)
[2017.07.16-17.49.12:553][846]LogLoad: Game class is 'GameModeBase'
[2017.07.16-17.49.12:556][846]LogWorld: Bringing World /Game/UEDPIE_0_Level1.Level1 up for play (max tick rate 0) at 2017.07.16-19.49.12
[2017.07.16-17.49.12:556][846]LogWorld: Bringing up level for play took: 0.002790
[2017.07.16-17.49.12:557][846]LogLoad: Took 0.040899 seconds to LoadMap(/Game/UEDPIE_0_Level1)
[2017.07.16-17.49.17:594][412]LogBlueprintUserMessages: Early EndPlayMap Detection: Level '/Game/Level1.Level1:PersistentLevel' has LevelScriptBlueprint '/Game/Level1.Level1:PersistentLevel.Level1' with GeneratedClass '/Game/Level1.Level1_C' with ClassGeneratedBy '/Game/Level1.Level1:PersistentLevel.Level1'
[2017.07.16-17.49.17:625][412]LogBlueprintUserMessages: Late EndPlayMap Detection: Level '/Game/Level1.Level1:PersistentLevel' has LevelScriptBlueprint '/Game/Level1.Level1:PersistentLevel.Level1' with GeneratedClass '/Game/Level1.Level1_C' with ClassGeneratedBy '/Game/Level1.Level1:PersistentLevel.Level1'
[2017.07.16-17.49.32:621][ 61]LogActorComponent: UnregisterComponent: (/Engine/Transient.EditorFloorComp) Not registered. Aborting.
[2017.07.16-17.49.34:053][226]LogTemp: Repeting last play command: Selected Viewport
[2017.07.16-17.49.34:067][226]LogBlueprintUserMessages: Early PlayInEditor Detection: Level '/Game/Level1.Level1:PersistentLevel' has LevelScriptBlueprint '/Game/Level1.Level1:PersistentLevel.Level1' with GeneratedClass '/Game/Level1.Level1_C' with ClassGeneratedBy '/Game/Level1.Level1:PersistentLevel.Level1'
[2017.07.16-17.49.34:067][226]BlueprintLog: New page: Pre-Play auto-recompile
[2017.07.16-17.49.34:067][226]LogPlayLevel: [PlayLevel] Compiling LowEnemy before play...
[2017.07.16-17.49.34:175][226]LogPlayLevel: PlayLevel: Blueprint regeneration took 107 ms (1 blueprints)
[2017.07.16-17.49.34:175][226]PIE: New page: PIE session: Level1 (Jul 16, 2017, 9:49:34 PM)
[2017.07.16-17.49.34:175][226]LogPlayLevel: Creating play world package: /Game/UEDPIE_0_Level1
[2017.07.16-17.49.34:181][226]LogPlayLevel: PIE: StaticDuplicateObject took: (0.006144s)
[2017.07.16-17.49.34:182][226]LogAIModule: Creating AISystem for world Level1
[2017.07.16-17.49.34:182][226]LogPlayLevel: PIE: World Init took: (0.000923s)
[2017.07.16-17.49.34:183][226]LogPlayLevel: PIE: Created PIE world by copying editor world from /Game/Level1.Level1 to /Game/UEDPIE_0_Level1.Level1 (0.007430s)
[2017.07.16-17.49.34:200][226]LogInit: XAudio2 using 'Speakers (Realtek High Definition Audio)' : 2 channels at 48 kHz using 32 bits per sample (channel mask 0x3)
[2017.07.16-17.49.34:218][226]LogInit: FAudioDevice initialized.
[2017.07.16-17.49.34:251][226]LogLoad: Game class is 'GameModeBase'
[2017.07.16-17.49.34:255][226]LogWorld: Bringing World /Game/UEDPIE_0_Level1.Level1 up for play (max tick rate 0) at 2017.07.16-19.49.34
[2017.07.16-17.49.34:255][226]LogWorld: Bringing up level for play took: 0.002594
[2017.07.16-17.49.34:256][226]PIE: Info Play in editor start time for /Game/UEDPIE_0_Level1 0.643
[2017.07.16-17.49.34:257][226]LogBlueprintUserMessages: Late PlayInEditor Detection: Level '/Game/Level1.Level1:PersistentLevel' has LevelScriptBlueprint '/Game/Level1.Level1:PersistentLevel.Level1' with GeneratedClass '/Game/Level1.Level1_C' with ClassGeneratedBy '/Game/Level1.Level1:PersistentLevel.Level1'
[2017.07.16-17.49.49:401][  0]LogNet: Browse: /Game/Level1
[2017.07.16-17.49.49:402][  0]LogLoad: LoadMap: /Game/Level1
[2017.07.16-17.49.49:416][  0]Cmd: MEM
[2017.07.16-17.49.49:427][  0]LogMemory: Platform Memory Stats for Windows
[2017.07.16-17.49.49:427][  0]LogMemory: Process Physical Memory: 1784.11 MB used, 1989.98 MB peak
[2017.07.16-17.49.49:427][  0]LogMemory: Process Virtual Memory: 2474.17 MB used, 3080.01 MB peak
[2017.07.16-17.49.49:427][  0]LogMemory: Physical Memory: 6480.27 MB used,  1629.36 MB free, 8109.64 MB total
[2017.07.16-17.49.49:427][  0]LogMemory: Virtual Memory: 3736.32 MB used,  1629.36 MB free, 134217728.00 MB total
[2017.07.16-17.49.49:427][  0]LogMemory: 
[2017.07.16-17.49.49:427][  0]Allocator Stats for TBB: (not implemented)
[2017.07.16-17.49.49:427][  0]LogPlayLevel: Creating play world package: /Game/UEDPIE_0_Level1
[2017.07.16-17.49.49:433][  0]LogPlayLevel: PIE: StaticDuplicateObject took: (0.006355s)
[2017.07.16-17.49.49:434][  0]LogAIModule: Creating AISystem for world Level1
[2017.07.16-17.49.49:434][  0]LogPlayLevel: PIE: World Init took: (0.000957s)
[2017.07.16-17.49.49:434][  0]LogPlayLevel: PIE: Created PIE world by copying editor world from /Game/Level1.Level1 to /Game/UEDPIE_0_Level1.Level1 (0.007587s)
[2017.07.16-17.49.49:434][  0]LogLoad: Game class is 'GameModeBase'
[2017.07.16-17.49.49:437][  0]LogWorld: Bringing World /Game/UEDPIE_0_Level1.Level1 up for play (max tick rate 0) at 2017.07.16-19.49.49
[2017.07.16-17.49.49:438][  0]LogWorld: Bringing up level for play took: 0.002701
[2017.07.16-17.49.49:440][  0]LogLoad: Took 0.038031 seconds to LoadMap(/Game/UEDPIE_0_Level1)
[2017.07.16-17.49.55:775][728]LogCharacterMovement: MidEnemy_44 is stuck and failed to move! Velocity: X=-144.68 Y=-53.30 Z=0.00 Location: X=462.21 Y=1020.80 Z=122.15 Normal: X=0.87 Y=-0.49 Z=0.00 PenetrationDepth:15.094 Actor:MyCharacterScript_277 Component:StaticMesh BoneName:None (0 other events since notify)
[2017.07.16-17.50.03:920][705]LogBlueprintUserMessages: Early EndPlayMap Detection: Level '/Game/Level1.Level1:PersistentLevel' has LevelScriptBlueprint '/Game/Level1.Level1:PersistentLevel.Level1' with GeneratedClass '/Game/Level1.Level1_C' with ClassGeneratedBy '/Game/Level1.Level1:PersistentLevel.Level1'
[2017.07.16-17.50.03:950][705]LogBlueprintUserMessages: Late EndPlayMap Detection: Level '/Game/Level1.Level1:PersistentLevel' has LevelScriptBlueprint '/Game/Level1.Level1:PersistentLevel.Level1' with GeneratedClass '/Game/Level1.Level1_C' with ClassGeneratedBy '/Game/Level1.Level1:PersistentLevel.Level1'
[2017.07.16-17.50.09:432][351]Cmd: OBJ SAVEPACKAGE PACKAGE="/Game/Level1" FILE="../../../../../../Github/GAMEJAM/DO_GameJam/GameFolder/Content/Level1.umap" SILENT=true AUTOSAVING=false KEEPDIRTY=false
[2017.07.16-17.50.09:577][351]LogSavePackage: Save=124.94ms
[2017.07.16-17.50.09:577][351]LogSavePackage: Moving '../../../../../../Github/GAMEJAM/DO_GameJam/GameFolder/Saved/Level1ED2FF89A4D842385F779F395D7298EDA.tmp' to '../../../../../../Github/GAMEJAM/DO_GameJam/GameFolder/Content/Level1.umap'
[2017.07.16-17.50.09:580][351]LogSavePackage:Display: Finished SavePackage ../../../../../../Github/GAMEJAM/DO_GameJam/GameFolder/Content/Level1.umap
[2017.07.16-17.50.09:607][351]Cmd: OBJ SAVEPACKAGE PACKAGE="/Game/Level1_BuiltData" FILE="../../../../../../Github/GAMEJAM/DO_GameJam/GameFolder/Content/Level1_BuiltData.uasset" SILENT=true
[2017.07.16-17.50.09:625][351]LogSavePackage: Save=10.60ms
[2017.07.16-17.50.09:625][351]LogSavePackage: Moving '../../../../../../Github/GAMEJAM/DO_GameJam/GameFolder/Saved/Level1_BuiltDataACB0705046D95FA7A8B1FF9E0A5B943C.tmp' to '../../../../../../Github/GAMEJAM/DO_GameJam/GameFolder/Content/Level1_BuiltData.uasset'
[2017.07.16-17.50.09:625][351]LogSavePackage:Display: Finished SavePackage ../../../../../../Github/GAMEJAM/DO_GameJam/GameFolder/Content/Level1_BuiltData.uasset
[2017.07.16-17.50.11:805][464]Cmd: OBJ SAVEPACKAGE PACKAGE="/Game/LowEnemy" FILE="../../../../../../Github/GAMEJAM/DO_GameJam/GameFolder/Content/LowEnemy.uasset" SILENT=true
[2017.07.16-17.50.11:869][464]LogSavePackage: Save=56.88ms
[2017.07.16-17.50.11:869][464]LogSavePackage: Moving '../../../../../../Github/GAMEJAM/DO_GameJam/GameFolder/Saved/LowEnemy5B5ABBD24F772F57DEFA719E492E3639.tmp' to '../../../../../../Github/GAMEJAM/DO_GameJam/GameFolder/Content/LowEnemy.uasset'
[2017.07.16-17.50.11:872][464]LogSavePackage:Display: Finished SavePackage ../../../../../../Github/GAMEJAM/DO_GameJam/GameFolder/Content/LowEnemy.uasset
[2017.07.16-17.50.11:886][464]Cmd: OBJ SAVEPACKAGE PACKAGE="/Game/MidEnemy" FILE="../../../../../../Github/GAMEJAM/DO_GameJam/GameFolder/Content/MidEnemy.uasset" SILENT=true
[2017.07.16-17.50.11:951][464]LogSavePackage: Save=59.29ms
[2017.07.16-17.50.11:951][464]LogSavePackage: Moving '../../../../../../Github/GAMEJAM/DO_GameJam/GameFolder/Saved/MidEnemyC1BC4510405E9D1FAB91AAB5830EA251.tmp' to '../../../../../../Github/GAMEJAM/DO_GameJam/GameFolder/Content/MidEnemy.uasset'
[2017.07.16-17.50.11:954][464]LogSavePackage:Display: Finished SavePackage ../../../../../../Github/GAMEJAM/DO_GameJam/GameFolder/Content/MidEnemy.uasset
[2017.07.16-17.50.12:028][464]LogWindowsTextInputMethodSystem:Display: IME system now deactivated.
[2017.07.16-17.50.12:211][465]Cmd: QUIT_EDITOR
[2017.07.16-17.50.13:223][465]LogExit: Preparing to exit.
[2017.07.16-17.50.14:214][465]LogDirectoryWatcher: A directory notification for 'D:/Github/GAMEJAM/DO_GameJam/GameFolder/Content/' was aborted.
[2017.07.16-17.50.14:263][465]LogExit: Editor shut down
[2017.07.16-17.50.14:263][465]LogExit: Transaction tracking system shut down
[2017.07.16-17.50.14:347][465]LogObj: Freed 0b from 0 cluster array pools.
[2017.07.16-17.50.14:347][465]LogExit: Object subsystem successfully closed.
[2017.07.16-17.50.14:368][465]LogD3D11RHI: Shutdown
[2017.07.16-17.50.14:368][465]LogD3D11RHI: CleanupD3DDevice
[2017.07.16-17.50.14:464][465]LogD3D11RHI: ~FD3D11DynamicRHI
[2017.07.16-17.50.14:471][465]LogModuleManager: Shutting down and abandoning module BlueprintGraph (504)
[2017.07.16-17.50.14:471][465]LogModuleManager: Shutting down and abandoning module BlueprintProfiler (502)
[2017.07.16-17.50.14:471][465]LogModuleManager: Shutting down and abandoning module MovieSceneCapture (500)
[2017.07.16-17.50.14:471][465]LogModuleManager: Shutting down and abandoning module HierarchicalLODOutliner (498)
[2017.07.16-17.50.14:471][465]LogModuleManager: Shutting down and abandoning module CrashTracker (496)
[2017.07.16-17.50.14:471][465]LogModuleManager: Shutting down and abandoning module SceneOutliner (494)
[2017.07.16-17.50.14:471][465]LogModuleManager: Shutting down and abandoning module AddContentDialog (492)
[2017.07.16-17.50.14:471][465]LogDirectoryWatcher: A directory notification for 'D:/Media/Games/UE_4.15/FeaturePacks/' was aborted.
[2017.07.16-17.50.14:471][465]LogModuleManager: Shutting down and abandoning module WidgetCarousel (491)
[2017.07.16-17.50.14:471][465]LogModuleManager: Shutting down and abandoning module EditorWidgets (488)
[2017.07.16-17.50.14:471][465]LogModuleManager: Shutting down and abandoning module CollectionManager (486)
[2017.07.16-17.50.14:472][465]LogDirectoryWatcher: A directory notification for 'D:/Github/GAMEJAM/DO_GameJam/GameFolder/Content/Collections/' was aborted.
[2017.07.16-17.50.14:472][465]LogDirectoryWatcher: A directory notification for 'D:/Github/GAMEJAM/DO_GameJam/GameFolder/Content/Developers/Swing/Collections/' was aborted.
[2017.07.16-17.50.14:472][465]LogDirectoryWatcher: A directory notification for 'D:/Github/GAMEJAM/DO_GameJam/GameFolder/Saved/Collections/' was aborted.
[2017.07.16-17.50.14:472][465]LogModuleManager: Shutting down and abandoning module StatsViewer (484)
[2017.07.16-17.50.14:472][465]LogModuleManager: Shutting down and abandoning module FoliageEdit (482)
[2017.07.16-17.50.14:472][465]LogModuleManager: Shutting down and abandoning module LandscapeEditor (480)
[2017.07.16-17.50.14:472][465]LogModuleManager: Shutting down and abandoning module SceneDepthPickerMode (478)
[2017.07.16-17.50.14:472][465]LogModuleManager: Shutting down and abandoning module ActorPickerMode (476)
[2017.07.16-17.50.14:472][465]LogModuleManager: Shutting down and abandoning module GeometryMode (474)
[2017.07.16-17.50.14:472][465]LogModuleManager: Shutting down and abandoning module TextureAlignMode (472)
[2017.07.16-17.50.14:472][465]LogModuleManager: Shutting down and abandoning module BspMode (470)
[2017.07.16-17.50.14:472][465]LogModuleManager: Shutting down and abandoning module HardwareSurvey (468)
[2017.07.16-17.50.14:472][465]LogModuleManager: Shutting down and abandoning module SequenceRecorderSections (466)
[2017.07.16-17.50.14:472][465]LogModuleManager: Shutting down and abandoning module AutomationWorker (464)
[2017.07.16-17.50.14:472][465]LogModuleManager: Shutting down and abandoning module MatineeToLevelSequence (462)
[2017.07.16-17.50.14:472][465]LogModuleManager: Shutting down and abandoning module LevelSequenceEditor (460)
[2017.07.16-17.50.14:472][465]LogModuleManager: Shutting down and abandoning module PlacementMode (459)
[2017.07.16-17.50.14:472][465]LogModuleManager: Shutting down and abandoning module WmfMediaFactory (456)
[2017.07.16-17.50.14:472][465]LogModuleManager: Shutting down and abandoning module WmfMediaEditor (454)
[2017.07.16-17.50.14:472][465]LogModuleManager: Shutting down and abandoning module MfMediaFactory (452)
[2017.07.16-17.50.14:472][465]LogModuleManager: Shutting down and abandoning module MfMediaEditor (450)
[2017.07.16-17.50.14:472][465]LogModuleManager: Shutting down and abandoning module AvfMediaFactory (448)
[2017.07.16-17.50.14:472][465]LogModuleManager: Shutting down and abandoning module AvfMediaEditor (446)
[2017.07.16-17.50.14:472][465]LogModuleManager: Shutting down and abandoning module AndroidMediaFactory (444)
[2017.07.16-17.50.14:472][465]LogModuleManager: Shutting down and abandoning module Media (443)
[2017.07.16-17.50.14:472][465]LogModuleManager: Shutting down and abandoning module AndroidMediaEditor (440)
[2017.07.16-17.50.14:472][465]LogModuleManager: Shutting down and abandoning module CharacterAI (438)
[2017.07.16-17.50.14:472][465]LogModuleManager: Shutting down and abandoning module AudioCapture (436)
[2017.07.16-17.50.14:472][465]LogModuleManager: Shutting down and abandoning module SequenceRecorder (435)
[2017.07.16-17.50.14:472][465]LogModuleManager: Shutting down and abandoning module SmartSnapping (432)
[2017.07.16-17.50.14:472][465]LogModuleManager: Shutting down and abandoning module SessionServices (430)
[2017.07.16-17.50.14:472][465]LogModuleManager: Shutting down and abandoning module ViewportSnapping (428)
[2017.07.16-17.50.14:472][465]LogModuleManager: Shutting down and abandoning module ViewportInteraction (426)
[2017.07.16-17.50.14:472][465]LogModuleManager: Shutting down and abandoning module LogVisualizer (424)
[2017.07.16-17.50.14:472][465]LogModuleManager: Shutting down and abandoning module IntroTutorials (422)
[2017.07.16-17.50.14:472][465]LogModuleManager: Shutting down and abandoning module GameProjectGeneration (421)
[2017.07.16-17.50.14:472][465]LogModuleManager: Shutting down and abandoning module EditorLiveStreaming (418)
[2017.07.16-17.50.14:472][465]LogModuleManager: Shutting down and abandoning module IOSPlatformEditor (416)
[2017.07.16-17.50.14:472][465]LogModuleManager: Shutting down and abandoning module HTML5PlatformEditor (414)
[2017.07.16-17.50.14:472][465]LogModuleManager: Shutting down and abandoning module AndroidPlatformEditor (412)
[2017.07.16-17.50.14:472][465]LogModuleManager: Shutting down and abandoning module AndroidDeviceDetection (411)
[2017.07.16-17.50.15:208][465]LogModuleManager: Shutting down and abandoning module IOSRuntimeSettings (408)
[2017.07.16-17.50.15:208][465]LogModuleManager: Shutting down and abandoning module AndroidRuntimeSettings (406)
[2017.07.16-17.50.15:208][465]LogModuleManager: Shutting down and abandoning module InputBindingEditor (404)
[2017.07.16-17.50.15:208][465]LogModuleManager: Shutting down and abandoning module NiagaraEditor (402)
[2017.07.16-17.50.15:208][465]LogModuleManager: Shutting down and abandoning module MergeActors (400)
[2017.07.16-17.50.15:208][465]LogModuleManager: Shutting down and abandoning module SizeMap (398)
[2017.07.16-17.50.15:208][465]LogModuleManager: Shutting down and abandoning module TreeMap (396)
[2017.07.16-17.50.15:208][465]LogModuleManager: Shutting down and abandoning module ReferenceViewer (394)
[2017.07.16-17.50.15:209][465]LogModuleManager: Shutting down and abandoning module LocalizationDashboard (392)
[2017.07.16-17.50.15:209][465]LogModuleManager: Shutting down and abandoning module LocalizationService (391)
[2017.07.16-17.50.15:209][465]LogModuleManager: Shutting down and abandoning module HardwareTargeting (388)
[2017.07.16-17.50.15:209][465]LogModuleManager: Shutting down and abandoning module DeviceProfileEditor (386)
[2017.07.16-17.50.15:209][465]LogModuleManager: Shutting down and abandoning module UndoHistory (384)
[2017.07.16-17.50.15:209][465]LogModuleManager: Shutting down and abandoning module UserFeedback (382)
[2017.07.16-17.50.15:209][465]LogModuleManager: Shutting down and abandoning module XmlParser (380)
[2017.07.16-17.50.15:209][465]LogModuleManager: Shutting down and abandoning module Blutility (378)
[2017.07.16-17.50.15:209][465]LogModuleManager: Shutting down and abandoning module ProjectSettingsViewer (376)
[2017.07.16-17.50.15:209][465]LogModuleManager: Shutting down and abandoning module ProjectTargetPlatformEditor (375)
[2017.07.16-17.50.15:209][465]LogModuleManager: Shutting down and abandoning module EditorSettingsViewer (372)
[2017.07.16-17.50.15:209][465]LogModuleManager: Shutting down and abandoning module SettingsEditor (370)
[2017.07.16-17.50.15:210][465]LogModuleManager: Shutting down and abandoning module ProjectLauncher (368)
[2017.07.16-17.50.15:210][465]LogModuleManager: Shutting down and abandoning module SessionFrontend (366)
[2017.07.16-17.50.15:210][465]LogModuleManager: Shutting down and abandoning module ProfilerClient (364)
[2017.07.16-17.50.15:210][465]LogModuleManager: Shutting down and abandoning module DeviceManager (362)
[2017.07.16-17.50.15:210][465]LogModuleManager: Shutting down and abandoning module TargetDeviceServices (361)
[2017.07.16-17.50.15:252][465]LogModuleManager: Shutting down and abandoning module AutomationController (358)
[2017.07.16-17.50.15:252][465]LogModuleManager: Shutting down and abandoning module AutomationWindow (356)
[2017.07.16-17.50.15:252][465]LogModuleManager: Shutting down and abandoning module Layers (354)
[2017.07.16-17.50.15:252][465]LogModuleManager: Shutting down and abandoning module ComponentVisualizers (352)
[2017.07.16-17.50.15:252][465]LogModuleManager: Shutting down and abandoning module DetailCustomizations (350)
[2017.07.16-17.50.15:253][465]LogModuleManager: Shutting down and abandoning module PackagesDialog (348)
[2017.07.16-17.50.15:253][465]LogModuleManager: Shutting down and abandoning module Persona (346)
[2017.07.16-17.50.15:253][465]LogModuleManager: Shutting down and abandoning module AnimGraph (345)
[2017.07.16-17.50.15:253][465]LogModuleManager: Shutting down and abandoning module Kismet (342)
[2017.07.16-17.50.15:272][465]LogModuleManager: Shutting down and abandoning module GraphEditor (340)
[2017.07.16-17.50.15:272][465]LogModuleManager: Shutting down and abandoning module ClassViewer (338)
[2017.07.16-17.50.15:273][465]LogModuleManager: Shutting down and abandoning module Toolbox (336)
[2017.07.16-17.50.15:273][465]LogModuleManager: Shutting down and abandoning module ModuleUI (334)
[2017.07.16-17.50.15:273][465]LogModuleManager: Shutting down and abandoning module MovieSceneTools (332)
[2017.07.16-17.50.15:273][465]LogModuleManager: Shutting down and abandoning module OutputLog (330)
[2017.07.16-17.50.15:273][465]LogModuleManager: Shutting down and abandoning module GammaUI (328)
[2017.07.16-17.50.15:273][465]LogModuleManager: Shutting down and abandoning module Documentation (326)
[2017.07.16-17.50.15:273][465]LogModuleManager: Shutting down and abandoning module Niagara (324)
[2017.07.16-17.50.15:273][465]LogModuleManager: Shutting down and abandoning module StreamingPauseRendering (322)
[2017.07.16-17.50.15:273][465]LogModuleManager: Shutting down and abandoning module AnalyticsET (320)
[2017.07.16-17.50.15:273][465]LogModuleManager: Shutting down and abandoning module PortalServices (318)
[2017.07.16-17.50.15:273][465]LogModuleManager: Shutting down and abandoning module PortalRpc (316)
[2017.07.16-17.50.15:273][465]LogModuleManager: Shutting down and abandoning module MessagingRpc (314)
[2017.07.16-17.50.15:273][465]LogModuleManager: Shutting down and abandoning module AIModule (312)
[2017.07.16-17.50.15:273][465]LogModuleManager: Shutting down and abandoning module GameplayDebugger (311)
[2017.07.16-17.50.15:273][465]LogModuleManager: Shutting down and abandoning module AITestSuite (309)
[2017.07.16-17.50.15:273][465]LogModuleManager: Shutting down and abandoning module ProfilerService (306)
[2017.07.16-17.50.15:281][465]LogModuleManager: Shutting down and abandoning module TaskGraph (304)
[2017.07.16-17.50.15:281][465]LogModuleManager: Shutting down and abandoning module SteamVRController (302)
[2017.07.16-17.50.15:281][465]LogModuleManager: Shutting down and abandoning module SteamVR (300)
[2017.07.16-17.50.15:281][465]LogModuleManager: Shutting down and abandoning module ProceduralMeshComponentEditor (298)
[2017.07.16-17.50.15:281][465]LogModuleManager: Shutting down and abandoning module ProceduralMeshComponent (296)
[2017.07.16-17.50.15:281][465]LogModuleManager: Shutting down and abandoning module OculusLibrary (294)
[2017.07.16-17.50.15:281][465]LogModuleManager: Shutting down and abandoning module OculusInput (292)
[2017.07.16-17.50.15:281][465]LogModuleManager: Shutting down and abandoning module MobilePatchingUtils (290)
[2017.07.16-17.50.15:281][465]LogModuleManager: Shutting down and abandoning module CustomMeshComponent (288)
[2017.07.16-17.50.15:281][465]LogModuleManager: Shutting down and abandoning module CableComponent (286)
[2017.07.16-17.50.15:281][465]LogModuleManager: Shutting down and abandoning module ArchVisCharacter (284)
[2017.07.16-17.50.15:281][465]LogModuleManager: Shutting down and abandoning module MediaPlayerEditor (280)
[2017.07.16-17.50.15:281][465]LogModuleManager: Shutting down and abandoning module HTML5Networking (278)
[2017.07.16-17.50.15:281][465]LogModuleManager: Shutting down and abandoning module AlembicImporter (276)
[2017.07.16-17.50.15:281][465]LogModuleManager: Shutting down and abandoning module AlembicLibrary (275)
[2017.07.16-17.50.15:281][465]LogModuleManager: Shutting down and abandoning module GeometryCache (274)
[2017.07.16-17.50.15:281][465]LogModuleManager: Shutting down and abandoning module GeometryCacheEd (273)
[2017.07.16-17.50.15:281][465]LogModuleManager: Shutting down and abandoning module SuperSearchEditor (268)
[2017.07.16-17.50.15:281][465]LogModuleManager: Shutting down and abandoning module SuperSearch (267)
[2017.07.16-17.50.15:281][465]LogModuleManager: Shutting down and abandoning module SpeedTreeImporter (264)
[2017.07.16-17.50.15:281][465]LogModuleManager: Shutting down and abandoning module PluginBrowser (262)
[2017.07.16-17.50.15:281][465]LogModuleManager: Shutting down and abandoning module MobileLauncherProfileWizard (260)
[2017.07.16-17.50.15:281][465]LogModuleManager: Shutting down and abandoning module EpicSurvey (258)
[2017.07.16-17.50.15:282][465]LogModuleManager: Shutting down and abandoning module VisualStudioSourceCodeAccess (256)
[2017.07.16-17.50.15:282][465]LogModuleManager: Shutting down and abandoning module DesktopPlatform (255)
[2017.07.16-17.50.15:282][465]LogModuleManager: Shutting down and abandoning module UObjectPlugin (252)
[2017.07.16-17.50.15:282][465]LogModuleManager: Shutting down and abandoning module SubversionSourceControl (250)
[2017.07.16-17.50.15:282][465]LogModuleManager: Shutting down and abandoning module PerforceSourceControl (248)
[2017.07.16-17.50.15:282][465]LogModuleManager: Shutting down and abandoning module GitSourceControl (246)
[2017.07.16-17.50.15:282][465]LogModuleManager: Shutting down and abandoning module SourceControl (245)
[2017.07.16-17.50.15:282][465]LogModuleManager: Shutting down and abandoning module LightPropagationVolumeEditor (242)
[2017.07.16-17.50.15:282][465]LogModuleManager: Shutting down and abandoning module PaperTiledImporter (240)
[2017.07.16-17.50.15:282][465]LogModuleManager: Shutting down and abandoning module PaperSpriteSheetImporter (238)
[2017.07.16-17.50.15:282][465]LogModuleManager: Shutting down and abandoning module Paper2DEditor (236)
[2017.07.16-17.50.15:282][465]LogModuleManager: Shutting down and abandoning module MeshPaint (235)
[2017.07.16-17.50.15:282][465]LogModuleManager: Shutting down and abandoning module LevelEditor (233)
[2017.07.16-17.50.15:284][465]LogModuleManager: Shutting down and abandoning module PixelInspectorModule (232)
[2017.07.16-17.50.15:284][465]LogModuleManager: Shutting down and abandoning module MainFrame (230)
[2017.07.16-17.50.15:285][465]LogModuleManager: Shutting down and abandoning module HotReload (229)
[2017.07.16-17.50.15:286][465]LogModuleManager: Shutting down and abandoning module ContentBrowser (225)
[2017.07.16-17.50.15:288][465]LogModuleManager: Shutting down and abandoning module PhysXVehiclesEditor (222)
[2017.07.16-17.50.15:289][465]LogModuleManager: Shutting down and abandoning module PhysXVehicles (220)
[2017.07.16-17.50.15:289][465]LogModuleManager: Shutting down and abandoning module LocationServicesBPLibrary (218)
[2017.07.16-17.50.15:289][465]LogModuleManager: Shutting down and abandoning module UdpMessaging (216)
[2017.07.16-17.50.15:390][465]LogModuleManager: Shutting down and abandoning module TcpMessaging (214)
[2017.07.16-17.50.15:491][465]LogModuleManager: Shutting down and abandoning module GameplayTagsEditor (212)
[2017.07.16-17.50.15:491][465]LogModuleManager: Shutting down and abandoning module FacialAnimationEditor (210)
[2017.07.16-17.50.15:491][465]LogModuleManager: Shutting down and abandoning module FacialAnimation (208)
[2017.07.16-17.50.15:491][465]LogModuleManager: Shutting down and abandoning module LightPropagationVolumeRuntime (206)
[2017.07.16-17.50.15:491][465]LogModuleManager: Shutting down and abandoning module Paper2D (204)
[2017.07.16-17.50.15:491][465]LogModuleManager: Shutting down and abandoning module WindowsMoviePlayer (202)
[2017.07.16-17.50.15:491][465]LogModuleManager: Shutting down and abandoning module WmfMedia (200)
[2017.07.16-17.50.15:491][465]LogModuleManager: Shutting down and abandoning module MfMedia (198)
[2017.07.16-17.50.15:491][465]LogModuleManager: Shutting down and abandoning module MediaAssets (196)
[2017.07.16-17.50.15:491][465]LogModuleManager: Shutting down and abandoning module GameLiveStreaming (194)
[2017.07.16-17.50.15:491][465]LogModuleManager: Shutting down and abandoning module VREditor (192)
[2017.07.16-17.50.15:491][465]LogModuleManager: Shutting down and abandoning module GameplayTasksEditor (190)
[2017.07.16-17.50.15:491][465]LogModuleManager: Shutting down and abandoning module BehaviorTreeEditor (188)
[2017.07.16-17.50.15:491][465]LogModuleManager: Shutting down and abandoning module FunctionalTesting (186)
[2017.07.16-17.50.15:491][465]LogModuleManager: Shutting down and abandoning module CollisionAnalyzer (184)
[2017.07.16-17.50.15:491][465]LogModuleManager: Shutting down and abandoning module UMG (182)
[2017.07.16-17.50.15:491][465]LogModuleManager: Shutting down and abandoning module UMGEditor (181)
[2017.07.16-17.50.15:491][465]LogModuleManager: Shutting down and abandoning module Sequencer (180)
[2017.07.16-17.50.15:491][465]LogModuleManager: Shutting down and abandoning module AssetTools (178)
[2017.07.16-17.50.15:491][465]LogModuleManager: Shutting down and abandoning module MessageLog (177)
[2017.07.16-17.50.15:491][465]LogModuleManager: Shutting down and abandoning module WorkspaceMenuStructure (176)
[2017.07.16-17.50.15:491][465]LogModuleManager: Shutting down and abandoning module SlateReflector (170)
[2017.07.16-17.50.15:491][465]LogModuleManager: Shutting down and abandoning module Slate (168)
[2017.07.16-17.50.15:491][465]LogModuleManager: Shutting down and abandoning module EditorStyle (166)
[2017.07.16-17.50.15:495][465]LogModuleManager: Shutting down and abandoning module SourceCodeAccess (164)
[2017.07.16-17.50.15:495][465]LogModuleManager: Shutting down and abandoning module HeadMountedDisplay (162)
[2017.07.16-17.50.15:495][465]LogModuleManager: Shutting down and abandoning module XAudio2 (160)
[2017.07.16-17.50.15:495][465]LogModuleManager: Shutting down and abandoning module Networking (158)
[2017.07.16-17.50.15:495][465]LogModuleManager: Shutting down and abandoning module Core (154)
[2017.07.16-17.50.15:495][465]LogModuleManager: Shutting down and abandoning module AssetRegistry (152)
[2017.07.16-17.50.15:716][465]LogDirectoryWatcher: A directory notification for '../../../Engine/Content/' was aborted.
[2017.07.16-17.50.15:716][465]LogDirectoryWatcher: A directory notification for '../../../../../../Github/GAMEJAM/DO_GameJam/GameFolder/Content/' was aborted.
[2017.07.16-17.50.15:716][465]LogDirectoryWatcher: A directory notification for '../../../Engine/Plugins/2D/Paper2D/Content/' was aborted.
[2017.07.16-17.50.15:716][465]LogModuleManager: Shutting down and abandoning module DirectoryWatcher (151)
[2017.07.16-17.50.15:716][465]LogModuleManager: Shutting down and abandoning module KismetCompiler (148)
[2017.07.16-17.50.15:716][465]LogModuleManager: Shutting down and abandoning module PhysXFormats (146)
[2017.07.16-17.50.15:716][465]LogModuleManager: Shutting down and abandoning module MeshUtilities (144)
[2017.07.16-17.50.15:716][465]LogModuleManager: Shutting down and abandoning module SimplygonSwarm (143)
[2017.07.16-17.50.15:716][465]LogModuleManager: Shutting down and abandoning module SimplygonMeshReduction (141)
[2017.07.16-17.50.15:716][465]LogModuleManager: Shutting down and abandoning module QuadricMeshReduction (139)
[2017.07.16-17.50.15:716][465]LogModuleManager: Shutting down and abandoning module PropertyEditor (137)
[2017.07.16-17.50.15:716][465]LogModuleManager: Shutting down and abandoning module DerivedDataCache (134)
[2017.07.16-17.50.15:805][465]LogDerivedDataCache: Shutdown
[2017.07.16-17.50.15:805][465]LogModuleManager: Shutting down and abandoning module TargetPlatform (132)
[2017.07.16-17.50.15:805][465]LogModuleManager: Shutting down and abandoning module VulkanShaderFormat (131)
[2017.07.16-17.50.15:806][465]LogModuleManager: Shutting down and abandoning module ShaderFormatOpenGL (129)
[2017.07.16-17.50.15:806][465]LogModuleManager: Shutting down and abandoning module ShaderFormatD3D (127)
[2017.07.16-17.50.15:806][465]LogModuleManager: Shutting down and abandoning module MetalShaderFormat (125)
[2017.07.16-17.50.15:806][465]LogModuleManager: Shutting down and abandoning module TextureFormatUncompressed (123)
[2017.07.16-17.50.15:806][465]LogModuleManager: Shutting down and abandoning module TextureFormatPVR (121)
[2017.07.16-17.50.15:806][465]LogModuleManager: Shutting down and abandoning module TextureFormatDXT (119)
[2017.07.16-17.50.15:806][465]LogModuleManager: Shutting down and abandoning module TextureFormatIntelISPCTexComp (117)
[2017.07.16-17.50.15:806][465]LogModuleManager: Shutting down and abandoning module TextureFormatASTC (115)
[2017.07.16-17.50.15:806][465]LogModuleManager: Shutting down and abandoning module ImageWrapper (114)
[2017.07.16-17.50.15:806][465]LogModuleManager: Shutting down and abandoning module TextureFormatAndroid (111)
[2017.07.16-17.50.15:806][465]LogModuleManager: Shutting down and abandoning module AudioFormatOpus (109)
[2017.07.16-17.50.15:806][465]LogModuleManager: Shutting down and abandoning module AudioFormatOgg (107)
[2017.07.16-17.50.15:806][465]LogModuleManager: Shutting down and abandoning module AudioFormatADPCM (105)
[2017.07.16-17.50.15:806][465]LogModuleManager: Shutting down and abandoning module LinuxTargetPlatform (103)
[2017.07.16-17.50.15:806][465]LogModuleManager: Shutting down and abandoning module LinuxServerTargetPlatform (101)
[2017.07.16-17.50.15:806][465]LogModuleManager: Shutting down and abandoning module LinuxNoEditorTargetPlatform (99)
[2017.07.16-17.50.15:806][465]LogModuleManager: Shutting down and abandoning module LinuxClientTargetPlatform (97)
[2017.07.16-17.50.15:806][465]LogModuleManager: Shutting down and abandoning module TVOSTargetPlatform (95)
[2017.07.16-17.50.15:806][465]LogModuleManager: Shutting down and abandoning module Messaging (93)
[2017.07.16-17.50.15:806][465]LogModuleManager: Shutting down and abandoning module IOSTargetPlatform (91)
[2017.07.16-17.50.15:806][465]LogModuleManager: Shutting down and abandoning module HTML5TargetPlatform (89)
[2017.07.16-17.50.15:806][465]LogModuleManager: Shutting down and abandoning module Android_PVRTCTargetPlatform (87)
[2017.07.16-17.50.15:806][465]LogModuleManager: Shutting down and abandoning module Android_MultiTargetPlatform (85)
[2017.07.16-17.50.15:806][465]LogModuleManager: Shutting down and abandoning module Android_ETC2TargetPlatform (83)
[2017.07.16-17.50.15:806][465]LogModuleManager: Shutting down and abandoning module Android_ETC1TargetPlatform (81)
[2017.07.16-17.50.15:806][465]LogModuleManager: Shutting down and abandoning module Android_DXTTargetPlatform (79)
[2017.07.16-17.50.15:806][465]LogModuleManager: Shutting down and abandoning module Android_ATCTargetPlatform (77)
[2017.07.16-17.50.15:806][465]LogModuleManager: Shutting down and abandoning module Android_ASTCTargetPlatform (75)
[2017.07.16-17.50.15:806][465]LogModuleManager: Shutting down and abandoning module AndroidTargetPlatform (73)
[2017.07.16-17.50.15:807][465]LogModuleManager: Shutting down and abandoning module WindowsTargetPlatform (71)
[2017.07.16-17.50.15:807][465]LogModuleManager: Shutting down and abandoning module WindowsServerTargetPlatform (69)
[2017.07.16-17.50.15:807][465]LogModuleManager: Shutting down and abandoning module WindowsNoEditorTargetPlatform (67)
[2017.07.16-17.50.15:807][465]LogModuleManager: Shutting down and abandoning module WindowsClientTargetPlatform (65)
[2017.07.16-17.50.15:807][465]LogModuleManager: Shutting down and abandoning module MacTargetPlatform (63)
[2017.07.16-17.50.15:807][465]LogModuleManager: Shutting down and abandoning module MacServerTargetPlatform (61)
[2017.07.16-17.50.15:807][465]LogModuleManager: Shutting down and abandoning module MacNoEditorTargetPlatform (59)
[2017.07.16-17.50.15:807][465]LogModuleManager: Shutting down and abandoning module MacClientTargetPlatform (57)
[2017.07.16-17.50.15:807][465]LogModuleManager: Shutting down and abandoning module AllDesktopTargetPlatform (55)
[2017.07.16-17.50.15:807][465]LogModuleManager: Shutting down and abandoning module InputCore (52)
[2017.07.16-17.50.15:807][465]LogModuleManager: Shutting down and abandoning module Settings (50)
[2017.07.16-17.50.15:807][465]LogModuleManager: Shutting down and abandoning module OculusRift (48)
[2017.07.16-17.50.15:807][465]LogModuleManager: Shutting down and abandoning module GearVR (46)
[2017.07.16-17.50.15:807][465]LogModuleManager: Shutting down and abandoning module ExampleDeviceProfileSelector (44)
[2017.07.16-17.50.15:807][465]LogModuleManager: Shutting down and abandoning module OnlineBlueprintSupport (42)
[2017.07.16-17.50.15:807][465]LogModuleManager: Shutting down and abandoning module OnlineSubsystem (38)
[2017.07.16-17.50.15:807][465]LogOnline:Display: Unloading online subsystem: NULL
[2017.07.16-17.50.15:807][465]LogModuleManager: Shutting down and abandoning module XMPP (37)
[2017.07.16-17.50.15:807][465]LogModuleManager: Shutting down and abandoning module HTTP (35)
[2017.07.16-17.50.15:807][465]LogHttp:Display: Http module shutting down, but needs to wait on 1 outstanding Http requests:
[2017.07.16-17.50.15:807][465]LogHttp:Display: 	verb=[POST] url=[https://datarouter.ol.epicgames.com/datarouter/api/v1/public/data?SessionID=%7B8F1548F7-45E4-D9E1-1590-CD8FB1D1B77C%7D&AppID=UEEditor.Rocket.Release&AppVersion=4.15.1-3348071%2B%2B%2BUE4%2BRelease-4.15&UserID=d757da5a4ebea41a90f4e5804c750c73%7C7a295cc3c69242f88dbc2d99ff08fdf8%7C6da81a83-83da-4642-89a2-6014eaa53a34&AppEnvironment=datacollector-binary&UploadType=eteventstream] status=Processing
[2017.07.16-17.50.15:812][465]LogModuleManager: Shutting down and abandoning module SSL (34)
[2017.07.16-17.50.15:814][465]LogModuleManager: Shutting down and abandoning module AudioEditor (30)
[2017.07.16-17.50.15:815][465]LogModuleManager: Shutting down and abandoning module TextureCompressor (28)
[2017.07.16-17.50.15:815][465]LogModuleManager: Shutting down and abandoning module ShaderCore (26)
[2017.07.16-17.50.15:815][465]LogModuleManager: Shutting down and abandoning module Landscape (24)
[2017.07.16-17.50.15:815][465]LogModuleManager: Shutting down and abandoning module SlateRHIRenderer (22)
[2017.07.16-17.50.15:818][465]LogModuleManager: Shutting down and abandoning module OpenGLDrv (20)
[2017.07.16-17.50.15:818][465]LogModuleManager: Shutting down and abandoning module D3D11RHI (18)
[2017.07.16-17.50.15:818][465]LogModuleManager: Shutting down and abandoning module AnimGraphRuntime (16)
[2017.07.16-17.50.15:818][465]LogModuleManager: Shutting down and abandoning module Renderer (14)
[2017.07.16-17.50.15:818][465]LogModuleManager: Shutting down and abandoning module Engine (12)
[2017.07.16-17.50.15:818][465]LogModuleManager: Shutting down and abandoning module CoreUObject (10)
[2017.07.16-17.50.15:818][465]LogModuleManager: Shutting down and abandoning module NetworkFile (8)
[2017.07.16-17.50.15:818][465]LogModuleManager: Shutting down and abandoning module StreamingFile (6)
[2017.07.16-17.50.15:818][465]LogModuleManager: Shutting down and abandoning module SandboxFile (4)
[2017.07.16-17.50.15:818][465]LogModuleManager: Shutting down and abandoning module PakFile (2)
[2017.07.16-17.50.15:821][465]LogExit: Exiting.
[2017.07.16-17.50.15:824][465]Log file closed, 07/16/17 19:50:15
