Log file open, 07/14/17 18:24:33
LogInit:Display: Running engine for game: MyProject10
LogPlatformFile: Not using cached read wrapper
LogInit:Display: RandInit(1956248346) SRandInit(1956248346).
LogTaskGraph: Started task graph with 4 named threads and 7 total threads.
LogStats: Stats thread started at 0.068207
LogInit: Version: 4.11.2-2946394+++UE4+Release-4.11
LogInit: API Version: 2927265
LogInit: Compiled (64-bit): Apr 18 2016 02:18:46
LogInit: Compiled with Visual C++: 19.00.23026.00
LogInit: Build Configuration: Development
LogInit: Branch Name: ++UE4+Release-4.11
LogInit: Command line:  
LogInit: Base directory: D:/Media/Games/EpicGames/Epic Games/4.11/Engine/Binaries/Win64/
LogInit: Installed Engine Build: 1
LogInit: Using libcurl 7.41.0
LogInit:  - built for x86_64-pc-win32
LogInit:  - supports SSL with WinSSL
LogInit:  - other features:
LogInit:      CURL_VERSION_SSL
LogInit:      CURL_VERSION_IPV6
LogInit:      CURL_VERSION_ASYNCHDNS
LogInit:      CURL_VERSION_LARGEFILE
LogInit:      CURL_VERSION_IDN
LogInit:  CurlRequestOptions (configurable via config and command line):
LogInit:  - bVerifyPeer = true  - Libcurl will verify peer certificate
LogInit:  - bUseHttpProxy = false  - Libcurl will NOT use HTTP proxy
LogInit:  - bDontReuseConnections = false  - Libcurl will reuse connections
LogInit:  - CertBundlePath = nullptr  - Libcurl will use whatever was configured at build time.
LogInit: Presizing for max 16777216 objects, including 0 objects not considered by GC, pre-allocating 0 bytes for permanent pool.
LogInit: Object subsystem initialized
[2017.07.14-16.24.33:935][  0]LogInit: Selected Device Profile: [Windows]
[2017.07.14-16.24.33:935][  0]LogInit: Applying CVar settings loaded from the selected device profile: [Windows]
[2017.07.14-16.24.33:982][  0]LogInit: Computer: DESKTOP-2SCGOIT
[2017.07.14-16.24.33:982][  0]LogInit: User: Swing
[2017.07.14-16.24.33:982][  0]LogInit: CPU Page size=65536, Cores=4
[2017.07.14-16.24.33:982][  0]LogInit: High frequency timer resolution =3.421872 MHz
[2017.07.14-16.24.33:982][  0]LogMemory: Memory total: Physical=7.9GB (8GB approx)
[2017.07.14-16.24.33:982][  0]LogMemory: Platform Memory Stats for Windows
[2017.07.14-16.24.33:982][  0]LogMemory: Process Physical Memory: 312.97 MB used, 312.97 MB peak
[2017.07.14-16.24.33:982][  0]LogMemory: Process Virtual Memory: 315.50 MB used, 315.50 MB peak
[2017.07.14-16.24.33:982][  0]LogMemory: Physical Memory: 6882.11 MB used, 8109.64 MB total
[2017.07.14-16.24.33:982][  0]LogMemory: Virtual Memory: 653.09 MB used, 134217728.00 MB total
[2017.07.14-16.24.34:104][  0]LogTextLocalizationManager: No translations for ('sv-SE') exist, falling back to 'en' for localization and internationalization data.
[2017.07.14-16.24.34:804][  0]LogD3D11RHI: D3D11 adapters:
[2017.07.14-16.24.34:855][  0]LogD3D11RHI:    0. 'NVIDIA GeForce GTX 970' (Feature Level 11_0)
[2017.07.14-16.24.34:855][  0]LogD3D11RHI:       4059MB of dedicated video memory, 0MB of dedicated system memory, and 4054MB of shared system memory, 1 output[s]
[2017.07.14-16.24.34:857][  0]LogD3D11RHI:    1. 'Microsoft Basic Render Driver' (Feature Level 11_0)
[2017.07.14-16.24.34:857][  0]LogD3D11RHI:       0MB of dedicated video memory, 0MB of dedicated system memory, and 4054MB of shared system memory, 0 output[s]
[2017.07.14-16.24.34:857][  0]LogD3D11RHI: Chosen D3D11 Adapter: 0
[2017.07.14-16.24.34:865][  0]LogD3D11RHI: Creating new Direct3DDevice
[2017.07.14-16.24.34:865][  0]LogD3D11RHI:     Adapter Name: NVIDIA GeForce GTX 970
[2017.07.14-16.24.34:865][  0]LogD3D11RHI:   Driver Version: 22.21.13.8205 (internal 22.21.13.8205)
[2017.07.14-16.24.34:865][  0]LogD3D11RHI:      Driver Date: 5-1-2017
[2017.07.14-16.24.34:865][  0]LogRHI: Texture pool is 1361 MB (70% of 1945 MB)
[2017.07.14-16.24.34:896][  0]LogD3D11RHI: Async texture creation enabled
[2017.07.14-16.24.35:026][  0]LogShaderCompilers: Guid format shader working directory is -14 characters bigger than the processId version (../../../../../../../../Github/GAMEJAM/DO_GameJam/GameFolder/Intermediate/Shaders/WorkingDirectory/3576/).
[2017.07.14-16.24.35:027][  0]LogShaderCompilers: Cleaned the shader compiler working directory 'C:/Users/Oskar/AppData/Local/Temp/UnrealShaderWorkingDir/0062BD384F2043FE7B0DC48FE4E56DF6/'.
[2017.07.14-16.24.35:027][  0]LogShaderCompilers:Display: Using Local Shader Compiler.
[2017.07.14-16.24.36:636][  0]LogTemp:Display: Loaded TP AllDesktopTargetPlatform
[2017.07.14-16.24.36:641][  0]LogTemp:Display: Loaded TP WindowsClientTargetPlatform
[2017.07.14-16.24.36:645][  0]LogTemp:Display: Loaded TP WindowsNoEditorTargetPlatform
[2017.07.14-16.24.36:649][  0]LogTemp:Display: Loaded TP WindowsServerTargetPlatform
[2017.07.14-16.24.36:654][  0]LogTemp:Display: Loaded TP WindowsTargetPlatform
[2017.07.14-16.24.36:658][  0]LogTemp:Display: Loaded TP AndroidTargetPlatform
[2017.07.14-16.24.36:662][  0]LogTemp:Display: Loaded TP Android_ASTCTargetPlatform
[2017.07.14-16.24.36:665][  0]LogTemp:Display: Loaded TP Android_ATCTargetPlatform
[2017.07.14-16.24.36:668][  0]LogTemp:Display: Loaded TP Android_DXTTargetPlatform
[2017.07.14-16.24.36:673][  0]LogTemp:Display: Loaded TP Android_ETC1TargetPlatform
[2017.07.14-16.24.36:677][  0]LogTemp:Display: Loaded TP Android_ETC2TargetPlatform
[2017.07.14-16.24.36:685][  0]LogTemp:Display: Loaded TP Android_MultiTargetPlatform
[2017.07.14-16.24.36:685][  0]LogTemp:Display: Loaded TP Android_PVRTCTargetPlatform
[2017.07.14-16.24.36:687][  0]LogTemp:Display: Loaded TP HTML5TargetPlatform
[2017.07.14-16.24.36:741][  0]LogTemp:Display: Loaded TP IOSTargetPlatform
[2017.07.14-16.24.36:743][  0]LogTemp:Display: Loaded TP TVOSTargetPlatform
[2017.07.14-16.24.36:756][  0]LogTemp:Display: Loaded TP LinuxNoEditorTargetPlatform
[2017.07.14-16.24.36:759][  0]LogTemp:Display: Loaded TP LinuxServerTargetPlatform
[2017.07.14-16.24.36:767][  0]LogTemp:Display: Loaded TP LinuxTargetPlatform
[2017.07.14-16.24.36:767][  0]LogTargetPlatformManager:Display: Building Assets For Windows
[2017.07.14-16.24.37:095][  0]LogDerivedDataCache:Display: Max Cache Size: 512 MB
[2017.07.14-16.24.37:411][  0]LogDerivedDataCache: Loaded boot cache 0.32s 46MB C:/Users/Oskar/AppData/Local/UnrealEngine/4.11/DerivedDataCache/Boot.ddc.
[2017.07.14-16.24.37:411][  0]LogDerivedDataCache:Display: Loaded Boot cache: C:/Users/Oskar/AppData/Local/UnrealEngine/4.11/DerivedDataCache/Boot.ddc
[2017.07.14-16.24.37:412][  0]LogDerivedDataCache: FDerivedDataBackendGraph:  Pak pak cache file ../../../../../../../../Github/GAMEJAM/DO_GameJam/GameFolder/DerivedDataCache/DDC.ddp not found, will not use a pak cache.
[2017.07.14-16.24.37:412][  0]LogDerivedDataCache: Unable to find inner node Pak for hierarchical cache Hierarchy.
[2017.07.14-16.24.37:412][  0]LogDerivedDataCache: FDerivedDataBackendGraph:  CompressedPak pak cache file ../../../../../../../../Github/GAMEJAM/DO_GameJam/GameFolder/DerivedDataCache/Compressed.ddp not found, will not use a pak cache.
[2017.07.14-16.24.37:412][  0]LogDerivedDataCache: Unable to find inner node CompressedPak for hierarchical cache Hierarchy.
[2017.07.14-16.24.37:448][  0]LogDerivedDataCache:Display: Pak cache opened for reading ../../../Engine/DerivedDataCache/Compressed.ddp.
[2017.07.14-16.24.37:459][  0]LogDerivedDataCache: Using Local data cache path C:/Users/Oskar/AppData/Local/UnrealEngine/Common/DerivedDataCache: Writable
[2017.07.14-16.24.42:082][  0]LogInit: Selected Device Profile: [Windows]
[2017.07.14-16.24.42:115][  0]LogContentStreaming: Texture pool size is 0.00 MB
[2017.07.14-16.24.42:892][  0]LogMaterial: Uniform references updated for custom material expression Custom.
[2017.07.14-16.24.43:818][  0]LogMeshUtilities: No automatic mesh reduction module available
[2017.07.14-16.24.43:818][  0]LogMeshUtilities: No automatic mesh merging module available
[2017.07.14-16.24.43:818][  0]LogMeshUtilities: No distributed automatic mesh merging module available
[2017.07.14-16.24.46:315][  0]LogUObjectArray: 27679 objects as part of root set at end of initial load.
[2017.07.14-16.24.46:315][  0]LogUObjectAllocator: 5591592 out of 0 bytes used by permanent object pool.
[2017.07.14-16.24.46:315][  0]LogUObjectArray: CloseDisregardForGC: 0/0 objects in disregard for GC pool
[2017.07.14-16.24.46:358][  0]LogInit: WinSock: version 1.1 (2.2), MaxSocks=32767, MaxUdp=65467
[2017.07.14-16.24.47:960][  0]LogSlate: SlateFontCache - WITH_FREETYPE: 1, WITH_HARFBUZZ: 1
[2017.07.14-16.24.47:962][  0]LogSlate: SlateFontCache - WITH_FREETYPE: 1, WITH_HARFBUZZ: 1
[2017.07.14-16.24.48:953][  0]LogStreaming:Warning: Failed to read file '../../../Engine/Content/Editor/Slate/Common/Selection_16x.png' error.
[2017.07.14-16.24.48:953][  0]LogSlate: Could not find file for Slate resource: ../../../Engine/Content/Editor/Slate/Common/Selection_16x.png
[2017.07.14-16.24.48:953][  0]LogStreaming:Warning: Failed to read file '../../../Engine/Content/Editor/Slate/Common/Selection_16x.png' error.
[2017.07.14-16.24.48:953][  0]LogSlate: Could not find file for Slate resource: ../../../Engine/Content/Editor/Slate/Common/Selection_16x.png
[2017.07.14-16.24.48:953][  0]LogStreaming:Warning: Failed to read file '../../../Engine/Content/Editor/Slate/Common/Selection_16x.png' error.
[2017.07.14-16.24.48:953][  0]LogSlate: Could not find file for Slate resource: ../../../Engine/Content/Editor/Slate/Common/Selection_16x.png
[2017.07.14-16.24.51:654][  0]LogUdpMessaging: Initializing bridge on interface 0.0.0.0:0 to multicast group 230.0.0.1:6666.
[2017.07.14-16.24.51:972][  0]LogAssetRegistry: FAssetRegistry took 0.0240 seconds to start up
[2017.07.14-16.24.53:710][  0]SourceControl: Info Source control is disabled
[2017.07.14-16.24.53:719][  0]SourceControl: Info Source control is disabled
[2017.07.14-16.24.53:756][  0]SourceControl: Info Source control is disabled
[2017.07.14-16.24.53:805][  0]SourceControl: Info Source control is disabled
[2017.07.14-16.24.54:240][  0]LogHMD: Failed to initialize OpenVR with code 110
[2017.07.14-16.24.54:867][  0]LogEngine: Initializing Engine...
[2017.07.14-16.24.55:776][  0]LogAIModule: Creating AISystem for world NewWorld
[2017.07.14-16.24.55:957][  0]LogInit: XAudio2 using 'Speakers (Realtek High Definition Audio)' : 2 channels at 48 kHz using 32 bits per sample (channel mask 0x3)
[2017.07.14-16.24.56:034][  0]LogInit: FAudioDevice initialized.
[2017.07.14-16.24.56:061][  0]LogDerivedDataCache: Saved boot cache 0.03s 46MB C:/Users/Oskar/AppData/Local/UnrealEngine/4.11/DerivedDataCache/Boot.ddc.
[2017.07.14-16.24.56:065][  0]LogInit: Texture streaming: Enabled
[2017.07.14-16.24.58:882][  0]LogInit: Transaction tracking system initialized
[2017.07.14-16.24.59:179][  0]BlueprintLog: New page: Editor Load
[2017.07.14-16.25.03:071][  0]LocalizationService: Info Localization service is disabled
[2017.07.14-16.25.06:140][  0]LogConsoleResponse:Display: 
[2017.07.14-16.25.08:974][  0]LogFileCache: Scanning file cache for directory 'D:/Github/GAMEJAM/DO_GameJam/GameFolder/Content/' took 0.11s
[2017.07.14-16.25.08:974][  0]LogCook:Display: Max memory allowance for cook 8192mb
[2017.07.14-16.25.08:975][  0]LogCook:Display: Mobile HDR setting 1
[2017.07.14-16.25.08:978][  0]LogCook:Display: Done creating registry. It took  0.00s.
[2017.07.14-16.25.11:637][  0]SourceControl: Info Source control is disabled
[2017.07.14-16.25.11:750][  0]Cmd: MAP LOAD FILE="../../../../../../../../Github/GAMEJAM/DO_GameJam/GameFolder/Content/StarterContent/Maps/Minimal_Default.umap" TEMPLATE=0 SHOWPROGRESS=1 FEATURELEVEL=3
[2017.07.14-16.25.11:978][  0]LightingResults: New page: Lighting Build
[2017.07.14-16.25.12:736][  0]MapCheck: New page: Map Check
[2017.07.14-16.25.12:736][  0]LightingResults: New page: Lighting Build
[2017.07.14-16.25.15:969][  0]LogAIModule: Creating AISystem for world Minimal_Default
[2017.07.14-16.25.16:628][  0]LogEditorServer: Finished looking for orphan Actors (0.005 secs)
[2017.07.14-16.25.16:662][  0]Cmd: MAP CHECKDEP NOCLEARLOG
[2017.07.14-16.25.16:710][  0]MapCheck: Info Map check complete: 0 Error(s), 0 Warning(s), took 47.41ms to complete.
[2017.07.14-16.25.16:714][  0]LogFileHelpers: Loading map 'Minimal_Default' took 5.016
[2017.07.14-16.25.18:853][  0]LogCollectionManager: Loaded 0 collections in 0.001194 seconds
[2017.07.14-16.25.20:005][  0]LogFileCache: Scanning file cache for directory 'D:/Github/GAMEJAM/DO_GameJam/GameFolder/Saved/Collections/' took 0.01s
[2017.07.14-16.25.20:005][  0]LogFileCache: Scanning file cache for directory 'D:/Github/GAMEJAM/DO_GameJam/GameFolder/Content/Developers/Swing/Collections/' took 0.01s
[2017.07.14-16.25.20:005][  0]LogFileCache: Scanning file cache for directory 'D:/Github/GAMEJAM/DO_GameJam/GameFolder/Content/Collections/' took 0.01s
[2017.07.14-16.25.20:005][  0]LogCollectionManager: Rebuilt the GUID cache for 0 collections in 0.000003 seconds
[2017.07.14-16.25.20:073][  0]LogContentBrowser: Native class hierarchy populated in 0.0634 seconds. Added 1979 classes and 343 folders.
[2017.07.14-16.25.20:770][  0]LogStats: UGameplayTagsManager::ConstructGameplayTagTree: Construct from data asset -  0.022 s
[2017.07.14-16.25.20:789][  0]LogStats: UGameplayTagsManager::ConstructGameplayTagTree: GameplayTagTreeChangedEvent.Broadcast -  0.019 s
[2017.07.14-16.25.20:856][  0]LogContentBrowser: Native class hierarchy updated for 'GameplayTags' in 0.0005 seconds. Added 12 classes and 0 folders.
[2017.07.14-16.25.21:028][  0]LogContentBrowser: Native class hierarchy updated for 'WidgetCarousel' in 0.0004 seconds. Added 0 classes and 0 folders.
[2017.07.14-16.25.22:705][  0]LogContentBrowser: Native class hierarchy updated for 'SuperSearch' in 0.0006 seconds. Added 1 classes and 2 folders.
[2017.07.14-16.25.25:538][  0]LogContentBrowser: Native class hierarchy updated for 'AddContentDialog' in 0.0004 seconds. Added 0 classes and 0 folders.
[2017.07.14-16.25.25:909][  0]LogContentBrowser: Native class hierarchy updated for 'SceneOutliner' in 0.0005 seconds. Added 1 classes and 2 folders.
[2017.07.14-16.25.26:428][  0]LogCrashTracker: Crashtracker disabled due to settings.
[2017.07.14-16.25.26:824][  0]LogUObjectGlobals:Warning: Failed to find object 'Class None.'
[2017.07.14-16.25.26:925][  0]LogContentBrowser: Native class hierarchy updated for 'HierarchicalLODOutliner' in 0.0005 seconds. Added 1 classes and 2 folders.
[2017.07.14-16.25.26:931][  0]LogLoad: Full Startup: 54.38 seconds (BP compile: 0.48 seconds)
[2017.07.14-16.25.26:935][  0]LogExternalProfiler: Found external profiler: VSPerf
[2017.07.14-16.25.26:935][  0]LogExternalProfiler: Using external profiler: VSPerf
[2017.07.14-16.25.27:336][  0]LogOcInput: OculusInput pre-init called
[2017.07.14-16.25.28:084][  0]LogContentStreaming: Texture pool size now 1000 MB
[2017.07.14-16.25.31:315][  0]LogRenderer: Reallocating scene render targets to support 1288x800 (Frame:2).
[2017.07.14-16.25.32:531][  3]LogAssetRegistry: Asset discovery search completed in 40.5806 seconds
[2017.07.14-16.25.32:534][  3]LogCollectionManager: Rebuilt the object cache for 0 collections in 0.000001 seconds (found 0 objects)
[2017.07.14-16.25.32:568][  3]LogCollectionManager: Fixed up redirectors for 0 collections in 0.037119 seconds (updated 0 objects)
[2017.07.14-16.26.31:462][378]LogEditorViewport: Clicking on Actor (LMB): StaticMeshActor (Floor)
[2017.07.14-16.26.36:632][852]Cmd: TRANSACTION UNDO
[2017.07.14-16.26.36:632][852]LogEditorTransaction: Undo Scale Actors
[2017.07.14-16.26.46:293][939]LogActorFactory: Actor Factory created Cube
[2017.07.14-16.26.47:688][ 91]LogActorFactory: Actor Factory created Cube
[2017.07.14-16.27.23:975][968]LogBlueprintUserMessages: Early PlayInEditor Detection: Level '/Game/StarterContent/Maps/Minimal_Default.Minimal_Default:PersistentLevel' has LevelScriptBlueprint '/Game/StarterContent/Maps/Minimal_Default.Minimal_Default:PersistentLevel.Minimal_Default' with GeneratedClass '/Game/StarterContent/Maps/Minimal_Default.Minimal_Default_C' with ClassGeneratedBy '/Game/StarterContent/Maps/Minimal_Default.Minimal_Default:PersistentLevel.Minimal_Default'
[2017.07.14-16.27.23:975][968]LogPlayLevel: PlayLevel: No blueprints needed recompiling
[2017.07.14-16.27.24:103][968]PIE: New page: PIE session: Minimal_Default (Jul 14, 2017, 7:27:24 PM)
[2017.07.14-16.27.24:111][968]LogPlayLevel: Creating play world package: /Game/StarterContent/Maps/UEDPIE_0_Minimal_Default
[2017.07.14-16.27.24:171][968]LogPlayLevel: PIE: StaticDuplicateObject took: (0.059905s)
[2017.07.14-16.27.24:182][968]LogAIModule: Creating AISystem for world Minimal_Default
[2017.07.14-16.27.24:182][968]LogPlayLevel: PIE: World Init took: (0.011149s)
[2017.07.14-16.27.24:182][968]LogPlayLevel: PIE: Created PIE world by copying editor world from /Game/StarterContent/Maps/Minimal_Default.Minimal_Default to /Game/StarterContent/Maps/UEDPIE_0_Minimal_Default.Minimal_Default (0.071614s)
[2017.07.14-16.27.24:315][968]LogInit: XAudio2 using 'Speakers (Realtek High Definition Audio)' : 2 channels at 48 kHz using 32 bits per sample (channel mask 0x3)
[2017.07.14-16.27.24:338][968]LogInit: FAudioDevice initialized.
[2017.07.14-16.27.24:460][968]LogWorld: Game class is 'GameMode'
[2017.07.14-16.27.24:565][968]LogWorld: Bringing World /Game/StarterContent/Maps/UEDPIE_0_Minimal_Default.Minimal_Default up for play (max tick rate 0) at 2017.07.14-18.27.24
[2017.07.14-16.27.24:586][968]LogWorld: Bringing up level for play took: 0.023193
[2017.07.14-16.27.24:719][968]LogContentBrowser: Native class hierarchy updated for 'MovieSceneCapture' in 0.0005 seconds. Added 9 classes and 0 folders.
[2017.07.14-16.27.24:784][968]PIE: Info Play in editor start time for /Game/StarterContent/Maps/UEDPIE_0_Minimal_Default 0.823
[2017.07.14-16.27.24:784][968]LogBlueprintUserMessages: Late PlayInEditor Detection: Level '/Game/StarterContent/Maps/Minimal_Default.Minimal_Default:PersistentLevel' has LevelScriptBlueprint '/Game/StarterContent/Maps/Minimal_Default.Minimal_Default:PersistentLevel.Minimal_Default' with GeneratedClass '/Game/StarterContent/Maps/Minimal_Default.Minimal_Default_C' with ClassGeneratedBy '/Game/StarterContent/Maps/Minimal_Default.Minimal_Default:PersistentLevel.Minimal_Default'
[2017.07.14-16.27.28:466][382]LogBlueprintUserMessages: Early EndPlayMap Detection: Level '/Game/StarterContent/Maps/Minimal_Default.Minimal_Default:PersistentLevel' has LevelScriptBlueprint '/Game/StarterContent/Maps/Minimal_Default.Minimal_Default:PersistentLevel.Minimal_Default' with GeneratedClass '/Game/StarterContent/Maps/Minimal_Default.Minimal_Default_C' with ClassGeneratedBy '/Game/StarterContent/Maps/Minimal_Default.Minimal_Default:PersistentLevel.Minimal_Default'
[2017.07.14-16.27.28:671][382]LogBlueprintUserMessages: Late EndPlayMap Detection: Level '/Game/StarterContent/Maps/Minimal_Default.Minimal_Default:PersistentLevel' has LevelScriptBlueprint '/Game/StarterContent/Maps/Minimal_Default.Minimal_Default:PersistentLevel.Minimal_Default' with GeneratedClass '/Game/StarterContent/Maps/Minimal_Default.Minimal_Default_C' with ClassGeneratedBy '/Game/StarterContent/Maps/Minimal_Default.Minimal_Default:PersistentLevel.Minimal_Default'
[2017.07.14-16.27.44:325][ 50]LogContentBrowser: Native class hierarchy updated for 'BlueprintGraph' in 0.0006 seconds. Added 108 classes and 0 folders.
[2017.07.14-16.27.45:238][ 50]LogTexture:Display: Building textures: TilePatine_N (BC5)
[2017.07.14-16.27.45:351][ 50]LogTexture:Display: Building textures: TilePatine_D (AutoDXT)
[2017.07.14-16.27.48:636][281]LogBlueprintUserMessages: Early PlayInEditor Detection: Level '/Game/StarterContent/Maps/Minimal_Default.Minimal_Default:PersistentLevel' has LevelScriptBlueprint '/Game/StarterContent/Maps/Minimal_Default.Minimal_Default:PersistentLevel.Minimal_Default' with GeneratedClass '/Game/StarterContent/Maps/Minimal_Default.Minimal_Default_C' with ClassGeneratedBy '/Game/StarterContent/Maps/Minimal_Default.Minimal_Default:PersistentLevel.Minimal_Default'
[2017.07.14-16.27.48:636][281]LogPlayLevel: PlayLevel: No blueprints needed recompiling
[2017.07.14-16.27.48:636][281]PIE: New page: PIE session: Minimal_Default (Jul 14, 2017, 7:27:48 PM)
[2017.07.14-16.27.48:636][281]LogPlayLevel: Creating play world package: /Game/StarterContent/Maps/UEDPIE_0_Minimal_Default
[2017.07.14-16.27.48:644][281]LogPlayLevel: PIE: StaticDuplicateObject took: (0.008078s)
[2017.07.14-16.27.48:644][281]LogAIModule: Creating AISystem for world Minimal_Default
[2017.07.14-16.27.48:645][281]LogPlayLevel: PIE: World Init took: (0.000610s)
[2017.07.14-16.27.48:645][281]LogPlayLevel: PIE: Created PIE world by copying editor world from /Game/StarterContent/Maps/Minimal_Default.Minimal_Default to /Game/StarterContent/Maps/UEDPIE_0_Minimal_Default.Minimal_Default (0.008926s)
[2017.07.14-16.27.48:683][281]LogInit: XAudio2 using 'Speakers (Realtek High Definition Audio)' : 2 channels at 48 kHz using 32 bits per sample (channel mask 0x3)
[2017.07.14-16.27.48:706][281]LogInit: FAudioDevice initialized.
[2017.07.14-16.27.48:741][281]LogWorld: Game class is 'GameMode'
[2017.07.14-16.27.48:744][281]LogWorld: Bringing World /Game/StarterContent/Maps/UEDPIE_0_Minimal_Default.Minimal_Default up for play (max tick rate 0) at 2017.07.14-18.27.48
[2017.07.14-16.27.48:744][281]LogWorld: Bringing up level for play took: 0.002146
[2017.07.14-16.27.48:746][281]PIE: Info Play in editor start time for /Game/StarterContent/Maps/UEDPIE_0_Minimal_Default 0.785
[2017.07.14-16.27.48:746][281]LogBlueprintUserMessages: Late PlayInEditor Detection: Level '/Game/StarterContent/Maps/Minimal_Default.Minimal_Default:PersistentLevel' has LevelScriptBlueprint '/Game/StarterContent/Maps/Minimal_Default.Minimal_Default:PersistentLevel.Minimal_Default' with GeneratedClass '/Game/StarterContent/Maps/Minimal_Default.Minimal_Default_C' with ClassGeneratedBy '/Game/StarterContent/Maps/Minimal_Default.Minimal_Default:PersistentLevel.Minimal_Default'
[2017.07.14-16.27.50:473][477]LogBlueprintUserMessages: Early EndPlayMap Detection: Level '/Game/StarterContent/Maps/Minimal_Default.Minimal_Default:PersistentLevel' has LevelScriptBlueprint '/Game/StarterContent/Maps/Minimal_Default.Minimal_Default:PersistentLevel.Minimal_Default' with GeneratedClass '/Game/StarterContent/Maps/Minimal_Default.Minimal_Default_C' with ClassGeneratedBy '/Game/StarterContent/Maps/Minimal_Default.Minimal_Default:PersistentLevel.Minimal_Default'
[2017.07.14-16.27.50:528][477]LogBlueprintUserMessages: Late EndPlayMap Detection: Level '/Game/StarterContent/Maps/Minimal_Default.Minimal_Default:PersistentLevel' has LevelScriptBlueprint '/Game/StarterContent/Maps/Minimal_Default.Minimal_Default:PersistentLevel.Minimal_Default' with GeneratedClass '/Game/StarterContent/Maps/Minimal_Default.Minimal_Default_C' with ClassGeneratedBy '/Game/StarterContent/Maps/Minimal_Default.Minimal_Default:PersistentLevel.Minimal_Default'
[2017.07.14-16.35.34:378][461]LogSavePackage: Save=289.88ms
[2017.07.14-16.35.34:378][461]LogSavePackage: Moving '../../../../../../../../Github/GAMEJAM/DO_GameJam/GameFolder/Saved/Minimal_Default_Auto174908D4B4D8CA1A313A51C812CACED89.tmp' to '../../../../../../../../Github/GAMEJAM/DO_GameJam/GameFolder/Saved/Autosaves/Game/StarterContent/Maps/Minimal_Default_Auto1.umap'
[2017.07.14-16.35.34:380][461]LogSavePackage: Total save time: 305.64ms
[2017.07.14-16.35.34:380][461]LogSavePackage:Display: Finished SavePackage ../../../../../../../../Github/GAMEJAM/DO_GameJam/GameFolder/Saved/Autosaves/Game/StarterContent/Maps/Minimal_Default_Auto1.umap
[2017.07.14-16.35.34:385][461]LogFileHelpers: Editor autosave (incl. sublevels) for '/Game/StarterContent/Maps/Minimal_Default' took 0.413
[2017.07.14-16.35.34:385][461]LogFileHelpers: Editor autosave (incl. sublevels) for all levels took 0.413
[2017.07.14-16.35.34:408][461]OBJ SavePackage: Generating thumbnails for [1] asset(s) in package [/Game/Cube_Movement] ([1] browsable assets)...
[2017.07.14-16.35.34:443][461]OBJ SavePackage:     Rendered thumbnail for [Blueprint /Game/Cube_Movement.Cube_Movement]
[2017.07.14-16.35.34:443][461]OBJ SavePackage: Finished generating thumbnails for package [/Game/Cube_Movement]
[2017.07.14-16.35.34:443][461]Cmd: OBJ SAVEPACKAGE PACKAGE="/Game/Cube_Movement" FILE="../../../../../../../../Github/GAMEJAM/DO_GameJam/GameFolder/Saved/Autosaves/Game/Cube_Movement_Auto1.uasset" SILENT=false AUTOSAVING=true
[2017.07.14-16.35.34:495][461]LogSavePackage: Save=49.89ms
[2017.07.14-16.35.34:495][461]LogSavePackage: Moving '../../../../../../../../Github/GAMEJAM/DO_GameJam/GameFolder/Saved/Cube_Movement_Auto14D9C08D74E87EBAF0DE5BFB4C7C9D40E.tmp' to '../../../../../../../../Github/GAMEJAM/DO_GameJam/GameFolder/Saved/Autosaves/Game/Cube_Movement_Auto1.uasset'
[2017.07.14-16.35.34:496][461]LogSavePackage: Total save time: 51.30ms
[2017.07.14-16.35.34:496][461]LogSavePackage:Display: Finished SavePackage ../../../../../../../../Github/GAMEJAM/DO_GameJam/GameFolder/Saved/Autosaves/Game/Cube_Movement_Auto1.uasset
[2017.07.14-16.35.34:496][461]LogFileHelpers: Auto-saving content packages took 0.101
[2017.07.14-16.57.27:144][324]LogFileHelpers: Editor autosave (incl. sublevels) for '/Game/StarterContent/Maps/Minimal_Default' took 0.049
[2017.07.14-16.57.27:148][324]OBJ SavePackage: Generating thumbnails for [1] asset(s) in package [/Game/Cube_Movement] ([1] browsable assets)...
[2017.07.14-16.57.27:160][324]OBJ SavePackage:     Rendered thumbnail for [Blueprint /Game/Cube_Movement.Cube_Movement]
[2017.07.14-16.57.27:160][324]OBJ SavePackage: Finished generating thumbnails for package [/Game/Cube_Movement]
[2017.07.14-16.57.27:160][324]Cmd: OBJ SAVEPACKAGE PACKAGE="/Game/Cube_Movement" FILE="../../../../../../../../Github/GAMEJAM/DO_GameJam/GameFolder/Saved/Autosaves/Game/Cube_Movement_Auto2.uasset" SILENT=false AUTOSAVING=true
[2017.07.14-16.57.27:181][324]LogSavePackage: Save=19.73ms
[2017.07.14-16.57.27:181][324]LogSavePackage: Moving '../../../../../../../../Github/GAMEJAM/DO_GameJam/GameFolder/Saved/Cube_Movement_Auto2C5E95807415D0A1C08D234A4BB6836E4.tmp' to '../../../../../../../../Github/GAMEJAM/DO_GameJam/GameFolder/Saved/Autosaves/Game/Cube_Movement_Auto2.uasset'
[2017.07.14-16.57.27:183][324]LogSavePackage: Total save time: 21.01ms
[2017.07.14-16.57.27:183][324]LogSavePackage:Display: Finished SavePackage ../../../../../../../../Github/GAMEJAM/DO_GameJam/GameFolder/Saved/Autosaves/Game/Cube_Movement_Auto2.uasset
[2017.07.14-16.57.27:183][324]LogFileHelpers: Auto-saving content packages took 0.039
[2017.07.14-16.59.55:413][606]LogEditorViewport: Clicking on Actor (LMB): PlayerStart (Player Start)
[2017.07.14-17.00.04:947][733]LogBlueprintUserMessages: Early PlayInEditor Detection: Level '/Game/StarterContent/Maps/Minimal_Default.Minimal_Default:PersistentLevel' has LevelScriptBlueprint '/Game/StarterContent/Maps/Minimal_Default.Minimal_Default:PersistentLevel.Minimal_Default' with GeneratedClass '/Game/StarterContent/Maps/Minimal_Default.Minimal_Default_C' with ClassGeneratedBy '/Game/StarterContent/Maps/Minimal_Default.Minimal_Default:PersistentLevel.Minimal_Default'
[2017.07.14-17.00.04:947][733]LogPlayLevel: PlayLevel: No blueprints needed recompiling
[2017.07.14-17.00.04:947][733]PIE: New page: PIE session: Minimal_Default (Jul 14, 2017, 8:00:04 PM)
[2017.07.14-17.00.04:947][733]LogPlayLevel: Creating play world package: /Game/StarterContent/Maps/UEDPIE_0_Minimal_Default
[2017.07.14-17.00.04:955][733]LogPlayLevel: PIE: StaticDuplicateObject took: (0.007736s)
[2017.07.14-17.00.04:956][733]LogAIModule: Creating AISystem for world Minimal_Default
[2017.07.14-17.00.04:956][733]LogPlayLevel: PIE: World Init took: (0.000721s)
[2017.07.14-17.00.04:956][733]LogPlayLevel: PIE: Created PIE world by copying editor world from /Game/StarterContent/Maps/Minimal_Default.Minimal_Default to /Game/StarterContent/Maps/UEDPIE_0_Minimal_Default.Minimal_Default (0.008686s)
[2017.07.14-17.00.04:973][733]LogInit: XAudio2 using 'Speakers (Realtek High Definition Audio)' : 2 channels at 48 kHz using 32 bits per sample (channel mask 0x3)
[2017.07.14-17.00.04:993][733]LogInit: FAudioDevice initialized.
[2017.07.14-17.00.05:026][733]LogWorld: Game class is 'GameMode'
[2017.07.14-17.00.05:028][733]LogWorld: Bringing World /Game/StarterContent/Maps/UEDPIE_0_Minimal_Default.Minimal_Default up for play (max tick rate 0) at 2017.07.14-19.00.05
[2017.07.14-17.00.05:029][733]LogWorld: Bringing up level for play took: 0.001755
[2017.07.14-17.00.05:030][733]PIE: Info Play in editor start time for /Game/StarterContent/Maps/UEDPIE_0_Minimal_Default 1.069
[2017.07.14-17.00.05:030][733]LogBlueprintUserMessages: Late PlayInEditor Detection: Level '/Game/StarterContent/Maps/Minimal_Default.Minimal_Default:PersistentLevel' has LevelScriptBlueprint '/Game/StarterContent/Maps/Minimal_Default.Minimal_Default:PersistentLevel.Minimal_Default' with GeneratedClass '/Game/StarterContent/Maps/Minimal_Default.Minimal_Default_C' with ClassGeneratedBy '/Game/StarterContent/Maps/Minimal_Default.Minimal_Default:PersistentLevel.Minimal_Default'
[2017.07.14-17.00.30:478][560]LogBlueprintUserMessages: Early EndPlayMap Detection: Level '/Game/StarterContent/Maps/Minimal_Default.Minimal_Default:PersistentLevel' has LevelScriptBlueprint '/Game/StarterContent/Maps/Minimal_Default.Minimal_Default:PersistentLevel.Minimal_Default' with GeneratedClass '/Game/StarterContent/Maps/Minimal_Default.Minimal_Default_C' with ClassGeneratedBy '/Game/StarterContent/Maps/Minimal_Default.Minimal_Default:PersistentLevel.Minimal_Default'
[2017.07.14-17.00.30:546][560]LogBlueprintUserMessages: Late EndPlayMap Detection: Level '/Game/StarterContent/Maps/Minimal_Default.Minimal_Default:PersistentLevel' has LevelScriptBlueprint '/Game/StarterContent/Maps/Minimal_Default.Minimal_Default:PersistentLevel.Minimal_Default' with GeneratedClass '/Game/StarterContent/Maps/Minimal_Default.Minimal_Default_C' with ClassGeneratedBy '/Game/StarterContent/Maps/Minimal_Default.Minimal_Default:PersistentLevel.Minimal_Default'
[2017.07.14-17.00.33:330][886]LogEditorViewport: Clicking on Actor (LMB): BP_Sky_Sphere_C (BP_Sky_Sphere)
[2017.07.14-17.00.34:154][977]LogEditorViewport: Clicking on Actor (LMB): BP_Sky_Sphere_C (BP_Sky_Sphere)
[2017.07.14-17.00.34:554][ 23]LogEditorViewport: Clicking on Actor (LMB): PlayerStart (Player Start)
[2017.07.14-17.01.15:826][930]LogEditorViewport: Clicking on Actor (LMB): AtmosphericFog (Atmospheric Fog)
[2017.07.14-17.01.16:658][ 27]LogEditorViewport: Clicking on Actor (LMB): PlayerStart (Player Start)
[2017.07.14-17.01.17:811][162]LogBlueprintUserMessages: Early PlayInEditor Detection: Level '/Game/StarterContent/Maps/Minimal_Default.Minimal_Default:PersistentLevel' has LevelScriptBlueprint '/Game/StarterContent/Maps/Minimal_Default.Minimal_Default:PersistentLevel.Minimal_Default' with GeneratedClass '/Game/StarterContent/Maps/Minimal_Default.Minimal_Default_C' with ClassGeneratedBy '/Game/StarterContent/Maps/Minimal_Default.Minimal_Default:PersistentLevel.Minimal_Default'
[2017.07.14-17.01.17:811][162]LogPlayLevel: PlayLevel: No blueprints needed recompiling
[2017.07.14-17.01.17:811][162]PIE: New page: PIE session: Minimal_Default (Jul 14, 2017, 8:01:17 PM)
[2017.07.14-17.01.17:811][162]LogPlayLevel: Creating play world package: /Game/StarterContent/Maps/UEDPIE_0_Minimal_Default
[2017.07.14-17.01.17:818][162]LogPlayLevel: PIE: StaticDuplicateObject took: (0.006718s)
[2017.07.14-17.01.17:819][162]LogAIModule: Creating AISystem for world Minimal_Default
[2017.07.14-17.01.17:819][162]LogPlayLevel: PIE: World Init took: (0.000815s)
[2017.07.14-17.01.17:819][162]LogPlayLevel: PIE: Created PIE world by copying editor world from /Game/StarterContent/Maps/Minimal_Default.Minimal_Default to /Game/StarterContent/Maps/UEDPIE_0_Minimal_Default.Minimal_Default (0.007713s)
[2017.07.14-17.01.17:836][162]LogInit: XAudio2 using 'Speakers (Realtek High Definition Audio)' : 2 channels at 48 kHz using 32 bits per sample (channel mask 0x3)
[2017.07.14-17.01.17:855][162]LogInit: FAudioDevice initialized.
[2017.07.14-17.01.17:883][162]LogWorld: Game class is 'GameMode'
[2017.07.14-17.01.17:886][162]LogWorld: Bringing World /Game/StarterContent/Maps/UEDPIE_0_Minimal_Default.Minimal_Default up for play (max tick rate 0) at 2017.07.14-19.01.17
[2017.07.14-17.01.17:887][162]LogWorld: Bringing up level for play took: 0.002029
[2017.07.14-17.01.17:888][162]PIE: Info Play in editor start time for /Game/StarterContent/Maps/UEDPIE_0_Minimal_Default -0.073
[2017.07.14-17.01.17:888][162]LogBlueprintUserMessages: Late PlayInEditor Detection: Level '/Game/StarterContent/Maps/Minimal_Default.Minimal_Default:PersistentLevel' has LevelScriptBlueprint '/Game/StarterContent/Maps/Minimal_Default.Minimal_Default:PersistentLevel.Minimal_Default' with GeneratedClass '/Game/StarterContent/Maps/Minimal_Default.Minimal_Default_C' with ClassGeneratedBy '/Game/StarterContent/Maps/Minimal_Default.Minimal_Default:PersistentLevel.Minimal_Default'
[2017.07.14-17.01.19:811][390]LogBlueprintUserMessages: Early EndPlayMap Detection: Level '/Game/StarterContent/Maps/Minimal_Default.Minimal_Default:PersistentLevel' has LevelScriptBlueprint '/Game/StarterContent/Maps/Minimal_Default.Minimal_Default:PersistentLevel.Minimal_Default' with GeneratedClass '/Game/StarterContent/Maps/Minimal_Default.Minimal_Default_C' with ClassGeneratedBy '/Game/StarterContent/Maps/Minimal_Default.Minimal_Default:PersistentLevel.Minimal_Default'
[2017.07.14-17.01.19:847][390]LogBlueprintUserMessages: Late EndPlayMap Detection: Level '/Game/StarterContent/Maps/Minimal_Default.Minimal_Default:PersistentLevel' has LevelScriptBlueprint '/Game/StarterContent/Maps/Minimal_Default.Minimal_Default:PersistentLevel.Minimal_Default' with GeneratedClass '/Game/StarterContent/Maps/Minimal_Default.Minimal_Default_C' with ClassGeneratedBy '/Game/StarterContent/Maps/Minimal_Default.Minimal_Default:PersistentLevel.Minimal_Default'
[2017.07.14-17.01.24:887][978]LogEditorViewport: Clicking on Actor (LMB): PlayerStart (Player Start)
[2017.07.14-17.02.52:826][577]LogEditorViewport: Clicking on Actor (LMB): BP_Sky_Sphere_C (BP_Sky_Sphere)
[2017.07.14-17.02.54:679][781]LogEditorViewport: Clicking on Actor (LMB): BP_Sky_Sphere_C (BP_Sky_Sphere)
[2017.07.14-17.02.55:282][850]LogEditorViewport: Clicking on Actor (LMB): PlayerStart (Player Start)
[2017.07.14-17.03.23:609][ 62]LogEditorViewport: Clicking on Actor (LMB): Cube_Movement_C (Cube_Movement)
[2017.07.14-17.03.30:228][840]LogBlueprintUserMessages: Early PlayInEditor Detection: Level '/Game/StarterContent/Maps/Minimal_Default.Minimal_Default:PersistentLevel' has LevelScriptBlueprint '/Game/StarterContent/Maps/Minimal_Default.Minimal_Default:PersistentLevel.Minimal_Default' with GeneratedClass '/Game/StarterContent/Maps/Minimal_Default.Minimal_Default_C' with ClassGeneratedBy '/Game/StarterContent/Maps/Minimal_Default.Minimal_Default:PersistentLevel.Minimal_Default'
[2017.07.14-17.03.30:228][840]LogPlayLevel: PlayLevel: No blueprints needed recompiling
[2017.07.14-17.03.30:228][840]PIE: New page: PIE session: Minimal_Default (Jul 14, 2017, 8:03:30 PM)
[2017.07.14-17.03.30:228][840]LogPlayLevel: Creating play world package: /Game/StarterContent/Maps/UEDPIE_0_Minimal_Default
[2017.07.14-17.03.30:234][840]LogPlayLevel: PIE: StaticDuplicateObject took: (0.006072s)
[2017.07.14-17.03.30:235][840]LogAIModule: Creating AISystem for world Minimal_Default
[2017.07.14-17.03.30:235][840]LogPlayLevel: PIE: World Init took: (0.000592s)
[2017.07.14-17.03.30:235][840]LogPlayLevel: PIE: Created PIE world by copying editor world from /Game/StarterContent/Maps/Minimal_Default.Minimal_Default to /Game/StarterContent/Maps/UEDPIE_0_Minimal_Default.Minimal_Default (0.006846s)
[2017.07.14-17.03.30:252][840]LogInit: XAudio2 using 'Speakers (Realtek High Definition Audio)' : 2 channels at 48 kHz using 32 bits per sample (channel mask 0x3)
[2017.07.14-17.03.30:273][840]LogInit: FAudioDevice initialized.
[2017.07.14-17.03.30:303][840]LogWorld: Game class is 'GameMode'
[2017.07.14-17.03.30:305][840]LogWorld: Bringing World /Game/StarterContent/Maps/UEDPIE_0_Minimal_Default.Minimal_Default up for play (max tick rate 0) at 2017.07.14-19.03.30
[2017.07.14-17.03.30:306][840]LogWorld: Bringing up level for play took: 0.001777
[2017.07.14-17.03.30:307][840]PIE: Info Play in editor start time for /Game/StarterContent/Maps/UEDPIE_0_Minimal_Default 0.346
[2017.07.14-17.03.30:307][840]LogBlueprintUserMessages: Late PlayInEditor Detection: Level '/Game/StarterContent/Maps/Minimal_Default.Minimal_Default:PersistentLevel' has LevelScriptBlueprint '/Game/StarterContent/Maps/Minimal_Default.Minimal_Default:PersistentLevel.Minimal_Default' with GeneratedClass '/Game/StarterContent/Maps/Minimal_Default.Minimal_Default_C' with ClassGeneratedBy '/Game/StarterContent/Maps/Minimal_Default.Minimal_Default:PersistentLevel.Minimal_Default'
[2017.07.14-17.03.49:338][119]LogBlueprintUserMessages: Early EndPlayMap Detection: Level '/Game/StarterContent/Maps/Minimal_Default.Minimal_Default:PersistentLevel' has LevelScriptBlueprint '/Game/StarterContent/Maps/Minimal_Default.Minimal_Default:PersistentLevel.Minimal_Default' with GeneratedClass '/Game/StarterContent/Maps/Minimal_Default.Minimal_Default_C' with ClassGeneratedBy '/Game/StarterContent/Maps/Minimal_Default.Minimal_Default:PersistentLevel.Minimal_Default'
[2017.07.14-17.03.49:380][119]LogBlueprintUserMessages: Late EndPlayMap Detection: Level '/Game/StarterContent/Maps/Minimal_Default.Minimal_Default:PersistentLevel' has LevelScriptBlueprint '/Game/StarterContent/Maps/Minimal_Default.Minimal_Default:PersistentLevel.Minimal_Default' with GeneratedClass '/Game/StarterContent/Maps/Minimal_Default.Minimal_Default_C' with ClassGeneratedBy '/Game/StarterContent/Maps/Minimal_Default.Minimal_Default:PersistentLevel.Minimal_Default'
[2017.07.14-17.04.29:960][936]LogEditorViewport: Clicking on Component (LMB): StaticMeshComponent (StaticMeshComponent0)
[2017.07.14-17.04.30:177][960]Cmd: SELECT NONE
[2017.07.14-17.04.30:460][968]Cmd: SELECT NONE
[2017.07.14-17.04.30:678][994]Cmd: SELECT NONE
[2017.07.14-17.04.31:230][ 60]LogEditorViewport: Clicking on Actor (LMB): Cube_Movement_C (Cube_Movement)
[2017.07.14-17.04.50:196][534]LogEditorViewport: Clicking on Actor (context menu): StaticMeshActor (Floor)
[2017.07.14-17.04.56:131][171]LogActorFactory: Actor Factory created Sphere
[2017.07.14-17.04.56:947][268]LogActorFactory: Actor Factory created Sphere
[2017.07.14-17.05.01:185][752]LogEditorViewport: Clicking on Actor (LMB): StaticMeshActor (Sphere)
[2017.07.14-17.05.04:042][ 91]LogEditorViewport: Clicking on Actor (LMB): Cube_Movement_C (Cube_Movement)
[2017.07.14-17.07.51:351][268]LogActorFactory: Actor Factory created Cube
[2017.07.14-17.07.53:322][504]LogActorFactory: Actor Factory created Cube
[2017.07.14-17.08.17:001][246]LogEditorViewport: Clicking on Actor (LMB): Cube_Blueprint_C (Cube_Blueprint)
[2017.07.14-17.08.17:265][276]LogEditorViewport: Clicking on Component (LMB): StaticMeshComponent (StaticMeshComponent0)
[2017.07.14-17.08.17:522][305]LogEditorViewport: Clicking on Component (LMB): StaticMeshComponent (StaticMeshComponent0)
[2017.07.14-17.08.35:285][416]LogBlueprintUserMessages: Early PlayInEditor Detection: Level '/Game/StarterContent/Maps/Minimal_Default.Minimal_Default:PersistentLevel' has LevelScriptBlueprint '/Game/StarterContent/Maps/Minimal_Default.Minimal_Default:PersistentLevel.Minimal_Default' with GeneratedClass '/Game/StarterContent/Maps/Minimal_Default.Minimal_Default_C' with ClassGeneratedBy '/Game/StarterContent/Maps/Minimal_Default.Minimal_Default:PersistentLevel.Minimal_Default'
[2017.07.14-17.08.35:285][416]LogPlayLevel: PlayLevel: No blueprints needed recompiling
[2017.07.14-17.08.35:285][416]PIE: New page: PIE session: Minimal_Default (Jul 14, 2017, 8:08:35 PM)
[2017.07.14-17.08.35:285][416]LogPlayLevel: Creating play world package: /Game/StarterContent/Maps/UEDPIE_0_Minimal_Default
[2017.07.14-17.08.35:291][416]LogPlayLevel: PIE: StaticDuplicateObject took: (0.006310s)
[2017.07.14-17.08.35:292][416]LogAIModule: Creating AISystem for world Minimal_Default
[2017.07.14-17.08.35:292][416]LogPlayLevel: PIE: World Init took: (0.000514s)
[2017.07.14-17.08.35:292][416]LogPlayLevel: PIE: Created PIE world by copying editor world from /Game/StarterContent/Maps/Minimal_Default.Minimal_Default to /Game/StarterContent/Maps/UEDPIE_0_Minimal_Default.Minimal_Default (0.007008s)
[2017.07.14-17.08.35:308][416]LogInit: XAudio2 using 'Speakers (Realtek High Definition Audio)' : 2 channels at 48 kHz using 32 bits per sample (channel mask 0x3)
[2017.07.14-17.08.35:327][416]LogInit: FAudioDevice initialized.
[2017.07.14-17.08.35:357][416]LogWorld: Game class is 'GameMode'
[2017.07.14-17.08.35:360][416]LogWorld: Bringing World /Game/StarterContent/Maps/UEDPIE_0_Minimal_Default.Minimal_Default up for play (max tick rate 0) at 2017.07.14-19.08.35
[2017.07.14-17.08.35:360][416]LogWorld: Bringing up level for play took: 0.002022
[2017.07.14-17.08.35:361][416]PIE: Info Play in editor start time for /Game/StarterContent/Maps/UEDPIE_0_Minimal_Default -0.6
[2017.07.14-17.08.35:361][416]LogBlueprintUserMessages: Late PlayInEditor Detection: Level '/Game/StarterContent/Maps/Minimal_Default.Minimal_Default:PersistentLevel' has LevelScriptBlueprint '/Game/StarterContent/Maps/Minimal_Default.Minimal_Default:PersistentLevel.Minimal_Default' with GeneratedClass '/Game/StarterContent/Maps/Minimal_Default.Minimal_Default_C' with ClassGeneratedBy '/Game/StarterContent/Maps/Minimal_Default.Minimal_Default:PersistentLevel.Minimal_Default'
[2017.07.14-17.08.38:292][764]LogBlueprintUserMessages: Early EndPlayMap Detection: Level '/Game/StarterContent/Maps/Minimal_Default.Minimal_Default:PersistentLevel' has LevelScriptBlueprint '/Game/StarterContent/Maps/Minimal_Default.Minimal_Default:PersistentLevel.Minimal_Default' with GeneratedClass '/Game/StarterContent/Maps/Minimal_Default.Minimal_Default_C' with ClassGeneratedBy '/Game/StarterContent/Maps/Minimal_Default.Minimal_Default:PersistentLevel.Minimal_Default'
[2017.07.14-17.08.38:332][764]LogBlueprintUserMessages: Late EndPlayMap Detection: Level '/Game/StarterContent/Maps/Minimal_Default.Minimal_Default:PersistentLevel' has LevelScriptBlueprint '/Game/StarterContent/Maps/Minimal_Default.Minimal_Default:PersistentLevel.Minimal_Default' with GeneratedClass '/Game/StarterContent/Maps/Minimal_Default.Minimal_Default_C' with ClassGeneratedBy '/Game/StarterContent/Maps/Minimal_Default.Minimal_Default:PersistentLevel.Minimal_Default'
[2017.07.14-17.08.44:262][448]LogEditorViewport: Clicking on Actor (LMB): StaticMeshActor (Sphere)
[2017.07.14-17.09.06:917][498]Cmd: QUIT_EDITOR
[2017.07.14-17.09.08:161][498]LogWindowsTextInputMethodSystem:Display: IME system now deactivated.
[2017.07.14-17.09.08:161][498]LogWindowsTextInputMethodSystem:Display: IME system now deactivated.
[2017.07.14-17.09.08:281][498]LogExit: Preparing to exit.
[2017.07.14-17.09.09:034][498]LogExit: Editor shut down
[2017.07.14-17.09.09:034][498]LogExit: Transaction tracking system shut down
[2017.07.14-17.09.11:952][498]LogObj: Freed 0b from 0 cluster array pools.
[2017.07.14-17.09.11:952][498]LogExit: Object subsystem successfully closed.
[2017.07.14-17.09.12:430][498]LogD3D11RHI: Shutdown
[2017.07.14-17.09.12:430][498]LogD3D11RHI: CleanupD3DDevice
[2017.07.14-17.09.12:555][498]LogD3D11RHI: ~FD3D11DynamicRHI
[2017.07.14-17.09.12:640][498]LogDerivedDataCache: Shutdown
[2017.07.14-17.09.13:242][498]LogModuleManager: Shutting down and abandoning module BlueprintGraph (206)
[2017.07.14-17.09.13:242][498]LogModuleManager: Shutting down and abandoning module MovieSceneCapture (205)
[2017.07.14-17.09.13:253][498]LogModuleManager: Shutting down and abandoning module HierarchicalLODOutliner (204)
[2017.07.14-17.09.13:254][498]LogModuleManager: Shutting down and abandoning module CrashTracker (203)
[2017.07.14-17.09.13:254][498]LogModuleManager: Shutting down and abandoning module SceneOutliner (202)
[2017.07.14-17.09.13:270][498]LogModuleManager: Shutting down and abandoning module SuperSearch (201)
[2017.07.14-17.09.13:270][498]LogModuleManager: Shutting down and abandoning module WidgetCarousel (200)
[2017.07.14-17.09.13:270][498]LogModuleManager: Shutting down and abandoning module AddContentDialog (199)
[2017.07.14-17.09.13:287][498]LogModuleManager: Shutting down and abandoning module GameplayTags (198)
[2017.07.14-17.09.13:288][498]LogModuleManager: Shutting down and abandoning module EditorWidgets (197)
[2017.07.14-17.09.13:288][498]LogModuleManager: Shutting down and abandoning module CollectionManager (196)
[2017.07.14-17.09.13:302][498]LogModuleManager: Shutting down and abandoning module StatsViewer (195)
[2017.07.14-17.09.13:303][498]LogModuleManager: Shutting down and abandoning module FoliageEdit (194)
[2017.07.14-17.09.13:303][498]LogModuleManager: Shutting down and abandoning module LandscapeEditor (193)
[2017.07.14-17.09.13:312][498]LogModuleManager: Shutting down and abandoning module ActorPickerMode (192)
[2017.07.14-17.09.13:312][498]LogModuleManager: Shutting down and abandoning module GeometryMode (191)
[2017.07.14-17.09.13:312][498]LogModuleManager: Shutting down and abandoning module TextureAlignMode (190)
[2017.07.14-17.09.13:312][498]LogModuleManager: Shutting down and abandoning module BspMode (189)
[2017.07.14-17.09.13:312][498]LogModuleManager: Shutting down and abandoning module PlacementMode (188)
[2017.07.14-17.09.13:312][498]LogModuleManager: Shutting down and abandoning module AutomationWorker (187)
[2017.07.14-17.09.13:312][498]LogModuleManager: Shutting down and abandoning module CharacterAI (186)
[2017.07.14-17.09.13:312][498]LogModuleManager: Shutting down and abandoning module SmartSnapping (185)
[2017.07.14-17.09.13:312][498]LogModuleManager: Shutting down and abandoning module ViewportSnapping (184)
[2017.07.14-17.09.13:312][498]LogModuleManager: Shutting down and abandoning module LogVisualizer (183)
[2017.07.14-17.09.13:339][498]LogModuleManager: Shutting down and abandoning module GameProjectGeneration (182)
[2017.07.14-17.09.13:348][498]LogModuleManager: Shutting down and abandoning module IntroTutorials (181)
[2017.07.14-17.09.13:361][498]LogModuleManager: Shutting down and abandoning module EditorLiveStreaming (180)
[2017.07.14-17.09.13:361][498]LogModuleManager: Shutting down and abandoning module IOSPlatformEditor (179)
[2017.07.14-17.09.13:378][498]LogModuleManager: Shutting down and abandoning module HTML5PlatformEditor (178)
[2017.07.14-17.09.13:379][498]LogModuleManager: Shutting down and abandoning module AndroidDeviceDetection (177)
[2017.07.14-17.09.14:211][498]LogModuleManager: Shutting down and abandoning module AndroidPlatformEditor (176)
[2017.07.14-17.09.14:211][498]LogModuleManager: Shutting down and abandoning module IOSRuntimeSettings (175)
[2017.07.14-17.09.14:211][498]LogModuleManager: Shutting down and abandoning module AndroidRuntimeSettings (174)
[2017.07.14-17.09.14:211][498]LogModuleManager: Shutting down and abandoning module MergeActors (173)
[2017.07.14-17.09.14:240][498]LogModuleManager: Shutting down and abandoning module SizeMap (172)
[2017.07.14-17.09.14:253][498]LogModuleManager: Shutting down and abandoning module TreeMap (171)
[2017.07.14-17.09.14:276][498]LogModuleManager: Shutting down and abandoning module ReferenceViewer (170)
[2017.07.14-17.09.14:287][498]LogModuleManager: Shutting down and abandoning module LocalizationService (169)
[2017.07.14-17.09.14:303][498]LogModuleManager: Shutting down and abandoning module LocalizationDashboard (168)
[2017.07.14-17.09.14:328][498]LogModuleManager: Shutting down and abandoning module HardwareTargeting (167)
[2017.07.14-17.09.14:328][498]LogModuleManager: Shutting down and abandoning module DeviceProfileEditor (166)
[2017.07.14-17.09.14:355][498]LogModuleManager: Shutting down and abandoning module UndoHistory (165)
[2017.07.14-17.09.14:366][498]LogModuleManager: Shutting down and abandoning module UserFeedback (164)
[2017.07.14-17.09.14:366][498]LogModuleManager: Shutting down and abandoning module XmlParser (163)
[2017.07.14-17.09.14:390][498]LogModuleManager: Shutting down and abandoning module Blutility (162)
[2017.07.14-17.09.14:408][498]LogModuleManager: Shutting down and abandoning module ProjectTargetPlatformEditor (161)
[2017.07.14-17.09.14:408][498]LogModuleManager: Shutting down and abandoning module ProjectSettingsViewer (160)
[2017.07.14-17.09.14:408][498]LogModuleManager: Shutting down and abandoning module InputBindingEditor (159)
[2017.07.14-17.09.14:441][498]LogModuleManager: Shutting down and abandoning module EditorSettingsViewer (158)
[2017.07.14-17.09.14:441][498]LogModuleManager: Shutting down and abandoning module SettingsEditor (157)
[2017.07.14-17.09.14:472][498]LogModuleManager: Shutting down and abandoning module ProjectLauncher (156)
[2017.07.14-17.09.14:509][498]LogModuleManager: Shutting down and abandoning module SessionFrontend (155)
[2017.07.14-17.09.14:527][498]LogModuleManager: Shutting down and abandoning module ProfilerClient (154)
[2017.07.14-17.09.14:539][498]LogModuleManager: Shutting down and abandoning module TargetDeviceServices (153)
[2017.07.14-17.09.14:562][498]LogModuleManager: Shutting down and abandoning module DeviceManager (152)
[2017.07.14-17.09.14:610][498]LogModuleManager: Shutting down and abandoning module AutomationController (151)
[2017.07.14-17.09.14:628][498]LogModuleManager: Shutting down and abandoning module AutomationWindow (150)
[2017.07.14-17.09.14:640][498]LogModuleManager: Shutting down and abandoning module Layers (149)
[2017.07.14-17.09.14:665][498]LogModuleManager: Shutting down and abandoning module ComponentVisualizers (148)
[2017.07.14-17.09.14:666][498]LogModuleManager: Shutting down and abandoning module DetailCustomizations (147)
[2017.07.14-17.09.14:676][498]LogModuleManager: Shutting down and abandoning module PackagesDialog (146)
[2017.07.14-17.09.14:676][498]LogModuleManager: Shutting down and abandoning module Persona (145)
[2017.07.14-17.09.14:705][498]LogModuleManager: Shutting down and abandoning module Kismet (144)
[2017.07.14-17.09.14:736][498]LogModuleManager: Shutting down and abandoning module GraphEditor (143)
[2017.07.14-17.09.14:736][498]LogModuleManager: Shutting down and abandoning module ClassViewer (142)
[2017.07.14-17.09.14:767][498]LogModuleManager: Shutting down and abandoning module Toolbox (141)
[2017.07.14-17.09.14:788][498]LogModuleManager: Shutting down and abandoning module ModuleUI (140)
[2017.07.14-17.09.14:814][498]LogModuleManager: Shutting down and abandoning module MovieSceneTools (139)
[2017.07.14-17.09.14:841][498]LogModuleManager: Shutting down and abandoning module OutputLog (138)
[2017.07.14-17.09.14:877][498]LogModuleManager: Shutting down and abandoning module GammaUI (137)
[2017.07.14-17.09.14:892][498]LogModuleManager: Shutting down and abandoning module Documentation (136)
[2017.07.14-17.09.14:892][498]LogModuleManager: Shutting down and abandoning module StreamingPauseRendering (135)
[2017.07.14-17.09.14:892][498]LogModuleManager: Shutting down and abandoning module AnalyticsET (134)
[2017.07.14-17.09.14:892][498]LogModuleManager: Shutting down and abandoning module Analytics (133)
[2017.07.14-17.09.14:892][498]LogModuleManager: Shutting down and abandoning module PortalServices (132)
[2017.07.14-17.09.14:892][498]LogModuleManager: Shutting down and abandoning module PortalRpc (131)
[2017.07.14-17.09.14:892][498]LogModuleManager: Shutting down and abandoning module MessagingRpc (130)
[2017.07.14-17.09.14:892][498]LogModuleManager: Shutting down and abandoning module AITestSuite (129)
[2017.07.14-17.09.14:898][498]LogModuleManager: Shutting down and abandoning module GameplayDebugger (128)
[2017.07.14-17.09.14:898][498]LogModuleManager: Shutting down and abandoning module AIModule (127)
[2017.07.14-17.09.14:898][498]LogModuleManager: Shutting down and abandoning module ProfilerService (126)
[2017.07.14-17.09.14:987][498]LogModuleManager: Shutting down and abandoning module TaskGraph (125)
[2017.07.14-17.09.15:100][498]LogModuleManager: Shutting down and abandoning module SlateRemote (124)
[2017.07.14-17.09.15:100][498]LogModuleManager: Shutting down and abandoning module SteamVRController (123)
[2017.07.14-17.09.15:100][498]LogModuleManager: Shutting down and abandoning module SteamVR (122)
[2017.07.14-17.09.15:100][498]LogModuleManager: Shutting down and abandoning module ProceduralMeshComponent (121)
[2017.07.14-17.09.15:100][498]LogModuleManager: Shutting down and abandoning module OculusLibrary (120)
[2017.07.14-17.09.15:100][498]LogModuleManager: Shutting down and abandoning module OculusInput (119)
[2017.07.14-17.09.15:100][498]LogModuleManager: Shutting down and abandoning module CustomMeshComponent (118)
[2017.07.14-17.09.15:100][498]LogModuleManager: Shutting down and abandoning module CableComponent (117)
[2017.07.14-17.09.15:100][498]LogModuleManager: Shutting down and abandoning module ArchVisCharacter (116)
[2017.07.14-17.09.15:100][498]LogModuleManager: Shutting down and abandoning module MediaPlayerEditor (115)
[2017.07.14-17.09.15:187][498]LogModuleManager: Shutting down and abandoning module HTML5Networking (114)
[2017.07.14-17.09.15:187][498]LogModuleManager: Shutting down and abandoning module SpeedTreeImporter (113)
[2017.07.14-17.09.15:187][498]LogModuleManager: Shutting down and abandoning module PluginBrowser (112)
[2017.07.14-17.09.15:257][498]LogModuleManager: Shutting down and abandoning module EpicSurvey (111)
[2017.07.14-17.09.15:265][498]LogModuleManager: Shutting down and abandoning module DesktopPlatform (110)
[2017.07.14-17.09.15:280][498]LogModuleManager: Shutting down and abandoning module VisualStudioSourceCodeAccess (109)
[2017.07.14-17.09.15:300][498]LogModuleManager: Shutting down and abandoning module UObjectPlugin (108)
[2017.07.14-17.09.15:300][498]LogModuleManager: Shutting down and abandoning module SubversionSourceControl (107)
[2017.07.14-17.09.15:353][498]LogModuleManager: Shutting down and abandoning module PerforceSourceControl (106)
[2017.07.14-17.09.15:365][498]LogModuleManager: Shutting down and abandoning module SourceControl (105)
[2017.07.14-17.09.15:394][498]LogModuleManager: Shutting down and abandoning module GitSourceControl (104)
[2017.07.14-17.09.15:405][498]LogModuleManager: Shutting down and abandoning module LightPropagationVolumeEditor (103)
[2017.07.14-17.09.15:405][498]LogModuleManager: Shutting down and abandoning module PaperTiledImporter (102)
[2017.07.14-17.09.15:417][498]LogModuleManager: Shutting down and abandoning module PaperSpriteSheetImporter (101)
[2017.07.14-17.09.15:417][498]LogModuleManager: Shutting down and abandoning module MeshPaint (100)
[2017.07.14-17.09.15:441][498]LogModuleManager: Shutting down and abandoning module HotReload (99)
[2017.07.14-17.09.15:461][498]LogModuleManager: Shutting down and abandoning module MainFrame (98)
[2017.07.14-17.09.15:461][498]LogModuleManager: Shutting down and abandoning module LevelEditor (97)
[2017.07.14-17.09.15:462][498]LogModuleManager: Shutting down and abandoning module DirectoryWatcher (96)
[2017.07.14-17.09.15:464][498]LogModuleManager: Shutting down and abandoning module AssetRegistry (95)
[2017.07.14-17.09.15:572][498]LogModuleManager: Shutting down and abandoning module ContentBrowser (94)
[2017.07.14-17.09.15:573][498]LogModuleManager: Shutting down and abandoning module Paper2DEditor (93)
[2017.07.14-17.09.15:596][498]LogModuleManager: Shutting down and abandoning module UdpMessaging (92)
[2017.07.14-17.09.15:697][498]LogModuleManager: Shutting down and abandoning module LightPropagationVolumeRuntime (91)
[2017.07.14-17.09.15:697][498]LogModuleManager: Shutting down and abandoning module Paper2D (90)
[2017.07.14-17.09.15:730][498]LogModuleManager: Shutting down and abandoning module WindowsMoviePlayer (89)
[2017.07.14-17.09.15:747][498]LogModuleManager: Shutting down and abandoning module Media (88)
[2017.07.14-17.09.15:747][498]LogModuleManager: Shutting down and abandoning module WmfMedia (87)
[2017.07.14-17.09.15:756][498]LogModuleManager: Shutting down and abandoning module MediaAssets (86)
[2017.07.14-17.09.15:756][498]LogModuleManager: Shutting down and abandoning module GameLiveStreaming (85)
[2017.07.14-17.09.15:756][498]LogModuleManager: Shutting down and abandoning module GameplayTagsEditor (84)
[2017.07.14-17.09.15:756][498]LogModuleManager: Shutting down and abandoning module OnlineBlueprintSupport (83)
[2017.07.14-17.09.15:756][498]LogModuleManager: Shutting down and abandoning module GameplayTasksEditor (82)
[2017.07.14-17.09.15:756][498]LogModuleManager: Shutting down and abandoning module PropertyEditor (81)
[2017.07.14-17.09.15:756][498]LogModuleManager: Shutting down and abandoning module BehaviorTreeEditor (80)
[2017.07.14-17.09.15:800][498]LogModuleManager: Shutting down and abandoning module FunctionalTesting (79)
[2017.07.14-17.09.15:800][498]LogModuleManager: Shutting down and abandoning module CollisionAnalyzer (78)
[2017.07.14-17.09.15:811][498]LogModuleManager: Shutting down and abandoning module WorkspaceMenuStructure (77)
[2017.07.14-17.09.15:811][498]LogModuleManager: Shutting down and abandoning module MessageLog (76)
[2017.07.14-17.09.15:811][498]LogModuleManager: Shutting down and abandoning module Sequencer (75)
[2017.07.14-17.09.15:829][498]LogModuleManager: Shutting down and abandoning module AssetTools (74)
[2017.07.14-17.09.15:886][498]LogModuleManager: Shutting down and abandoning module UMGEditor (73)
[2017.07.14-17.09.15:955][498]LogModuleManager: Shutting down and abandoning module UMG (72)
[2017.07.14-17.09.15:998][498]LogModuleManager: Shutting down and abandoning module SlateReflector (71)
[2017.07.14-17.09.16:098][498]LogModuleManager: Shutting down and abandoning module Slate (70)
[2017.07.14-17.09.16:098][498]LogModuleManager: Shutting down and abandoning module EditorStyle (69)
[2017.07.14-17.09.16:100][498]LogModuleManager: Shutting down and abandoning module SessionServices (68)
[2017.07.14-17.09.16:100][498]LogModuleManager: Shutting down and abandoning module SourceCodeAccess (67)
[2017.07.14-17.09.16:100][498]LogModuleManager: Shutting down and abandoning module HeadMountedDisplay (66)
[2017.07.14-17.09.16:100][498]LogModuleManager: Shutting down and abandoning module XAudio2 (65)
[2017.07.14-17.09.16:100][498]LogModuleManager: Shutting down and abandoning module Networking (63)
[2017.07.14-17.09.16:100][498]LogModuleManager: Shutting down and abandoning module Core (62)
[2017.07.14-17.09.16:100][498]LogModuleManager: Shutting down and abandoning module KismetCompiler (61)
[2017.07.14-17.09.16:124][498]LogModuleManager: Shutting down and abandoning module PhysXFormats (60)
[2017.07.14-17.09.16:140][498]LogModuleManager: Shutting down and abandoning module MeshUtilities (59)
[2017.07.14-17.09.16:141][498]LogModuleManager: Shutting down and abandoning module CookingStats (58)
[2017.07.14-17.09.16:141][498]LogModuleManager: Shutting down and abandoning module DerivedDataCache (57)
[2017.07.14-17.09.16:141][498]LogDerivedDataCache: Shutdown
[2017.07.14-17.09.16:141][498]LogModuleManager: Shutting down and abandoning module ShaderFormatOpenGL (56)
[2017.07.14-17.09.16:171][498]LogModuleManager: Shutting down and abandoning module ShaderFormatD3D (55)
[2017.07.14-17.09.16:171][498]LogModuleManager: Shutting down and abandoning module MetalShaderFormat (54)
[2017.07.14-17.09.16:181][498]LogModuleManager: Shutting down and abandoning module TextureFormatUncompressed (53)
[2017.07.14-17.09.16:181][498]LogModuleManager: Shutting down and abandoning module TextureFormatPVR (52)
[2017.07.14-17.09.16:181][498]LogModuleManager: Shutting down and abandoning module TextureFormatIntelISPCTexComp (51)
[2017.07.14-17.09.16:181][498]LogModuleManager: Shutting down and abandoning module TextureFormatDXT (50)
[2017.07.14-17.09.16:181][498]LogModuleManager: Shutting down and abandoning module ImageWrapper (49)
[2017.07.14-17.09.16:181][498]LogModuleManager: Shutting down and abandoning module TextureFormatASTC (48)
[2017.07.14-17.09.16:181][498]LogModuleManager: Shutting down and abandoning module TextureFormatAndroid (47)
[2017.07.14-17.09.16:181][498]LogModuleManager: Shutting down and abandoning module AudioFormatOpus (46)
[2017.07.14-17.09.16:206][498]LogModuleManager: Shutting down and abandoning module AudioFormatOgg (45)
[2017.07.14-17.09.16:206][498]LogModuleManager: Shutting down and abandoning module AudioFormatADPCM (44)
[2017.07.14-17.09.16:206][498]LogModuleManager: Shutting down and abandoning module LinuxTargetPlatform (43)
[2017.07.14-17.09.16:206][498]LogModuleManager: Shutting down and abandoning module LinuxServerTargetPlatform (42)
[2017.07.14-17.09.16:206][498]LogModuleManager: Shutting down and abandoning module LinuxNoEditorTargetPlatform (41)
[2017.07.14-17.09.16:206][498]LogModuleManager: Shutting down and abandoning module TVOSTargetPlatform (40)
[2017.07.14-17.09.16:206][498]LogModuleManager: Shutting down and abandoning module Messaging (39)
[2017.07.14-17.09.16:206][498]LogModuleManager: Shutting down and abandoning module IOSTargetPlatform (38)
[2017.07.14-17.09.16:206][498]LogModuleManager: Shutting down and abandoning module HTML5TargetPlatform (37)
[2017.07.14-17.09.16:206][498]LogModuleManager: Shutting down and abandoning module Android_PVRTCTargetPlatform (36)
[2017.07.14-17.09.16:206][498]LogModuleManager: Shutting down and abandoning module Android_MultiTargetPlatform (35)
[2017.07.14-17.09.16:220][498]LogModuleManager: Shutting down and abandoning module Android_ETC2TargetPlatform (34)
[2017.07.14-17.09.16:220][498]LogModuleManager: Shutting down and abandoning module Android_ETC1TargetPlatform (33)
[2017.07.14-17.09.16:220][498]LogModuleManager: Shutting down and abandoning module Android_DXTTargetPlatform (32)
[2017.07.14-17.09.16:220][498]LogModuleManager: Shutting down and abandoning module Android_ATCTargetPlatform (31)
[2017.07.14-17.09.16:220][498]LogModuleManager: Shutting down and abandoning module Android_ASTCTargetPlatform (30)
[2017.07.14-17.09.16:220][498]LogModuleManager: Shutting down and abandoning module AndroidTargetPlatform (29)
[2017.07.14-17.09.16:220][498]LogModuleManager: Shutting down and abandoning module WindowsTargetPlatform (28)
[2017.07.14-17.09.16:220][498]LogModuleManager: Shutting down and abandoning module WindowsServerTargetPlatform (27)
[2017.07.14-17.09.16:221][498]LogModuleManager: Shutting down and abandoning module WindowsNoEditorTargetPlatform (26)
[2017.07.14-17.09.16:221][498]LogModuleManager: Shutting down and abandoning module WindowsClientTargetPlatform (25)
[2017.07.14-17.09.16:221][498]LogModuleManager: Shutting down and abandoning module AllDesktopTargetPlatform (24)
[2017.07.14-17.09.16:221][498]LogModuleManager: Shutting down and abandoning module TargetPlatform (23)
[2017.07.14-17.09.16:221][498]LogModuleManager: Shutting down and abandoning module InputCore (22)
[2017.07.14-17.09.16:221][498]LogModuleManager: Shutting down and abandoning module Settings (21)
[2017.07.14-17.09.16:221][498]LogModuleManager: Shutting down and abandoning module OnlineSubsystem (19)
[2017.07.14-17.09.16:221][498]LogModuleManager: Shutting down and abandoning module HTTP (18)
[2017.07.14-17.09.17:222][498]LogModuleManager: Shutting down and abandoning module XMPP (17)
[2017.07.14-17.09.17:223][498]LogModuleManager: Shutting down and abandoning module OculusRift (16)
[2017.07.14-17.09.17:249][498]LogModuleManager: Shutting down and abandoning module ExampleDeviceProfileSelector (15)
[2017.07.14-17.09.17:249][498]LogModuleManager: Shutting down and abandoning module TextureCompressor (14)
[2017.07.14-17.09.17:250][498]LogModuleManager: Shutting down and abandoning module ShaderCore (13)
[2017.07.14-17.09.17:250][498]LogModuleManager: Shutting down and abandoning module Landscape (12)
[2017.07.14-17.09.17:250][498]LogModuleManager: Shutting down and abandoning module SlateRHIRenderer (11)
[2017.07.14-17.09.17:257][498]LogModuleManager: Shutting down and abandoning module OpenGLDrv (10)
[2017.07.14-17.09.17:270][498]LogModuleManager: Shutting down and abandoning module D3D11RHI (9)
[2017.07.14-17.09.17:270][498]LogModuleManager: Shutting down and abandoning module AnimGraphRuntime (8)
[2017.07.14-17.09.17:270][498]LogModuleManager: Shutting down and abandoning module Renderer (7)
[2017.07.14-17.09.17:270][498]LogModuleManager: Shutting down and abandoning module Engine (6)
[2017.07.14-17.09.17:270][498]LogModuleManager: Shutting down and abandoning module CoreUObject (5)
[2017.07.14-17.09.17:270][498]LogModuleManager: Shutting down and abandoning module NetworkFile (4)
[2017.07.14-17.09.17:280][498]LogModuleManager: Shutting down and abandoning module StreamingFile (3)
[2017.07.14-17.09.17:280][498]LogModuleManager: Shutting down and abandoning module SandboxFile (2)
[2017.07.14-17.09.17:280][498]LogModuleManager: Shutting down and abandoning module PakFile (1)
[2017.07.14-17.09.17:294][498]LogExit: Exiting.
[2017.07.14-17.09.17:310][498]Log file closed, 07/14/17 19:09:17
