Log file open, 07/16/17 21:01:21
LogInit:Display: Running engine for game: MyProject10
LogPlatformFile: Not using cached read wrapper
LogInit:Display: RandInit(-230578006) SRandInit(-230578006).
LogTaskGraph: Started task graph with 5 named threads and 8 total threads with 1 sets of task threads.
LogStats: Stats thread started at 0.067669
LogInit: Using libcurl 7.47.1
LogInit:  - built for x86_64-pc-win32
LogInit:  - supports SSL with OpenSSL/1.0.2g
LogInit:  - supports HTTP deflate (compression) using libz 1.2.8
LogInit:  - other features:
LogInit:      CURL_VERSION_SSL
LogInit:      CURL_VERSION_LIBZ
LogInit:      CURL_VERSION_IPV6
LogInit:      CURL_VERSION_ASYNCHDNS
LogInit:      CURL_VERSION_LARGEFILE
LogInit:      CURL_VERSION_IDN
LogInit:  CurlRequestOptions (configurable via config and command line):
LogInit:  - bVerifyPeer = false  - Libcurl will NOT verify peer certificate
LogInit:  - bUseHttpProxy = false  - Libcurl will NOT use HTTP proxy
LogInit:  - bDontReuseConnections = false  - Libcurl will reuse connections
LogInit:  - CertBundlePath = nullptr  - Libcurl will use whatever was configured at build time.
LogInit: Build: ++UE4+Release-4.15-CL-3450819
LogInit: Engine Version: 4.15.3-3450819+++UE4+Release-4.15
LogInit: Compatible Engine Version: 4.15.0-3299760+++UE4+Release-4.15
LogInit: Net CL: 3299760
LogDevObjectVersion: Number of dev versions registered: 14
LogDevObjectVersion:   Dev-Blueprints (B0D832E4-1F89-4F0D-ACCF-7EB736FD4AA2): 8
LogDevObjectVersion:   Dev-Build (E1C64328-A22C-4D53-A36C-8E866417BD8C): 0
LogDevObjectVersion:   Dev-Core (375EC13C-06E4-48FB-B500-84F0262A717E): 2
LogDevObjectVersion:   Dev-Editor (E4B068ED-F494-42E9-A231-DA0B2E46BB41): 14
LogDevObjectVersion:   Dev-Framework (CFFC743F-43B0-4480-9391-14DF171D2073): 22
LogDevObjectVersion:   Dev-Mobile (B02B49B5-BB20-44E9-A304-32B752E40360): 0
LogDevObjectVersion:   Dev-Networking (A4E4105C-59A1-49B5-A7C5-40C4547EDFEE): 0
LogDevObjectVersion:   Dev-Online (39C831C9-5AE6-47DC-9A44-9C173E1C8E7C): 0
LogDevObjectVersion:   Dev-Physics (78F01B33-EBEA-4F98-B9B4-84EACCB95AA2): 0
LogDevObjectVersion:   Dev-Platform (6631380F-2D4D-43E0-8009-CF276956A95A): 0
LogDevObjectVersion:   Dev-Rendering (12F88B9F-8875-4AFC-A67C-D90C383ABD29): 12
LogDevObjectVersion:   Dev-Sequencer (7B5AE74C-D270-4C10-A958-57980B212A5A): 3
LogDevObjectVersion:   Dev-VR (D7296918-1DD6-4BDD-9DE2-64A83CC13884): 0
LogDevObjectVersion:   Dev-LoadTimes (C2A15278-BFE7-4AFE-6C17-90FF531DF755): 1
LogInit: Compiled (64-bit): May 21 2017 11:02:34
LogInit: Compiled with Visual C++: 19.00.23026.00
LogInit: Build Configuration: Development
LogInit: Branch Name: ++UE4+Release-4.15
LogInit: Command line:  
LogInit: Base directory: C:/Program Files/Epic Games/UE_4.15/Engine/Binaries/Win64/
LogInit: Installed Engine Build: 1
LogInit: Presizing for max 8388607 objects, including 0 objects not considered by GC, pre-allocating 0 bytes for permanent pool.
LogInit: Object subsystem initialized
[2017.07.16-19.01.21:902][  0]LogInit: Selected Device Profile: [Windows]
[2017.07.16-19.01.21:902][  0]LogInit: Applying CVar settings loaded from the selected device profile: [Windows]
[2017.07.16-19.01.21:912][  0]LogInit: Computer: DESKTOP-HV9N5NT
[2017.07.16-19.01.21:912][  0]LogInit: User: DennisLöfgren
[2017.07.16-19.01.21:912][  0]LogInit: CPU Page size=65536, Cores=4
[2017.07.16-19.01.21:912][  0]LogInit: High frequency timer resolution =3.914065 MHz
[2017.07.16-19.01.21:912][  0]LogMemory: Memory total: Physical=15.9GB (16GB approx)
[2017.07.16-19.01.21:912][  0]LogMemory: Platform Memory Stats for Windows
[2017.07.16-19.01.21:912][  0]LogMemory: Process Physical Memory: 263.80 MB used, 263.80 MB peak
[2017.07.16-19.01.21:912][  0]LogMemory: Process Virtual Memory: 262.20 MB used, 262.20 MB peak
[2017.07.16-19.01.21:912][  0]LogMemory: Physical Memory: 8063.14 MB used,  8248.23 MB free, 16311.37 MB total
[2017.07.16-19.01.21:912][  0]LogMemory: Virtual Memory: 644.82 MB used,  8248.23 MB free, 134217728.00 MB total
[2017.07.16-19.01.21:979][  0]LogTextLocalizationManager: No translations for ('sv-SE') exist, falling back to 'en' for localization and internationalization data.
[2017.07.16-19.01.22:465][  0]LogD3D11RHI: D3D11 adapters:
[2017.07.16-19.01.22:934][  0]LogD3D11RHI:    0. 'NVIDIA GeForce GTX 970' (Feature Level 11_0)
[2017.07.16-19.01.22:934][  0]LogD3D11RHI:       4059/0/8155 MB DedicatedVideo/DedicatedSystem/SharedSystem, Outputs:2, VendorId:0x10de
[2017.07.16-19.01.22:935][  0]LogD3D11RHI:    1. 'Microsoft Basic Render Driver' (Feature Level 11_0)
[2017.07.16-19.01.22:935][  0]LogD3D11RHI:       0/0/8155 MB DedicatedVideo/DedicatedSystem/SharedSystem, Outputs:0, VendorId:0x1414
[2017.07.16-19.01.22:935][  0]LogD3D11RHI: Chosen D3D11 Adapter: 0
[2017.07.16-19.01.22:942][  0]LogD3D11RHI: Creating new Direct3DDevice
[2017.07.16-19.01.22:942][  0]LogD3D11RHI:     GPU DeviceId: 0x13c2 (for the marketing name, search the web for "GPU Device Id")
[2017.07.16-19.01.22:942][  0]LogWindows: EnumDisplayDevices:
[2017.07.16-19.01.22:942][  0]LogWindows:    0. 'NVIDIA GeForce GTX 970' (P:1 D:1)
[2017.07.16-19.01.22:943][  0]LogWindows:    1. 'NVIDIA GeForce GTX 970' (P:0 D:1)
[2017.07.16-19.01.22:943][  0]LogWindows:    2. 'NVIDIA GeForce GTX 970' (P:0 D:0)
[2017.07.16-19.01.22:943][  0]LogWindows:    3. 'NVIDIA GeForce GTX 970' (P:0 D:0)
[2017.07.16-19.01.22:943][  0]LogWindows: DebugString: FoundDriverCount:4 
[2017.07.16-19.01.22:943][  0]LogD3D11RHI:     Adapter Name: NVIDIA GeForce GTX 970
[2017.07.16-19.01.22:943][  0]LogD3D11RHI:   Driver Version: 382.53 (internal:22.21.13.8253, unified:382.53)
[2017.07.16-19.01.22:943][  0]LogD3D11RHI:      Driver Date: 6-7-2017
[2017.07.16-19.01.22:943][  0]LogRHI: Texture pool is 1361 MB (70% of 1945 MB)
[2017.07.16-19.01.23:391][  0]LogD3D11RHI: Async texture creation enabled
[2017.07.16-19.01.23:421][  0]LogD3D11RHI: GPU Timing Frequency: 1000.000000 (Debug: 2 1)
[2017.07.16-19.01.23:423][  0]LogShaderCompilers: Guid format shader working directory is -43 characters bigger than the processId version (../../../../../../Users/Dennis Löfgren/Documents/Unreal Projects/DO_GameJam/DO_GameJam/GameFolder/Intermediate/Shaders/WorkingDirectory/14180/).
[2017.07.16-19.01.23:423][  0]LogShaderCompilers: Cleaned the shader compiler working directory 'C:/Users/Dennis Löfgren/AppData/Local/Temp/UnrealShaderWorkingDir/B29A2150410DB5B9E8FCF0A7F4FC2D69/'.
[2017.07.16-19.01.23:423][  0]LogShaderCompilers:Display: Using Local Shader Compiler.
[2017.07.16-19.01.24:193][  0]LogTemp:Display: Loaded TP AllDesktopTargetPlatform
[2017.07.16-19.01.24:237][  0]LogTemp:Display: Loaded TP MacClientTargetPlatform
[2017.07.16-19.01.24:277][  0]LogTemp:Display: Loaded TP MacNoEditorTargetPlatform
[2017.07.16-19.01.24:320][  0]LogTemp:Display: Loaded TP MacServerTargetPlatform
[2017.07.16-19.01.24:360][  0]LogTemp:Display: Loaded TP MacTargetPlatform
[2017.07.16-19.01.24:400][  0]LogTemp:Display: Loaded TP WindowsClientTargetPlatform
[2017.07.16-19.01.24:441][  0]LogTemp:Display: Loaded TP WindowsNoEditorTargetPlatform
[2017.07.16-19.01.24:483][  0]LogTemp:Display: Loaded TP WindowsServerTargetPlatform
[2017.07.16-19.01.24:515][  0]LogTemp:Display: Loaded TP WindowsTargetPlatform
[2017.07.16-19.01.24:553][  0]LogTemp:Display: Loaded TP AndroidTargetPlatform
[2017.07.16-19.01.24:604][  0]LogTemp:Display: Loaded TP Android_ASTCTargetPlatform
[2017.07.16-19.01.24:646][  0]LogTemp:Display: Loaded TP Android_ATCTargetPlatform
[2017.07.16-19.01.24:689][  0]LogTemp:Display: Loaded TP Android_DXTTargetPlatform
[2017.07.16-19.01.24:729][  0]LogTemp:Display: Loaded TP Android_ETC1TargetPlatform
[2017.07.16-19.01.24:769][  0]LogTemp:Display: Loaded TP Android_ETC2TargetPlatform
[2017.07.16-19.01.24:850][  0]LogTemp:Display: Loaded TP Android_MultiTargetPlatform
[2017.07.16-19.01.24:850][  0]LogTemp:Display: Loaded TP Android_PVRTCTargetPlatform
[2017.07.16-19.01.24:877][  0]LogTemp:Display: Loaded TP HTML5TargetPlatform
[2017.07.16-19.01.24:951][  0]LogTemp:Display: Loaded TP IOSTargetPlatform
[2017.07.16-19.01.24:978][  0]LogTemp:Display: Loaded TP TVOSTargetPlatform
[2017.07.16-19.01.25:019][  0]LogTemp:Display: Loaded TP LinuxClientTargetPlatform
[2017.07.16-19.01.25:061][  0]LogTemp:Display: Loaded TP LinuxNoEditorTargetPlatform
[2017.07.16-19.01.25:101][  0]LogTemp:Display: Loaded TP LinuxServerTargetPlatform
[2017.07.16-19.01.25:140][  0]LogTemp:Display: Loaded TP LinuxTargetPlatform
[2017.07.16-19.01.25:140][  0]LogTargetPlatformManager:Display: Building Assets For Windows
[2017.07.16-19.01.25:463][  0]LogDerivedDataCache:Display: Max Cache Size: 512 MB
[2017.07.16-19.01.25:501][  0]LogDerivedDataCache: Loaded boot cache 0.04s 50MB C:/Users/Dennis Löfgren/AppData/Local/UnrealEngine/4.15/DerivedDataCache/Boot.ddc.
[2017.07.16-19.01.25:501][  0]LogDerivedDataCache:Display: Loaded Boot cache: C:/Users/Dennis Löfgren/AppData/Local/UnrealEngine/4.15/DerivedDataCache/Boot.ddc
[2017.07.16-19.01.25:501][  0]LogDerivedDataCache: FDerivedDataBackendGraph:  Pak pak cache file ../../../../../../Users/Dennis Löfgren/Documents/Unreal Projects/DO_GameJam/DO_GameJam/GameFolder/DerivedDataCache/DDC.ddp not found, will not use a pak cache.
[2017.07.16-19.01.25:501][  0]LogDerivedDataCache: Unable to find inner node Pak for hierarchical cache Hierarchy.
[2017.07.16-19.01.25:501][  0]LogDerivedDataCache: FDerivedDataBackendGraph:  CompressedPak pak cache file ../../../../../../Users/Dennis Löfgren/Documents/Unreal Projects/DO_GameJam/DO_GameJam/GameFolder/DerivedDataCache/Compressed.ddp not found, will not use a pak cache.
[2017.07.16-19.01.25:501][  0]LogDerivedDataCache: Unable to find inner node CompressedPak for hierarchical cache Hierarchy.
[2017.07.16-19.01.25:516][  0]LogDerivedDataCache:Display: Pak cache opened for reading ../../../Engine/DerivedDataCache/Compressed.ddp.
[2017.07.16-19.01.25:527][  0]LogDerivedDataCache: Using Local data cache path C:/Users/Dennis Löfgren/AppData/Local/UnrealEngine/Common/DerivedDataCache: Writable
[2017.07.16-19.01.25:535][  0]LogSlate: Using Freetype 2.6.0
[2017.07.16-19.01.25:535][  0]LogSlate: SlateFontCache - WITH_FREETYPE: 1, WITH_HARFBUZZ: 1
[2017.07.16-19.01.25:535][  0]LogSlate: SlateFontCache - WITH_FREETYPE: 1, WITH_HARFBUZZ: 1
[2017.07.16-19.01.25:744][  0]LogInit: Selected Device Profile: [Windows]
[2017.07.16-19.01.25:747][  0]LogContentStreaming: Texture pool size is 0.00 MB
[2017.07.16-19.01.25:914][  0]LogMeshUtilities: Using QuadricMeshReduction for automatic static mesh reduction
[2017.07.16-19.01.25:944][  0]LogSimplygon: Simplygon DLL not present - disabling.
[2017.07.16-19.01.25:978][  0]LogMeshUtilities: Using SimplygonSwarm for distributed automatic mesh merging
[2017.07.16-19.01.25:978][  0]LogMeshUtilities: No automatic skeletal mesh reduction module available
[2017.07.16-19.01.25:978][  0]LogMeshUtilities: No automatic mesh merging module available
[2017.07.16-19.01.26:382][  0]LogNetVersion: GetLocalNetworkVersion: CL: 3299760, ProjectName: myproject10, ProjectVersion: , EngineNetworkVersion: 2, GameNetworkVersion: 0, NetworkChecksum: 3577346822
[2017.07.16-19.01.26:420][  0]LogAssetRegistry: FAssetRegistry took 0.0214 seconds to start up
[2017.07.16-19.01.26:448][  0]LogPackageLocalizationCache: Processed 3 localized package path(s) for 1 prioritized culture(s) in 0.011555 seconds
[2017.07.16-19.01.26:453][  0]LogUObjectArray: 32493 objects as part of root set at end of initial load.
[2017.07.16-19.01.26:453][  0]LogUObjectAllocator: 7077024 out of 0 bytes used by permanent object pool.
[2017.07.16-19.01.26:453][  0]LogUObjectArray: CloseDisregardForGC: 0/0 objects in disregard for GC pool
[2017.07.16-19.01.26:498][  0]LogInit: WinSock: version 1.1 (2.2), MaxSocks=32767, MaxUdp=65467
[2017.07.16-19.01.27:745][  0]LogTcpMessaging: Initializing TcpMessaging bridge
[2017.07.16-19.01.27:776][  0]LogUdpMessaging: Initializing bridge on interface 0.0.0.0:0 to multicast group 230.0.0.1:6666.
[2017.07.16-19.01.28:118][  0]LogMaterial: Uniform references updated for custom material expression Custom.
[2017.07.16-19.01.28:389][  0]SourceControl: Info Source control is disabled
[2017.07.16-19.01.28:416][  0]SourceControl: Info Source control is disabled
[2017.07.16-19.01.28:448][  0]SourceControl: Info Source control is disabled
[2017.07.16-19.01.28:479][  0]SourceControl: Info Source control is disabled
[2017.07.16-19.01.29:376][  0]LogEngine: Initializing Engine...
[2017.07.16-19.01.29:376][  0]LogHMD: Failed to initialize OpenVR with code 110
[2017.07.16-19.01.29:459][  0]LogStats: UGameplayTagsManager::ConstructGameplayTagTree: Construct from data asset -  0.000 s
[2017.07.16-19.01.29:459][  0]LogStats: UGameplayTagsManager::ConstructGameplayTagTree: GameplayTagTreeChangedEvent.Broadcast -  0.000 s
[2017.07.16-19.01.29:542][  0]LogAIModule: Creating AISystem for world Untitled
[2017.07.16-19.01.29:549][  0]LogInit: XAudio2 using 'Speakers (Realtek High Definition Audio)' : 2 channels at 48 kHz using 32 bits per sample (channel mask 0x3)
[2017.07.16-19.01.29:560][  0]LogInit: FAudioDevice initialized.
[2017.07.16-19.01.29:580][  0]LogDerivedDataCache: Saved boot cache 0.02s 50MB C:/Users/Dennis Löfgren/AppData/Local/UnrealEngine/4.15/DerivedDataCache/Boot.ddc.
[2017.07.16-19.01.29:587][  0]LogInit: Texture streaming: Enabled
[2017.07.16-19.01.29:653][  0]LogEngineSessionManager: EngineSessionManager initialized
[2017.07.16-19.01.29:717][  0]LogInit: Transaction tracking system initialized
[2017.07.16-19.01.29:963][  0]BlueprintLog: New page: Editor Load
[2017.07.16-19.01.30:607][  0]LocalizationService: Info Localization service is disabled
[2017.07.16-19.01.31:081][  0]LogConsoleResponse:Display: 
[2017.07.16-19.01.31:182][  0]LogCook:Display: Max memory allowance for cook 16384mb min free memory 0mb
[2017.07.16-19.01.31:182][  0]LogCook:Display: Mobile HDR setting 1
[2017.07.16-19.01.31:450][  0]LogFileCache: Scanning file cache for directory 'C:/Users/Dennis Löfgren/Documents/Unreal Projects/DO_GameJam/DO_GameJam/GameFolder/Content/' took 0.01s
[2017.07.16-19.01.31:893][  0]SourceControl: Info Source control is disabled
[2017.07.16-19.01.31:893][  0]Cmd: MAP LOAD FILE="../../../../../../Users/Dennis Löfgren/Documents/Unreal Projects/DO_GameJam/DO_GameJam/GameFolder/Content/Level1.umap" TEMPLATE=0 SHOWPROGRESS=1 FEATURELEVEL=3
[2017.07.16-19.01.31:894][  0]LightingResults: New page: Lighting Build
[2017.07.16-19.01.31:922][  0]MapCheck: New page: Map Check
[2017.07.16-19.01.31:922][  0]LightingResults: New page: Lighting Build
[2017.07.16-19.01.32:231][  0]LogLinker:Warning: Can't find file '/Game/Level1_BuiltData'
[2017.07.16-19.01.32:231][  0]LogLinker:Warning: Can't find file for asset '/Game/Level1_BuiltData' while loading ../../../../../../Users/Dennis Löfgren/Documents/Unreal Projects/DO_GameJam/DO_GameJam/GameFolder/Content/Level1.umap.
[2017.07.16-19.01.32:231][  0]LoadErrors:Error: Error /Game/Level1 : Can't find file for asset. /Game/Level1_BuiltData
[2017.07.16-19.01.32:236][  0]LogLinker:Warning: Can't find file '/Game/Level1_BuiltData'
[2017.07.16-19.01.32:236][  0]LogLinker:Warning: Can't find file for asset '/Game/Level1_BuiltData' while loading ../../../../../../Users/Dennis Löfgren/Documents/Unreal Projects/DO_GameJam/DO_GameJam/GameFolder/Content/Level1.umap.
[2017.07.16-19.01.32:236][  0]LoadErrors:Error: Error /Game/Level1 : Can't find file for asset. /Game/Level1_BuiltData
[2017.07.16-19.01.32:239][  0]LogLinker:Warning: Can't find file '/Game/Level1_BuiltData'
[2017.07.16-19.01.32:239][  0]LogLinker:Warning: Can't find file for asset '/Game/Level1_BuiltData' while loading NULL.
[2017.07.16-19.01.32:239][  0]LogLinker:Warning: Can't find file '/Game/Level1_BuiltData'
[2017.07.16-19.01.32:239][  0]LogLinker:Warning: Can't find file for asset '/Game/Level1_BuiltData' while loading NULL.
[2017.07.16-19.01.32:249][  0]LogLinker:Warning: Can't find file '/Game/Level1_BuiltData'
[2017.07.16-19.01.32:249][  0]LoadErrors: Info Failed to load /Game/Level1_BuiltData.Level1_BuiltData Referenced by PersistentLevel
[2017.07.16-19.01.32:249][  0]LogLinker:Warning: Can't find file for asset '/Game/Level1_BuiltData' while loading NULL.
[2017.07.16-19.01.32:249][  0]LoadErrors: Info Failed to load /Game/Level1_BuiltData.Level1_BuiltData Referenced by PersistentLevel
[2017.07.16-19.01.32:314][  0]LogMaterial: Missing cached shader map for material green, compiling. 
[2017.07.16-19.01.32:315][  0]LogTemp:Display: Added material ShaderMap 0x000001F8D84E6B00 with Material 0x000001F8D2F0CA00 to ShaderMapsBeingCompiled
[2017.07.16-19.01.32:342][  0]LogTemp:Display: Kicking off shader compilation for green, GameThreadShaderMap 0x000001F8D84E6B00
[2017.07.16-19.01.32:537][  0]LogAIModule: Creating AISystem for world Level1
[2017.07.16-19.01.32:569][  0]LogEditorServer: Finished looking for orphan Actors (0.000 secs)
[2017.07.16-19.01.32:569][  0]Cmd: MAP CHECKDEP NOCLEARLOG
[2017.07.16-19.01.32:621][  0]MapCheck: Info Map check complete: 0 Error(s), 0 Warning(s), took 51.477ms to complete.
[2017.07.16-19.01.32:621][  0]LogFileHelpers: Loading map 'Level1' took 0.728
[2017.07.16-19.01.32:697][  0]LogWindowsTextInputMethodSystem:Display: IME system now deactivated.
[2017.07.16-19.01.32:697][  0]LogWindowsTextInputMethodSystem:Display: IME system now deactivated.
[2017.07.16-19.01.32:818][  0]LogCollectionManager: Loaded 0 collections in 0.001526 seconds
[2017.07.16-19.01.32:912][  0]LogFileCache: Scanning file cache for directory 'C:/Users/Dennis Löfgren/Documents/Unreal Projects/DO_GameJam/DO_GameJam/GameFolder/Saved/Collections/' took 0.01s
[2017.07.16-19.01.32:912][  0]LogFileCache: Scanning file cache for directory 'C:/Users/Dennis Löfgren/Documents/Unreal Projects/DO_GameJam/DO_GameJam/GameFolder/Content/Developers/DennisLöfgren/Collections/' took 0.01s
[2017.07.16-19.01.32:912][  0]LogFileCache: Scanning file cache for directory 'C:/Users/Dennis Löfgren/Documents/Unreal Projects/DO_GameJam/DO_GameJam/GameFolder/Content/Collections/' took 0.01s
[2017.07.16-19.01.32:912][  0]LogCollectionManager: Rebuilt the GUID cache for 0 collections in 0.000002 seconds
[2017.07.16-19.01.32:921][  0]LogContentBrowser: Native class hierarchy populated in 0.0087 seconds. Added 2245 classes and 453 folders.
[2017.07.16-19.01.32:996][  0]LogContentBrowser: Native class hierarchy updated for 'WidgetCarousel' in 0.0006 seconds. Added 0 classes and 0 folders.
[2017.07.16-19.01.33:030][  0]LogContentBrowser: Native class hierarchy updated for 'AddContentDialog' in 0.0007 seconds. Added 0 classes and 0 folders.
[2017.07.16-19.01.33:081][  0]LogContentBrowser: Native class hierarchy updated for 'SceneOutliner' in 0.0004 seconds. Added 1 classes and 2 folders.
[2017.07.16-19.01.33:130][  0]LogCrashTracker: Crashtracker disabled due to settings.
[2017.07.16-19.01.33:140][  0]LogUObjectGlobals:Warning: Failed to find object 'Class None.'
[2017.07.16-19.01.33:209][  0]LogContentBrowser: Native class hierarchy updated for 'HierarchicalLODOutliner' in 0.0006 seconds. Added 1 classes and 2 folders.
[2017.07.16-19.01.33:209][  0]LogLoad: (Engine Initialization) Total time: 12.77 seconds
[2017.07.16-19.01.33:209][  0]LogLoad: (Engine Initialization) Total Blueprint compile time: 0.21 seconds
[2017.07.16-19.01.33:209][  0]LogExternalProfiler: No external profilers were discovered.  External profiling features will not be available.
[2017.07.16-19.01.33:220][  0]LogOcInput: OculusInput pre-init called
[2017.07.16-19.01.33:238][  0]LogContentStreaming: Texture pool size now 1000 MB
[2017.07.16-19.01.33:259][  0]LogSlate: Took 0.000325 seconds to synchronously load lazily loaded font '../../../Engine/Content/Slate/Fonts/Roboto-Regular.ttf' (155K)
[2017.07.16-19.01.33:262][  0]LogSlate: Took 0.000210 seconds to synchronously load lazily loaded font '../../../Engine/Content/Slate/Fonts/Roboto-Bold.ttf' (160K)
[2017.07.16-19.01.33:267][  0]LogSlate: Took 0.000139 seconds to synchronously load lazily loaded font '../../../Engine/Content/Editor/Slate/Fonts/FontAwesome.ttf' (139K)
[2017.07.16-19.01.33:438][  0]LogRenderer: Reallocating scene render targets to support 1616x696 NumSamples 1 (Frame:2).
[2017.07.16-19.01.33:505][  0]LogSlate: Took 0.000192 seconds to synchronously load lazily loaded font '../../../Engine/Content/Slate/Fonts/Roboto-Light.ttf' (159K)
[2017.07.16-19.01.33:641][  1]LogAssetRegistry: Asset discovery search completed in 7.2419 seconds
[2017.07.16-19.01.33:641][  1]LogCollectionManager: Rebuilt the object cache for 0 collections in 0.000004 seconds (found 0 objects)
[2017.07.16-19.01.33:641][  1]LogCollectionManager: Fixed up redirectors for 0 collections in 0.000021 seconds (updated 0 objects)
[2017.07.16-19.01.34:241][ 60]LogTemp:Display: Finished compile of shader map 0x000001F8D84E6B00
[2017.07.16-19.01.34:241][ 60]LogTemp:Display: Shader map green complete, GameThreadShaderMap 0x000001F8D84E6B00, marking material green as finished
[2017.07.16-19.01.34:241][ 60]LogTemp:Display: Marking material as finished 0x000001F8D2F0CA00
[2017.07.16-19.01.34:245][ 60]LogSlate: Took 0.000167 seconds to synchronously load lazily loaded font '../../../Engine/Content/Slate/Fonts/Roboto-Light.ttf' (159K)
[2017.07.16-19.02.08:759][451]LogSlate: Took 0.000098 seconds to synchronously load lazily loaded font '../../../Engine/Content/Slate/Fonts/Roboto-Light.ttf' (159K)
[2017.07.16-19.02.08:773][451]LogFactory: FactoryCreateFile: StaticMesh with FbxFactory (0 0 D:/3D Models/Low-Poly-Game-Assets/Assets/scenes/World.fbx)
[2017.07.16-19.02.08:783][451]LogFbx: ItemName: GlobalSettings, ItemCount : 1
[2017.07.16-19.02.08:783][451]LogFbx: ItemName: AnimationStack, ItemCount : 1
[2017.07.16-19.02.08:783][451]LogFbx: ItemName: AnimationLayer, ItemCount : 1
[2017.07.16-19.02.08:783][451]LogFbx: ItemName: NodeAttribute, ItemCount : 126
[2017.07.16-19.02.08:783][451]LogFbx: ItemName: Model, ItemCount : 127
[2017.07.16-19.02.08:783][451]LogFbx: ItemName: Geometry, ItemCount : 1
[2017.07.16-19.02.08:783][451]LogFbx: ItemName: Material, ItemCount : 6
[2017.07.16-19.02.08:783][451]LogFbx: ItemName: Texture, ItemCount : 6
[2017.07.16-19.02.08:783][451]LogFbx: ItemName: CollectionExclusive, ItemCount : 1
[2017.07.16-19.02.08:783][451]LogFbx: ItemName: Video, ItemCount : 6
[2017.07.16-19.02.08:787][451]LogFbx: Loading FBX Scene from D:/3D Models/Low-Poly-Game-Assets/Assets/scenes/World.fbx
[2017.07.16-19.02.08:818][451]LogFbx: FBX Scene Loaded Succesfully
[2017.07.16-19.02.14:759][451]LogFbx: Loading FBX Scene from D:/3D Models/Low-Poly-Game-Assets/Assets/scenes/World.fbx
[2017.07.16-19.02.14:789][451]LogFbx: FBX Scene Loaded Succesfully
[2017.07.16-19.02.14:793][451]LogLinker: Can't find file '/Game/lambert4'
[2017.07.16-19.02.14:793][451]LogLinker: Can't find file '/Game/lambert4'
[2017.07.16-19.02.14:804][451]LogTexture:Display: Building textures: DiamondGirlBlack (BGRA8, 1X1) - 96 MB total VRAM
[2017.07.16-19.02.14:808][451]LogMaterial: Missing cached shader map for material lambert4, compiling. 
[2017.07.16-19.02.14:809][451]LogTemp:Display: Added material ShaderMap 0x000001F8DD94E780 with Material 0x000001F8D0D4A380 to ShaderMapsBeingCompiled
[2017.07.16-19.02.14:817][451]LogTemp:Display: Kicking off shader compilation for lambert4, GameThreadShaderMap 0x000001F8DD94E780
[2017.07.16-19.02.14:820][451]LogLinker: Can't find file '/Game/Tile'
[2017.07.16-19.02.14:820][451]LogLinker: Can't find file '/Game/Tile'
[2017.07.16-19.02.14:825][451]LogTexture:Display: Building textures: Tile (AutoDXT, 100X100) - 96 MB total VRAM
[2017.07.16-19.02.14:829][451]LogMaterial: Missing cached shader map for material lambert5, compiling. 
[2017.07.16-19.02.14:830][451]LogTemp:Display: Added material ShaderMap 0x000001F8D84AAB00 with Material 0x000001F8D0D48280 to ShaderMapsBeingCompiled
[2017.07.16-19.02.14:843][451]LogTemp:Display: Kicking off shader compilation for lambert5, GameThreadShaderMap 0x000001F8D84AAB00
[2017.07.16-19.02.14:846][451]LogLinker: Can't find file '/Game/Sky'
[2017.07.16-19.02.14:846][451]LogLinker: Can't find file '/Game/Sky'
[2017.07.16-19.02.14:879][451]LogTexture:Display: Building textures: Sky (AutoDXT, 1000X1000) - 96 MB total VRAM
[2017.07.16-19.02.15:109][451]LogMaterial: Missing cached shader map for material lambert6, compiling. 
[2017.07.16-19.02.15:109][451]LogTemp:Display: Added material ShaderMap 0x000001F8F7D48B80 with Material 0x000001F8D87A6500 to ShaderMapsBeingCompiled
[2017.07.16-19.02.15:124][451]LogTemp:Display: Kicking off shader compilation for lambert6, GameThreadShaderMap 0x000001F8F7D48B80
[2017.07.16-19.02.15:127][451]LogLinker: Can't find file '/Game/Sun'
[2017.07.16-19.02.15:127][451]LogLinker: Can't find file '/Game/Sun'
[2017.07.16-19.02.15:163][451]LogTexture:Display: Building textures: Sun (AutoDXT, 1000X1000) - 97 MB total VRAM
[2017.07.16-19.02.16:367][451]LogTexture:Display: Building textures: Sun (AutoDXT, 1000X1000) - 97 MB total VRAM
[2017.07.16-19.02.17:412][451]LogSlate: Took 0.000131 seconds to synchronously load lazily loaded font '../../../Engine/Content/Slate/Fonts/Roboto-Regular.ttf' (155K)
[2017.07.16-19.02.17:424][451]LogMaterial: Missing cached shader map for material lambert7, compiling. 
[2017.07.16-19.02.17:425][451]LogTemp:Display: Added material ShaderMap 0x000001F8DBFFA080 with Material 0x000001F8D87A4880 to ShaderMapsBeingCompiled
[2017.07.16-19.02.17:446][451]LogTemp:Display: Kicking off shader compilation for lambert7, GameThreadShaderMap 0x000001F8DBFFA080
[2017.07.16-19.02.17:447][451]LogFbx:Warning: Triangulating static mesh polySurface10
[2017.07.16-19.02.17:966][451]LogStaticMesh: Building static mesh World...
[2017.07.16-19.02.17:975][451]LogMeshUtilities: Invalid vertex normals found for mesh. Forcing recomputation of vertex normals for MikkTSpace. Fix mesh or disable "Use MikkTSpace Tangent Space" to avoid forced recomputation of normals.
[2017.07.16-19.02.18:119][451]LogStaticMesh: Built static mesh [0.15s] /Game/World.World
[2017.07.16-19.02.18:136][451]LogStaticMesh:Warning: World has degenerate tangent bases which will result in incorrect shading.  MikkTSpace relies on tangent bases and may result in mesh corruption, consider disabling this option.
[2017.07.16-19.02.18:161][451]FBXImport:Warning: Warning No smoothing group information was found in this FBX scene.  Please make sure to enable the 'Export Smoothing Groups' option in the FBX Exporter plug-in before exporting the file.  Even for tools that don't support smoothing groups, the FBX Exporter will generate appropriate smoothing data at export-time so that correct vertex normals can be inferred while importing. 
[2017.07.16-19.02.18:161][451]FBXImport:Warning: Warning World has degenerate tangent bases which will result in incorrect shading.  MikkTSpace relies on tangent bases and may result in mesh corruption, consider disabling this option. 
[2017.07.16-19.02.18:199][451]LogTemp:Display: Finished compile of shader map 0x000001F8D84AAB00
[2017.07.16-19.02.18:199][451]LogTemp:Display: Shader map lambert5 complete, GameThreadShaderMap 0x000001F8D84AAB00, marking material lambert5 as finished
[2017.07.16-19.02.18:199][451]LogTemp:Display: Marking material as finished 0x000001F8D0D48280
[2017.07.16-19.02.18:202][451]LogTemp:Display: Finished compile of shader map 0x000001F8DD94E780
[2017.07.16-19.02.18:202][451]LogTemp:Display: Shader map lambert4 complete, GameThreadShaderMap 0x000001F8DD94E780, marking material lambert4 as finished
[2017.07.16-19.02.18:202][451]LogTemp:Display: Marking material as finished 0x000001F8D0D4A380
[2017.07.16-19.02.18:205][451]LogTemp:Display: Finished compile of shader map 0x000001F8F7D48B80
[2017.07.16-19.02.18:205][451]LogTemp:Display: Shader map lambert6 complete, GameThreadShaderMap 0x000001F8F7D48B80, marking material lambert6 as finished
[2017.07.16-19.02.18:205][451]LogTemp:Display: Marking material as finished 0x000001F8D87A6500
[2017.07.16-19.02.19:660][597]LogTemp:Display: Finished compile of shader map 0x000001F8DBFFA080
[2017.07.16-19.02.19:660][597]LogTemp:Display: Shader map lambert7 complete, GameThreadShaderMap 0x000001F8DBFFA080, marking material lambert7 as finished
[2017.07.16-19.02.19:660][597]LogTemp:Display: Marking material as finished 0x000001F8D87A4880
[2017.07.16-19.02.24:750][197]LogActorFactory: Actor Factory created World
[2017.07.16-19.02.26:518][394]LogActorFactory: Actor Factory created World
[2017.07.16-19.02.28:399][616]LogActorFactory: Actor Factory created World
[2017.07.16-19.03.28:492][620]Cmd: TRANSACTION UNDO
[2017.07.16-19.03.28:492][620]LogEditorTransaction: Undo Move Actors
[2017.07.16-19.03.33:835][232]Cmd: CAMERA ALIGN ACTIVEVIEWPORTONLY
[2017.07.16-19.03.40:023][954]LogEditorViewport: Clicking on Actor (LMB): StaticMeshActor (Floor)
[2017.07.16-19.03.41:078][ 73]Cmd: CAMERA ALIGN ACTIVEVIEWPORTONLY
[2017.07.16-19.03.44:618][486]LogEditorViewport: Clicking on Actor (LMB): StaticMeshActor (World)
[2017.07.16-19.03.46:175][664]LogEditorViewport: Clicking on Actor (LMB): StaticMeshActor (World)
[2017.07.16-19.03.59:459][217]LogEditorViewport: Clicking on Actor (LMB): StaticMeshActor (World)
[2017.07.16-19.04.11:056][570]LogEditorViewport: Clicking on Actor (LMB): BP_Sky_Sphere_C (BP_Sky_Sphere)
[2017.07.16-19.04.22:506][900]LogEditorViewport: Clicking on Actor (LMB): StaticMeshActor (Floor)
[2017.07.16-19.04.23:586][ 23]Cmd: CAMERA ALIGN ACTIVEVIEWPORTONLY
[2017.07.16-19.04.44:678][474]LogEditorViewport: Clicking on Actor (LMB): BP_Sky_Sphere_C (BP_Sky_Sphere)
[2017.07.16-19.04.59:166][173]LogSavePackage: Save=89.00ms
[2017.07.16-19.04.59:166][173]LogSavePackage: Moving '../../../../../../Users/Dennis Löfgren/Documents/Unreal Projects/DO_GameJam/DO_GameJam/GameFolder/Saved/Level1A7CD8A86439245C00ED29D8408E93A4B.tmp' to '../../../../../../Users/Dennis Löfgren/Documents/Unreal Projects/DO_GameJam/DO_GameJam/GameFolder/Content/Level1.umap'
[2017.07.16-19.04.59:171][173]LogSavePackage:Display: Finished SavePackage ../../../../../../Users/Dennis Löfgren/Documents/Unreal Projects/DO_GameJam/DO_GameJam/GameFolder/Content/Level1.umap
[2017.07.16-19.04.59:201][173]LogFileHelpers: Saving map 'Level1' took 0.174
[2017.07.16-19.04.59:206][173]Cmd: OBJ SAVEPACKAGE PACKAGE="/Game/DiamondGirlBlack" FILE="../../../../../../Users/Dennis Löfgren/Documents/Unreal Projects/DO_GameJam/DO_GameJam/GameFolder/Content/DiamondGirlBlack.uasset" SILENT=true
[2017.07.16-19.04.59:218][173]LogSavePackage: Save=4.63ms
[2017.07.16-19.04.59:218][173]LogSavePackage: Moving '../../../../../../Users/Dennis Löfgren/Documents/Unreal Projects/DO_GameJam/DO_GameJam/GameFolder/Saved/DiamondGirlBlack8484632441F3859541423096193457AD.tmp' to '../../../../../../Users/Dennis Löfgren/Documents/Unreal Projects/DO_GameJam/DO_GameJam/GameFolder/Content/DiamondGirlBlack.uasset'
[2017.07.16-19.04.59:220][173]LogSavePackage:Display: Finished SavePackage ../../../../../../Users/Dennis Löfgren/Documents/Unreal Projects/DO_GameJam/DO_GameJam/GameFolder/Content/DiamondGirlBlack.uasset
[2017.07.16-19.04.59:246][173]Cmd: OBJ SAVEPACKAGE PACKAGE="/Game/World" FILE="../../../../../../Users/Dennis Löfgren/Documents/Unreal Projects/DO_GameJam/DO_GameJam/GameFolder/Content/World.uasset" SILENT=true
[2017.07.16-19.04.59:259][173]LogSavePackage: Save=11.46ms
[2017.07.16-19.04.59:259][173]LogSavePackage: Moving '../../../../../../Users/Dennis Löfgren/Documents/Unreal Projects/DO_GameJam/DO_GameJam/GameFolder/Saved/WorldA3E890204C5ECAB828876BA60646ABCF.tmp' to '../../../../../../Users/Dennis Löfgren/Documents/Unreal Projects/DO_GameJam/DO_GameJam/GameFolder/Content/World.uasset'
[2017.07.16-19.04.59:261][173]LogSavePackage:Display: Finished SavePackage ../../../../../../Users/Dennis Löfgren/Documents/Unreal Projects/DO_GameJam/DO_GameJam/GameFolder/Content/World.uasset
[2017.07.16-19.04.59:293][173]Cmd: OBJ SAVEPACKAGE PACKAGE="/Game/lambert4" FILE="../../../../../../Users/Dennis Löfgren/Documents/Unreal Projects/DO_GameJam/DO_GameJam/GameFolder/Content/lambert4.uasset" SILENT=true
[2017.07.16-19.04.59:306][173]LogSavePackage: Save=11.16ms
[2017.07.16-19.04.59:306][173]LogSavePackage: Moving '../../../../../../Users/Dennis Löfgren/Documents/Unreal Projects/DO_GameJam/DO_GameJam/GameFolder/Saved/lambert4ED64C88F4688CA36B5CF9DADA8190F0E.tmp' to '../../../../../../Users/Dennis Löfgren/Documents/Unreal Projects/DO_GameJam/DO_GameJam/GameFolder/Content/lambert4.uasset'
[2017.07.16-19.04.59:307][173]LogSavePackage:Display: Finished SavePackage ../../../../../../Users/Dennis Löfgren/Documents/Unreal Projects/DO_GameJam/DO_GameJam/GameFolder/Content/lambert4.uasset
[2017.07.16-19.04.59:332][173]Cmd: OBJ SAVEPACKAGE PACKAGE="/Game/lambert5" FILE="../../../../../../Users/Dennis Löfgren/Documents/Unreal Projects/DO_GameJam/DO_GameJam/GameFolder/Content/lambert5.uasset" SILENT=true
[2017.07.16-19.04.59:344][173]LogSavePackage: Save=11.12ms
[2017.07.16-19.04.59:344][173]LogSavePackage: Moving '../../../../../../Users/Dennis Löfgren/Documents/Unreal Projects/DO_GameJam/DO_GameJam/GameFolder/Saved/lambert5E32249A64E31B7138407D694E1AE677D.tmp' to '../../../../../../Users/Dennis Löfgren/Documents/Unreal Projects/DO_GameJam/DO_GameJam/GameFolder/Content/lambert5.uasset'
[2017.07.16-19.04.59:346][173]LogSavePackage:Display: Finished SavePackage ../../../../../../Users/Dennis Löfgren/Documents/Unreal Projects/DO_GameJam/DO_GameJam/GameFolder/Content/lambert5.uasset
[2017.07.16-19.04.59:354][173]Cmd: OBJ SAVEPACKAGE PACKAGE="/Game/Tile" FILE="../../../../../../Users/Dennis Löfgren/Documents/Unreal Projects/DO_GameJam/DO_GameJam/GameFolder/Content/Tile.uasset" SILENT=true
[2017.07.16-19.04.59:359][173]LogSavePackage: Save=4.09ms
[2017.07.16-19.04.59:359][173]LogSavePackage: Moving '../../../../../../Users/Dennis Löfgren/Documents/Unreal Projects/DO_GameJam/DO_GameJam/GameFolder/Saved/Tile896CDFA44AD2A3757D43B580B4766089.tmp' to '../../../../../../Users/Dennis Löfgren/Documents/Unreal Projects/DO_GameJam/DO_GameJam/GameFolder/Content/Tile.uasset'
[2017.07.16-19.04.59:361][173]LogSavePackage:Display: Finished SavePackage ../../../../../../Users/Dennis Löfgren/Documents/Unreal Projects/DO_GameJam/DO_GameJam/GameFolder/Content/Tile.uasset
[2017.07.16-19.04.59:389][173]Cmd: OBJ SAVEPACKAGE PACKAGE="/Game/lambert6" FILE="../../../../../../Users/Dennis Löfgren/Documents/Unreal Projects/DO_GameJam/DO_GameJam/GameFolder/Content/lambert6.uasset" SILENT=true
[2017.07.16-19.04.59:406][173]LogSavePackage: Save=14.49ms
[2017.07.16-19.04.59:406][173]LogSavePackage: Moving '../../../../../../Users/Dennis Löfgren/Documents/Unreal Projects/DO_GameJam/DO_GameJam/GameFolder/Saved/lambert6296817E046DB7FB313AE3C87EBF7BE92.tmp' to '../../../../../../Users/Dennis Löfgren/Documents/Unreal Projects/DO_GameJam/DO_GameJam/GameFolder/Content/lambert6.uasset'
[2017.07.16-19.04.59:408][173]LogSavePackage:Display: Finished SavePackage ../../../../../../Users/Dennis Löfgren/Documents/Unreal Projects/DO_GameJam/DO_GameJam/GameFolder/Content/lambert6.uasset
[2017.07.16-19.04.59:417][173]Cmd: OBJ SAVEPACKAGE PACKAGE="/Game/Sky" FILE="../../../../../../Users/Dennis Löfgren/Documents/Unreal Projects/DO_GameJam/DO_GameJam/GameFolder/Content/Sky.uasset" SILENT=true
[2017.07.16-19.04.59:513][173]LogSavePackage: Save=93.77ms
[2017.07.16-19.04.59:513][173]LogSavePackage: Moving '../../../../../../Users/Dennis Löfgren/Documents/Unreal Projects/DO_GameJam/DO_GameJam/GameFolder/Saved/SkyE26A0FD445141688A129FBBB4835288C.tmp' to '../../../../../../Users/Dennis Löfgren/Documents/Unreal Projects/DO_GameJam/DO_GameJam/GameFolder/Content/Sky.uasset'
[2017.07.16-19.04.59:515][173]LogSavePackage:Display: Finished SavePackage ../../../../../../Users/Dennis Löfgren/Documents/Unreal Projects/DO_GameJam/DO_GameJam/GameFolder/Content/Sky.uasset
[2017.07.16-19.04.59:544][173]Cmd: OBJ SAVEPACKAGE PACKAGE="/Game/lambert7" FILE="../../../../../../Users/Dennis Löfgren/Documents/Unreal Projects/DO_GameJam/DO_GameJam/GameFolder/Content/lambert7.uasset" SILENT=true
[2017.07.16-19.04.59:559][173]LogSavePackage: Save=11.87ms
[2017.07.16-19.04.59:559][173]LogSavePackage: Moving '../../../../../../Users/Dennis Löfgren/Documents/Unreal Projects/DO_GameJam/DO_GameJam/GameFolder/Saved/lambert7C74104334D02D49C93857D902EDE6AD0.tmp' to '../../../../../../Users/Dennis Löfgren/Documents/Unreal Projects/DO_GameJam/DO_GameJam/GameFolder/Content/lambert7.uasset'
[2017.07.16-19.04.59:561][173]LogSavePackage:Display: Finished SavePackage ../../../../../../Users/Dennis Löfgren/Documents/Unreal Projects/DO_GameJam/DO_GameJam/GameFolder/Content/lambert7.uasset
[2017.07.16-19.04.59:572][173]Cmd: OBJ SAVEPACKAGE PACKAGE="/Game/Sun" FILE="../../../../../../Users/Dennis Löfgren/Documents/Unreal Projects/DO_GameJam/DO_GameJam/GameFolder/Content/Sun.uasset" SILENT=true
[2017.07.16-19.04.59:639][173]LogSavePackage: Save=66.44ms
[2017.07.16-19.04.59:640][173]LogSavePackage: Moving '../../../../../../Users/Dennis Löfgren/Documents/Unreal Projects/DO_GameJam/DO_GameJam/GameFolder/Saved/Sun238694F24412D2840D993097C3EBB88D.tmp' to '../../../../../../Users/Dennis Löfgren/Documents/Unreal Projects/DO_GameJam/DO_GameJam/GameFolder/Content/Sun.uasset'
[2017.07.16-19.04.59:641][173]LogSavePackage:Display: Finished SavePackage ../../../../../../Users/Dennis Löfgren/Documents/Unreal Projects/DO_GameJam/DO_GameJam/GameFolder/Content/Sun.uasset
[2017.07.16-19.05.15:597][316]LogWindowsTextInputMethodSystem:Display: IME system now deactivated.
[2017.07.16-19.05.15:597][316]LogWindowsTextInputMethodSystem:Display: IME system now deactivated.
[2017.07.16-19.05.15:776][317]Cmd: QUIT_EDITOR
[2017.07.16-19.05.15:821][317]LogExit: Preparing to exit.
[2017.07.16-19.05.16:963][317]LogDirectoryWatcher: A directory notification for 'C:/Users/Dennis Löfgren/Documents/Unreal Projects/DO_GameJam/DO_GameJam/GameFolder/Content/' was aborted.
[2017.07.16-19.05.16:990][317]LogExit: Editor shut down
[2017.07.16-19.05.16:990][317]LogExit: Transaction tracking system shut down
[2017.07.16-19.05.17:033][317]LogObj: Freed 0b from 0 cluster array pools.
[2017.07.16-19.05.17:033][317]LogExit: Object subsystem successfully closed.
[2017.07.16-19.05.17:051][317]LogD3D11RHI: Shutdown
[2017.07.16-19.05.17:051][317]LogD3D11RHI: CleanupD3DDevice
[2017.07.16-19.05.17:137][317]LogD3D11RHI: ~FD3D11DynamicRHI
[2017.07.16-19.05.17:149][317]LogModuleManager: Shutting down and abandoning module HierarchicalLODOutliner (498)
[2017.07.16-19.05.17:149][317]LogModuleManager: Shutting down and abandoning module CrashTracker (496)
[2017.07.16-19.05.17:149][317]LogModuleManager: Shutting down and abandoning module SceneOutliner (494)
[2017.07.16-19.05.17:149][317]LogModuleManager: Shutting down and abandoning module AddContentDialog (492)
[2017.07.16-19.05.17:149][317]LogDirectoryWatcher: A directory notification for 'C:/Program Files/Epic Games/UE_4.15/FeaturePacks/' was aborted.
[2017.07.16-19.05.17:150][317]LogModuleManager: Shutting down and abandoning module WidgetCarousel (491)
[2017.07.16-19.05.17:150][317]LogModuleManager: Shutting down and abandoning module EditorWidgets (488)
[2017.07.16-19.05.17:150][317]LogModuleManager: Shutting down and abandoning module CollectionManager (486)
[2017.07.16-19.05.17:150][317]LogDirectoryWatcher: A directory notification for 'C:/Users/Dennis Löfgren/Documents/Unreal Projects/DO_GameJam/DO_GameJam/GameFolder/Content/Collections/' was aborted.
[2017.07.16-19.05.17:150][317]LogDirectoryWatcher: A directory notification for 'C:/Users/Dennis Löfgren/Documents/Unreal Projects/DO_GameJam/DO_GameJam/GameFolder/Content/Developers/DennisLöfgren/Collections/' was aborted.
[2017.07.16-19.05.17:150][317]LogDirectoryWatcher: A directory notification for 'C:/Users/Dennis Löfgren/Documents/Unreal Projects/DO_GameJam/DO_GameJam/GameFolder/Saved/Collections/' was aborted.
[2017.07.16-19.05.17:150][317]LogModuleManager: Shutting down and abandoning module StatsViewer (484)
[2017.07.16-19.05.17:150][317]LogModuleManager: Shutting down and abandoning module FoliageEdit (482)
[2017.07.16-19.05.17:150][317]LogModuleManager: Shutting down and abandoning module LandscapeEditor (480)
[2017.07.16-19.05.17:150][317]LogModuleManager: Shutting down and abandoning module SceneDepthPickerMode (478)
[2017.07.16-19.05.17:150][317]LogModuleManager: Shutting down and abandoning module ActorPickerMode (476)
[2017.07.16-19.05.17:150][317]LogModuleManager: Shutting down and abandoning module GeometryMode (474)
[2017.07.16-19.05.17:150][317]LogModuleManager: Shutting down and abandoning module TextureAlignMode (472)
[2017.07.16-19.05.17:150][317]LogModuleManager: Shutting down and abandoning module BspMode (470)
[2017.07.16-19.05.17:150][317]LogModuleManager: Shutting down and abandoning module HardwareSurvey (468)
[2017.07.16-19.05.17:150][317]LogModuleManager: Shutting down and abandoning module SequenceRecorderSections (466)
[2017.07.16-19.05.17:150][317]LogModuleManager: Shutting down and abandoning module AutomationWorker (464)
[2017.07.16-19.05.17:150][317]LogModuleManager: Shutting down and abandoning module MatineeToLevelSequence (462)
[2017.07.16-19.05.17:150][317]LogModuleManager: Shutting down and abandoning module LevelSequenceEditor (460)
[2017.07.16-19.05.17:150][317]LogModuleManager: Shutting down and abandoning module PlacementMode (459)
[2017.07.16-19.05.17:150][317]LogModuleManager: Shutting down and abandoning module WmfMediaFactory (456)
[2017.07.16-19.05.17:150][317]LogModuleManager: Shutting down and abandoning module WmfMediaEditor (454)
[2017.07.16-19.05.17:150][317]LogModuleManager: Shutting down and abandoning module MfMediaFactory (452)
[2017.07.16-19.05.17:150][317]LogModuleManager: Shutting down and abandoning module MfMediaEditor (450)
[2017.07.16-19.05.17:150][317]LogModuleManager: Shutting down and abandoning module AvfMediaFactory (448)
[2017.07.16-19.05.17:150][317]LogModuleManager: Shutting down and abandoning module AvfMediaEditor (446)
[2017.07.16-19.05.17:150][317]LogModuleManager: Shutting down and abandoning module AndroidMediaFactory (444)
[2017.07.16-19.05.17:150][317]LogModuleManager: Shutting down and abandoning module Media (443)
[2017.07.16-19.05.17:150][317]LogModuleManager: Shutting down and abandoning module AndroidMediaEditor (440)
[2017.07.16-19.05.17:150][317]LogModuleManager: Shutting down and abandoning module CharacterAI (438)
[2017.07.16-19.05.17:150][317]LogModuleManager: Shutting down and abandoning module AudioCapture (436)
[2017.07.16-19.05.17:150][317]LogModuleManager: Shutting down and abandoning module SequenceRecorder (435)
[2017.07.16-19.05.17:150][317]LogModuleManager: Shutting down and abandoning module SmartSnapping (432)
[2017.07.16-19.05.17:150][317]LogModuleManager: Shutting down and abandoning module SessionServices (430)
[2017.07.16-19.05.17:150][317]LogModuleManager: Shutting down and abandoning module ViewportSnapping (428)
[2017.07.16-19.05.17:150][317]LogModuleManager: Shutting down and abandoning module ViewportInteraction (426)
[2017.07.16-19.05.17:150][317]LogModuleManager: Shutting down and abandoning module LogVisualizer (424)
[2017.07.16-19.05.17:150][317]LogModuleManager: Shutting down and abandoning module IntroTutorials (422)
[2017.07.16-19.05.17:150][317]LogModuleManager: Shutting down and abandoning module GameProjectGeneration (421)
[2017.07.16-19.05.17:150][317]LogModuleManager: Shutting down and abandoning module EditorLiveStreaming (418)
[2017.07.16-19.05.17:150][317]LogModuleManager: Shutting down and abandoning module IOSPlatformEditor (416)
[2017.07.16-19.05.17:150][317]LogModuleManager: Shutting down and abandoning module HTML5PlatformEditor (414)
[2017.07.16-19.05.17:150][317]LogModuleManager: Shutting down and abandoning module AndroidPlatformEditor (412)
[2017.07.16-19.05.17:150][317]LogModuleManager: Shutting down and abandoning module AndroidDeviceDetection (411)
[2017.07.16-19.05.17:942][317]LogModuleManager: Shutting down and abandoning module IOSRuntimeSettings (408)
[2017.07.16-19.05.17:942][317]LogModuleManager: Shutting down and abandoning module AndroidRuntimeSettings (406)
[2017.07.16-19.05.17:942][317]LogModuleManager: Shutting down and abandoning module InputBindingEditor (404)
[2017.07.16-19.05.17:942][317]LogModuleManager: Shutting down and abandoning module NiagaraEditor (402)
[2017.07.16-19.05.17:942][317]LogModuleManager: Shutting down and abandoning module MergeActors (400)
[2017.07.16-19.05.17:942][317]LogModuleManager: Shutting down and abandoning module SizeMap (398)
[2017.07.16-19.05.17:942][317]LogModuleManager: Shutting down and abandoning module TreeMap (396)
[2017.07.16-19.05.17:942][317]LogModuleManager: Shutting down and abandoning module ReferenceViewer (394)
[2017.07.16-19.05.17:942][317]LogModuleManager: Shutting down and abandoning module LocalizationDashboard (392)
[2017.07.16-19.05.17:942][317]LogModuleManager: Shutting down and abandoning module LocalizationService (391)
[2017.07.16-19.05.17:942][317]LogModuleManager: Shutting down and abandoning module HardwareTargeting (388)
[2017.07.16-19.05.17:942][317]LogModuleManager: Shutting down and abandoning module DeviceProfileEditor (386)
[2017.07.16-19.05.17:942][317]LogModuleManager: Shutting down and abandoning module UndoHistory (384)
[2017.07.16-19.05.17:942][317]LogModuleManager: Shutting down and abandoning module UserFeedback (382)
[2017.07.16-19.05.17:942][317]LogModuleManager: Shutting down and abandoning module XmlParser (380)
[2017.07.16-19.05.17:942][317]LogModuleManager: Shutting down and abandoning module Blutility (378)
[2017.07.16-19.05.17:942][317]LogModuleManager: Shutting down and abandoning module ProjectSettingsViewer (376)
[2017.07.16-19.05.17:942][317]LogModuleManager: Shutting down and abandoning module ProjectTargetPlatformEditor (375)
[2017.07.16-19.05.17:942][317]LogModuleManager: Shutting down and abandoning module EditorSettingsViewer (372)
[2017.07.16-19.05.17:942][317]LogModuleManager: Shutting down and abandoning module SettingsEditor (370)
[2017.07.16-19.05.17:942][317]LogModuleManager: Shutting down and abandoning module ProjectLauncher (368)
[2017.07.16-19.05.17:942][317]LogModuleManager: Shutting down and abandoning module SessionFrontend (366)
[2017.07.16-19.05.17:942][317]LogModuleManager: Shutting down and abandoning module ProfilerClient (364)
[2017.07.16-19.05.17:942][317]LogModuleManager: Shutting down and abandoning module DeviceManager (362)
[2017.07.16-19.05.17:942][317]LogModuleManager: Shutting down and abandoning module TargetDeviceServices (361)
[2017.07.16-19.05.17:984][317]LogModuleManager: Shutting down and abandoning module AutomationController (358)
[2017.07.16-19.05.17:984][317]LogModuleManager: Shutting down and abandoning module AutomationWindow (356)
[2017.07.16-19.05.17:984][317]LogModuleManager: Shutting down and abandoning module Layers (354)
[2017.07.16-19.05.17:984][317]LogModuleManager: Shutting down and abandoning module ComponentVisualizers (352)
[2017.07.16-19.05.17:984][317]LogModuleManager: Shutting down and abandoning module DetailCustomizations (350)
[2017.07.16-19.05.17:984][317]LogModuleManager: Shutting down and abandoning module PackagesDialog (348)
[2017.07.16-19.05.17:984][317]LogModuleManager: Shutting down and abandoning module Persona (346)
[2017.07.16-19.05.17:984][317]LogModuleManager: Shutting down and abandoning module AnimGraph (345)
[2017.07.16-19.05.17:984][317]LogModuleManager: Shutting down and abandoning module Kismet (342)
[2017.07.16-19.05.17:986][317]LogModuleManager: Shutting down and abandoning module GraphEditor (340)
[2017.07.16-19.05.17:986][317]LogModuleManager: Shutting down and abandoning module ClassViewer (338)
[2017.07.16-19.05.17:986][317]LogModuleManager: Shutting down and abandoning module Toolbox (336)
[2017.07.16-19.05.17:986][317]LogModuleManager: Shutting down and abandoning module ModuleUI (334)
[2017.07.16-19.05.17:986][317]LogModuleManager: Shutting down and abandoning module MovieSceneTools (332)
[2017.07.16-19.05.17:986][317]LogModuleManager: Shutting down and abandoning module OutputLog (330)
[2017.07.16-19.05.17:986][317]LogModuleManager: Shutting down and abandoning module GammaUI (328)
[2017.07.16-19.05.17:986][317]LogModuleManager: Shutting down and abandoning module Documentation (326)
[2017.07.16-19.05.17:986][317]LogModuleManager: Shutting down and abandoning module Niagara (324)
[2017.07.16-19.05.17:986][317]LogModuleManager: Shutting down and abandoning module StreamingPauseRendering (322)
[2017.07.16-19.05.17:986][317]LogModuleManager: Shutting down and abandoning module AnalyticsET (320)
[2017.07.16-19.05.17:986][317]LogModuleManager: Shutting down and abandoning module PortalServices (318)
[2017.07.16-19.05.17:986][317]LogModuleManager: Shutting down and abandoning module PortalRpc (316)
[2017.07.16-19.05.17:986][317]LogModuleManager: Shutting down and abandoning module MessagingRpc (314)
[2017.07.16-19.05.17:986][317]LogModuleManager: Shutting down and abandoning module AIModule (312)
[2017.07.16-19.05.17:986][317]LogModuleManager: Shutting down and abandoning module GameplayDebugger (311)
[2017.07.16-19.05.17:986][317]LogModuleManager: Shutting down and abandoning module AITestSuite (309)
[2017.07.16-19.05.17:986][317]LogModuleManager: Shutting down and abandoning module ProfilerService (306)
[2017.07.16-19.05.18:088][317]LogModuleManager: Shutting down and abandoning module TaskGraph (304)
[2017.07.16-19.05.18:088][317]LogModuleManager: Shutting down and abandoning module SteamVRController (302)
[2017.07.16-19.05.18:088][317]LogModuleManager: Shutting down and abandoning module SteamVR (300)
[2017.07.16-19.05.18:088][317]LogModuleManager: Shutting down and abandoning module ProceduralMeshComponentEditor (298)
[2017.07.16-19.05.18:088][317]LogModuleManager: Shutting down and abandoning module ProceduralMeshComponent (296)
[2017.07.16-19.05.18:088][317]LogModuleManager: Shutting down and abandoning module OculusLibrary (294)
[2017.07.16-19.05.18:088][317]LogModuleManager: Shutting down and abandoning module OculusInput (292)
[2017.07.16-19.05.18:088][317]LogModuleManager: Shutting down and abandoning module MobilePatchingUtils (290)
[2017.07.16-19.05.18:088][317]LogModuleManager: Shutting down and abandoning module CustomMeshComponent (288)
[2017.07.16-19.05.18:088][317]LogModuleManager: Shutting down and abandoning module CableComponent (286)
[2017.07.16-19.05.18:088][317]LogModuleManager: Shutting down and abandoning module ArchVisCharacter (284)
[2017.07.16-19.05.18:088][317]LogModuleManager: Shutting down and abandoning module MediaPlayerEditor (280)
[2017.07.16-19.05.18:088][317]LogModuleManager: Shutting down and abandoning module HTML5Networking (278)
[2017.07.16-19.05.18:088][317]LogModuleManager: Shutting down and abandoning module AlembicImporter (276)
[2017.07.16-19.05.18:088][317]LogModuleManager: Shutting down and abandoning module AlembicLibrary (275)
[2017.07.16-19.05.18:088][317]LogModuleManager: Shutting down and abandoning module GeometryCache (274)
[2017.07.16-19.05.18:088][317]LogModuleManager: Shutting down and abandoning module GeometryCacheEd (273)
[2017.07.16-19.05.18:088][317]LogModuleManager: Shutting down and abandoning module SuperSearchEditor (268)
[2017.07.16-19.05.18:088][317]LogModuleManager: Shutting down and abandoning module SuperSearch (267)
[2017.07.16-19.05.18:088][317]LogModuleManager: Shutting down and abandoning module SpeedTreeImporter (264)
[2017.07.16-19.05.18:088][317]LogModuleManager: Shutting down and abandoning module PluginBrowser (262)
[2017.07.16-19.05.18:088][317]LogModuleManager: Shutting down and abandoning module MobileLauncherProfileWizard (260)
[2017.07.16-19.05.18:088][317]LogModuleManager: Shutting down and abandoning module EpicSurvey (258)
[2017.07.16-19.05.18:088][317]LogModuleManager: Shutting down and abandoning module VisualStudioSourceCodeAccess (256)
[2017.07.16-19.05.18:088][317]LogModuleManager: Shutting down and abandoning module DesktopPlatform (255)
[2017.07.16-19.05.18:088][317]LogModuleManager: Shutting down and abandoning module UObjectPlugin (252)
[2017.07.16-19.05.18:088][317]LogModuleManager: Shutting down and abandoning module SubversionSourceControl (250)
[2017.07.16-19.05.18:088][317]LogModuleManager: Shutting down and abandoning module PerforceSourceControl (248)
[2017.07.16-19.05.18:088][317]LogModuleManager: Shutting down and abandoning module GitSourceControl (246)
[2017.07.16-19.05.18:088][317]LogModuleManager: Shutting down and abandoning module SourceControl (245)
[2017.07.16-19.05.18:088][317]LogModuleManager: Shutting down and abandoning module LightPropagationVolumeEditor (242)
[2017.07.16-19.05.18:088][317]LogModuleManager: Shutting down and abandoning module PaperTiledImporter (240)
[2017.07.16-19.05.18:088][317]LogModuleManager: Shutting down and abandoning module PaperSpriteSheetImporter (238)
[2017.07.16-19.05.18:088][317]LogModuleManager: Shutting down and abandoning module Paper2DEditor (236)
[2017.07.16-19.05.18:088][317]LogModuleManager: Shutting down and abandoning module MeshPaint (235)
[2017.07.16-19.05.18:088][317]LogModuleManager: Shutting down and abandoning module LevelEditor (233)
[2017.07.16-19.05.18:089][317]LogModuleManager: Shutting down and abandoning module PixelInspectorModule (232)
[2017.07.16-19.05.18:089][317]LogModuleManager: Shutting down and abandoning module MainFrame (230)
[2017.07.16-19.05.18:089][317]LogModuleManager: Shutting down and abandoning module HotReload (229)
[2017.07.16-19.05.18:089][317]LogModuleManager: Shutting down and abandoning module ContentBrowser (225)
[2017.07.16-19.05.18:090][317]LogModuleManager: Shutting down and abandoning module PhysXVehiclesEditor (222)
[2017.07.16-19.05.18:090][317]LogModuleManager: Shutting down and abandoning module PhysXVehicles (220)
[2017.07.16-19.05.18:090][317]LogModuleManager: Shutting down and abandoning module LocationServicesBPLibrary (218)
[2017.07.16-19.05.18:090][317]LogModuleManager: Shutting down and abandoning module UdpMessaging (216)
[2017.07.16-19.05.18:190][317]LogModuleManager: Shutting down and abandoning module TcpMessaging (214)
[2017.07.16-19.05.18:291][317]LogModuleManager: Shutting down and abandoning module GameplayTagsEditor (212)
[2017.07.16-19.05.18:291][317]LogModuleManager: Shutting down and abandoning module FacialAnimationEditor (210)
[2017.07.16-19.05.18:291][317]LogModuleManager: Shutting down and abandoning module FacialAnimation (208)
[2017.07.16-19.05.18:291][317]LogModuleManager: Shutting down and abandoning module LightPropagationVolumeRuntime (206)
[2017.07.16-19.05.18:291][317]LogModuleManager: Shutting down and abandoning module Paper2D (204)
[2017.07.16-19.05.18:291][317]LogModuleManager: Shutting down and abandoning module WindowsMoviePlayer (202)
[2017.07.16-19.05.18:291][317]LogModuleManager: Shutting down and abandoning module WmfMedia (200)
[2017.07.16-19.05.18:291][317]LogModuleManager: Shutting down and abandoning module MfMedia (198)
[2017.07.16-19.05.18:291][317]LogModuleManager: Shutting down and abandoning module MediaAssets (196)
[2017.07.16-19.05.18:291][317]LogModuleManager: Shutting down and abandoning module GameLiveStreaming (194)
[2017.07.16-19.05.18:291][317]LogModuleManager: Shutting down and abandoning module VREditor (192)
[2017.07.16-19.05.18:291][317]LogModuleManager: Shutting down and abandoning module GameplayTasksEditor (190)
[2017.07.16-19.05.18:291][317]LogModuleManager: Shutting down and abandoning module BehaviorTreeEditor (188)
[2017.07.16-19.05.18:291][317]LogModuleManager: Shutting down and abandoning module FunctionalTesting (186)
[2017.07.16-19.05.18:291][317]LogModuleManager: Shutting down and abandoning module CollisionAnalyzer (184)
[2017.07.16-19.05.18:291][317]LogModuleManager: Shutting down and abandoning module UMG (182)
[2017.07.16-19.05.18:291][317]LogModuleManager: Shutting down and abandoning module UMGEditor (181)
[2017.07.16-19.05.18:291][317]LogModuleManager: Shutting down and abandoning module Sequencer (180)
[2017.07.16-19.05.18:291][317]LogModuleManager: Shutting down and abandoning module AssetTools (178)
[2017.07.16-19.05.18:291][317]LogModuleManager: Shutting down and abandoning module MessageLog (177)
[2017.07.16-19.05.18:291][317]LogModuleManager: Shutting down and abandoning module WorkspaceMenuStructure (176)
[2017.07.16-19.05.18:291][317]LogModuleManager: Shutting down and abandoning module SlateReflector (170)
[2017.07.16-19.05.18:291][317]LogModuleManager: Shutting down and abandoning module Slate (168)
[2017.07.16-19.05.18:291][317]LogModuleManager: Shutting down and abandoning module EditorStyle (166)
[2017.07.16-19.05.18:293][317]LogModuleManager: Shutting down and abandoning module SourceCodeAccess (164)
[2017.07.16-19.05.18:293][317]LogModuleManager: Shutting down and abandoning module HeadMountedDisplay (162)
[2017.07.16-19.05.18:293][317]LogModuleManager: Shutting down and abandoning module XAudio2 (160)
[2017.07.16-19.05.18:293][317]LogModuleManager: Shutting down and abandoning module Networking (158)
[2017.07.16-19.05.18:293][317]LogModuleManager: Shutting down and abandoning module Core (154)
[2017.07.16-19.05.18:293][317]LogModuleManager: Shutting down and abandoning module AssetRegistry (152)
[2017.07.16-19.05.18:419][317]LogDirectoryWatcher: A directory notification for '../../../Engine/Content/' was aborted.
[2017.07.16-19.05.18:419][317]LogDirectoryWatcher: A directory notification for '../../../../../../Users/Dennis Löfgren/Documents/Unreal Projects/DO_GameJam/DO_GameJam/GameFolder/Content/' was aborted.
[2017.07.16-19.05.18:419][317]LogDirectoryWatcher: A directory notification for '../../../Engine/Plugins/2D/Paper2D/Content/' was aborted.
[2017.07.16-19.05.18:420][317]LogModuleManager: Shutting down and abandoning module DirectoryWatcher (151)
[2017.07.16-19.05.18:420][317]LogModuleManager: Shutting down and abandoning module KismetCompiler (148)
[2017.07.16-19.05.18:420][317]LogModuleManager: Shutting down and abandoning module PhysXFormats (146)
[2017.07.16-19.05.18:420][317]LogModuleManager: Shutting down and abandoning module MeshUtilities (144)
[2017.07.16-19.05.18:420][317]LogModuleManager: Shutting down and abandoning module SimplygonSwarm (143)
[2017.07.16-19.05.18:420][317]LogModuleManager: Shutting down and abandoning module SimplygonMeshReduction (141)
[2017.07.16-19.05.18:420][317]LogModuleManager: Shutting down and abandoning module QuadricMeshReduction (139)
[2017.07.16-19.05.18:420][317]LogModuleManager: Shutting down and abandoning module PropertyEditor (137)
[2017.07.16-19.05.18:420][317]LogModuleManager: Shutting down and abandoning module DerivedDataCache (134)
[2017.07.16-19.05.18:424][317]LogDerivedDataCache: Shutdown
[2017.07.16-19.05.18:424][317]LogModuleManager: Shutting down and abandoning module TargetPlatform (132)
[2017.07.16-19.05.18:424][317]LogModuleManager: Shutting down and abandoning module VulkanShaderFormat (131)
[2017.07.16-19.05.18:424][317]LogModuleManager: Shutting down and abandoning module ShaderFormatOpenGL (129)
[2017.07.16-19.05.18:424][317]LogModuleManager: Shutting down and abandoning module ShaderFormatD3D (127)
[2017.07.16-19.05.18:424][317]LogModuleManager: Shutting down and abandoning module MetalShaderFormat (125)
[2017.07.16-19.05.18:424][317]LogModuleManager: Shutting down and abandoning module TextureFormatUncompressed (123)
[2017.07.16-19.05.18:424][317]LogModuleManager: Shutting down and abandoning module TextureFormatPVR (121)
[2017.07.16-19.05.18:424][317]LogModuleManager: Shutting down and abandoning module TextureFormatDXT (119)
[2017.07.16-19.05.18:424][317]LogModuleManager: Shutting down and abandoning module TextureFormatIntelISPCTexComp (117)
[2017.07.16-19.05.18:425][317]LogModuleManager: Shutting down and abandoning module TextureFormatASTC (115)
[2017.07.16-19.05.18:425][317]LogModuleManager: Shutting down and abandoning module ImageWrapper (114)
[2017.07.16-19.05.18:425][317]LogModuleManager: Shutting down and abandoning module TextureFormatAndroid (111)
[2017.07.16-19.05.18:425][317]LogModuleManager: Shutting down and abandoning module AudioFormatOpus (109)
[2017.07.16-19.05.18:425][317]LogModuleManager: Shutting down and abandoning module AudioFormatOgg (107)
[2017.07.16-19.05.18:425][317]LogModuleManager: Shutting down and abandoning module AudioFormatADPCM (105)
[2017.07.16-19.05.18:425][317]LogModuleManager: Shutting down and abandoning module LinuxTargetPlatform (103)
[2017.07.16-19.05.18:425][317]LogModuleManager: Shutting down and abandoning module LinuxServerTargetPlatform (101)
[2017.07.16-19.05.18:425][317]LogModuleManager: Shutting down and abandoning module LinuxNoEditorTargetPlatform (99)
[2017.07.16-19.05.18:425][317]LogModuleManager: Shutting down and abandoning module LinuxClientTargetPlatform (97)
[2017.07.16-19.05.18:425][317]LogModuleManager: Shutting down and abandoning module TVOSTargetPlatform (95)
[2017.07.16-19.05.18:425][317]LogModuleManager: Shutting down and abandoning module Messaging (93)
[2017.07.16-19.05.18:425][317]LogModuleManager: Shutting down and abandoning module IOSTargetPlatform (91)
[2017.07.16-19.05.18:425][317]LogModuleManager: Shutting down and abandoning module HTML5TargetPlatform (89)
[2017.07.16-19.05.18:425][317]LogModuleManager: Shutting down and abandoning module Android_PVRTCTargetPlatform (87)
[2017.07.16-19.05.18:425][317]LogModuleManager: Shutting down and abandoning module Android_MultiTargetPlatform (85)
[2017.07.16-19.05.18:425][317]LogModuleManager: Shutting down and abandoning module Android_ETC2TargetPlatform (83)
[2017.07.16-19.05.18:425][317]LogModuleManager: Shutting down and abandoning module Android_ETC1TargetPlatform (81)
[2017.07.16-19.05.18:425][317]LogModuleManager: Shutting down and abandoning module Android_DXTTargetPlatform (79)
[2017.07.16-19.05.18:425][317]LogModuleManager: Shutting down and abandoning module Android_ATCTargetPlatform (77)
[2017.07.16-19.05.18:425][317]LogModuleManager: Shutting down and abandoning module Android_ASTCTargetPlatform (75)
[2017.07.16-19.05.18:425][317]LogModuleManager: Shutting down and abandoning module AndroidTargetPlatform (73)
[2017.07.16-19.05.18:425][317]LogModuleManager: Shutting down and abandoning module WindowsTargetPlatform (71)
[2017.07.16-19.05.18:425][317]LogModuleManager: Shutting down and abandoning module WindowsServerTargetPlatform (69)
[2017.07.16-19.05.18:425][317]LogModuleManager: Shutting down and abandoning module WindowsNoEditorTargetPlatform (67)
[2017.07.16-19.05.18:425][317]LogModuleManager: Shutting down and abandoning module WindowsClientTargetPlatform (65)
[2017.07.16-19.05.18:425][317]LogModuleManager: Shutting down and abandoning module MacTargetPlatform (63)
[2017.07.16-19.05.18:425][317]LogModuleManager: Shutting down and abandoning module MacServerTargetPlatform (61)
[2017.07.16-19.05.18:425][317]LogModuleManager: Shutting down and abandoning module MacNoEditorTargetPlatform (59)
[2017.07.16-19.05.18:425][317]LogModuleManager: Shutting down and abandoning module MacClientTargetPlatform (57)
[2017.07.16-19.05.18:425][317]LogModuleManager: Shutting down and abandoning module AllDesktopTargetPlatform (55)
[2017.07.16-19.05.18:425][317]LogModuleManager: Shutting down and abandoning module InputCore (52)
[2017.07.16-19.05.18:425][317]LogModuleManager: Shutting down and abandoning module Settings (50)
[2017.07.16-19.05.18:425][317]LogModuleManager: Shutting down and abandoning module OculusRift (48)
[2017.07.16-19.05.18:425][317]LogModuleManager: Shutting down and abandoning module GearVR (46)
[2017.07.16-19.05.18:425][317]LogModuleManager: Shutting down and abandoning module ExampleDeviceProfileSelector (44)
[2017.07.16-19.05.18:425][317]LogModuleManager: Shutting down and abandoning module OnlineBlueprintSupport (42)
[2017.07.16-19.05.18:425][317]LogModuleManager: Shutting down and abandoning module OnlineSubsystem (38)
[2017.07.16-19.05.18:425][317]LogOnline:Display: Unloading online subsystem: NULL
[2017.07.16-19.05.18:425][317]LogModuleManager: Shutting down and abandoning module XMPP (37)
[2017.07.16-19.05.18:425][317]LogModuleManager: Shutting down and abandoning module HTTP (35)
[2017.07.16-19.05.18:425][317]LogHttp:Display: Http module shutting down, but needs to wait on 1 outstanding Http requests:
[2017.07.16-19.05.18:425][317]LogHttp:Display: 	verb=[POST] url=[https://datarouter.ol.epicgames.com/datarouter/api/v1/public/data?SessionID=%7B8A680C3D-4029-60FD-6F16-DD8356D0376F%7D&AppID=UEEditor.Rocket.Release&AppVersion=4.15.3-3450819%2B%2B%2BUE4%2BRelease-4.15&UserID=6b62c2b9458dcaecc7ec5c8a21dc4da2%7Ca3b8961100c54577935fc4015c4b6346%7C7bec313b-09d5-402c-a52b-3b1b52d5ef36&AppEnvironment=datacollector-binary&UploadType=eteventstream] status=Processing
[2017.07.16-19.05.18:451][317]LogModuleManager: Shutting down and abandoning module SSL (34)
[2017.07.16-19.05.18:452][317]LogModuleManager: Shutting down and abandoning module AudioEditor (30)
[2017.07.16-19.05.18:452][317]LogModuleManager: Shutting down and abandoning module TextureCompressor (28)
[2017.07.16-19.05.18:452][317]LogModuleManager: Shutting down and abandoning module ShaderCore (26)
[2017.07.16-19.05.18:452][317]LogModuleManager: Shutting down and abandoning module Landscape (24)
[2017.07.16-19.05.18:452][317]LogModuleManager: Shutting down and abandoning module SlateRHIRenderer (22)
[2017.07.16-19.05.18:452][317]LogModuleManager: Shutting down and abandoning module OpenGLDrv (20)
[2017.07.16-19.05.18:452][317]LogModuleManager: Shutting down and abandoning module D3D11RHI (18)
[2017.07.16-19.05.18:452][317]LogModuleManager: Shutting down and abandoning module AnimGraphRuntime (16)
[2017.07.16-19.05.18:452][317]LogModuleManager: Shutting down and abandoning module Renderer (14)
[2017.07.16-19.05.18:452][317]LogModuleManager: Shutting down and abandoning module Engine (12)
[2017.07.16-19.05.18:452][317]LogModuleManager: Shutting down and abandoning module CoreUObject (10)
[2017.07.16-19.05.18:452][317]LogModuleManager: Shutting down and abandoning module NetworkFile (8)
[2017.07.16-19.05.18:452][317]LogModuleManager: Shutting down and abandoning module StreamingFile (6)
[2017.07.16-19.05.18:452][317]LogModuleManager: Shutting down and abandoning module SandboxFile (4)
[2017.07.16-19.05.18:452][317]LogModuleManager: Shutting down and abandoning module PakFile (2)
[2017.07.16-19.05.18:454][317]LogExit: Exiting.
[2017.07.16-19.05.18:471][317]Log file closed, 07/16/17 21:05:18
