Log file open, 07/14/17 17:38:03
LogInit:Display: Running engine for game: MyProject10
LogPlatformFile: Not using cached read wrapper
LogInit:Display: RandInit(1000684484) SRandInit(1000684486).
LogTaskGraph: Started task graph with 4 named threads and 7 total threads.
LogStats: Stats thread started at 0.068815
LogInit: Version: 4.11.2-2946394+++UE4+Release-4.11
LogInit: API Version: 2927265
LogInit: Compiled (64-bit): Apr 18 2016 02:18:46
LogInit: Compiled with Visual C++: 19.00.23026.00
LogInit: Build Configuration: Development
LogInit: Branch Name: ++UE4+Release-4.11
LogInit: Command line:  
LogInit: Base directory: D:/Media/Games/EpicGames/Epic Games/4.11/Engine/Binaries/Win64/
LogInit: Installed Engine Build: 1
LogInit: Using libcurl 7.41.0
LogInit:  - built for x86_64-pc-win32
LogInit:  - supports SSL with WinSSL
LogInit:  - other features:
LogInit:      CURL_VERSION_SSL
LogInit:      CURL_VERSION_IPV6
LogInit:      CURL_VERSION_ASYNCHDNS
LogInit:      CURL_VERSION_LARGEFILE
LogInit:      CURL_VERSION_IDN
LogInit:  CurlRequestOptions (configurable via config and command line):
LogInit:  - bVerifyPeer = true  - Libcurl will verify peer certificate
LogInit:  - bUseHttpProxy = false  - Libcurl will NOT use HTTP proxy
LogInit:  - bDontReuseConnections = false  - Libcurl will reuse connections
LogInit:  - CertBundlePath = nullptr  - Libcurl will use whatever was configured at build time.
LogInit: Presizing for max 16777216 objects, including 0 objects not considered by GC, pre-allocating 0 bytes for permanent pool.
LogInit: Object subsystem initialized
[2017.07.14-15.38.03:662][  0]LogInit: Selected Device Profile: [Windows]
[2017.07.14-15.38.03:662][  0]LogInit: Applying CVar settings loaded from the selected device profile: [Windows]
[2017.07.14-15.38.03:675][  0]LogInit: Computer: DESKTOP-2SCGOIT
[2017.07.14-15.38.03:675][  0]LogInit: User: Swing
[2017.07.14-15.38.03:675][  0]LogInit: CPU Page size=65536, Cores=4
[2017.07.14-15.38.03:675][  0]LogInit: High frequency timer resolution =3.421872 MHz
[2017.07.14-15.38.03:675][  0]LogMemory: Memory total: Physical=7.9GB (8GB approx)
[2017.07.14-15.38.03:675][  0]LogMemory: Platform Memory Stats for Windows
[2017.07.14-15.38.03:675][  0]LogMemory: Process Physical Memory: 313.01 MB used, 313.01 MB peak
[2017.07.14-15.38.03:675][  0]LogMemory: Process Virtual Memory: 315.53 MB used, 315.53 MB peak
[2017.07.14-15.38.03:675][  0]LogMemory: Physical Memory: 5227.44 MB used, 8109.64 MB total
[2017.07.14-15.38.03:675][  0]LogMemory: Virtual Memory: 653.09 MB used, 134217728.00 MB total
[2017.07.14-15.38.03:703][  0]LogTextLocalizationManager: No translations for ('sv-SE') exist, falling back to 'en' for localization and internationalization data.
[2017.07.14-15.38.04:057][  0]LogD3D11RHI: D3D11 adapters:
[2017.07.14-15.38.04:093][  0]LogD3D11RHI:    0. 'NVIDIA GeForce GTX 970' (Feature Level 11_0)
[2017.07.14-15.38.04:093][  0]LogD3D11RHI:       4059MB of dedicated video memory, 0MB of dedicated system memory, and 4054MB of shared system memory, 1 output[s]
[2017.07.14-15.38.04:094][  0]LogD3D11RHI:    1. 'Microsoft Basic Render Driver' (Feature Level 11_0)
[2017.07.14-15.38.04:094][  0]LogD3D11RHI:       0MB of dedicated video memory, 0MB of dedicated system memory, and 4054MB of shared system memory, 0 output[s]
[2017.07.14-15.38.04:094][  0]LogD3D11RHI: Chosen D3D11 Adapter: 0
[2017.07.14-15.38.04:099][  0]LogD3D11RHI: Creating new Direct3DDevice
[2017.07.14-15.38.04:100][  0]LogD3D11RHI:     Adapter Name: NVIDIA GeForce GTX 970
[2017.07.14-15.38.04:100][  0]LogD3D11RHI:   Driver Version: 22.21.13.8205 (internal 22.21.13.8205)
[2017.07.14-15.38.04:100][  0]LogD3D11RHI:      Driver Date: 5-1-2017
[2017.07.14-15.38.04:100][  0]LogRHI: Texture pool is 1361 MB (70% of 1945 MB)
[2017.07.14-15.38.04:126][  0]LogD3D11RHI: Async texture creation enabled
[2017.07.14-15.38.04:136][  0]LogShaderCompilers: Guid format shader working directory is -15 characters bigger than the processId version (../../../../../../../../Github/GAMEJAM/DO_GameJam/GameFolder/Intermediate/Shaders/WorkingDirectory/15000/).
[2017.07.14-15.38.04:136][  0]LogShaderCompilers: Cleaned the shader compiler working directory 'C:/Users/Oskar/AppData/Local/Temp/UnrealShaderWorkingDir/8B13EE8C4EFA833BBBF7BC8EB9E84E6F/'.
[2017.07.14-15.38.04:136][  0]LogShaderCompilers:Display: Using Local Shader Compiler.
[2017.07.14-15.38.05:084][  0]LogTemp:Display: Loaded TP AllDesktopTargetPlatform
[2017.07.14-15.38.05:087][  0]LogTemp:Display: Loaded TP WindowsClientTargetPlatform
[2017.07.14-15.38.05:090][  0]LogTemp:Display: Loaded TP WindowsNoEditorTargetPlatform
[2017.07.14-15.38.05:093][  0]LogTemp:Display: Loaded TP WindowsServerTargetPlatform
[2017.07.14-15.38.05:096][  0]LogTemp:Display: Loaded TP WindowsTargetPlatform
[2017.07.14-15.38.05:098][  0]LogTemp:Display: Loaded TP AndroidTargetPlatform
[2017.07.14-15.38.05:101][  0]LogTemp:Display: Loaded TP Android_ASTCTargetPlatform
[2017.07.14-15.38.05:104][  0]LogTemp:Display: Loaded TP Android_ATCTargetPlatform
[2017.07.14-15.38.05:106][  0]LogTemp:Display: Loaded TP Android_DXTTargetPlatform
[2017.07.14-15.38.05:108][  0]LogTemp:Display: Loaded TP Android_ETC1TargetPlatform
[2017.07.14-15.38.05:111][  0]LogTemp:Display: Loaded TP Android_ETC2TargetPlatform
[2017.07.14-15.38.05:116][  0]LogTemp:Display: Loaded TP Android_MultiTargetPlatform
[2017.07.14-15.38.05:116][  0]LogTemp:Display: Loaded TP Android_PVRTCTargetPlatform
[2017.07.14-15.38.05:116][  0]LogTemp:Display: Loaded TP HTML5TargetPlatform
[2017.07.14-15.38.05:132][  0]LogTemp:Display: Loaded TP IOSTargetPlatform
[2017.07.14-15.38.05:135][  0]LogTemp:Display: Loaded TP TVOSTargetPlatform
[2017.07.14-15.38.05:137][  0]LogTemp:Display: Loaded TP LinuxNoEditorTargetPlatform
[2017.07.14-15.38.05:140][  0]LogTemp:Display: Loaded TP LinuxServerTargetPlatform
[2017.07.14-15.38.05:142][  0]LogTemp:Display: Loaded TP LinuxTargetPlatform
[2017.07.14-15.38.05:142][  0]LogTargetPlatformManager:Display: Building Assets For Windows
[2017.07.14-15.38.05:195][  0]LogDerivedDataCache:Display: Max Cache Size: 512 MB
[2017.07.14-15.38.05:357][  0]LogDerivedDataCache: Loaded boot cache 0.16s 46MB C:/Users/Oskar/AppData/Local/UnrealEngine/4.11/DerivedDataCache/Boot.ddc.
[2017.07.14-15.38.05:357][  0]LogDerivedDataCache:Display: Loaded Boot cache: C:/Users/Oskar/AppData/Local/UnrealEngine/4.11/DerivedDataCache/Boot.ddc
[2017.07.14-15.38.05:357][  0]LogDerivedDataCache: FDerivedDataBackendGraph:  Pak pak cache file ../../../../../../../../Github/GAMEJAM/DO_GameJam/GameFolder/DerivedDataCache/DDC.ddp not found, will not use a pak cache.
[2017.07.14-15.38.05:357][  0]LogDerivedDataCache: Unable to find inner node Pak for hierarchical cache Hierarchy.
[2017.07.14-15.38.05:357][  0]LogDerivedDataCache: FDerivedDataBackendGraph:  CompressedPak pak cache file ../../../../../../../../Github/GAMEJAM/DO_GameJam/GameFolder/DerivedDataCache/Compressed.ddp not found, will not use a pak cache.
[2017.07.14-15.38.05:357][  0]LogDerivedDataCache: Unable to find inner node CompressedPak for hierarchical cache Hierarchy.
[2017.07.14-15.38.05:368][  0]LogDerivedDataCache:Display: Pak cache opened for reading ../../../Engine/DerivedDataCache/Compressed.ddp.
[2017.07.14-15.38.05:380][  0]LogDerivedDataCache: Using Local data cache path C:/Users/Oskar/AppData/Local/UnrealEngine/Common/DerivedDataCache: Writable
[2017.07.14-15.38.07:448][  0]LogInit: Selected Device Profile: [Windows]
[2017.07.14-15.38.07:454][  0]LogContentStreaming: Texture pool size is 0.00 MB
[2017.07.14-15.38.07:485][  0]LogMaterial: Uniform references updated for custom material expression Custom.
[2017.07.14-15.38.07:601][  0]LogMeshUtilities: No automatic mesh reduction module available
[2017.07.14-15.38.07:601][  0]LogMeshUtilities: No automatic mesh merging module available
[2017.07.14-15.38.07:601][  0]LogMeshUtilities: No distributed automatic mesh merging module available
[2017.07.14-15.38.07:836][  0]LogUObjectArray: 27679 objects as part of root set at end of initial load.
[2017.07.14-15.38.07:836][  0]LogUObjectAllocator: 5591592 out of 0 bytes used by permanent object pool.
[2017.07.14-15.38.07:836][  0]LogUObjectArray: CloseDisregardForGC: 0/0 objects in disregard for GC pool
[2017.07.14-15.38.07:839][  0]LogInit: WinSock: version 1.1 (2.2), MaxSocks=32767, MaxUdp=65467
[2017.07.14-15.38.08:218][  0]LogSlate: SlateFontCache - WITH_FREETYPE: 1, WITH_HARFBUZZ: 1
[2017.07.14-15.38.08:218][  0]LogSlate: SlateFontCache - WITH_FREETYPE: 1, WITH_HARFBUZZ: 1
[2017.07.14-15.38.09:253][  0]LogStreaming:Warning: Failed to read file '../../../Engine/Content/Editor/Slate/Common/Selection_16x.png' error.
[2017.07.14-15.38.09:253][  0]LogSlate: Could not find file for Slate resource: ../../../Engine/Content/Editor/Slate/Common/Selection_16x.png
[2017.07.14-15.38.09:253][  0]LogStreaming:Warning: Failed to read file '../../../Engine/Content/Editor/Slate/Common/Selection_16x.png' error.
[2017.07.14-15.38.09:253][  0]LogSlate: Could not find file for Slate resource: ../../../Engine/Content/Editor/Slate/Common/Selection_16x.png
[2017.07.14-15.38.09:253][  0]LogStreaming:Warning: Failed to read file '../../../Engine/Content/Editor/Slate/Common/Selection_16x.png' error.
[2017.07.14-15.38.09:253][  0]LogSlate: Could not find file for Slate resource: ../../../Engine/Content/Editor/Slate/Common/Selection_16x.png
[2017.07.14-15.38.11:783][  0]LogUdpMessaging: Initializing bridge on interface 0.0.0.0:0 to multicast group 230.0.0.1:6666.
[2017.07.14-15.38.12:024][  0]LogAssetRegistry: FAssetRegistry took 0.0226 seconds to start up
[2017.07.14-15.38.12:427][  0]SourceControl: Info Source control is disabled
[2017.07.14-15.38.12:441][  0]SourceControl: Info Source control is disabled
[2017.07.14-15.38.12:480][  0]SourceControl: Info Source control is disabled
[2017.07.14-15.38.12:540][  0]SourceControl: Info Source control is disabled
[2017.07.14-15.38.12:974][  0]LogHMD: Failed to initialize OpenVR with code 110
[2017.07.14-15.38.13:126][  0]LogEngine: Initializing Engine...
[2017.07.14-15.38.13:274][  0]LogAIModule: Creating AISystem for world NewWorld
[2017.07.14-15.38.13:286][  0]LogInit: XAudio2 using 'Speakers (Realtek High Definition Audio)' : 2 channels at 48 kHz using 32 bits per sample (channel mask 0x3)
[2017.07.14-15.38.13:313][  0]LogInit: FAudioDevice initialized.
[2017.07.14-15.38.13:335][  0]LogDerivedDataCache: Saved boot cache 0.02s 46MB C:/Users/Oskar/AppData/Local/UnrealEngine/4.11/DerivedDataCache/Boot.ddc.
[2017.07.14-15.38.13:338][  0]LogInit: Texture streaming: Enabled
[2017.07.14-15.38.13:433][  0]LogInit: Transaction tracking system initialized
[2017.07.14-15.38.13:500][  0]BlueprintLog: New page: Editor Load
[2017.07.14-15.38.13:843][  0]LocalizationService: Info Localization service is disabled
[2017.07.14-15.38.14:241][  0]LogConsoleResponse:Display: 
[2017.07.14-15.38.14:500][  0]LogCook:Display: Max memory allowance for cook 8192mb
[2017.07.14-15.38.14:500][  0]LogCook:Display: Mobile HDR setting 1
[2017.07.14-15.38.14:500][  0]LogCook:Display: Done creating registry. It took  0.00s.
[2017.07.14-15.38.14:817][  0]LogFileCache: Scanning file cache for directory 'D:/Github/GAMEJAM/DO_GameJam/GameFolder/Content/' took 0.01s
[2017.07.14-15.38.14:817][  0]SourceControl: Info Source control is disabled
[2017.07.14-15.38.14:818][  0]Cmd: MAP LOAD FILE="../../../../../../../../Github/GAMEJAM/DO_GameJam/GameFolder/Content/StarterContent/Maps/Minimal_Default.umap" TEMPLATE=0 SHOWPROGRESS=1 FEATURELEVEL=3
[2017.07.14-15.38.14:818][  0]LightingResults: New page: Lighting Build
[2017.07.14-15.38.14:820][  0]MapCheck: New page: Map Check
[2017.07.14-15.38.14:820][  0]LightingResults: New page: Lighting Build
[2017.07.14-15.38.15:085][  0]LogAIModule: Creating AISystem for world Minimal_Default
[2017.07.14-15.38.15:094][  0]LogEditorServer: Finished looking for orphan Actors (0.000 secs)
[2017.07.14-15.38.15:094][  0]Cmd: MAP CHECKDEP NOCLEARLOG
[2017.07.14-15.38.15:131][  0]MapCheck: Info Map check complete: 0 Error(s), 0 Warning(s), took 36.279ms to complete.
[2017.07.14-15.38.15:131][  0]LogFileHelpers: Loading map 'Minimal_Default' took 0.313
[2017.07.14-15.38.15:238][  0]LogCollectionManager: Loaded 0 collections in 0.000871 seconds
[2017.07.14-15.38.15:277][  0]LogFileCache: Scanning file cache for directory 'D:/Github/GAMEJAM/DO_GameJam/GameFolder/Saved/Collections/' took 0.01s
[2017.07.14-15.38.15:277][  0]LogFileCache: Scanning file cache for directory 'D:/Github/GAMEJAM/DO_GameJam/GameFolder/Content/Developers/Swing/Collections/' took 0.01s
[2017.07.14-15.38.15:277][  0]LogFileCache: Scanning file cache for directory 'D:/Github/GAMEJAM/DO_GameJam/GameFolder/Content/Collections/' took 0.01s
[2017.07.14-15.38.15:277][  0]LogCollectionManager: Rebuilt the GUID cache for 0 collections in 0.000002 seconds
[2017.07.14-15.38.15:284][  0]LogContentBrowser: Native class hierarchy populated in 0.0063 seconds. Added 1979 classes and 343 folders.
[2017.07.14-15.38.15:286][  0]LogStats: UGameplayTagsManager::ConstructGameplayTagTree: Construct from data asset -  0.000 s
[2017.07.14-15.38.15:286][  0]LogStats: UGameplayTagsManager::ConstructGameplayTagTree: GameplayTagTreeChangedEvent.Broadcast -  0.000 s
[2017.07.14-15.38.15:286][  0]LogContentBrowser: Native class hierarchy updated for 'GameplayTags' in 0.0004 seconds. Added 12 classes and 0 folders.
[2017.07.14-15.38.15:323][  0]LogContentBrowser: Native class hierarchy updated for 'WidgetCarousel' in 0.0004 seconds. Added 0 classes and 0 folders.
[2017.07.14-15.38.15:327][  0]LogContentBrowser: Native class hierarchy updated for 'SuperSearch' in 0.0005 seconds. Added 1 classes and 2 folders.
[2017.07.14-15.38.15:372][  0]LogContentBrowser: Native class hierarchy updated for 'AddContentDialog' in 0.0004 seconds. Added 0 classes and 0 folders.
[2017.07.14-15.38.15:374][  0]LogContentBrowser: Native class hierarchy updated for 'SceneOutliner' in 0.0004 seconds. Added 1 classes and 2 folders.
[2017.07.14-15.38.15:393][  0]LogCrashTracker: Crashtracker disabled due to settings.
[2017.07.14-15.38.15:399][  0]LogUObjectGlobals:Warning: Failed to find object 'Class None.'
[2017.07.14-15.38.15:424][  0]LogContentBrowser: Native class hierarchy updated for 'HierarchicalLODOutliner' in 0.0004 seconds. Added 1 classes and 2 folders.
[2017.07.14-15.38.15:424][  0]LogLoad: Full Startup: 12.43 seconds (BP compile: 0.05 seconds)
[2017.07.14-15.38.15:424][  0]LogExternalProfiler: Found external profiler: VSPerf
[2017.07.14-15.38.15:424][  0]LogExternalProfiler: Using external profiler: VSPerf
[2017.07.14-15.38.15:434][  0]LogWindowsTextInputMethodSystem:Display: IME system now deactivated.
[2017.07.14-15.38.15:434][  0]LogOcInput: OculusInput pre-init called
[2017.07.14-15.38.15:472][  0]LogContentStreaming: Texture pool size now 1000 MB
[2017.07.14-15.38.15:589][  0]LogRenderer: Reallocating scene render targets to support 1288x800 (Frame:2).
[2017.07.14-15.38.15:644][  1]LogAssetRegistry: Asset discovery search completed in 3.6431 seconds
[2017.07.14-15.38.15:644][  1]LogCollectionManager: Rebuilt the object cache for 0 collections in 0.000001 seconds (found 0 objects)
[2017.07.14-15.38.15:644][  1]LogCollectionManager: Fixed up redirectors for 0 collections in 0.000027 seconds (updated 0 objects)
[2017.07.14-15.38.18:319][300]LogWindowsTextInputMethodSystem:Display: IME system now deactivated.
[2017.07.14-15.38.18:499][301]Cmd: QUIT_EDITOR
[2017.07.14-15.38.18:583][301]LogExit: Preparing to exit.
[2017.07.14-15.38.18:857][301]LogExit: Editor shut down
[2017.07.14-15.38.18:858][301]LogExit: Transaction tracking system shut down
[2017.07.14-15.38.18:935][301]LogObj: Freed 0b from 0 cluster array pools.
[2017.07.14-15.38.18:935][301]LogExit: Object subsystem successfully closed.
[2017.07.14-15.38.18:951][301]LogD3D11RHI: Shutdown
[2017.07.14-15.38.18:951][301]LogD3D11RHI: CleanupD3DDevice
[2017.07.14-15.38.19:001][301]LogD3D11RHI: ~FD3D11DynamicRHI
[2017.07.14-15.38.19:383][301]LogDerivedDataCache: Shutdown
[2017.07.14-15.38.19:383][301]LogModuleManager: Shutting down and abandoning module HierarchicalLODOutliner (204)
[2017.07.14-15.38.19:383][301]LogModuleManager: Shutting down and abandoning module CrashTracker (203)
[2017.07.14-15.38.19:383][301]LogModuleManager: Shutting down and abandoning module SceneOutliner (202)
[2017.07.14-15.38.19:383][301]LogModuleManager: Shutting down and abandoning module SuperSearch (201)
[2017.07.14-15.38.19:383][301]LogModuleManager: Shutting down and abandoning module WidgetCarousel (200)
[2017.07.14-15.38.19:383][301]LogModuleManager: Shutting down and abandoning module AddContentDialog (199)
[2017.07.14-15.38.19:384][301]LogModuleManager: Shutting down and abandoning module GameplayTags (198)
[2017.07.14-15.38.19:384][301]LogModuleManager: Shutting down and abandoning module EditorWidgets (197)
[2017.07.14-15.38.19:384][301]LogModuleManager: Shutting down and abandoning module CollectionManager (196)
[2017.07.14-15.38.19:384][301]LogModuleManager: Shutting down and abandoning module StatsViewer (195)
[2017.07.14-15.38.19:384][301]LogModuleManager: Shutting down and abandoning module FoliageEdit (194)
[2017.07.14-15.38.19:384][301]LogModuleManager: Shutting down and abandoning module LandscapeEditor (193)
[2017.07.14-15.38.19:384][301]LogModuleManager: Shutting down and abandoning module ActorPickerMode (192)
[2017.07.14-15.38.19:384][301]LogModuleManager: Shutting down and abandoning module GeometryMode (191)
[2017.07.14-15.38.19:384][301]LogModuleManager: Shutting down and abandoning module TextureAlignMode (190)
[2017.07.14-15.38.19:384][301]LogModuleManager: Shutting down and abandoning module BspMode (189)
[2017.07.14-15.38.19:384][301]LogModuleManager: Shutting down and abandoning module PlacementMode (188)
[2017.07.14-15.38.19:384][301]LogModuleManager: Shutting down and abandoning module AutomationWorker (187)
[2017.07.14-15.38.19:384][301]LogModuleManager: Shutting down and abandoning module CharacterAI (186)
[2017.07.14-15.38.19:385][301]LogModuleManager: Shutting down and abandoning module SmartSnapping (185)
[2017.07.14-15.38.19:385][301]LogModuleManager: Shutting down and abandoning module ViewportSnapping (184)
[2017.07.14-15.38.19:385][301]LogModuleManager: Shutting down and abandoning module LogVisualizer (183)
[2017.07.14-15.38.19:385][301]LogModuleManager: Shutting down and abandoning module GameProjectGeneration (182)
[2017.07.14-15.38.19:385][301]LogModuleManager: Shutting down and abandoning module IntroTutorials (181)
[2017.07.14-15.38.19:385][301]LogModuleManager: Shutting down and abandoning module EditorLiveStreaming (180)
[2017.07.14-15.38.19:385][301]LogModuleManager: Shutting down and abandoning module IOSPlatformEditor (179)
[2017.07.14-15.38.19:385][301]LogModuleManager: Shutting down and abandoning module HTML5PlatformEditor (178)
[2017.07.14-15.38.19:385][301]LogModuleManager: Shutting down and abandoning module AndroidDeviceDetection (177)
[2017.07.14-15.38.20:051][301]LogModuleManager: Shutting down and abandoning module AndroidPlatformEditor (176)
[2017.07.14-15.38.20:052][301]LogModuleManager: Shutting down and abandoning module IOSRuntimeSettings (175)
[2017.07.14-15.38.20:052][301]LogModuleManager: Shutting down and abandoning module AndroidRuntimeSettings (174)
[2017.07.14-15.38.20:052][301]LogModuleManager: Shutting down and abandoning module MergeActors (173)
[2017.07.14-15.38.20:052][301]LogModuleManager: Shutting down and abandoning module SizeMap (172)
[2017.07.14-15.38.20:052][301]LogModuleManager: Shutting down and abandoning module TreeMap (171)
[2017.07.14-15.38.20:052][301]LogModuleManager: Shutting down and abandoning module ReferenceViewer (170)
[2017.07.14-15.38.20:052][301]LogModuleManager: Shutting down and abandoning module LocalizationService (169)
[2017.07.14-15.38.20:052][301]LogModuleManager: Shutting down and abandoning module LocalizationDashboard (168)
[2017.07.14-15.38.20:052][301]LogModuleManager: Shutting down and abandoning module HardwareTargeting (167)
[2017.07.14-15.38.20:052][301]LogModuleManager: Shutting down and abandoning module DeviceProfileEditor (166)
[2017.07.14-15.38.20:052][301]LogModuleManager: Shutting down and abandoning module UndoHistory (165)
[2017.07.14-15.38.20:052][301]LogModuleManager: Shutting down and abandoning module UserFeedback (164)
[2017.07.14-15.38.20:052][301]LogModuleManager: Shutting down and abandoning module XmlParser (163)
[2017.07.14-15.38.20:052][301]LogModuleManager: Shutting down and abandoning module Blutility (162)
[2017.07.14-15.38.20:052][301]LogModuleManager: Shutting down and abandoning module ProjectTargetPlatformEditor (161)
[2017.07.14-15.38.20:052][301]LogModuleManager: Shutting down and abandoning module ProjectSettingsViewer (160)
[2017.07.14-15.38.20:052][301]LogModuleManager: Shutting down and abandoning module InputBindingEditor (159)
[2017.07.14-15.38.20:052][301]LogModuleManager: Shutting down and abandoning module EditorSettingsViewer (158)
[2017.07.14-15.38.20:052][301]LogModuleManager: Shutting down and abandoning module SettingsEditor (157)
[2017.07.14-15.38.20:052][301]LogModuleManager: Shutting down and abandoning module ProjectLauncher (156)
[2017.07.14-15.38.20:052][301]LogModuleManager: Shutting down and abandoning module SessionFrontend (155)
[2017.07.14-15.38.20:052][301]LogModuleManager: Shutting down and abandoning module ProfilerClient (154)
[2017.07.14-15.38.20:052][301]LogModuleManager: Shutting down and abandoning module TargetDeviceServices (153)
[2017.07.14-15.38.20:052][301]LogModuleManager: Shutting down and abandoning module DeviceManager (152)
[2017.07.14-15.38.20:083][301]LogModuleManager: Shutting down and abandoning module AutomationController (151)
[2017.07.14-15.38.20:083][301]LogModuleManager: Shutting down and abandoning module AutomationWindow (150)
[2017.07.14-15.38.20:083][301]LogModuleManager: Shutting down and abandoning module Layers (149)
[2017.07.14-15.38.20:083][301]LogModuleManager: Shutting down and abandoning module ComponentVisualizers (148)
[2017.07.14-15.38.20:083][301]LogModuleManager: Shutting down and abandoning module DetailCustomizations (147)
[2017.07.14-15.38.20:083][301]LogModuleManager: Shutting down and abandoning module PackagesDialog (146)
[2017.07.14-15.38.20:083][301]LogModuleManager: Shutting down and abandoning module Persona (145)
[2017.07.14-15.38.20:083][301]LogModuleManager: Shutting down and abandoning module Kismet (144)
[2017.07.14-15.38.20:083][301]LogModuleManager: Shutting down and abandoning module GraphEditor (143)
[2017.07.14-15.38.20:083][301]LogModuleManager: Shutting down and abandoning module ClassViewer (142)
[2017.07.14-15.38.20:083][301]LogModuleManager: Shutting down and abandoning module Toolbox (141)
[2017.07.14-15.38.20:083][301]LogModuleManager: Shutting down and abandoning module ModuleUI (140)
[2017.07.14-15.38.20:083][301]LogModuleManager: Shutting down and abandoning module MovieSceneTools (139)
[2017.07.14-15.38.20:084][301]LogModuleManager: Shutting down and abandoning module OutputLog (138)
[2017.07.14-15.38.20:084][301]LogModuleManager: Shutting down and abandoning module GammaUI (137)
[2017.07.14-15.38.20:084][301]LogModuleManager: Shutting down and abandoning module Documentation (136)
[2017.07.14-15.38.20:084][301]LogModuleManager: Shutting down and abandoning module StreamingPauseRendering (135)
[2017.07.14-15.38.20:084][301]LogModuleManager: Shutting down and abandoning module AnalyticsET (134)
[2017.07.14-15.38.20:084][301]LogModuleManager: Shutting down and abandoning module Analytics (133)
[2017.07.14-15.38.20:084][301]LogModuleManager: Shutting down and abandoning module PortalServices (132)
[2017.07.14-15.38.20:084][301]LogModuleManager: Shutting down and abandoning module PortalRpc (131)
[2017.07.14-15.38.20:084][301]LogModuleManager: Shutting down and abandoning module MessagingRpc (130)
[2017.07.14-15.38.20:084][301]LogModuleManager: Shutting down and abandoning module AITestSuite (129)
[2017.07.14-15.38.20:084][301]LogModuleManager: Shutting down and abandoning module GameplayDebugger (128)
[2017.07.14-15.38.20:084][301]LogModuleManager: Shutting down and abandoning module AIModule (127)
[2017.07.14-15.38.20:084][301]LogModuleManager: Shutting down and abandoning module ProfilerService (126)
[2017.07.14-15.38.20:326][301]LogModuleManager: Shutting down and abandoning module TaskGraph (125)
[2017.07.14-15.38.20:326][301]LogModuleManager: Shutting down and abandoning module SlateRemote (124)
[2017.07.14-15.38.20:326][301]LogModuleManager: Shutting down and abandoning module SteamVRController (123)
[2017.07.14-15.38.20:326][301]LogModuleManager: Shutting down and abandoning module SteamVR (122)
[2017.07.14-15.38.20:326][301]LogModuleManager: Shutting down and abandoning module ProceduralMeshComponent (121)
[2017.07.14-15.38.20:326][301]LogModuleManager: Shutting down and abandoning module OculusLibrary (120)
[2017.07.14-15.38.20:326][301]LogModuleManager: Shutting down and abandoning module OculusInput (119)
[2017.07.14-15.38.20:326][301]LogModuleManager: Shutting down and abandoning module CustomMeshComponent (118)
[2017.07.14-15.38.20:326][301]LogModuleManager: Shutting down and abandoning module CableComponent (117)
[2017.07.14-15.38.20:326][301]LogModuleManager: Shutting down and abandoning module ArchVisCharacter (116)
[2017.07.14-15.38.20:326][301]LogModuleManager: Shutting down and abandoning module MediaPlayerEditor (115)
[2017.07.14-15.38.20:326][301]LogModuleManager: Shutting down and abandoning module HTML5Networking (114)
[2017.07.14-15.38.20:326][301]LogModuleManager: Shutting down and abandoning module SpeedTreeImporter (113)
[2017.07.14-15.38.20:326][301]LogModuleManager: Shutting down and abandoning module PluginBrowser (112)
[2017.07.14-15.38.20:326][301]LogModuleManager: Shutting down and abandoning module EpicSurvey (111)
[2017.07.14-15.38.20:326][301]LogModuleManager: Shutting down and abandoning module DesktopPlatform (110)
[2017.07.14-15.38.20:326][301]LogModuleManager: Shutting down and abandoning module VisualStudioSourceCodeAccess (109)
[2017.07.14-15.38.20:326][301]LogModuleManager: Shutting down and abandoning module UObjectPlugin (108)
[2017.07.14-15.38.20:326][301]LogModuleManager: Shutting down and abandoning module SubversionSourceControl (107)
[2017.07.14-15.38.20:326][301]LogModuleManager: Shutting down and abandoning module PerforceSourceControl (106)
[2017.07.14-15.38.20:326][301]LogModuleManager: Shutting down and abandoning module SourceControl (105)
[2017.07.14-15.38.20:326][301]LogModuleManager: Shutting down and abandoning module GitSourceControl (104)
[2017.07.14-15.38.20:326][301]LogModuleManager: Shutting down and abandoning module LightPropagationVolumeEditor (103)
[2017.07.14-15.38.20:326][301]LogModuleManager: Shutting down and abandoning module PaperTiledImporter (102)
[2017.07.14-15.38.20:326][301]LogModuleManager: Shutting down and abandoning module PaperSpriteSheetImporter (101)
[2017.07.14-15.38.20:326][301]LogModuleManager: Shutting down and abandoning module MeshPaint (100)
[2017.07.14-15.38.20:326][301]LogModuleManager: Shutting down and abandoning module HotReload (99)
[2017.07.14-15.38.20:327][301]LogModuleManager: Shutting down and abandoning module MainFrame (98)
[2017.07.14-15.38.20:327][301]LogModuleManager: Shutting down and abandoning module LevelEditor (97)
[2017.07.14-15.38.20:327][301]LogModuleManager: Shutting down and abandoning module DirectoryWatcher (96)
[2017.07.14-15.38.20:327][301]LogModuleManager: Shutting down and abandoning module AssetRegistry (95)
[2017.07.14-15.38.20:383][301]LogModuleManager: Shutting down and abandoning module ContentBrowser (94)
[2017.07.14-15.38.20:384][301]LogModuleManager: Shutting down and abandoning module Paper2DEditor (93)
[2017.07.14-15.38.20:384][301]LogModuleManager: Shutting down and abandoning module UdpMessaging (92)
[2017.07.14-15.38.20:485][301]LogModuleManager: Shutting down and abandoning module LightPropagationVolumeRuntime (91)
[2017.07.14-15.38.20:485][301]LogModuleManager: Shutting down and abandoning module Paper2D (90)
[2017.07.14-15.38.20:485][301]LogModuleManager: Shutting down and abandoning module WindowsMoviePlayer (89)
[2017.07.14-15.38.20:485][301]LogModuleManager: Shutting down and abandoning module Media (88)
[2017.07.14-15.38.20:485][301]LogModuleManager: Shutting down and abandoning module WmfMedia (87)
[2017.07.14-15.38.20:485][301]LogModuleManager: Shutting down and abandoning module MediaAssets (86)
[2017.07.14-15.38.20:485][301]LogModuleManager: Shutting down and abandoning module GameLiveStreaming (85)
[2017.07.14-15.38.20:485][301]LogModuleManager: Shutting down and abandoning module GameplayTagsEditor (84)
[2017.07.14-15.38.20:485][301]LogModuleManager: Shutting down and abandoning module OnlineBlueprintSupport (83)
[2017.07.14-15.38.20:485][301]LogModuleManager: Shutting down and abandoning module GameplayTasksEditor (82)
[2017.07.14-15.38.20:485][301]LogModuleManager: Shutting down and abandoning module PropertyEditor (81)
[2017.07.14-15.38.20:485][301]LogModuleManager: Shutting down and abandoning module BehaviorTreeEditor (80)
[2017.07.14-15.38.20:485][301]LogModuleManager: Shutting down and abandoning module FunctionalTesting (79)
[2017.07.14-15.38.20:485][301]LogModuleManager: Shutting down and abandoning module CollisionAnalyzer (78)
[2017.07.14-15.38.20:485][301]LogModuleManager: Shutting down and abandoning module WorkspaceMenuStructure (77)
[2017.07.14-15.38.20:486][301]LogModuleManager: Shutting down and abandoning module MessageLog (76)
[2017.07.14-15.38.20:486][301]LogModuleManager: Shutting down and abandoning module Sequencer (75)
[2017.07.14-15.38.20:486][301]LogModuleManager: Shutting down and abandoning module AssetTools (74)
[2017.07.14-15.38.20:486][301]LogModuleManager: Shutting down and abandoning module UMGEditor (73)
[2017.07.14-15.38.20:486][301]LogModuleManager: Shutting down and abandoning module UMG (72)
[2017.07.14-15.38.20:486][301]LogModuleManager: Shutting down and abandoning module SlateReflector (71)
[2017.07.14-15.38.20:486][301]LogModuleManager: Shutting down and abandoning module Slate (70)
[2017.07.14-15.38.20:486][301]LogModuleManager: Shutting down and abandoning module EditorStyle (69)
[2017.07.14-15.38.20:488][301]LogModuleManager: Shutting down and abandoning module SessionServices (68)
[2017.07.14-15.38.20:488][301]LogModuleManager: Shutting down and abandoning module SourceCodeAccess (67)
[2017.07.14-15.38.20:488][301]LogModuleManager: Shutting down and abandoning module HeadMountedDisplay (66)
[2017.07.14-15.38.20:488][301]LogModuleManager: Shutting down and abandoning module XAudio2 (65)
[2017.07.14-15.38.20:488][301]LogModuleManager: Shutting down and abandoning module Networking (63)
[2017.07.14-15.38.20:488][301]LogModuleManager: Shutting down and abandoning module Core (62)
[2017.07.14-15.38.20:488][301]LogModuleManager: Shutting down and abandoning module KismetCompiler (61)
[2017.07.14-15.38.20:488][301]LogModuleManager: Shutting down and abandoning module PhysXFormats (60)
[2017.07.14-15.38.20:488][301]LogModuleManager: Shutting down and abandoning module MeshUtilities (59)
[2017.07.14-15.38.20:488][301]LogModuleManager: Shutting down and abandoning module CookingStats (58)
[2017.07.14-15.38.20:488][301]LogModuleManager: Shutting down and abandoning module DerivedDataCache (57)
[2017.07.14-15.38.20:488][301]LogDerivedDataCache: Shutdown
[2017.07.14-15.38.20:488][301]LogModuleManager: Shutting down and abandoning module ShaderFormatOpenGL (56)
[2017.07.14-15.38.20:488][301]LogModuleManager: Shutting down and abandoning module ShaderFormatD3D (55)
[2017.07.14-15.38.20:488][301]LogModuleManager: Shutting down and abandoning module MetalShaderFormat (54)
[2017.07.14-15.38.20:488][301]LogModuleManager: Shutting down and abandoning module TextureFormatUncompressed (53)
[2017.07.14-15.38.20:488][301]LogModuleManager: Shutting down and abandoning module TextureFormatPVR (52)
[2017.07.14-15.38.20:488][301]LogModuleManager: Shutting down and abandoning module TextureFormatIntelISPCTexComp (51)
[2017.07.14-15.38.20:488][301]LogModuleManager: Shutting down and abandoning module TextureFormatDXT (50)
[2017.07.14-15.38.20:488][301]LogModuleManager: Shutting down and abandoning module ImageWrapper (49)
[2017.07.14-15.38.20:488][301]LogModuleManager: Shutting down and abandoning module TextureFormatASTC (48)
[2017.07.14-15.38.20:488][301]LogModuleManager: Shutting down and abandoning module TextureFormatAndroid (47)
[2017.07.14-15.38.20:488][301]LogModuleManager: Shutting down and abandoning module AudioFormatOpus (46)
[2017.07.14-15.38.20:488][301]LogModuleManager: Shutting down and abandoning module AudioFormatOgg (45)
[2017.07.14-15.38.20:488][301]LogModuleManager: Shutting down and abandoning module AudioFormatADPCM (44)
[2017.07.14-15.38.20:488][301]LogModuleManager: Shutting down and abandoning module LinuxTargetPlatform (43)
[2017.07.14-15.38.20:488][301]LogModuleManager: Shutting down and abandoning module LinuxServerTargetPlatform (42)
[2017.07.14-15.38.20:488][301]LogModuleManager: Shutting down and abandoning module LinuxNoEditorTargetPlatform (41)
[2017.07.14-15.38.20:488][301]LogModuleManager: Shutting down and abandoning module TVOSTargetPlatform (40)
[2017.07.14-15.38.20:488][301]LogModuleManager: Shutting down and abandoning module Messaging (39)
[2017.07.14-15.38.20:488][301]LogModuleManager: Shutting down and abandoning module IOSTargetPlatform (38)
[2017.07.14-15.38.20:488][301]LogModuleManager: Shutting down and abandoning module HTML5TargetPlatform (37)
[2017.07.14-15.38.20:488][301]LogModuleManager: Shutting down and abandoning module Android_PVRTCTargetPlatform (36)
[2017.07.14-15.38.20:488][301]LogModuleManager: Shutting down and abandoning module Android_MultiTargetPlatform (35)
[2017.07.14-15.38.20:488][301]LogModuleManager: Shutting down and abandoning module Android_ETC2TargetPlatform (34)
[2017.07.14-15.38.20:488][301]LogModuleManager: Shutting down and abandoning module Android_ETC1TargetPlatform (33)
[2017.07.14-15.38.20:488][301]LogModuleManager: Shutting down and abandoning module Android_DXTTargetPlatform (32)
[2017.07.14-15.38.20:488][301]LogModuleManager: Shutting down and abandoning module Android_ATCTargetPlatform (31)
[2017.07.14-15.38.20:488][301]LogModuleManager: Shutting down and abandoning module Android_ASTCTargetPlatform (30)
[2017.07.14-15.38.20:488][301]LogModuleManager: Shutting down and abandoning module AndroidTargetPlatform (29)
[2017.07.14-15.38.20:488][301]LogModuleManager: Shutting down and abandoning module WindowsTargetPlatform (28)
[2017.07.14-15.38.20:488][301]LogModuleManager: Shutting down and abandoning module WindowsServerTargetPlatform (27)
[2017.07.14-15.38.20:488][301]LogModuleManager: Shutting down and abandoning module WindowsNoEditorTargetPlatform (26)
[2017.07.14-15.38.20:488][301]LogModuleManager: Shutting down and abandoning module WindowsClientTargetPlatform (25)
[2017.07.14-15.38.20:488][301]LogModuleManager: Shutting down and abandoning module AllDesktopTargetPlatform (24)
[2017.07.14-15.38.20:488][301]LogModuleManager: Shutting down and abandoning module TargetPlatform (23)
[2017.07.14-15.38.20:489][301]LogModuleManager: Shutting down and abandoning module InputCore (22)
[2017.07.14-15.38.20:489][301]LogModuleManager: Shutting down and abandoning module Settings (21)
[2017.07.14-15.38.20:489][301]LogModuleManager: Shutting down and abandoning module OnlineSubsystem (19)
[2017.07.14-15.38.20:489][301]LogModuleManager: Shutting down and abandoning module HTTP (18)
[2017.07.14-15.38.22:494][301]LogModuleManager: Shutting down and abandoning module XMPP (17)
[2017.07.14-15.38.22:494][301]LogModuleManager: Shutting down and abandoning module OculusRift (16)
[2017.07.14-15.38.22:494][301]LogModuleManager: Shutting down and abandoning module ExampleDeviceProfileSelector (15)
[2017.07.14-15.38.22:494][301]LogModuleManager: Shutting down and abandoning module TextureCompressor (14)
[2017.07.14-15.38.22:495][301]LogModuleManager: Shutting down and abandoning module ShaderCore (13)
[2017.07.14-15.38.22:495][301]LogModuleManager: Shutting down and abandoning module Landscape (12)
[2017.07.14-15.38.22:495][301]LogModuleManager: Shutting down and abandoning module SlateRHIRenderer (11)
[2017.07.14-15.38.22:495][301]LogModuleManager: Shutting down and abandoning module OpenGLDrv (10)
[2017.07.14-15.38.22:496][301]LogModuleManager: Shutting down and abandoning module D3D11RHI (9)
[2017.07.14-15.38.22:496][301]LogModuleManager: Shutting down and abandoning module AnimGraphRuntime (8)
[2017.07.14-15.38.22:496][301]LogModuleManager: Shutting down and abandoning module Renderer (7)
[2017.07.14-15.38.22:496][301]LogModuleManager: Shutting down and abandoning module Engine (6)
[2017.07.14-15.38.22:496][301]LogModuleManager: Shutting down and abandoning module CoreUObject (5)
[2017.07.14-15.38.22:496][301]LogModuleManager: Shutting down and abandoning module NetworkFile (4)
[2017.07.14-15.38.22:496][301]LogModuleManager: Shutting down and abandoning module StreamingFile (3)
[2017.07.14-15.38.22:496][301]LogModuleManager: Shutting down and abandoning module SandboxFile (2)
[2017.07.14-15.38.22:496][301]LogModuleManager: Shutting down and abandoning module PakFile (1)
[2017.07.14-15.38.22:498][301]LogExit: Exiting.
[2017.07.14-15.38.22:500][301]Log file closed, 07/14/17 17:38:22
