Log file open, 07/14/17 19:09:12
LogInit:Display: Running engine for game: MyProject10
LogPlatformFile: Not using cached read wrapper
LogInit:Display: RandInit(-1760973477) SRandInit(-1760973475).
LogTaskGraph: Started task graph with 4 named threads and 7 total threads.
LogStats: Stats thread started at 0.072482
LogInit: Version: 4.11.2-2946394+++UE4+Release-4.11
LogInit: API Version: 2927265
LogInit: Compiled (64-bit): Apr 18 2016 02:18:46
LogInit: Compiled with Visual C++: 19.00.23026.00
LogInit: Build Configuration: Development
LogInit: Branch Name: ++UE4+Release-4.11
LogInit: Command line:  
LogInit: Base directory: D:/Media/Games/EpicGames/Epic Games/4.11/Engine/Binaries/Win64/
LogInit: Installed Engine Build: 1
LogInit: Using libcurl 7.41.0
LogInit:  - built for x86_64-pc-win32
LogInit:  - supports SSL with WinSSL
LogInit:  - other features:
LogInit:      CURL_VERSION_SSL
LogInit:      CURL_VERSION_IPV6
LogInit:      CURL_VERSION_ASYNCHDNS
LogInit:      CURL_VERSION_LARGEFILE
LogInit:      CURL_VERSION_IDN
LogInit:  CurlRequestOptions (configurable via config and command line):
LogInit:  - bVerifyPeer = true  - Libcurl will verify peer certificate
LogInit:  - bUseHttpProxy = false  - Libcurl will NOT use HTTP proxy
LogInit:  - bDontReuseConnections = false  - Libcurl will reuse connections
LogInit:  - CertBundlePath = nullptr  - Libcurl will use whatever was configured at build time.
LogInit: Presizing for max 16777216 objects, including 0 objects not considered by GC, pre-allocating 0 bytes for permanent pool.
LogInit: Object subsystem initialized
[2017.07.14-17.09.12:596][  0]LogInit: Selected Device Profile: [Windows]
[2017.07.14-17.09.12:596][  0]LogInit: Applying CVar settings loaded from the selected device profile: [Windows]
[2017.07.14-17.09.12:621][  0]LogInit: Computer: DESKTOP-2SCGOIT
[2017.07.14-17.09.12:621][  0]LogInit: User: Swing
[2017.07.14-17.09.12:621][  0]LogInit: CPU Page size=65536, Cores=4
[2017.07.14-17.09.12:621][  0]LogInit: High frequency timer resolution =3.421872 MHz
[2017.07.14-17.09.12:621][  0]LogMemory: Memory total: Physical=7.9GB (8GB approx)
[2017.07.14-17.09.12:621][  0]LogMemory: Platform Memory Stats for Windows
[2017.07.14-17.09.12:621][  0]LogMemory: Process Physical Memory: 313.00 MB used, 313.00 MB peak
[2017.07.14-17.09.12:621][  0]LogMemory: Process Virtual Memory: 315.56 MB used, 315.56 MB peak
[2017.07.14-17.09.12:621][  0]LogMemory: Physical Memory: 6201.02 MB used, 8109.64 MB total
[2017.07.14-17.09.12:621][  0]LogMemory: Virtual Memory: 653.09 MB used, 134217728.00 MB total
[2017.07.14-17.09.12:651][  0]LogTextLocalizationManager: No translations for ('sv-SE') exist, falling back to 'en' for localization and internationalization data.
[2017.07.14-17.09.13:019][  0]LogD3D11RHI: D3D11 adapters:
[2017.07.14-17.09.13:065][  0]LogD3D11RHI:    0. 'NVIDIA GeForce GTX 970' (Feature Level 11_0)
[2017.07.14-17.09.13:065][  0]LogD3D11RHI:       4059MB of dedicated video memory, 0MB of dedicated system memory, and 4054MB of shared system memory, 1 output[s]
[2017.07.14-17.09.13:066][  0]LogD3D11RHI:    1. 'Microsoft Basic Render Driver' (Feature Level 11_0)
[2017.07.14-17.09.13:066][  0]LogD3D11RHI:       0MB of dedicated video memory, 0MB of dedicated system memory, and 4054MB of shared system memory, 0 output[s]
[2017.07.14-17.09.13:066][  0]LogD3D11RHI: Chosen D3D11 Adapter: 0
[2017.07.14-17.09.13:073][  0]LogD3D11RHI: Creating new Direct3DDevice
[2017.07.14-17.09.13:073][  0]LogD3D11RHI:     Adapter Name: NVIDIA GeForce GTX 970
[2017.07.14-17.09.13:073][  0]LogD3D11RHI:   Driver Version: 22.21.13.8205 (internal 22.21.13.8205)
[2017.07.14-17.09.13:073][  0]LogD3D11RHI:      Driver Date: 5-1-2017
[2017.07.14-17.09.13:073][  0]LogRHI: Texture pool is 1361 MB (70% of 1945 MB)
[2017.07.14-17.09.13:099][  0]LogD3D11RHI: Async texture creation enabled
[2017.07.14-17.09.13:111][  0]LogShaderCompilers: Guid format shader working directory is -15 characters bigger than the processId version (../../../../../../../../Github/GAMEJAM/DO_GameJam/GameFolder/Intermediate/Shaders/WorkingDirectory/13960/).
[2017.07.14-17.09.13:111][  0]LogShaderCompilers: Cleaned the shader compiler working directory 'C:/Users/Oskar/AppData/Local/Temp/UnrealShaderWorkingDir/C968781949690F5C60E6E79A83C2EA54/'.
[2017.07.14-17.09.13:111][  0]LogShaderCompilers:Display: Using Local Shader Compiler.
[2017.07.14-17.09.14:109][  0]LogTemp:Display: Loaded TP AllDesktopTargetPlatform
[2017.07.14-17.09.14:113][  0]LogTemp:Display: Loaded TP WindowsClientTargetPlatform
[2017.07.14-17.09.14:116][  0]LogTemp:Display: Loaded TP WindowsNoEditorTargetPlatform
[2017.07.14-17.09.14:119][  0]LogTemp:Display: Loaded TP WindowsServerTargetPlatform
[2017.07.14-17.09.14:122][  0]LogTemp:Display: Loaded TP WindowsTargetPlatform
[2017.07.14-17.09.14:125][  0]LogTemp:Display: Loaded TP AndroidTargetPlatform
[2017.07.14-17.09.14:127][  0]LogTemp:Display: Loaded TP Android_ASTCTargetPlatform
[2017.07.14-17.09.14:130][  0]LogTemp:Display: Loaded TP Android_ATCTargetPlatform
[2017.07.14-17.09.14:133][  0]LogTemp:Display: Loaded TP Android_DXTTargetPlatform
[2017.07.14-17.09.14:135][  0]LogTemp:Display: Loaded TP Android_ETC1TargetPlatform
[2017.07.14-17.09.14:138][  0]LogTemp:Display: Loaded TP Android_ETC2TargetPlatform
[2017.07.14-17.09.14:143][  0]LogTemp:Display: Loaded TP Android_MultiTargetPlatform
[2017.07.14-17.09.14:143][  0]LogTemp:Display: Loaded TP Android_PVRTCTargetPlatform
[2017.07.14-17.09.14:143][  0]LogTemp:Display: Loaded TP HTML5TargetPlatform
[2017.07.14-17.09.14:159][  0]LogTemp:Display: Loaded TP IOSTargetPlatform
[2017.07.14-17.09.14:161][  0]LogTemp:Display: Loaded TP TVOSTargetPlatform
[2017.07.14-17.09.14:164][  0]LogTemp:Display: Loaded TP LinuxNoEditorTargetPlatform
[2017.07.14-17.09.14:166][  0]LogTemp:Display: Loaded TP LinuxServerTargetPlatform
[2017.07.14-17.09.14:169][  0]LogTemp:Display: Loaded TP LinuxTargetPlatform
[2017.07.14-17.09.14:170][  0]LogTargetPlatformManager:Display: Building Assets For Windows
[2017.07.14-17.09.14:569][  0]LogDerivedDataCache:Display: Max Cache Size: 512 MB
[2017.07.14-17.09.14:655][  0]LogDerivedDataCache: Loaded boot cache 0.09s 46MB C:/Users/Oskar/AppData/Local/UnrealEngine/4.11/DerivedDataCache/Boot.ddc.
[2017.07.14-17.09.14:655][  0]LogDerivedDataCache:Display: Loaded Boot cache: C:/Users/Oskar/AppData/Local/UnrealEngine/4.11/DerivedDataCache/Boot.ddc
[2017.07.14-17.09.14:655][  0]LogDerivedDataCache: FDerivedDataBackendGraph:  Pak pak cache file ../../../../../../../../Github/GAMEJAM/DO_GameJam/GameFolder/DerivedDataCache/DDC.ddp not found, will not use a pak cache.
[2017.07.14-17.09.14:655][  0]LogDerivedDataCache: Unable to find inner node Pak for hierarchical cache Hierarchy.
[2017.07.14-17.09.14:655][  0]LogDerivedDataCache: FDerivedDataBackendGraph:  CompressedPak pak cache file ../../../../../../../../Github/GAMEJAM/DO_GameJam/GameFolder/DerivedDataCache/Compressed.ddp not found, will not use a pak cache.
[2017.07.14-17.09.14:655][  0]LogDerivedDataCache: Unable to find inner node CompressedPak for hierarchical cache Hierarchy.
[2017.07.14-17.09.14:667][  0]LogDerivedDataCache:Display: Pak cache opened for reading ../../../Engine/DerivedDataCache/Compressed.ddp.
[2017.07.14-17.09.14:679][  0]LogDerivedDataCache: Using Local data cache path C:/Users/Oskar/AppData/Local/UnrealEngine/Common/DerivedDataCache: Writable
[2017.07.14-17.09.17:021][  0]LogInit: Selected Device Profile: [Windows]
[2017.07.14-17.09.17:022][  0]LogContentStreaming: Texture pool size is 0.00 MB
[2017.07.14-17.09.17:055][  0]LogMaterial: Uniform references updated for custom material expression Custom.
[2017.07.14-17.09.17:177][  0]LogMeshUtilities: No automatic mesh reduction module available
[2017.07.14-17.09.17:177][  0]LogMeshUtilities: No automatic mesh merging module available
[2017.07.14-17.09.17:177][  0]LogMeshUtilities: No distributed automatic mesh merging module available
[2017.07.14-17.09.17:524][  0]LogUObjectArray: 27679 objects as part of root set at end of initial load.
[2017.07.14-17.09.17:524][  0]LogUObjectAllocator: 5591592 out of 0 bytes used by permanent object pool.
[2017.07.14-17.09.17:524][  0]LogUObjectArray: CloseDisregardForGC: 0/0 objects in disregard for GC pool
[2017.07.14-17.09.17:527][  0]LogInit: WinSock: version 1.1 (2.2), MaxSocks=32767, MaxUdp=65467
[2017.07.14-17.09.18:519][  0]LogSlate: SlateFontCache - WITH_FREETYPE: 1, WITH_HARFBUZZ: 1
[2017.07.14-17.09.18:519][  0]LogSlate: SlateFontCache - WITH_FREETYPE: 1, WITH_HARFBUZZ: 1
[2017.07.14-17.09.20:780][  0]LogStreaming:Warning: Failed to read file '../../../Engine/Content/Editor/Slate/Common/Selection_16x.png' error.
[2017.07.14-17.09.20:780][  0]LogSlate: Could not find file for Slate resource: ../../../Engine/Content/Editor/Slate/Common/Selection_16x.png
[2017.07.14-17.09.20:780][  0]LogStreaming:Warning: Failed to read file '../../../Engine/Content/Editor/Slate/Common/Selection_16x.png' error.
[2017.07.14-17.09.20:780][  0]LogSlate: Could not find file for Slate resource: ../../../Engine/Content/Editor/Slate/Common/Selection_16x.png
[2017.07.14-17.09.20:780][  0]LogStreaming:Warning: Failed to read file '../../../Engine/Content/Editor/Slate/Common/Selection_16x.png' error.
[2017.07.14-17.09.20:780][  0]LogSlate: Could not find file for Slate resource: ../../../Engine/Content/Editor/Slate/Common/Selection_16x.png
[2017.07.14-17.09.23:318][  0]LogUdpMessaging: Initializing bridge on interface 0.0.0.0:0 to multicast group 230.0.0.1:6666.
[2017.07.14-17.09.23:561][  0]LogAssetRegistry: FAssetRegistry took 0.0258 seconds to start up
[2017.07.14-17.09.23:927][  0]SourceControl: Info Source control is disabled
[2017.07.14-17.09.23:937][  0]SourceControl: Info Source control is disabled
[2017.07.14-17.09.23:998][  0]SourceControl: Info Source control is disabled
[2017.07.14-17.09.24:040][  0]SourceControl: Info Source control is disabled
[2017.07.14-17.09.24:574][  0]LogHMD: Failed to initialize OpenVR with code 110
[2017.07.14-17.09.24:708][  0]LogEngine: Initializing Engine...
[2017.07.14-17.09.24:858][  0]LogAIModule: Creating AISystem for world NewWorld
[2017.07.14-17.09.24:867][  0]LogInit: XAudio2 using 'Speakers (Realtek High Definition Audio)' : 2 channels at 48 kHz using 32 bits per sample (channel mask 0x3)
[2017.07.14-17.09.24:894][  0]LogInit: FAudioDevice initialized.
[2017.07.14-17.09.24:916][  0]LogDerivedDataCache: Saved boot cache 0.02s 46MB C:/Users/Oskar/AppData/Local/UnrealEngine/4.11/DerivedDataCache/Boot.ddc.
[2017.07.14-17.09.24:921][  0]LogInit: Texture streaming: Enabled
[2017.07.14-17.09.25:018][  0]LogInit: Transaction tracking system initialized
[2017.07.14-17.09.25:110][  0]BlueprintLog: New page: Editor Load
[2017.07.14-17.09.25:272][  0]LocalizationService: Info Localization service is disabled
[2017.07.14-17.09.25:326][  0]LogConsoleResponse:Display: 
[2017.07.14-17.09.25:412][  0]LogCook:Display: Max memory allowance for cook 8192mb
[2017.07.14-17.09.25:412][  0]LogCook:Display: Mobile HDR setting 1
[2017.07.14-17.09.25:412][  0]LogCook:Display: Done creating registry. It took  0.00s.
[2017.07.14-17.09.25:446][  0]LogFileCache: Scanning file cache for directory 'D:/Github/GAMEJAM/DO_GameJam/GameFolder/Content/' took 0.01s
[2017.07.14-17.09.25:450][  0]SourceControl: Info Source control is disabled
[2017.07.14-17.09.25:450][  0]Cmd: MAP LOAD FILE="../../../../../../../../Github/GAMEJAM/DO_GameJam/GameFolder/Content/StarterContent/Maps/Minimal_Default.umap" TEMPLATE=0 SHOWPROGRESS=1 FEATURELEVEL=3
[2017.07.14-17.09.25:450][  0]LightingResults: New page: Lighting Build
[2017.07.14-17.09.25:452][  0]MapCheck: New page: Map Check
[2017.07.14-17.09.25:452][  0]LightingResults: New page: Lighting Build
[2017.07.14-17.09.25:718][  0]LogAIModule: Creating AISystem for world Minimal_Default
[2017.07.14-17.09.25:724][  0]LogEditorServer: Finished looking for orphan Actors (0.000 secs)
[2017.07.14-17.09.25:725][  0]Cmd: MAP CHECKDEP NOCLEARLOG
[2017.07.14-17.09.25:760][  0]MapCheck: Info Map check complete: 0 Error(s), 0 Warning(s), took 35.209ms to complete.
[2017.07.14-17.09.25:760][  0]LogFileHelpers: Loading map 'Minimal_Default' took 0.311
[2017.07.14-17.09.25:851][  0]LogCollectionManager: Loaded 0 collections in 0.000951 seconds
[2017.07.14-17.09.25:890][  0]LogFileCache: Scanning file cache for directory 'D:/Github/GAMEJAM/DO_GameJam/GameFolder/Saved/Collections/' took 0.01s
[2017.07.14-17.09.25:890][  0]LogFileCache: Scanning file cache for directory 'D:/Github/GAMEJAM/DO_GameJam/GameFolder/Content/Developers/Swing/Collections/' took 0.01s
[2017.07.14-17.09.25:890][  0]LogFileCache: Scanning file cache for directory 'D:/Github/GAMEJAM/DO_GameJam/GameFolder/Content/Collections/' took 0.01s
[2017.07.14-17.09.25:890][  0]LogCollectionManager: Rebuilt the GUID cache for 0 collections in 0.000002 seconds
[2017.07.14-17.09.25:896][  0]LogContentBrowser: Native class hierarchy populated in 0.0062 seconds. Added 1979 classes and 343 folders.
[2017.07.14-17.09.25:898][  0]LogStats: UGameplayTagsManager::ConstructGameplayTagTree: Construct from data asset -  0.000 s
[2017.07.14-17.09.25:898][  0]LogStats: UGameplayTagsManager::ConstructGameplayTagTree: GameplayTagTreeChangedEvent.Broadcast -  0.000 s
[2017.07.14-17.09.25:899][  0]LogContentBrowser: Native class hierarchy updated for 'GameplayTags' in 0.0004 seconds. Added 12 classes and 0 folders.
[2017.07.14-17.09.25:901][  0]LogContentBrowser: Native class hierarchy updated for 'WidgetCarousel' in 0.0003 seconds. Added 0 classes and 0 folders.
[2017.07.14-17.09.25:906][  0]LogContentBrowser: Native class hierarchy updated for 'SuperSearch' in 0.0007 seconds. Added 1 classes and 2 folders.
[2017.07.14-17.09.25:949][  0]LogContentBrowser: Native class hierarchy updated for 'AddContentDialog' in 0.0004 seconds. Added 0 classes and 0 folders.
[2017.07.14-17.09.25:952][  0]LogContentBrowser: Native class hierarchy updated for 'SceneOutliner' in 0.0006 seconds. Added 1 classes and 2 folders.
[2017.07.14-17.09.25:981][  0]LogCrashTracker: Crashtracker disabled due to settings.
[2017.07.14-17.09.25:987][  0]LogUObjectGlobals:Warning: Failed to find object 'Class None.'
[2017.07.14-17.09.26:011][  0]LogContentBrowser: Native class hierarchy updated for 'HierarchicalLODOutliner' in 0.0005 seconds. Added 1 classes and 2 folders.
[2017.07.14-17.09.26:012][  0]LogLoad: Full Startup: 14.32 seconds (BP compile: 0.13 seconds)
[2017.07.14-17.09.26:012][  0]LogExternalProfiler: Found external profiler: VSPerf
[2017.07.14-17.09.26:012][  0]LogExternalProfiler: Using external profiler: VSPerf
[2017.07.14-17.09.26:351][  0]LogOcInput: OculusInput pre-init called
[2017.07.14-17.09.26:388][  0]LogContentStreaming: Texture pool size now 1000 MB
[2017.07.14-17.09.26:512][  0]LogRenderer: Reallocating scene render targets to support 1288x632 (Frame:2).
[2017.07.14-17.09.26:692][  1]LogAssetRegistry: Asset discovery search completed in 3.1576 seconds
[2017.07.14-17.09.26:693][  1]LogCollectionManager: Rebuilt the object cache for 0 collections in 0.000001 seconds (found 0 objects)
[2017.07.14-17.09.26:693][  1]LogCollectionManager: Fixed up redirectors for 0 collections in 0.000023 seconds (updated 0 objects)
[2017.07.14-17.11.03:157][860]LogEditorViewport: Clicking on Actor (LMB): StaticMeshActor (Floor)
[2017.07.14-17.11.04:280][966]LogEditorViewport: Clicking on Actor (context menu): StaticMeshActor (Floor)
[2017.07.14-17.11.04:962][ 42]LogEditorViewport: Clicking on Actor (context menu): StaticMeshActor (Floor)
[2017.07.14-17.11.12:316][687]LogContentBrowser: Native class hierarchy updated for 'BlueprintGraph' in 0.0007 seconds. Added 108 classes and 0 folders.
[2017.07.14-17.11.12:870][687]LogRenderer: Reallocating scene render targets to support 1288x772 (Frame:1091).
[2017.07.14-17.14.15:159][ 51]LogSlate:Warning: Prevented a slow task dialog from being summoned while a context menu was open
[2017.07.14-17.17.50:363][109]LogMetaData: Removing '/Game/MyCharacterScript.MyCharacterScript:UserConstructionScript.K2Node_FunctionEntry_0' ref from Metadata '/Game/NewBlueprint.PackageMetaData'
[2017.07.14-17.17.50:363][109]LogMetaData: Removing '/Game/MyCharacterScript.SKEL_MyCharacterScript_C' ref from Metadata '/Game/NewBlueprint.PackageMetaData'
[2017.07.14-17.17.50:363][109]LogMetaData: Removing '/Game/MyCharacterScript.MyCharacterScript_C' ref from Metadata '/Game/NewBlueprint.PackageMetaData'
[2017.07.14-17.17.50:363][109]LogMetaData: Removing '/Game/MyCharacterScript.MyCharacterScript:EventGraph.K2Node_Event_0' ref from Metadata '/Game/NewBlueprint.PackageMetaData'
[2017.07.14-17.17.50:363][109]LogMetaData: Removing '/Game/MyCharacterScript.MyCharacterScript:EventGraph.K2Node_Event_1' ref from Metadata '/Game/NewBlueprint.PackageMetaData'
[2017.07.14-17.17.50:363][109]LogMetaData: Removing '/Game/MyCharacterScript.MyCharacterScript:EventGraph.K2Node_Event_2' ref from Metadata '/Game/NewBlueprint.PackageMetaData'
[2017.07.14-17.17.50:385][109]Cmd: OBJ SAVEPACKAGE PACKAGE="/Game/MyCharacterScript" FILE="../../../../../../../../Github/GAMEJAM/DO_GameJam/GameFolder/Content/MyCharacterScript.uasset" SILENT=true
[2017.07.14-17.17.50:406][109]LogSavePackage: Save=13.55ms
[2017.07.14-17.17.50:406][109]LogSavePackage: Moving '../../../../../../../../Github/GAMEJAM/DO_GameJam/GameFolder/Saved/MyCharacterScript586385F848410E830ABA4898CB8290B2.tmp' to '../../../../../../../../Github/GAMEJAM/DO_GameJam/GameFolder/Content/MyCharacterScript.uasset'
[2017.07.14-17.17.50:409][109]LogSavePackage: Total save time: 16.81ms
[2017.07.14-17.17.50:409][109]LogSavePackage:Display: Finished SavePackage ../../../../../../../../Github/GAMEJAM/DO_GameJam/GameFolder/Content/MyCharacterScript.uasset
[2017.07.14-17.29.58:630][443]LogFileHelpers: Editor autosave (incl. sublevels) for '/Game/StarterContent/Maps/Minimal_Default' took 0.018
[2017.07.14-17.29.58:634][443]Cmd: OBJ SAVEPACKAGE PACKAGE="/Game/NewBlueprint" FILE="../../../../../../../../Github/GAMEJAM/DO_GameJam/GameFolder/Saved/Autosaves/Game/NewBlueprint_Auto1.uasset" SILENT=false AUTOSAVING=true
[2017.07.14-17.29.58:638][443]LogSavePackage: Save=2.13ms
[2017.07.14-17.29.58:638][443]LogSavePackage: Moving '../../../../../../../../Github/GAMEJAM/DO_GameJam/GameFolder/Saved/NewBlueprint_Auto19B9FC4C04B8DEDF99A00D9B1E5CE70B0.tmp' to '../../../../../../../../Github/GAMEJAM/DO_GameJam/GameFolder/Saved/Autosaves/Game/NewBlueprint_Auto1.uasset'
[2017.07.14-17.29.58:639][443]LogSavePackage: Total save time: 3.49ms
[2017.07.14-17.29.58:639][443]LogSavePackage:Display: Finished SavePackage ../../../../../../../../Github/GAMEJAM/DO_GameJam/GameFolder/Saved/Autosaves/Game/NewBlueprint_Auto1.uasset
[2017.07.14-17.29.58:642][443]OBJ SavePackage: Generating thumbnails for [0] asset(s) in package [/Game/MyCharacterScript] ([1] browsable assets)...
[2017.07.14-17.29.58:642][443]OBJ SavePackage: Finished generating thumbnails for package [/Game/MyCharacterScript]
[2017.07.14-17.29.58:642][443]Cmd: OBJ SAVEPACKAGE PACKAGE="/Game/MyCharacterScript" FILE="../../../../../../../../Github/GAMEJAM/DO_GameJam/GameFolder/Saved/Autosaves/Game/MyCharacterScript_Auto1.uasset" SILENT=false AUTOSAVING=true
[2017.07.14-17.29.58:660][443]LogSavePackage: Save=14.23ms
[2017.07.14-17.29.58:660][443]LogSavePackage: Moving '../../../../../../../../Github/GAMEJAM/DO_GameJam/GameFolder/Saved/MyCharacterScript_Auto15467FD8847131661D9EBEFA01AD7864D.tmp' to '../../../../../../../../Github/GAMEJAM/DO_GameJam/GameFolder/Saved/Autosaves/Game/MyCharacterScript_Auto1.uasset'
[2017.07.14-17.29.58:661][443]LogSavePackage: Total save time: 17.55ms
[2017.07.14-17.29.58:661][443]LogSavePackage:Display: Finished SavePackage ../../../../../../../../Github/GAMEJAM/DO_GameJam/GameFolder/Saved/Autosaves/Game/MyCharacterScript_Auto1.uasset
[2017.07.14-17.29.58:661][443]LogFileHelpers: Auto-saving content packages took 0.030
[2017.07.14-17.31.06:634][ 99]Cmd: OBJ SAVEPACKAGE PACKAGE="/Game/MyCharacterScript" FILE="../../../../../../../../Github/GAMEJAM/DO_GameJam/GameFolder/Content/MyCharacterScript.uasset" SILENT=true
[2017.07.14-17.31.06:651][ 99]LogSavePackage: Save=13.86ms
[2017.07.14-17.31.06:651][ 99]LogSavePackage: Moving '../../../../../../../../Github/GAMEJAM/DO_GameJam/GameFolder/Saved/MyCharacterScript140A3DF14C9DF4AF85AA2B905629D894.tmp' to '../../../../../../../../Github/GAMEJAM/DO_GameJam/GameFolder/Content/MyCharacterScript.uasset'
[2017.07.14-17.31.06:655][ 99]LogSavePackage: Total save time: 18.79ms
[2017.07.14-17.31.06:655][ 99]LogSavePackage:Display: Finished SavePackage ../../../../../../../../Github/GAMEJAM/DO_GameJam/GameFolder/Content/MyCharacterScript.uasset
[2017.07.14-17.33.20:310][368]LogEditorViewport: Clicking on Actor (LMB): PlayerStart (Player Start)
[2017.07.14-17.33.20:704][413]LogEditorViewport: Clicking on Actor (LMB): StaticMeshActor (Floor)
[2017.07.14-17.33.21:867][548]LogBlueprintUserMessages: Early PlayInEditor Detection: Level '/Game/StarterContent/Maps/Minimal_Default.Minimal_Default:PersistentLevel' has LevelScriptBlueprint '/Game/StarterContent/Maps/Minimal_Default.Minimal_Default:PersistentLevel.Minimal_Default' with GeneratedClass '/Game/StarterContent/Maps/Minimal_Default.Minimal_Default_C' with ClassGeneratedBy '/Game/StarterContent/Maps/Minimal_Default.Minimal_Default:PersistentLevel.Minimal_Default'
[2017.07.14-17.33.21:867][548]BlueprintLog: New page: Pre-Play auto-recompile
[2017.07.14-17.33.21:868][548]LogPlayLevel: [PlayLevel] Compiling MyCharacterScript before play...
[2017.07.14-17.33.21:909][548]LogPlayLevel: PlayLevel: Blueprint regeneration took 41 ms (1 blueprints)
[2017.07.14-17.33.21:922][548]PIE: New page: PIE session: Minimal_Default (Jul 14, 2017, 8:33:21 PM)
[2017.07.14-17.33.21:922][548]LogPlayLevel: Creating play world package: /Game/StarterContent/Maps/UEDPIE_0_Minimal_Default
[2017.07.14-17.33.21:929][548]LogPlayLevel: PIE: StaticDuplicateObject took: (0.006870s)
[2017.07.14-17.33.21:930][548]LogAIModule: Creating AISystem for world Minimal_Default
[2017.07.14-17.33.21:930][548]LogPlayLevel: PIE: World Init took: (0.001001s)
[2017.07.14-17.33.21:930][548]LogPlayLevel: PIE: Created PIE world by copying editor world from /Game/StarterContent/Maps/Minimal_Default.Minimal_Default to /Game/StarterContent/Maps/UEDPIE_0_Minimal_Default.Minimal_Default (0.008096s)
[2017.07.14-17.33.21:945][548]LogInit: XAudio2 using 'Speakers (Realtek High Definition Audio)' : 2 channels at 48 kHz using 32 bits per sample (channel mask 0x3)
[2017.07.14-17.33.21:965][548]LogInit: FAudioDevice initialized.
[2017.07.14-17.33.22:012][548]LogWorld: Game class is 'GameMode'
[2017.07.14-17.33.22:015][548]LogWorld: Bringing World /Game/StarterContent/Maps/UEDPIE_0_Minimal_Default.Minimal_Default up for play (max tick rate 0) at 2017.07.14-19.33.22
[2017.07.14-17.33.22:016][548]LogWorld: Bringing up level for play took: 0.001629
[2017.07.14-17.33.22:018][548]LogContentBrowser: Native class hierarchy updated for 'MovieSceneCapture' in 0.0005 seconds. Added 9 classes and 0 folders.
[2017.07.14-17.33.22:019][548]PIE: Info Play in editor start time for /Game/StarterContent/Maps/UEDPIE_0_Minimal_Default 0.058
[2017.07.14-17.33.22:019][548]LogBlueprintUserMessages: Late PlayInEditor Detection: Level '/Game/StarterContent/Maps/Minimal_Default.Minimal_Default:PersistentLevel' has LevelScriptBlueprint '/Game/StarterContent/Maps/Minimal_Default.Minimal_Default:PersistentLevel.Minimal_Default' with GeneratedClass '/Game/StarterContent/Maps/Minimal_Default.Minimal_Default_C' with ClassGeneratedBy '/Game/StarterContent/Maps/Minimal_Default.Minimal_Default:PersistentLevel.Minimal_Default'
[2017.07.14-17.33.49:612][852]LogBlueprintUserMessages: Early EndPlayMap Detection: Level '/Game/StarterContent/Maps/Minimal_Default.Minimal_Default:PersistentLevel' has LevelScriptBlueprint '/Game/StarterContent/Maps/Minimal_Default.Minimal_Default:PersistentLevel.Minimal_Default' with GeneratedClass '/Game/StarterContent/Maps/Minimal_Default.Minimal_Default_C' with ClassGeneratedBy '/Game/StarterContent/Maps/Minimal_Default.Minimal_Default:PersistentLevel.Minimal_Default'
[2017.07.14-17.33.49:654][852]LogBlueprintUserMessages: Late EndPlayMap Detection: Level '/Game/StarterContent/Maps/Minimal_Default.Minimal_Default:PersistentLevel' has LevelScriptBlueprint '/Game/StarterContent/Maps/Minimal_Default.Minimal_Default:PersistentLevel.Minimal_Default' with GeneratedClass '/Game/StarterContent/Maps/Minimal_Default.Minimal_Default_C' with ClassGeneratedBy '/Game/StarterContent/Maps/Minimal_Default.Minimal_Default:PersistentLevel.Minimal_Default'
[2017.07.14-17.41.43:475][616]LogBlueprintUserMessages: Early PlayInEditor Detection: Level '/Game/StarterContent/Maps/Minimal_Default.Minimal_Default:PersistentLevel' has LevelScriptBlueprint '/Game/StarterContent/Maps/Minimal_Default.Minimal_Default:PersistentLevel.Minimal_Default' with GeneratedClass '/Game/StarterContent/Maps/Minimal_Default.Minimal_Default_C' with ClassGeneratedBy '/Game/StarterContent/Maps/Minimal_Default.Minimal_Default:PersistentLevel.Minimal_Default'
[2017.07.14-17.41.43:475][616]LogPlayLevel: PlayLevel: No blueprints needed recompiling
[2017.07.14-17.41.43:475][616]PIE: New page: PIE session: Minimal_Default (Jul 14, 2017, 8:41:43 PM)
[2017.07.14-17.41.43:475][616]LogPlayLevel: Creating play world package: /Game/StarterContent/Maps/UEDPIE_0_Minimal_Default
[2017.07.14-17.41.43:482][616]LogPlayLevel: PIE: StaticDuplicateObject took: (0.007195s)
[2017.07.14-17.41.43:483][616]LogAIModule: Creating AISystem for world Minimal_Default
[2017.07.14-17.41.43:483][616]LogPlayLevel: PIE: World Init took: (0.000895s)
[2017.07.14-17.41.43:483][616]LogPlayLevel: PIE: Created PIE world by copying editor world from /Game/StarterContent/Maps/Minimal_Default.Minimal_Default to /Game/StarterContent/Maps/UEDPIE_0_Minimal_Default.Minimal_Default (0.008310s)
[2017.07.14-17.41.43:526][616]LogInit: XAudio2 using 'Speakers (Realtek High Definition Audio)' : 2 channels at 48 kHz using 32 bits per sample (channel mask 0x3)
[2017.07.14-17.41.43:546][616]LogInit: FAudioDevice initialized.
[2017.07.14-17.41.43:575][616]LogWorld: Game class is 'GameMode'
[2017.07.14-17.41.43:579][616]LogWorld: Bringing World /Game/StarterContent/Maps/UEDPIE_0_Minimal_Default.Minimal_Default up for play (max tick rate 0) at 2017.07.14-19.41.43
[2017.07.14-17.41.43:673][616]LogWorld: Bringing up level for play took: 0.096393
[2017.07.14-17.41.43:676][616]PIE: Info Play in editor start time for /Game/StarterContent/Maps/UEDPIE_0_Minimal_Default -0.285
[2017.07.14-17.41.43:676][616]LogBlueprintUserMessages: Late PlayInEditor Detection: Level '/Game/StarterContent/Maps/Minimal_Default.Minimal_Default:PersistentLevel' has LevelScriptBlueprint '/Game/StarterContent/Maps/Minimal_Default.Minimal_Default:PersistentLevel.Minimal_Default' with GeneratedClass '/Game/StarterContent/Maps/Minimal_Default.Minimal_Default_C' with ClassGeneratedBy '/Game/StarterContent/Maps/Minimal_Default.Minimal_Default:PersistentLevel.Minimal_Default'
[2017.07.14-17.41.45:680][851]LogBlueprintUserMessages: Early EndPlayMap Detection: Level '/Game/StarterContent/Maps/Minimal_Default.Minimal_Default:PersistentLevel' has LevelScriptBlueprint '/Game/StarterContent/Maps/Minimal_Default.Minimal_Default:PersistentLevel.Minimal_Default' with GeneratedClass '/Game/StarterContent/Maps/Minimal_Default.Minimal_Default_C' with ClassGeneratedBy '/Game/StarterContent/Maps/Minimal_Default.Minimal_Default:PersistentLevel.Minimal_Default'
[2017.07.14-17.41.45:736][851]LogBlueprintUserMessages: Late EndPlayMap Detection: Level '/Game/StarterContent/Maps/Minimal_Default.Minimal_Default:PersistentLevel' has LevelScriptBlueprint '/Game/StarterContent/Maps/Minimal_Default.Minimal_Default:PersistentLevel.Minimal_Default' with GeneratedClass '/Game/StarterContent/Maps/Minimal_Default.Minimal_Default_C' with ClassGeneratedBy '/Game/StarterContent/Maps/Minimal_Default.Minimal_Default:PersistentLevel.Minimal_Default'
[2017.07.14-17.41.51:549][515]LogEditorViewport: Clicking on Actor (LMB): PlayerStart (Player Start)
[2017.07.14-17.41.52:564][631]Cmd: DELETE
[2017.07.14-17.41.52:564][631]Cmd: ACTOR DELETE
[2017.07.14-17.41.52:591][631]LogEditorActor: Deleted Actor: PlayerStart
[2017.07.14-17.41.52:613][631]LogEditorActor: Deleted 1 Actors (0.036 secs)
[2017.07.14-17.41.56:049][ 40]LogEditorViewport: Clicking on Actor (LMB): MyCharacterScript_C (MyCharacterScript)
[2017.07.14-17.41.59:210][408]LogBlueprintUserMessages: Early PlayInEditor Detection: Level '/Game/StarterContent/Maps/Minimal_Default.Minimal_Default:PersistentLevel' has LevelScriptBlueprint '/Game/StarterContent/Maps/Minimal_Default.Minimal_Default:PersistentLevel.Minimal_Default' with GeneratedClass '/Game/StarterContent/Maps/Minimal_Default.Minimal_Default_C' with ClassGeneratedBy '/Game/StarterContent/Maps/Minimal_Default.Minimal_Default:PersistentLevel.Minimal_Default'
[2017.07.14-17.41.59:210][408]LogPlayLevel: PlayLevel: No blueprints needed recompiling
[2017.07.14-17.41.59:210][408]PIE: New page: PIE session: Minimal_Default (Jul 14, 2017, 8:41:59 PM)
[2017.07.14-17.41.59:210][408]LogPlayLevel: Creating play world package: /Game/StarterContent/Maps/UEDPIE_0_Minimal_Default
[2017.07.14-17.41.59:216][408]LogPlayLevel: PIE: StaticDuplicateObject took: (0.006386s)
[2017.07.14-17.41.59:217][408]LogAIModule: Creating AISystem for world Minimal_Default
[2017.07.14-17.41.59:217][408]LogPlayLevel: PIE: World Init took: (0.000572s)
[2017.07.14-17.41.59:217][408]LogPlayLevel: PIE: Created PIE world by copying editor world from /Game/StarterContent/Maps/Minimal_Default.Minimal_Default to /Game/StarterContent/Maps/UEDPIE_0_Minimal_Default.Minimal_Default (0.007207s)
[2017.07.14-17.41.59:257][408]LogInit: XAudio2 using 'Speakers (Realtek High Definition Audio)' : 2 channels at 48 kHz using 32 bits per sample (channel mask 0x3)
[2017.07.14-17.41.59:276][408]LogInit: FAudioDevice initialized.
[2017.07.14-17.41.59:308][408]LogWorld: Game class is 'GameMode'
[2017.07.14-17.41.59:311][408]LogWorld: Bringing World /Game/StarterContent/Maps/UEDPIE_0_Minimal_Default.Minimal_Default up for play (max tick rate 0) at 2017.07.14-19.41.59
[2017.07.14-17.41.59:311][408]LogWorld: Bringing up level for play took: 0.002372
[2017.07.14-17.41.59:313][408]PIE: Info Play in editor start time for /Game/StarterContent/Maps/UEDPIE_0_Minimal_Default -0.649
[2017.07.14-17.41.59:313][408]LogBlueprintUserMessages: Late PlayInEditor Detection: Level '/Game/StarterContent/Maps/Minimal_Default.Minimal_Default:PersistentLevel' has LevelScriptBlueprint '/Game/StarterContent/Maps/Minimal_Default.Minimal_Default:PersistentLevel.Minimal_Default' with GeneratedClass '/Game/StarterContent/Maps/Minimal_Default.Minimal_Default_C' with ClassGeneratedBy '/Game/StarterContent/Maps/Minimal_Default.Minimal_Default:PersistentLevel.Minimal_Default'
[2017.07.14-17.42.00:887][594]LogBlueprintUserMessages: Early EndPlayMap Detection: Level '/Game/StarterContent/Maps/Minimal_Default.Minimal_Default:PersistentLevel' has LevelScriptBlueprint '/Game/StarterContent/Maps/Minimal_Default.Minimal_Default:PersistentLevel.Minimal_Default' with GeneratedClass '/Game/StarterContent/Maps/Minimal_Default.Minimal_Default_C' with ClassGeneratedBy '/Game/StarterContent/Maps/Minimal_Default.Minimal_Default:PersistentLevel.Minimal_Default'
[2017.07.14-17.42.00:938][594]LogBlueprintUserMessages: Late EndPlayMap Detection: Level '/Game/StarterContent/Maps/Minimal_Default.Minimal_Default:PersistentLevel' has LevelScriptBlueprint '/Game/StarterContent/Maps/Minimal_Default.Minimal_Default:PersistentLevel.Minimal_Default' with GeneratedClass '/Game/StarterContent/Maps/Minimal_Default.Minimal_Default_C' with ClassGeneratedBy '/Game/StarterContent/Maps/Minimal_Default.Minimal_Default:PersistentLevel.Minimal_Default'
[2017.07.14-17.42.02:137][730]LogEditorViewport: Clicking on Actor (LMB): MyCharacterScript_C (MyCharacterScript)
[2017.07.14-17.42.29:477][135]LogSavePackage: Save=92.94ms
[2017.07.14-17.42.29:477][135]LogSavePackage: Moving '../../../../../../../../Github/GAMEJAM/DO_GameJam/GameFolder/Saved/Minimal_Default_Auto2818AB771495D75AD9F0F5EA62CEAEE50.tmp' to '../../../../../../../../Github/GAMEJAM/DO_GameJam/GameFolder/Saved/Autosaves/Game/StarterContent/Maps/Minimal_Default_Auto2.umap'
[2017.07.14-17.42.29:479][135]LogSavePackage: Total save time: 97.72ms
[2017.07.14-17.42.29:479][135]LogSavePackage:Display: Finished SavePackage ../../../../../../../../Github/GAMEJAM/DO_GameJam/GameFolder/Saved/Autosaves/Game/StarterContent/Maps/Minimal_Default_Auto2.umap
[2017.07.14-17.42.29:481][135]LogFileHelpers: Editor autosave (incl. sublevels) for '/Game/StarterContent/Maps/Minimal_Default' took 0.119
[2017.07.14-17.42.29:481][135]LogFileHelpers: Editor autosave (incl. sublevels) for all levels took 0.119
[2017.07.14-17.42.54:447][529]LogEditorViewport: Clicking on Actor (LMB): MyCharacterScript_C (MyCharacterScript)
[2017.07.14-18.03.00:029][938]LogEditorViewport: Clicking on Actor (LMB): BP_Sky_Sphere_C (BP_Sky_Sphere)
[2017.07.14-18.03.00:790][ 21]LogBlueprintUserMessages: Early PlayInEditor Detection: Level '/Game/StarterContent/Maps/Minimal_Default.Minimal_Default:PersistentLevel' has LevelScriptBlueprint '/Game/StarterContent/Maps/Minimal_Default.Minimal_Default:PersistentLevel.Minimal_Default' with GeneratedClass '/Game/StarterContent/Maps/Minimal_Default.Minimal_Default_C' with ClassGeneratedBy '/Game/StarterContent/Maps/Minimal_Default.Minimal_Default:PersistentLevel.Minimal_Default'
[2017.07.14-18.03.00:790][ 21]LogPlayLevel: PlayLevel: No blueprints needed recompiling
[2017.07.14-18.03.00:791][ 21]PIE: New page: PIE session: Minimal_Default (Jul 14, 2017, 9:03:00 PM)
[2017.07.14-18.03.00:791][ 21]LogPlayLevel: Creating play world package: /Game/StarterContent/Maps/UEDPIE_0_Minimal_Default
[2017.07.14-18.03.00:798][ 21]LogPlayLevel: PIE: StaticDuplicateObject took: (0.007629s)
[2017.07.14-18.03.00:799][ 21]LogAIModule: Creating AISystem for world Minimal_Default
[2017.07.14-18.03.00:799][ 21]LogPlayLevel: PIE: World Init took: (0.000824s)
[2017.07.14-18.03.00:799][ 21]LogPlayLevel: PIE: Created PIE world by copying editor world from /Game/StarterContent/Maps/Minimal_Default.Minimal_Default to /Game/StarterContent/Maps/UEDPIE_0_Minimal_Default.Minimal_Default (0.008671s)
[2017.07.14-18.03.00:819][ 21]LogInit: XAudio2 using 'Speakers (Realtek High Definition Audio)' : 2 channels at 48 kHz using 32 bits per sample (channel mask 0x3)
[2017.07.14-18.03.00:840][ 21]LogInit: FAudioDevice initialized.
[2017.07.14-18.03.00:870][ 21]LogWorld: Game class is 'GameMode'
[2017.07.14-18.03.00:873][ 21]LogWorld: Bringing World /Game/StarterContent/Maps/UEDPIE_0_Minimal_Default.Minimal_Default up for play (max tick rate 0) at 2017.07.14-20.03.00
[2017.07.14-18.03.00:874][ 21]LogWorld: Bringing up level for play took: 0.002962
[2017.07.14-18.03.00:875][ 21]PIE: Info Play in editor start time for /Game/StarterContent/Maps/UEDPIE_0_Minimal_Default 0.914
[2017.07.14-18.03.00:875][ 21]LogBlueprintUserMessages: Late PlayInEditor Detection: Level '/Game/StarterContent/Maps/Minimal_Default.Minimal_Default:PersistentLevel' has LevelScriptBlueprint '/Game/StarterContent/Maps/Minimal_Default.Minimal_Default:PersistentLevel.Minimal_Default' with GeneratedClass '/Game/StarterContent/Maps/Minimal_Default.Minimal_Default_C' with ClassGeneratedBy '/Game/StarterContent/Maps/Minimal_Default.Minimal_Default:PersistentLevel.Minimal_Default'
[2017.07.14-18.03.02:219][179]LogBlueprintUserMessages: Early EndPlayMap Detection: Level '/Game/StarterContent/Maps/Minimal_Default.Minimal_Default:PersistentLevel' has LevelScriptBlueprint '/Game/StarterContent/Maps/Minimal_Default.Minimal_Default:PersistentLevel.Minimal_Default' with GeneratedClass '/Game/StarterContent/Maps/Minimal_Default.Minimal_Default_C' with ClassGeneratedBy '/Game/StarterContent/Maps/Minimal_Default.Minimal_Default:PersistentLevel.Minimal_Default'
[2017.07.14-18.03.02:254][179]LogBlueprintUserMessages: Late EndPlayMap Detection: Level '/Game/StarterContent/Maps/Minimal_Default.Minimal_Default:PersistentLevel' has LevelScriptBlueprint '/Game/StarterContent/Maps/Minimal_Default.Minimal_Default:PersistentLevel.Minimal_Default' with GeneratedClass '/Game/StarterContent/Maps/Minimal_Default.Minimal_Default_C' with ClassGeneratedBy '/Game/StarterContent/Maps/Minimal_Default.Minimal_Default:PersistentLevel.Minimal_Default'
[2017.07.14-18.03.49:581][  1]LogFileHelpers: Editor autosave (incl. sublevels) for '/Game/StarterContent/Maps/Minimal_Default' took 0.011
[2017.07.14-18.05.38:368][907]LogSlate:Warning: Prevented a slow task dialog from being summoned while a context menu was open
[2017.07.14-18.06.32:200][923]Cmd: TRANSACTION UNDO
[2017.07.14-18.06.32:200][923]LogEditorTransaction: Undo Delete Child
[2017.07.14-18.11.44:424][434]LogBlueprintUserMessages: Early PlayInEditor Detection: Level '/Game/StarterContent/Maps/Minimal_Default.Minimal_Default:PersistentLevel' has LevelScriptBlueprint '/Game/StarterContent/Maps/Minimal_Default.Minimal_Default:PersistentLevel.Minimal_Default' with GeneratedClass '/Game/StarterContent/Maps/Minimal_Default.Minimal_Default_C' with ClassGeneratedBy '/Game/StarterContent/Maps/Minimal_Default.Minimal_Default:PersistentLevel.Minimal_Default'
[2017.07.14-18.11.44:424][434]LogPlayLevel: PlayLevel: No blueprints needed recompiling
[2017.07.14-18.11.44:424][434]PIE: New page: PIE session: Minimal_Default (Jul 14, 2017, 9:11:44 PM)
[2017.07.14-18.11.44:424][434]LogPlayLevel: Creating play world package: /Game/StarterContent/Maps/UEDPIE_0_Minimal_Default
[2017.07.14-18.11.44:431][434]LogPlayLevel: PIE: StaticDuplicateObject took: (0.006286s)
[2017.07.14-18.11.44:431][434]LogAIModule: Creating AISystem for world Minimal_Default
[2017.07.14-18.11.44:431][434]LogPlayLevel: PIE: World Init took: (0.000738s)
[2017.07.14-18.11.44:431][434]LogPlayLevel: PIE: Created PIE world by copying editor world from /Game/StarterContent/Maps/Minimal_Default.Minimal_Default to /Game/StarterContent/Maps/UEDPIE_0_Minimal_Default.Minimal_Default (0.007224s)
[2017.07.14-18.11.44:449][434]LogInit: XAudio2 using 'Speakers (Realtek High Definition Audio)' : 2 channels at 48 kHz using 32 bits per sample (channel mask 0x3)
[2017.07.14-18.11.44:471][434]LogInit: FAudioDevice initialized.
[2017.07.14-18.11.44:506][434]LogWorld: Game class is 'GameMode'
[2017.07.14-18.11.44:508][434]LogWorld: Bringing World /Game/StarterContent/Maps/UEDPIE_0_Minimal_Default.Minimal_Default up for play (max tick rate 0) at 2017.07.14-20.11.44
[2017.07.14-18.11.44:509][434]LogWorld: Bringing up level for play took: 0.002410
[2017.07.14-18.11.44:510][434]PIE: Info Play in editor start time for /Game/StarterContent/Maps/UEDPIE_0_Minimal_Default 0.549
[2017.07.14-18.11.44:510][434]LogBlueprintUserMessages: Late PlayInEditor Detection: Level '/Game/StarterContent/Maps/Minimal_Default.Minimal_Default:PersistentLevel' has LevelScriptBlueprint '/Game/StarterContent/Maps/Minimal_Default.Minimal_Default:PersistentLevel.Minimal_Default' with GeneratedClass '/Game/StarterContent/Maps/Minimal_Default.Minimal_Default_C' with ClassGeneratedBy '/Game/StarterContent/Maps/Minimal_Default.Minimal_Default:PersistentLevel.Minimal_Default'
[2017.07.14-18.11.46:977][727]LogBlueprintUserMessages: Early EndPlayMap Detection: Level '/Game/StarterContent/Maps/Minimal_Default.Minimal_Default:PersistentLevel' has LevelScriptBlueprint '/Game/StarterContent/Maps/Minimal_Default.Minimal_Default:PersistentLevel.Minimal_Default' with GeneratedClass '/Game/StarterContent/Maps/Minimal_Default.Minimal_Default_C' with ClassGeneratedBy '/Game/StarterContent/Maps/Minimal_Default.Minimal_Default:PersistentLevel.Minimal_Default'
[2017.07.14-18.11.47:020][727]LogBlueprintUserMessages: Late EndPlayMap Detection: Level '/Game/StarterContent/Maps/Minimal_Default.Minimal_Default:PersistentLevel' has LevelScriptBlueprint '/Game/StarterContent/Maps/Minimal_Default.Minimal_Default:PersistentLevel.Minimal_Default' with GeneratedClass '/Game/StarterContent/Maps/Minimal_Default.Minimal_Default_C' with ClassGeneratedBy '/Game/StarterContent/Maps/Minimal_Default.Minimal_Default:PersistentLevel.Minimal_Default'
[2017.07.14-18.11.52:046][322]LogBlueprintUserMessages: Early PlayInEditor Detection: Level '/Game/StarterContent/Maps/Minimal_Default.Minimal_Default:PersistentLevel' has LevelScriptBlueprint '/Game/StarterContent/Maps/Minimal_Default.Minimal_Default:PersistentLevel.Minimal_Default' with GeneratedClass '/Game/StarterContent/Maps/Minimal_Default.Minimal_Default_C' with ClassGeneratedBy '/Game/StarterContent/Maps/Minimal_Default.Minimal_Default:PersistentLevel.Minimal_Default'
[2017.07.14-18.11.52:046][322]LogPlayLevel: PlayLevel: No blueprints needed recompiling
[2017.07.14-18.11.52:046][322]PIE: New page: PIE session: Minimal_Default (Jul 14, 2017, 9:11:52 PM)
[2017.07.14-18.11.52:046][322]LogPlayLevel: Creating play world package: /Game/StarterContent/Maps/UEDPIE_0_Minimal_Default
[2017.07.14-18.11.52:052][322]LogPlayLevel: PIE: StaticDuplicateObject took: (0.006094s)
[2017.07.14-18.11.52:053][322]LogAIModule: Creating AISystem for world Minimal_Default
[2017.07.14-18.11.52:053][322]LogPlayLevel: PIE: World Init took: (0.000712s)
[2017.07.14-18.11.52:053][322]LogPlayLevel: PIE: Created PIE world by copying editor world from /Game/StarterContent/Maps/Minimal_Default.Minimal_Default to /Game/StarterContent/Maps/UEDPIE_0_Minimal_Default.Minimal_Default (0.007011s)
[2017.07.14-18.11.52:068][322]LogInit: XAudio2 using 'Speakers (Realtek High Definition Audio)' : 2 channels at 48 kHz using 32 bits per sample (channel mask 0x3)
[2017.07.14-18.11.52:088][322]LogInit: FAudioDevice initialized.
[2017.07.14-18.11.52:115][322]LogWorld: Game class is 'GameMode'
[2017.07.14-18.11.52:119][322]LogWorld: Bringing World /Game/StarterContent/Maps/UEDPIE_0_Minimal_Default.Minimal_Default up for play (max tick rate 0) at 2017.07.14-20.11.52
[2017.07.14-18.11.52:119][322]LogWorld: Bringing up level for play took: 0.002458
[2017.07.14-18.11.52:120][322]PIE: Info Play in editor start time for /Game/StarterContent/Maps/UEDPIE_0_Minimal_Default 0.159
[2017.07.14-18.11.52:120][322]LogBlueprintUserMessages: Late PlayInEditor Detection: Level '/Game/StarterContent/Maps/Minimal_Default.Minimal_Default:PersistentLevel' has LevelScriptBlueprint '/Game/StarterContent/Maps/Minimal_Default.Minimal_Default:PersistentLevel.Minimal_Default' with GeneratedClass '/Game/StarterContent/Maps/Minimal_Default.Minimal_Default_C' with ClassGeneratedBy '/Game/StarterContent/Maps/Minimal_Default.Minimal_Default:PersistentLevel.Minimal_Default'
[2017.07.14-18.11.54:589][615]LogBlueprintUserMessages: Early EndPlayMap Detection: Level '/Game/StarterContent/Maps/Minimal_Default.Minimal_Default:PersistentLevel' has LevelScriptBlueprint '/Game/StarterContent/Maps/Minimal_Default.Minimal_Default:PersistentLevel.Minimal_Default' with GeneratedClass '/Game/StarterContent/Maps/Minimal_Default.Minimal_Default_C' with ClassGeneratedBy '/Game/StarterContent/Maps/Minimal_Default.Minimal_Default:PersistentLevel.Minimal_Default'
[2017.07.14-18.11.54:624][615]LogBlueprintUserMessages: Late EndPlayMap Detection: Level '/Game/StarterContent/Maps/Minimal_Default.Minimal_Default:PersistentLevel' has LevelScriptBlueprint '/Game/StarterContent/Maps/Minimal_Default.Minimal_Default:PersistentLevel.Minimal_Default' with GeneratedClass '/Game/StarterContent/Maps/Minimal_Default.Minimal_Default_C' with ClassGeneratedBy '/Game/StarterContent/Maps/Minimal_Default.Minimal_Default:PersistentLevel.Minimal_Default'
[2017.07.14-18.13.55:372][190]LogFileHelpers: Editor autosave (incl. sublevels) for '/Game/StarterContent/Maps/Minimal_Default' took 0.012
[2017.07.14-18.14.25:976][225]Cmd: QUIT_EDITOR
[2017.07.14-18.14.26:456][225]LogWindowsTextInputMethodSystem:Display: IME system now deactivated.
[2017.07.14-18.14.26:456][225]LogWindowsTextInputMethodSystem:Display: IME system now deactivated.
[2017.07.14-18.14.26:526][225]LogExit: Preparing to exit.
[2017.07.14-18.14.27:888][225]LogExit: Editor shut down
[2017.07.14-18.14.27:889][225]LogExit: Transaction tracking system shut down
[2017.07.14-18.14.28:048][225]LogObj: Freed 0b from 0 cluster array pools.
[2017.07.14-18.14.28:049][225]LogExit: Object subsystem successfully closed.
[2017.07.14-18.14.28:066][225]LogD3D11RHI: Shutdown
[2017.07.14-18.14.28:066][225]LogD3D11RHI: CleanupD3DDevice
[2017.07.14-18.14.28:148][225]LogD3D11RHI: ~FD3D11DynamicRHI
[2017.07.14-18.14.28:225][225]LogDerivedDataCache: Shutdown
[2017.07.14-18.14.28:225][225]LogModuleManager: Shutting down and abandoning module ExternalImagePicker (207)
[2017.07.14-18.14.28:225][225]LogModuleManager: Shutting down and abandoning module MovieSceneCapture (206)
[2017.07.14-18.14.28:225][225]LogModuleManager: Shutting down and abandoning module BlueprintGraph (205)
[2017.07.14-18.14.28:225][225]LogModuleManager: Shutting down and abandoning module HierarchicalLODOutliner (204)
[2017.07.14-18.14.28:225][225]LogModuleManager: Shutting down and abandoning module CrashTracker (203)
[2017.07.14-18.14.28:225][225]LogModuleManager: Shutting down and abandoning module SceneOutliner (202)
[2017.07.14-18.14.28:225][225]LogModuleManager: Shutting down and abandoning module SuperSearch (201)
[2017.07.14-18.14.28:225][225]LogModuleManager: Shutting down and abandoning module WidgetCarousel (200)
[2017.07.14-18.14.28:225][225]LogModuleManager: Shutting down and abandoning module AddContentDialog (199)
[2017.07.14-18.14.28:229][225]LogModuleManager: Shutting down and abandoning module GameplayTags (198)
[2017.07.14-18.14.28:229][225]LogModuleManager: Shutting down and abandoning module EditorWidgets (197)
[2017.07.14-18.14.28:229][225]LogModuleManager: Shutting down and abandoning module CollectionManager (196)
[2017.07.14-18.14.28:229][225]LogModuleManager: Shutting down and abandoning module StatsViewer (195)
[2017.07.14-18.14.28:229][225]LogModuleManager: Shutting down and abandoning module FoliageEdit (194)
[2017.07.14-18.14.28:229][225]LogModuleManager: Shutting down and abandoning module LandscapeEditor (193)
[2017.07.14-18.14.28:229][225]LogModuleManager: Shutting down and abandoning module ActorPickerMode (192)
[2017.07.14-18.14.28:229][225]LogModuleManager: Shutting down and abandoning module GeometryMode (191)
[2017.07.14-18.14.28:229][225]LogModuleManager: Shutting down and abandoning module TextureAlignMode (190)
[2017.07.14-18.14.28:229][225]LogModuleManager: Shutting down and abandoning module BspMode (189)
[2017.07.14-18.14.28:229][225]LogModuleManager: Shutting down and abandoning module PlacementMode (188)
[2017.07.14-18.14.28:229][225]LogModuleManager: Shutting down and abandoning module AutomationWorker (187)
[2017.07.14-18.14.28:229][225]LogModuleManager: Shutting down and abandoning module CharacterAI (186)
[2017.07.14-18.14.28:229][225]LogModuleManager: Shutting down and abandoning module SmartSnapping (185)
[2017.07.14-18.14.28:229][225]LogModuleManager: Shutting down and abandoning module ViewportSnapping (184)
[2017.07.14-18.14.28:229][225]LogModuleManager: Shutting down and abandoning module LogVisualizer (183)
[2017.07.14-18.14.28:230][225]LogModuleManager: Shutting down and abandoning module GameProjectGeneration (182)
[2017.07.14-18.14.28:230][225]LogModuleManager: Shutting down and abandoning module IntroTutorials (181)
[2017.07.14-18.14.28:230][225]LogModuleManager: Shutting down and abandoning module EditorLiveStreaming (180)
[2017.07.14-18.14.28:230][225]LogModuleManager: Shutting down and abandoning module IOSPlatformEditor (179)
[2017.07.14-18.14.28:230][225]LogModuleManager: Shutting down and abandoning module HTML5PlatformEditor (178)
[2017.07.14-18.14.28:230][225]LogModuleManager: Shutting down and abandoning module AndroidDeviceDetection (177)
[2017.07.14-18.14.28:758][225]LogModuleManager: Shutting down and abandoning module AndroidPlatformEditor (176)
[2017.07.14-18.14.28:758][225]LogModuleManager: Shutting down and abandoning module IOSRuntimeSettings (175)
[2017.07.14-18.14.28:758][225]LogModuleManager: Shutting down and abandoning module AndroidRuntimeSettings (174)
[2017.07.14-18.14.28:759][225]LogModuleManager: Shutting down and abandoning module MergeActors (173)
[2017.07.14-18.14.28:759][225]LogModuleManager: Shutting down and abandoning module SizeMap (172)
[2017.07.14-18.14.28:759][225]LogModuleManager: Shutting down and abandoning module TreeMap (171)
[2017.07.14-18.14.28:759][225]LogModuleManager: Shutting down and abandoning module ReferenceViewer (170)
[2017.07.14-18.14.28:759][225]LogModuleManager: Shutting down and abandoning module LocalizationService (169)
[2017.07.14-18.14.28:759][225]LogModuleManager: Shutting down and abandoning module LocalizationDashboard (168)
[2017.07.14-18.14.28:759][225]LogModuleManager: Shutting down and abandoning module HardwareTargeting (167)
[2017.07.14-18.14.28:759][225]LogModuleManager: Shutting down and abandoning module DeviceProfileEditor (166)
[2017.07.14-18.14.28:759][225]LogModuleManager: Shutting down and abandoning module UndoHistory (165)
[2017.07.14-18.14.28:759][225]LogModuleManager: Shutting down and abandoning module UserFeedback (164)
[2017.07.14-18.14.28:759][225]LogModuleManager: Shutting down and abandoning module XmlParser (163)
[2017.07.14-18.14.28:759][225]LogModuleManager: Shutting down and abandoning module Blutility (162)
[2017.07.14-18.14.28:759][225]LogModuleManager: Shutting down and abandoning module ProjectTargetPlatformEditor (161)
[2017.07.14-18.14.28:760][225]LogModuleManager: Shutting down and abandoning module ProjectSettingsViewer (160)
[2017.07.14-18.14.28:760][225]LogModuleManager: Shutting down and abandoning module InputBindingEditor (159)
[2017.07.14-18.14.28:762][225]LogModuleManager: Shutting down and abandoning module EditorSettingsViewer (158)
[2017.07.14-18.14.28:763][225]LogModuleManager: Shutting down and abandoning module SettingsEditor (157)
[2017.07.14-18.14.28:763][225]LogModuleManager: Shutting down and abandoning module ProjectLauncher (156)
[2017.07.14-18.14.28:763][225]LogModuleManager: Shutting down and abandoning module SessionFrontend (155)
[2017.07.14-18.14.28:763][225]LogModuleManager: Shutting down and abandoning module ProfilerClient (154)
[2017.07.14-18.14.28:763][225]LogModuleManager: Shutting down and abandoning module TargetDeviceServices (153)
[2017.07.14-18.14.28:763][225]LogModuleManager: Shutting down and abandoning module DeviceManager (152)
[2017.07.14-18.14.28:795][225]LogModuleManager: Shutting down and abandoning module AutomationController (151)
[2017.07.14-18.14.28:795][225]LogModuleManager: Shutting down and abandoning module AutomationWindow (150)
[2017.07.14-18.14.28:795][225]LogModuleManager: Shutting down and abandoning module Layers (149)
[2017.07.14-18.14.28:796][225]LogModuleManager: Shutting down and abandoning module ComponentVisualizers (148)
[2017.07.14-18.14.28:796][225]LogModuleManager: Shutting down and abandoning module DetailCustomizations (147)
[2017.07.14-18.14.28:796][225]LogModuleManager: Shutting down and abandoning module PackagesDialog (146)
[2017.07.14-18.14.28:797][225]LogModuleManager: Shutting down and abandoning module Persona (145)
[2017.07.14-18.14.28:797][225]LogModuleManager: Shutting down and abandoning module Kismet (144)
[2017.07.14-18.14.28:797][225]LogModuleManager: Shutting down and abandoning module GraphEditor (143)
[2017.07.14-18.14.28:797][225]LogModuleManager: Shutting down and abandoning module ClassViewer (142)
[2017.07.14-18.14.28:800][225]LogModuleManager: Shutting down and abandoning module Toolbox (141)
[2017.07.14-18.14.28:800][225]LogModuleManager: Shutting down and abandoning module ModuleUI (140)
[2017.07.14-18.14.28:800][225]LogModuleManager: Shutting down and abandoning module MovieSceneTools (139)
[2017.07.14-18.14.28:800][225]LogModuleManager: Shutting down and abandoning module OutputLog (138)
[2017.07.14-18.14.28:800][225]LogModuleManager: Shutting down and abandoning module GammaUI (137)
[2017.07.14-18.14.28:800][225]LogModuleManager: Shutting down and abandoning module Documentation (136)
[2017.07.14-18.14.28:800][225]LogModuleManager: Shutting down and abandoning module StreamingPauseRendering (135)
[2017.07.14-18.14.28:800][225]LogModuleManager: Shutting down and abandoning module AnalyticsET (134)
[2017.07.14-18.14.28:800][225]LogModuleManager: Shutting down and abandoning module Analytics (133)
[2017.07.14-18.14.28:801][225]LogModuleManager: Shutting down and abandoning module PortalServices (132)
[2017.07.14-18.14.28:801][225]LogModuleManager: Shutting down and abandoning module PortalRpc (131)
[2017.07.14-18.14.28:801][225]LogModuleManager: Shutting down and abandoning module MessagingRpc (130)
[2017.07.14-18.14.28:801][225]LogModuleManager: Shutting down and abandoning module AITestSuite (129)
[2017.07.14-18.14.28:801][225]LogModuleManager: Shutting down and abandoning module GameplayDebugger (128)
[2017.07.14-18.14.28:801][225]LogModuleManager: Shutting down and abandoning module AIModule (127)
[2017.07.14-18.14.28:801][225]LogModuleManager: Shutting down and abandoning module ProfilerService (126)
[2017.07.14-18.14.28:808][225]LogModuleManager: Shutting down and abandoning module TaskGraph (125)
[2017.07.14-18.14.28:808][225]LogModuleManager: Shutting down and abandoning module SlateRemote (124)
[2017.07.14-18.14.28:809][225]LogModuleManager: Shutting down and abandoning module SteamVRController (123)
[2017.07.14-18.14.28:809][225]LogModuleManager: Shutting down and abandoning module SteamVR (122)
[2017.07.14-18.14.28:809][225]LogModuleManager: Shutting down and abandoning module ProceduralMeshComponent (121)
[2017.07.14-18.14.28:809][225]LogModuleManager: Shutting down and abandoning module OculusLibrary (120)
[2017.07.14-18.14.28:809][225]LogModuleManager: Shutting down and abandoning module OculusInput (119)
[2017.07.14-18.14.28:809][225]LogModuleManager: Shutting down and abandoning module CustomMeshComponent (118)
[2017.07.14-18.14.28:809][225]LogModuleManager: Shutting down and abandoning module CableComponent (117)
[2017.07.14-18.14.28:809][225]LogModuleManager: Shutting down and abandoning module ArchVisCharacter (116)
[2017.07.14-18.14.28:809][225]LogModuleManager: Shutting down and abandoning module MediaPlayerEditor (115)
[2017.07.14-18.14.28:809][225]LogModuleManager: Shutting down and abandoning module HTML5Networking (114)
[2017.07.14-18.14.28:809][225]LogModuleManager: Shutting down and abandoning module SpeedTreeImporter (113)
[2017.07.14-18.14.28:809][225]LogModuleManager: Shutting down and abandoning module PluginBrowser (112)
[2017.07.14-18.14.28:809][225]LogModuleManager: Shutting down and abandoning module EpicSurvey (111)
[2017.07.14-18.14.28:809][225]LogModuleManager: Shutting down and abandoning module DesktopPlatform (110)
[2017.07.14-18.14.28:809][225]LogModuleManager: Shutting down and abandoning module VisualStudioSourceCodeAccess (109)
[2017.07.14-18.14.28:809][225]LogModuleManager: Shutting down and abandoning module UObjectPlugin (108)
[2017.07.14-18.14.28:809][225]LogModuleManager: Shutting down and abandoning module SubversionSourceControl (107)
[2017.07.14-18.14.28:809][225]LogModuleManager: Shutting down and abandoning module PerforceSourceControl (106)
[2017.07.14-18.14.28:810][225]LogModuleManager: Shutting down and abandoning module SourceControl (105)
[2017.07.14-18.14.28:810][225]LogModuleManager: Shutting down and abandoning module GitSourceControl (104)
[2017.07.14-18.14.28:810][225]LogModuleManager: Shutting down and abandoning module LightPropagationVolumeEditor (103)
[2017.07.14-18.14.28:810][225]LogModuleManager: Shutting down and abandoning module PaperTiledImporter (102)
[2017.07.14-18.14.28:810][225]LogModuleManager: Shutting down and abandoning module PaperSpriteSheetImporter (101)
[2017.07.14-18.14.28:810][225]LogModuleManager: Shutting down and abandoning module MeshPaint (100)
[2017.07.14-18.14.28:810][225]LogModuleManager: Shutting down and abandoning module HotReload (99)
[2017.07.14-18.14.28:811][225]LogModuleManager: Shutting down and abandoning module MainFrame (98)
[2017.07.14-18.14.28:811][225]LogModuleManager: Shutting down and abandoning module LevelEditor (97)
[2017.07.14-18.14.28:814][225]LogModuleManager: Shutting down and abandoning module DirectoryWatcher (96)
[2017.07.14-18.14.28:829][225]LogModuleManager: Shutting down and abandoning module AssetRegistry (95)
[2017.07.14-18.14.29:024][225]LogModuleManager: Shutting down and abandoning module ContentBrowser (94)
[2017.07.14-18.14.29:025][225]LogModuleManager: Shutting down and abandoning module Paper2DEditor (93)
[2017.07.14-18.14.29:026][225]LogModuleManager: Shutting down and abandoning module UdpMessaging (92)
[2017.07.14-18.14.29:126][225]LogModuleManager: Shutting down and abandoning module LightPropagationVolumeRuntime (91)
[2017.07.14-18.14.29:126][225]LogModuleManager: Shutting down and abandoning module Paper2D (90)
[2017.07.14-18.14.29:126][225]LogModuleManager: Shutting down and abandoning module WindowsMoviePlayer (89)
[2017.07.14-18.14.29:126][225]LogModuleManager: Shutting down and abandoning module Media (88)
[2017.07.14-18.14.29:126][225]LogModuleManager: Shutting down and abandoning module WmfMedia (87)
[2017.07.14-18.14.29:126][225]LogModuleManager: Shutting down and abandoning module MediaAssets (86)
[2017.07.14-18.14.29:127][225]LogModuleManager: Shutting down and abandoning module GameLiveStreaming (85)
[2017.07.14-18.14.29:127][225]LogModuleManager: Shutting down and abandoning module GameplayTagsEditor (84)
[2017.07.14-18.14.29:127][225]LogModuleManager: Shutting down and abandoning module OnlineBlueprintSupport (83)
[2017.07.14-18.14.29:127][225]LogModuleManager: Shutting down and abandoning module GameplayTasksEditor (82)
[2017.07.14-18.14.29:127][225]LogModuleManager: Shutting down and abandoning module PropertyEditor (81)
[2017.07.14-18.14.29:127][225]LogModuleManager: Shutting down and abandoning module BehaviorTreeEditor (80)
[2017.07.14-18.14.29:127][225]LogModuleManager: Shutting down and abandoning module FunctionalTesting (79)
[2017.07.14-18.14.29:127][225]LogModuleManager: Shutting down and abandoning module CollisionAnalyzer (78)
[2017.07.14-18.14.29:127][225]LogModuleManager: Shutting down and abandoning module WorkspaceMenuStructure (77)
[2017.07.14-18.14.29:127][225]LogModuleManager: Shutting down and abandoning module MessageLog (76)
[2017.07.14-18.14.29:127][225]LogModuleManager: Shutting down and abandoning module Sequencer (75)
[2017.07.14-18.14.29:127][225]LogModuleManager: Shutting down and abandoning module AssetTools (74)
[2017.07.14-18.14.29:127][225]LogModuleManager: Shutting down and abandoning module UMGEditor (73)
[2017.07.14-18.14.29:127][225]LogModuleManager: Shutting down and abandoning module UMG (72)
[2017.07.14-18.14.29:128][225]LogModuleManager: Shutting down and abandoning module SlateReflector (71)
[2017.07.14-18.14.29:128][225]LogModuleManager: Shutting down and abandoning module Slate (70)
[2017.07.14-18.14.29:128][225]LogModuleManager: Shutting down and abandoning module EditorStyle (69)
[2017.07.14-18.14.29:132][225]LogModuleManager: Shutting down and abandoning module SessionServices (68)
[2017.07.14-18.14.29:132][225]LogModuleManager: Shutting down and abandoning module SourceCodeAccess (67)
[2017.07.14-18.14.29:132][225]LogModuleManager: Shutting down and abandoning module HeadMountedDisplay (66)
[2017.07.14-18.14.29:132][225]LogModuleManager: Shutting down and abandoning module XAudio2 (65)
[2017.07.14-18.14.29:132][225]LogModuleManager: Shutting down and abandoning module Networking (63)
[2017.07.14-18.14.29:132][225]LogModuleManager: Shutting down and abandoning module Core (62)
[2017.07.14-18.14.29:132][225]LogModuleManager: Shutting down and abandoning module KismetCompiler (61)
[2017.07.14-18.14.29:132][225]LogModuleManager: Shutting down and abandoning module PhysXFormats (60)
[2017.07.14-18.14.29:132][225]LogModuleManager: Shutting down and abandoning module MeshUtilities (59)
[2017.07.14-18.14.29:132][225]LogModuleManager: Shutting down and abandoning module CookingStats (58)
[2017.07.14-18.14.29:132][225]LogModuleManager: Shutting down and abandoning module DerivedDataCache (57)
[2017.07.14-18.14.29:132][225]LogDerivedDataCache: Shutdown
[2017.07.14-18.14.29:132][225]LogModuleManager: Shutting down and abandoning module ShaderFormatOpenGL (56)
[2017.07.14-18.14.29:132][225]LogModuleManager: Shutting down and abandoning module ShaderFormatD3D (55)
[2017.07.14-18.14.29:132][225]LogModuleManager: Shutting down and abandoning module MetalShaderFormat (54)
[2017.07.14-18.14.29:132][225]LogModuleManager: Shutting down and abandoning module TextureFormatUncompressed (53)
[2017.07.14-18.14.29:132][225]LogModuleManager: Shutting down and abandoning module TextureFormatPVR (52)
[2017.07.14-18.14.29:132][225]LogModuleManager: Shutting down and abandoning module TextureFormatIntelISPCTexComp (51)
[2017.07.14-18.14.29:132][225]LogModuleManager: Shutting down and abandoning module TextureFormatDXT (50)
[2017.07.14-18.14.29:132][225]LogModuleManager: Shutting down and abandoning module ImageWrapper (49)
[2017.07.14-18.14.29:132][225]LogModuleManager: Shutting down and abandoning module TextureFormatASTC (48)
[2017.07.14-18.14.29:132][225]LogModuleManager: Shutting down and abandoning module TextureFormatAndroid (47)
[2017.07.14-18.14.29:132][225]LogModuleManager: Shutting down and abandoning module AudioFormatOpus (46)
[2017.07.14-18.14.29:133][225]LogModuleManager: Shutting down and abandoning module AudioFormatOgg (45)
[2017.07.14-18.14.29:133][225]LogModuleManager: Shutting down and abandoning module AudioFormatADPCM (44)
[2017.07.14-18.14.29:133][225]LogModuleManager: Shutting down and abandoning module LinuxTargetPlatform (43)
[2017.07.14-18.14.29:133][225]LogModuleManager: Shutting down and abandoning module LinuxServerTargetPlatform (42)
[2017.07.14-18.14.29:133][225]LogModuleManager: Shutting down and abandoning module LinuxNoEditorTargetPlatform (41)
[2017.07.14-18.14.29:133][225]LogModuleManager: Shutting down and abandoning module TVOSTargetPlatform (40)
[2017.07.14-18.14.29:133][225]LogModuleManager: Shutting down and abandoning module Messaging (39)
[2017.07.14-18.14.29:133][225]LogModuleManager: Shutting down and abandoning module IOSTargetPlatform (38)
[2017.07.14-18.14.29:133][225]LogModuleManager: Shutting down and abandoning module HTML5TargetPlatform (37)
[2017.07.14-18.14.29:133][225]LogModuleManager: Shutting down and abandoning module Android_PVRTCTargetPlatform (36)
[2017.07.14-18.14.29:133][225]LogModuleManager: Shutting down and abandoning module Android_MultiTargetPlatform (35)
[2017.07.14-18.14.29:133][225]LogModuleManager: Shutting down and abandoning module Android_ETC2TargetPlatform (34)
[2017.07.14-18.14.29:133][225]LogModuleManager: Shutting down and abandoning module Android_ETC1TargetPlatform (33)
[2017.07.14-18.14.29:133][225]LogModuleManager: Shutting down and abandoning module Android_DXTTargetPlatform (32)
[2017.07.14-18.14.29:133][225]LogModuleManager: Shutting down and abandoning module Android_ATCTargetPlatform (31)
[2017.07.14-18.14.29:133][225]LogModuleManager: Shutting down and abandoning module Android_ASTCTargetPlatform (30)
[2017.07.14-18.14.29:133][225]LogModuleManager: Shutting down and abandoning module AndroidTargetPlatform (29)
[2017.07.14-18.14.29:133][225]LogModuleManager: Shutting down and abandoning module WindowsTargetPlatform (28)
[2017.07.14-18.14.29:134][225]LogModuleManager: Shutting down and abandoning module WindowsServerTargetPlatform (27)
[2017.07.14-18.14.29:134][225]LogModuleManager: Shutting down and abandoning module WindowsNoEditorTargetPlatform (26)
[2017.07.14-18.14.29:134][225]LogModuleManager: Shutting down and abandoning module WindowsClientTargetPlatform (25)
[2017.07.14-18.14.29:134][225]LogModuleManager: Shutting down and abandoning module AllDesktopTargetPlatform (24)
[2017.07.14-18.14.29:134][225]LogModuleManager: Shutting down and abandoning module TargetPlatform (23)
[2017.07.14-18.14.29:134][225]LogModuleManager: Shutting down and abandoning module InputCore (22)
[2017.07.14-18.14.29:134][225]LogModuleManager: Shutting down and abandoning module Settings (21)
[2017.07.14-18.14.29:134][225]LogModuleManager: Shutting down and abandoning module OnlineSubsystem (19)
[2017.07.14-18.14.29:134][225]LogModuleManager: Shutting down and abandoning module HTTP (18)
[2017.07.14-18.14.31:137][225]LogModuleManager: Shutting down and abandoning module XMPP (17)
[2017.07.14-18.14.31:137][225]LogModuleManager: Shutting down and abandoning module OculusRift (16)
[2017.07.14-18.14.31:138][225]LogModuleManager: Shutting down and abandoning module ExampleDeviceProfileSelector (15)
[2017.07.14-18.14.31:138][225]LogModuleManager: Shutting down and abandoning module TextureCompressor (14)
[2017.07.14-18.14.31:138][225]LogModuleManager: Shutting down and abandoning module ShaderCore (13)
[2017.07.14-18.14.31:138][225]LogModuleManager: Shutting down and abandoning module Landscape (12)
[2017.07.14-18.14.31:138][225]LogModuleManager: Shutting down and abandoning module SlateRHIRenderer (11)
[2017.07.14-18.14.31:166][225]LogModuleManager: Shutting down and abandoning module OpenGLDrv (10)
[2017.07.14-18.14.31:166][225]LogModuleManager: Shutting down and abandoning module D3D11RHI (9)
[2017.07.14-18.14.31:166][225]LogModuleManager: Shutting down and abandoning module AnimGraphRuntime (8)
[2017.07.14-18.14.31:166][225]LogModuleManager: Shutting down and abandoning module Renderer (7)
[2017.07.14-18.14.31:166][225]LogModuleManager: Shutting down and abandoning module Engine (6)
[2017.07.14-18.14.31:166][225]LogModuleManager: Shutting down and abandoning module CoreUObject (5)
[2017.07.14-18.14.31:166][225]LogModuleManager: Shutting down and abandoning module NetworkFile (4)
[2017.07.14-18.14.31:166][225]LogModuleManager: Shutting down and abandoning module StreamingFile (3)
[2017.07.14-18.14.31:166][225]LogModuleManager: Shutting down and abandoning module SandboxFile (2)
[2017.07.14-18.14.31:166][225]LogModuleManager: Shutting down and abandoning module PakFile (1)
[2017.07.14-18.14.31:170][225]LogExit: Exiting.
[2017.07.14-18.14.31:195][225]Log file closed, 07/14/17 20:14:31
